altschnee;9;33500;
falschspieler;13;75000;
sehenden;8;1220000;
tantiemen;9;269000;
berufsverkehrs;14;582000;
zangen;6;4330000;
kantische;9;179000;
getaumelten;11;1350;
schlosserwerkstatt;18;19500;
sekundierte;11;63700;
umbuchender;11;3990;
ausgeflogene;12;274000;
jahreswettbewerb;16;9260;
pfirsich;8;6330000;
kooperativer;12;479000;
praktizierst;12;91500;
abschiedsempfang;16;9030;
lateinisches;12;636000;
hofhaus;7;164000;
nonkonformismus;15;36900;
gewandtesten;12;15500;
rallye;6;36600000;
verfahrenen;11;84900;
wirren;6;1170000;
millionenheer;13;17200;
vertrauensselige;16;6070;
subjektive;10;7200000;
wohlgemerkter;13;1260000;
horchender;10;6480;
halbem;6;922000;
bruchstrich;11;49600;
anpeilte;8;14300;
vereinnahmter;13;13200;
aussehendes;11;572000;
ungiftiges;10;53000;
befasst;7;7580000;
gewollte;8;839000;
betondamm;9;5160;
ausgeburt;9;192000;
bezwingen;9;1310000;
landstation;11;405000;
unverletzlich;13;319000;
kontaktarm;10;31900;
behagend;8;2340;
thermen;7;3690000;
grimmigerer;11;2010;
personalien;11;2130000;
zugebilligter;13;3370;
kult;4;32400000;
ersinnt;7;55800;
