avistype;8;6810;
kopieringen;11;2570000;
filmselskabernes;16;1430;
smyk;4;7630000;
opslag;6;23200000;
derefter;8;9350000;
skinner;7;41600000;
tankeproces;11;46700;
aluminium;9;372000000;
tisse;5;8850000;
sagn;4;784000;
orddeling;9;54500;
urtepotte;9;196000;
samlede;7;7860000;
polen;5;118000000;
fristen;7;10600000;
betegne;7;325000;
driftsikkerhed;14;51700;
engelsk;7;50600000;
overbevise;10;921000;
forbinder;9;1760000;
dengang;7;3750000;
forlod;6;1220000;
tilstand;8;8400000;
tabulatorstop;13;7200;
esse;4;456000000;
perioder;8;7170000;
tidsangivelser;14;646000;
knustes;7;19100;
gammelkommunister;17;3490;
overgangen;10;2080000;
binomial;8;9870000;
befriede;8;200000;
bibringe;8;86400;
gennembrydende;14;2820;
bidrage;7;3010000;
forskning;9;26700000;
kvalitetsstyring;16;140000;
kommandoens;11;1400000;
bundafstand;11;630;
tryllelampe;11;131;
distinkte;9;246000;
biblioteksforening;18;115000;
delopgaver;10;42700;
skuffen;7;652000;
mestre;6;78800000;
menuernes;9;2690;
udelader;8;106000;
scepter;7;11700000;
forsvars;8;246000;
