aglomerabas;11;1010;
desquitando;11;32300;
repasas;7;71700;
supradichas;11;10700;
cazadora;8;7490000;
imponderable;12;512000;
escarlatas;10;331000;
reconquistasen;14;1710;
reprenda;8;129000;
trasoyera;9;1420;
axiales;7;1940000;
huidas;6;361000;
pavos;5;6110000;
interpusierais;14;1220;
persigue;8;11300000;
aclamen;7;260000;
ladrido;7;762000;
gestionado;10;5200000;
ocurridos;9;7660000;
escrutabas;10;478;
postoperatoria;14;557000;
menospreciaron;14;57100;
subsigue;8;11400;
gofas;5;194000;
exhalaba;8;355000;
compuestamente;14;1970;
amistases;9;10800;
besaba;6;1950000;
vertieses;9;2730;
caisteis;8;3570;
espantasen;10;4000;
chiquitinas;11;92900;
avisa;5;21700000;
clases;6;160000000;
laborar;7;13300000;
zigzagueada;11;2620;
interceptases;13;821;
calzarais;9;1690;
tembladores;11;10800;
estruendo;9;2090000;
patrocinabas;12;1790;
isotermica;10;320000;
deshumanizaremos;16;856;
obtuviste;9;736000;
conduciendo;11;4850000;
especificos;11;5230000;
antecedieras;12;11900;
alegrasen;9;7500;
olvido;6;38600000;
andinas;7;2640000;
