balaclavas;10;2570000;
joggle;6;355000;
dethrones;9;556000;
scratchiness;12;172000;
palefaces;9;288000;
coemption;9;24800;
runway;6;144000000;
stagnantly;10;221000;
ancestors;9;72000000;
sur;3;3440000000;
regressions;11;12900000;
wagers;6;4020000;
paralyzing;10;2670000;
tutorials;9;400000000;
rejoins;7;9040000;
poison;6;133000000;
encumbered;10;3100000;
bombardments;12;944000;
connecticut;11;227000000;
cues;4;48200000;
pathos;6;13800000;
dislocation;11;13300000;
cockeyed;8;709000;
dossier;7;175000000;
superbasic;10;538000;
spraining;9;381000;
dander;6;3220000;
pickers;7;12800000;
stuffier;8;56100;
injects;7;5690000;
volatilizes;11;172000;
equivalencies;13;733000;
paymaster;9;2000000;
bridegrooms;11;496000;
bestridden;10;992000;
waterline;9;7450000;
bracing;7;14800000;
exasperates;11;617000;
brahman;7;7280000;
dunnage;7;1750000;
larks;5;3090000;
intel;5;526000000;
carnivores;10;7630000;
tasseled;8;3940000;
compulsorily;12;1470000;
wildebeest;10;3750000;
boyfriends;10;60600000;
closings;8;17400000;
sardinian;9;35600000;
misogamy;8;70300;
