entrecroiseront;15;14700;
apposai;7;4500;
gargouillerons;14;3020;
marcherons;10;134000;
grivoises;9;427000;
mixeurs;7;1380000;
enrichis;8;1500000;
cramoisie;9;130000;
jalonna;7;12200;
fatigue;7;121000000;
feuilletterons;14;4290;
originairement;14;857000;
allaiteraient;13;3720;
rubiconde;9;82900;
frictionnassions;16;2090;
pigions;7;39100000;
aduler;6;78300;
bambocherait;12;2470;
abasourdirent;13;1650;
croustillions;13;1300;
vivotera;8;5360;
rougeoiements;13;38900;
incorruptibles;14;767000;
rassortirai;11;931;
majorassiez;11;1320;
acclamant;9;66800;
tueras;6;1270000;
secoueraient;12;6030;
tralalas;8;55500;
emmurions;9;1420;
minaudiers;10;3000000;
galvanisions;12;1970;
conjure;7;14900000;
contenez;8;72600;
laiderons;9;17700;
jargonnons;10;1670;
esclaffes;9;4140;
gondoleront;11;2220;
contreforts;11;1020000;
agora;5;490000000;
maussadement;12;8190;
expatriant;10;16200;
ralentissons;12;14200;
printaniers;11;2080000;
entretailler;12;7830;
numismates;10;176000;
enorgueillit;12;253000;
martyriseraient;15;5390;
monnayerons;11;2030;
renifla;7;89600;
