rector;6;45900000;
bosgod;6;10900;
tijdschema;10;560000;
uurwerk;7;1540000;
prognose;8;14900000;
mestten;7;5430;
wiegelen;8;11800;
slachtbanken;12;140000;
snijden;7;6300000;
benedeneind;11;66400;
taalboek;8;32300;
arabisch;8;20500000;
dwarsdijk;9;51600;
aanbracht;9;78900;
moersleutel;11;316000;
viersprong;10;168000;
achterstelling;14;74500;
oudoom;6;69600;
terzijdelatingen;16;5;
lapte;5;17500000;
liedjes;7;4970000;
zelfbedrog;10;43600;
wijzigingen;11;22100000;
rijksbegroting;14;152000;
tuigt;5;37200;
lomm;4;1080000;
bedotter;8;6850;
schenker;8;12800000;
regeringskringen;16;19300;
princiep;8;15000;
kaarsen;7;5270000;
ligtenberg;10;480000;
beginselvast;12;5250;
geconserveerde;14;76400;
pleidooien;10;108000;
draken;6;3600000;
rolluik;7;564000;
service;7;8380000000;
welriekend;10;29000;
meebetaalt;10;29200;
douchecellen;12;8000;
laagnieuwkoop;13;28800;
ploos;5;226000;
kortwoude;9;117000;
verminkte;9;128000;
erover;6;5000000;
suikerpinda;11;3710;
regelingen;10;7750000;
onbeschaamdheden;16;2500;
lijkenhuizen;12;4300;
