klonet;6;50900;
bagvogner;9;1560;
melonen;7;2900000;
resitativet;11;658;
nappa;5;44300000;
salathoder;10;1610;
kinin;5;1040000;
gjestebud;9;67700;
plassmangel;11;120000;
kvige;5;41200;
lang;4;1280000000;
sladderen;9;22800;
arvelige;8;216000;
vrake;5;213000;
maldiveren;10;350;
strikker;8;757000;
anmerkte;8;200000;
blek;4;6440000;
aborten;7;286000;
grammatiker;11;289000;
vitriol;7;5190000;
opplendingen;12;1240;
tungest;7;45700;
reguleringsplaner;17;266000;
aktivitetshuset;15;168000;
innleier;8;11100;
ry;2;177000000;
medmenneske;11;191000;
forvisningen;12;1090000;
frigitt;7;202000;
pressede;8;12500000;
plomben;7;497000;
kolosen;7;5540;
molekylene;10;613000;
fundert;7;244000;
arbeides;8;389000;
ritt;4;9020000;
kreditbank;10;1420000;
trevl;5;57800;
tempora;7;13100000;
knallet;7;28100;
skigard;7;58500;
kenguru;7;1940000;
revolveren;10;544000;
samstundes;10;324000;
utvannet;8;91200;
fett;4;64900000;
friserte;8;16600;
vinkelhastighet;15;13900;
tysbasten;9;11600;
