mobiles;7;5320000000;
boson;5;7640000;
prolongs;8;13000000;
tenement;8;5960000;
reediest;8;14900;
triangular;10;54900000;
methuselah;10;1430000;
hello;5;1220000000;
snottily;8;67000;
overlay;7;135000000;
pantaloon;9;3490000;
whitlow;7;2330000;
bandaged;8;3860000;
popular;7;3810000000;
antiserum;9;3270000;
coined;6;16900000;
abducted;8;23100000;
honeyed;7;2400000;
sanitises;9;66200;
tabling;7;2560000;
adversity;9;20200000;
legitimisation;14;212000;
transcendentally;16;206000;
privet;6;10000000;
gamete;6;1930000;
globalization;13;44000000;
squalled;8;71100;
soggier;7;50000;
mulish;6;253000;
radcliffe;9;36300000;
granted;7;257000000;
athleticism;11;5440000;
tingle;6;10500000;
obsequy;7;35900;
monarchs;8;12100000;
venia;5;22100000;
meringues;9;5970000;
thirteenth;10;17100000;
tunnage;7;45700;
excels;6;11500000;
glyph;5;9930000;
auspiciously;12;382000;
craned;6;963000;
marimbas;8;1420000;
clergymen;9;3350000;
narks;5;495000;
ululate;7;139000;
outrageous;10;43900000;
slipcovers;10;13100000;
supersaturated;14;1160000;
