numbingly;9;790000;
breakable;9;5260000;
reedited;8;1820000;
underpinnings;13;5870000;
ruts;4;4530000;
vermont;7;160000000;
narrow;6;395000000;
ibex;4;16600000;
supercargo;10;392000;
physiology;10;97500000;
plodded;7;634000;
barehanded;10;739000;
quoins;6;2050000;
aphasiac;8;23400;
comply;6;157000000;
abducts;7;1640000;
inactivate;10;3330000;
slavonic;8;3590000;
turpitude;9;1330000;
adzes;5;439000;
mans;4;5010000000;
validates;9;10200000;
reconversion;12;4790000;
graininess;10;554000;
halberd;7;1540000;
teamed;6;78100000;
suppressive;11;21100000;
oral;4;713000000;
resumed;7;30800000;
hays;4;307000000;
attractants;11;2070000;
unreasonableness;16;520000;
partiality;10;3000000;
obligatory;10;76900000;
mutt;4;18800000;
uninflected;11;185000;
voile;5;73300000;
fatalistic;10;1210000;
handbooks;9;20300000;
aver;4;137000000;
curbside;8;6050000;
moistens;8;631000;
collects;8;52000000;
outranks;8;430000;
warplane;8;2440000;
pesticide;9;27100000;
sublime;7;94700000;
transporting;12;71500000;
hottest;7;346000000;
coinage;7;7440000;
