nom,tailleMot,nbResults
provisorischsten,16,1780
weichlichere,12,3340
maizahlen,9,5120
skisaison,9,450000
gespritzten,11,111000
nervt,5,5860000
originaldiskette,16,3910000
stammlokal,10,197000
bleis,5,559000
titelbilds,10,18600
unrentabel,10,210000
gebotsschildes,14,2010
grade,5,1020000000
reichsrat,9,579000
tugendreicherer,15,1140
geschirmtem,11,48700
weggebliebene,13,2030
zweideutigere,13,253000
flickzeug,9,365000
guthabens,9,252000
zusprechende,12,9060000
seidiges,8,280000
doppelkinn,10,248000
taktvollen,10,14800
schalkhaftester,15,572
verkrachtes,11,1730
wahlloseres,11,927
gespaltetes,11,4250
ausstrecken,11,479000
hingerichteter,14,1390000
unhaltbare,10,805000
reiflich,8,163000
harmonierten,12,81100
vorahnungen,11,123000
anwenders,9,12200000
kriminologie,12,2000000
selbstlos,9,620000
schlagfertiger,14,47700
gellen,6,400000
vervollkommnetem,16,2200
heft,4,31600000
hecklichts,10,544000
umsinkend,9,985
steinerne,9,1710000
umsatzsteigerung,16,489000
flussufer,9,614000
schicksalhafte,14,256000
abriegelnd,10,1070
unterstelltest,14,4220
gepeinigten,11,68100
provisorischsten,16,1780
weichlichere,12,3340
maizahlen,9,5110
skisaison,9,450000
gespritzten,11,111000
nervt,5,5860000
originaldiskette,16,3910000
stammlokal,10,197000
bleis,5,559000
titelbilds,10,18600
unrentabel,10,210000
gebotsschildes,14,2010
grade,5,1020000000
reichsrat,9,579000
tugendreicherer,15,1140
geschirmtem,11,48700
weggebliebene,13,2030
zweideutigere,13,253000
flickzeug,9,365000
guthabens,9,252000
zusprechende,12,9060000
seidiges,8,280000
doppelkinn,10,248000
taktvollen,10,14800
schalkhaftester,15,572
verkrachtes,11,1730
wahlloseres,11,927
gespaltetes,11,4250
ausstrecken,11,479000
hingerichteter,14,1390000
unhaltbare,10,805000
reiflich,8,163000
harmonierten,12,81100
vorahnungen,11,123000
anwenders,9,12200000
kriminologie,12,2000000
selbstlos,9,620000
schlagfertiger,14,47700
gellen,6,400000
vervollkommnetem,16,2200
heft,4,31600000
hecklichts,10,544000
umsinkend,9,985
steinerne,9,1710000
umsatzsteigerung,16,489000
flussufer,9,614000
schicksalhafte,14,256000
abriegelnd,10,1070
unterstelltest,14,4220
gepeinigten,11,68100
provisorischsten,16,1780
weichlichere,12,3340
maizahlen,9,5120
skisaison,9,450000
gespritzten,11,111000
nervt,5,5860000
originaldiskette,16,3910000
stammlokal,10,197000
bleis,5,559000
titelbilds,10,18600
unrentabel,10,210000
gebotsschildes,14,2010
grade,5,1020000000
reichsrat,9,579000
tugendreicherer,15,1200
geschirmtem,11,48700
weggebliebene,13,2030
zweideutigere,13,253000
flickzeug,9,365000
guthabens,9,252000
zusprechende,12,9060000
seidiges,8,280000
doppelkinn,10,248000
taktvollen,10,14800
schalkhaftester,15,572
verkrachtes,11,1730
wahlloseres,11,927
gespaltetes,11,4250
ausstrecken,11,479000
hingerichteter,14,1390000
unhaltbare,10,805000
reiflich,8,163000
harmonierten,12,81100
vorahnungen,11,123000
anwenders,9,12200000
kriminologie,12,2000000
selbstlos,9,620000
schlagfertiger,14,47700
gellen,6,400000
vervollkommnetem,16,2200
heft,4,31600000
hecklichts,10,544000
umsinkend,9,985
steinerne,9,1710000
umsatzsteigerung,16,489000
flussufer,9,614000
schicksalhafte,14,256000
abriegelnd,10,1070
unterstelltest,14,4220
gepeinigten,11,68100
provisorischsten,16,1780
weichlichere,12,3340
maizahlen,9,5110
skisaison,9,450000
gespritzten,11,111000
nervt,5,5860000
originaldiskette,16,3910000
stammlokal,10,197000
bleis,5,559000
titelbilds,10,18600
unrentabel,10,210000
gebotsschildes,14,2010
grade,5,1020000000
reichsrat,9,579000
tugendreicherer,15,1200
geschirmtem,11,48700
weggebliebene,13,2030
zweideutigere,13,253000
flickzeug,9,365000
guthabens,9,252000
zusprechende,12,9060000
seidiges,8,280000
doppelkinn,10,248000
taktvollen,10,14800
schalkhaftester,15,572
verkrachtes,11,1730
wahlloseres,11,927
gespaltetes,11,4250
ausstrecken,11,479000
hingerichteter,14,1390000
unhaltbare,10,805000
reiflich,8,163000
harmonierten,12,81100
vorahnungen,11,123000
anwenders,9,12200000
kriminologie,12,2000000
selbstlos,9,620000
schlagfertiger,14,47700
gellen,6,400000
vervollkommnetem,16,2200
heft,4,31600000
hecklichts,10,544000
umsinkend,9,984
steinerne,9,1710000
umsatzsteigerung,16,489000
flussufer,9,614000
schicksalhafte,14,256000
abriegelnd,10,1070
unterstelltest,14,4220
gepeinigten,11,68100
provisorischsten,16,1780
weichlichere,12,3340
maizahlen,9,5120
skisaison,9,450000
gespritzten,11,111000
nervt,5,5860000
originaldiskette,16,3910000
stammlokal,10,197000
bleis,5,559000
titelbilds,10,18600
unrentabel,10,210000
gebotsschildes,14,2010
grade,5,1020000000
reichsrat,9,579000
tugendreicherer,15,1200
geschirmtem,11,48700
weggebliebene,13,2030
zweideutigere,13,253000
flickzeug,9,365000
guthabens,9,252000
zusprechende,12,9060000
seidiges,8,280000
doppelkinn,10,248000
taktvollen,10,14800
schalkhaftester,15,572
verkrachtes,11,1730
wahlloseres,11,927
gespaltetes,11,4250
ausstrecken,11,479000
hingerichteter,14,1390000
unhaltbare,10,805000
reiflich,8,163000
harmonierten,12,81100
vorahnungen,11,123000
anwenders,9,12200000
kriminologie,12,2000000
selbstlos,9,620000
schlagfertiger,14,47700
gellen,6,400000
vervollkommnetem,16,2200
heft,4,31600000
hecklichts,10,544000
umsinkend,9,984
steinerne,9,1710000
umsatzsteigerung,16,489000
flussufer,9,614000
schicksalhafte,14,256000
abriegelnd,10,1070
unterstelltest,14,4220
gepeinigten,11,68100
provisorischsten,16,1780
weichlichere,12,3340
maizahlen,9,5120
skisaison,9,450000
gespritzten,11,111000
nervt,5,5860000
originaldiskette,16,3910000
stammlokal,10,197000
bleis,5,559000
titelbilds,10,18600
unrentabel,10,210000
gebotsschildes,14,2010
grade,5,1020000000
reichsrat,9,579000
tugendreicherer,15,1200
geschirmtem,11,48700
weggebliebene,13,2030
zweideutigere,13,253000
flickzeug,9,365000
guthabens,9,252000
zusprechende,12,9060000
seidiges,8,280000
doppelkinn,10,248000
taktvollen,10,14800
schalkhaftester,15,572
verkrachtes,11,1730
wahlloseres,11,927
gespaltetes,11,4250
ausstrecken,11,479000
hingerichteter,14,1390000
unhaltbare,10,805000
reiflich,8,163000
harmonierten,12,81100
vorahnungen,11,123000
anwenders,9,12200000
kriminologie,12,2000000
selbstlos,9,620000
schlagfertiger,14,47700
gellen,6,400000
vervollkommnetem,16,2200
heft,4,31600000
hecklichts,10,544000
umsinkend,9,984
steinerne,9,1710000
umsatzsteigerung,16,489000
flussufer,9,614000
schicksalhafte,14,256000
abriegelnd,10,1070
unterstelltest,14,4220
gepeinigten,11,68100
provisorischsten,16,1780
weichlichere,12,3340
maizahlen,9,5110
skisaison,9,450000
gespritzten,11,111000
nervt,5,5860000
originaldiskette,16,3910000
stammlokal,10,197000
bleis,5,559000
titelbilds,10,18600
unrentabel,10,210000
gebotsschildes,14,2010
grade,5,1020000000
reichsrat,9,579000
tugendreicherer,15,1200
geschirmtem,11,48700
weggebliebene,13,2030
zweideutigere,13,253000
flickzeug,9,365000
guthabens,9,252000
zusprechende,12,9060000
seidiges,8,280000
doppelkinn,10,248000
taktvollen,10,14800
schalkhaftester,15,572
verkrachtes,11,1730
wahlloseres,11,927
gespaltetes,11,4250
ausstrecken,11,479000
hingerichteter,14,1390000
unhaltbare,10,805000
reiflich,8,163000
harmonierten,12,81100
vorahnungen,11,123000
anwenders,9,12200000
kriminologie,12,2000000
selbstlos,9,620000
schlagfertiger,14,47700
gellen,6,400000
vervollkommnetem,16,2200
heft,4,31600000
hecklichts,10,544000
umsinkend,9,984
steinerne,9,1710000
umsatzsteigerung,16,489000
flussufer,9,614000
schicksalhafte,14,256000
abriegelnd,10,1070
unterstelltest,14,4220
gepeinigten,11,68100
provisorischsten,16,1780
weichlichere,12,3340
maizahlen,9,5120
skisaison,9,450000
gespritzten,11,111000
nervt,5,5860000
originaldiskette,16,3910000
stammlokal,10,197000
bleis,5,559000
titelbilds,10,18600
unrentabel,10,210000
gebotsschildes,14,2010
grade,5,1020000000
reichsrat,9,579000
tugendreicherer,15,1200
geschirmtem,11,48700
weggebliebene,13,2030
zweideutigere,13,253000
flickzeug,9,365000
guthabens,9,252000
zusprechende,12,9060000
seidiges,8,280000
doppelkinn,10,248000
taktvollen,10,14800
schalkhaftester,15,572
verkrachtes,11,1730
wahlloseres,11,927
gespaltetes,11,4250
ausstrecken,11,479000
hingerichteter,14,1390000
unhaltbare,10,805000
reiflich,8,163000
harmonierten,12,81000
vorahnungen,11,123000
anwenders,9,12200000
kriminologie,12,2000000
selbstlos,9,620000
schlagfertiger,14,47700
gellen,6,400000
vervollkommnetem,16,2210
heft,4,31600000
hecklichts,10,544000
umsinkend,9,984
steinerne,9,1710000
umsatzsteigerung,16,489000
flussufer,9,614000
schicksalhafte,14,256000
abriegelnd,10,1070
unterstelltest,14,4220
gepeinigten,11,68100
provisorischsten,16,1780
weichlichere,12,3340
maizahlen,9,5120
skisaison,9,450000
gespritzten,11,111000
nervt,5,5860000
originaldiskette,16,3910000
stammlokal,10,197000
bleis,5,559000
titelbilds,10,18600
unrentabel,10,210000
gebotsschildes,14,2010
grade,5,1020000000
reichsrat,9,579000
tugendreicherer,15,1200
geschirmtem,11,48700
weggebliebene,13,2030
zweideutigere,13,253000
flickzeug,9,365000
guthabens,9,252000
zusprechende,12,9060000
seidiges,8,280000
doppelkinn,10,248000
taktvollen,10,14800
schalkhaftester,15,572
verkrachtes,11,1730
wahlloseres,11,927
gespaltetes,11,4250
ausstrecken,11,479000
hingerichteter,14,1390000
unhaltbare,10,805000
reiflich,8,163000
harmonierten,12,81000
vorahnungen,11,123000
anwenders,9,12200000
kriminologie,12,2000000
selbstlos,9,620000
schlagfertiger,14,47700
gellen,6,400000
vervollkommnetem,16,2210
heft,4,31600000
hecklichts,10,544000
umsinkend,9,984
steinerne,9,1710000
umsatzsteigerung,16,489000
flussufer,9,614000
schicksalhafte,14,256000
abriegelnd,10,1070
unterstelltest,14,4220
gepeinigten,11,68100
provisorischsten,16,1780
weichlichere,12,3340
maizahlen,9,5120
skisaison,9,450000
gespritzten,11,111000
nervt,5,5860000
originaldiskette,16,3910000
stammlokal,10,197000
bleis,5,559000
titelbilds,10,18600
unrentabel,10,210000
gebotsschildes,14,2010
grade,5,1020000000
reichsrat,9,579000
tugendreicherer,15,1200
geschirmtem,11,48700
weggebliebene,13,2030
zweideutigere,13,253000
flickzeug,9,365000
guthabens,9,252000
zusprechende,12,27800000
seidiges,8,280000
doppelkinn,10,248000
taktvollen,10,14800
schalkhaftester,15,572
verkrachtes,11,1730
wahlloseres,11,927
gespaltetes,11,4250
ausstrecken,11,479000
hingerichteter,14,1390000
unhaltbare,10,805000
reiflich,8,163000
harmonierten,12,81000
vorahnungen,11,123000
anwenders,9,12200000
kriminologie,12,2000000
selbstlos,9,620000
schlagfertiger,14,47700
gellen,6,400000
vervollkommnetem,16,2210
heft,4,31600000
hecklichts,10,544000
umsinkend,9,984
steinerne,9,1710000
umsatzsteigerung,16,489000
flussufer,9,614000
schicksalhafte,14,256000
abriegelnd,10,1070
unterstelltest,14,4220
gepeinigten,11,68100
provisorischsten,16,1780
weichlichere,12,3340
maizahlen,9,5120
skisaison,9,450000
gespritzten,11,111000
nervt,5,5860000
originaldiskette,16,3910000
stammlokal,10,197000
bleis,5,559000
titelbilds,10,18600
unrentabel,10,210000
gebotsschildes,14,2010
grade,5,1020000000
reichsrat,9,579000
tugendreicherer,15,1200
geschirmtem,11,48700
weggebliebene,13,2030
zweideutigere,13,253000
flickzeug,9,365000
guthabens,9,252000
zusprechende,12,27800000
seidiges,8,280000
doppelkinn,10,248000
taktvollen,10,14800
schalkhaftester,15,572
verkrachtes,11,1730
wahlloseres,11,927
gespaltetes,11,4250
ausstrecken,11,479000
hingerichteter,14,1390000
unhaltbare,10,805000
reiflich,8,163000
harmonierten,12,81100
vorahnungen,11,123000
anwenders,9,12200000
kriminologie,12,2000000
selbstlos,9,620000
schlagfertiger,14,47700
gellen,6,400000
vervollkommnetem,16,2210
heft,4,31600000
hecklichts,10,544000
umsinkend,9,984
steinerne,9,1710000
umsatzsteigerung,16,489000
flussufer,9,614000
schicksalhafte,14,256000
abriegelnd,10,1070
unterstelltest,14,4220
gepeinigten,11,68100
provisorischsten,16,1770
weichlichere,12,3340
maizahlen,9,5120
skisaison,9,450000
gespritzten,11,111000
nervt,5,5860000
originaldiskette,16,3920000
stammlokal,10,197000
bleis,5,559000
titelbilds,10,18600
unrentabel,10,210000
gebotsschildes,14,2010
grade,5,1020000000
reichsrat,9,579000
tugendreicherer,15,1200
geschirmtem,11,48700
weggebliebene,13,2030
zweideutigere,13,253000
flickzeug,9,365000
guthabens,9,252000
zusprechende,12,27800000
seidiges,8,280000
doppelkinn,10,248000
taktvollen,10,14800
schalkhaftester,15,572
verkrachtes,11,1730
wahlloseres,11,927
gespaltetes,11,4250
ausstrecken,11,479000
hingerichteter,14,1390000
unhaltbare,10,805000
reiflich,8,163000
harmonierten,12,81100
vorahnungen,11,123000
anwenders,9,12200000
kriminologie,12,2000000
selbstlos,9,620000
schlagfertiger,14,47700
gellen,6,400000
vervollkommnetem,16,2210
heft,4,31600000
hecklichts,10,544000
umsinkend,9,984
steinerne,9,1710000
umsatzsteigerung,16,489000
flussufer,9,614000
schicksalhafte,14,256000
abriegelnd,10,1070
unterstelltest,14,4220
gepeinigten,11,68100
provisorischsten,16,1770
weichlichere,12,3340
maizahlen,9,5120
skisaison,9,450000
gespritzten,11,111000
nervt,5,5860000
originaldiskette,16,3920000
stammlokal,10,197000
bleis,5,559000
titelbilds,10,18600
unrentabel,10,210000
gebotsschildes,14,2010
grade,5,1020000000
reichsrat,9,579000
tugendreicherer,15,1200
geschirmtem,11,48700
weggebliebene,13,2030
zweideutigere,13,253000
flickzeug,9,365000
guthabens,9,252000
zusprechende,12,27800000
seidiges,8,280000
doppelkinn,10,248000
taktvollen,10,14800
schalkhaftester,15,572
verkrachtes,11,1730
wahlloseres,11,927
gespaltetes,11,4240
ausstrecken,11,479000
hingerichteter,14,1390000
unhaltbare,10,805000
reiflich,8,163000
harmonierten,12,81100
vorahnungen,11,123000
anwenders,9,12200000
kriminologie,12,2000000
selbstlos,9,620000
schlagfertiger,14,47700
gellen,6,400000
vervollkommnetem,16,2210
heft,4,31600000
hecklichts,10,544000
umsinkend,9,984
steinerne,9,1710000
umsatzsteigerung,16,489000
flussufer,9,614000
schicksalhafte,14,256000
abriegelnd,10,1070
unterstelltest,14,4220
gepeinigten,11,68100
provisorischsten,16,1770
weichlichere,12,3340
maizahlen,9,5120
skisaison,9,450000
gespritzten,11,111000
nervt,5,5860000
originaldiskette,16,3920000
stammlokal,10,197000
bleis,5,559000
titelbilds,10,18600
unrentabel,10,210000
gebotsschildes,14,2010
grade,5,1020000000
reichsrat,9,579000
tugendreicherer,15,1200
geschirmtem,11,48700
weggebliebene,13,2030
zweideutigere,13,253000
flickzeug,9,365000
guthabens,9,252000
zusprechende,12,27800000
seidiges,8,280000
doppelkinn,10,248000
taktvollen,10,14800
schalkhaftester,15,572
verkrachtes,11,1730
wahlloseres,11,927
gespaltetes,11,4240
ausstrecken,11,479000
hingerichteter,14,1390000
unhaltbare,10,805000
reiflich,8,163000
harmonierten,12,81100
vorahnungen,11,123000
anwenders,9,12200000
kriminologie,12,2000000
selbstlos,9,620000
schlagfertiger,14,47700
gellen,6,400000
vervollkommnetem,16,2210
heft,4,31600000
hecklichts,10,544000
umsinkend,9,984
steinerne,9,1710000
umsatzsteigerung,16,489000
flussufer,9,614000
schicksalhafte,14,256000
abriegelnd,10,1070
unterstelltest,14,4220
gepeinigten,11,68100
provisorischsten,16,1770
weichlichere,12,3340
maizahlen,9,5120
skisaison,9,450000
gespritzten,11,111000
nervt,5,5860000
originaldiskette,16,3920000
stammlokal,10,197000
bleis,5,559000
titelbilds,10,18600
unrentabel,10,210000
gebotsschildes,14,2010
grade,5,1020000000
reichsrat,9,579000
tugendreicherer,15,1200
geschirmtem,11,48700
weggebliebene,13,2030
zweideutigere,13,253000
flickzeug,9,365000
guthabens,9,252000
zusprechende,12,27800000
seidiges,8,280000
doppelkinn,10,248000
taktvollen,10,14800
schalkhaftester,15,572
verkrachtes,11,1730
wahlloseres,11,927
gespaltetes,11,4240
ausstrecken,11,479000
hingerichteter,14,1390000
unhaltbare,10,805000
reiflich,8,163000
harmonierten,12,81100
vorahnungen,11,123000
anwenders,9,12200000
kriminologie,12,2000000
selbstlos,9,620000
schlagfertiger,14,47700
gellen,6,400000
vervollkommnetem,16,2210
heft,4,31600000
hecklichts,10,544000
umsinkend,9,984
steinerne,9,1710000
umsatzsteigerung,16,489000
flussufer,9,614000
schicksalhafte,14,256000
abriegelnd,10,1070
unterstelltest,14,4220
gepeinigten,11,68100
provisorischsten,16,1770
weichlichere,12,3340
maizahlen,9,5120
skisaison,9,450000
gespritzten,11,111000
nervt,5,5860000
originaldiskette,16,3920000
stammlokal,10,197000
bleis,5,559000
titelbilds,10,18600
unrentabel,10,210000
gebotsschildes,14,2010
grade,5,1020000000
reichsrat,9,579000
tugendreicherer,15,1200
geschirmtem,11,48700
weggebliebene,13,2030
zweideutigere,13,253000
flickzeug,9,365000
guthabens,9,252000
zusprechende,12,27800000
seidiges,8,280000
doppelkinn,10,248000
taktvollen,10,14800
schalkhaftester,15,572
verkrachtes,11,1730
wahlloseres,11,927
gespaltetes,11,4240
ausstrecken,11,479000
hingerichteter,14,1390000
unhaltbare,10,805000
reiflich,8,163000
harmonierten,12,81100
vorahnungen,11,123000
anwenders,9,12200000
kriminologie,12,2000000
selbstlos,9,620000
schlagfertiger,14,47700
gellen,6,400000
vervollkommnetem,16,2210
heft,4,31600000
hecklichts,10,544000
umsinkend,9,984
steinerne,9,1710000
umsatzsteigerung,16,489000
flussufer,9,614000
schicksalhafte,14,256000
abriegelnd,10,1070
unterstelltest,14,4220
gepeinigten,11,68100
provisorischsten,16,1770
weichlichere,12,3340
maizahlen,9,5110
skisaison,9,450000
gespritzten,11,111000
nervt,5,5860000
originaldiskette,16,3920000
stammlokal,10,197000
bleis,5,559000
titelbilds,10,18600
unrentabel,10,210000
gebotsschildes,14,2010
grade,5,1020000000
reichsrat,9,579000
tugendreicherer,15,1200
geschirmtem,11,48700
weggebliebene,13,2030
zweideutigere,13,253000
flickzeug,9,365000
guthabens,9,252000
zusprechende,12,27800000
seidiges,8,280000
doppelkinn,10,248000
taktvollen,10,14800
schalkhaftester,15,572
verkrachtes,11,1730
wahlloseres,11,927
gespaltetes,11,4240
ausstrecken,11,479000
hingerichteter,14,1390000
unhaltbare,10,805000
reiflich,8,163000
harmonierten,12,81100
vorahnungen,11,123000
anwenders,9,12200000
kriminologie,12,2000000
selbstlos,9,620000
schlagfertiger,14,47700
gellen,6,400000
vervollkommnetem,16,2210
heft,4,31600000
hecklichts,10,544000
umsinkend,9,984
steinerne,9,1710000
umsatzsteigerung,16,489000
flussufer,9,614000
schicksalhafte,14,256000
abriegelnd,10,1070
unterstelltest,14,4220
gepeinigten,11,68100
provisorischsten,16,1770
weichlichere,12,3340
maizahlen,9,5110
skisaison,9,450000
gespritzten,11,111000
nervt,5,5860000
originaldiskette,16,3920000
stammlokal,10,197000
bleis,5,559000
titelbilds,10,18600
unrentabel,10,210000
gebotsschildes,14,2010
grade,5,1020000000
reichsrat,9,579000
tugendreicherer,15,1200
geschirmtem,11,48700
weggebliebene,13,2030
zweideutigere,13,253000
flickzeug,9,365000
guthabens,9,252000
zusprechende,12,27800000
seidiges,8,280000
doppelkinn,10,248000
taktvollen,10,14800
schalkhaftester,15,572
verkrachtes,11,1730
wahlloseres,11,927
gespaltetes,11,4240
ausstrecken,11,479000
hingerichteter,14,1390000
unhaltbare,10,805000
reiflich,8,163000
harmonierten,12,81100
vorahnungen,11,123000
anwenders,9,12200000
kriminologie,12,2000000
selbstlos,9,620000
schlagfertiger,14,47700
gellen,6,400000
vervollkommnetem,16,2210
heft,4,31600000
hecklichts,10,544000
umsinkend,9,984
steinerne,9,1710000
umsatzsteigerung,16,489000
flussufer,9,614000
schicksalhafte,14,256000
abriegelnd,10,1070
unterstelltest,14,4220
gepeinigten,11,68100
provisorischsten,16,1770
weichlichere,12,3340
maizahlen,9,5110
skisaison,9,450000
gespritzten,11,111000
nervt,5,5860000
originaldiskette,16,3910000
stammlokal,10,197000
bleis,5,559000
titelbilds,10,18600
unrentabel,10,210000
gebotsschildes,14,2010
grade,5,1020000000
reichsrat,9,579000
tugendreicherer,15,1200
geschirmtem,11,48700
weggebliebene,13,2030
zweideutigere,13,253000
flickzeug,9,365000
guthabens,9,252000
zusprechende,12,27800000
seidiges,8,280000
doppelkinn,10,248000
taktvollen,10,14800
schalkhaftester,15,572
verkrachtes,11,1730
wahlloseres,11,927
gespaltetes,11,4240
ausstrecken,11,479000
hingerichteter,14,1390000
unhaltbare,10,805000
reiflich,8,163000
harmonierten,12,81100
vorahnungen,11,123000
anwenders,9,12200000
kriminologie,12,2000000
selbstlos,9,620000
schlagfertiger,14,47700
gellen,6,400000
vervollkommnetem,16,2210
heft,4,31600000
hecklichts,10,544000
umsinkend,9,984
steinerne,9,1710000
umsatzsteigerung,16,489000
flussufer,9,614000
schicksalhafte,14,256000
abriegelnd,10,1070
unterstelltest,14,4220
gepeinigten,11,68100
provisorischsten,16,1770
weichlichere,12,3290
maizahlen,9,5110
skisaison,9,450000
gespritzten,11,111000
nervt,5,5860000
originaldiskette,16,3910000
stammlokal,10,197000
bleis,5,559000
titelbilds,10,18600
unrentabel,10,210000
gebotsschildes,14,2010
grade,5,1020000000
reichsrat,9,579000
tugendreicherer,15,1200
geschirmtem,11,48700
weggebliebene,13,2030
zweideutigere,13,253000
flickzeug,9,365000
guthabens,9,252000
zusprechende,12,27800000
seidiges,8,280000
doppelkinn,10,248000
taktvollen,10,14800
schalkhaftester,15,572
verkrachtes,11,1730
wahlloseres,11,927
gespaltetes,11,4240
ausstrecken,11,479000
hingerichteter,14,1390000
unhaltbare,10,805000
reiflich,8,163000
harmonierten,12,81100
vorahnungen,11,123000
anwenders,9,12200000
kriminologie,12,2000000
selbstlos,9,620000
schlagfertiger,14,47700
gellen,6,400000
vervollkommnetem,16,2210
heft,4,31600000
hecklichts,10,544000
umsinkend,9,984
steinerne,9,1710000
umsatzsteigerung,16,489000
flussufer,9,614000
schicksalhafte,14,256000
abriegelnd,10,1070
unterstelltest,14,4220
gepeinigten,11,68000
provisorischsten,16,1770
weichlichere,12,3290
maizahlen,9,5110
skisaison,9,450000
gespritzten,11,111000
nervt,5,5860000
originaldiskette,16,3920000
stammlokal,10,197000
bleis,5,559000
titelbilds,10,18600
unrentabel,10,210000
gebotsschildes,14,2010
grade,5,1020000000
reichsrat,9,579000
tugendreicherer,15,1200
geschirmtem,11,48700
weggebliebene,13,2030
zweideutigere,13,253000
flickzeug,9,365000
guthabens,9,252000
zusprechende,12,27800000
seidiges,8,280000
doppelkinn,10,248000
taktvollen,10,14800
schalkhaftester,15,572
verkrachtes,11,1730
wahlloseres,11,927
gespaltetes,11,4240
ausstrecken,11,479000
hingerichteter,14,1390000
unhaltbare,10,805000
reiflich,8,163000
harmonierten,12,81100
vorahnungen,11,123000
anwenders,9,12200000
kriminologie,12,2000000
selbstlos,9,620000
schlagfertiger,14,47700
gellen,6,400000
vervollkommnetem,16,2210
heft,4,31600000
hecklichts,10,544000
umsinkend,9,984
steinerne,9,1710000
umsatzsteigerung,16,489000
flussufer,9,614000
schicksalhafte,14,256000
abriegelnd,10,1070
unterstelltest,14,4220
gepeinigten,11,68000
