nom,tailleMot,nbResults
raschelnde,10,84100
wichtigstes,11,1380000
mediterranes,12,1430000
speiseweg,9,3800
getrenntem,10,213000
novemberheft,12,58800
passivsten,10,2330
steuerliches,12,4020000
blutstillend,12,32700
triefte,7,68200
unverzeihlichem,15,110000
gefleckter,10,177000
grundverfassung,15,50100
richtender,10,455000
umrissenes,10,38100
gesittetem,10,9710
werbewirksamstem,16,294
folgsam,7,279000
handumdrehen,12,3880000
signalement,11,13200000
dreiecksverkehr,15,2940
theaterinstitut,15,25700
schieflachen,12,31500
versandende,11,18400
wegschnappender,15,425
getauft,7,2430000
auszuzahlen,11,457000
hoffnungsvollere,16,8530
unterordnet,11,517000
richtungsanzeigern,18,5750
heilungsprozess,15,563000
wagens,6,5860000
anzuflehen,10,62800
landraub,8,147000
sinnreiche,10,219000
schnallst,9,21200
geordnete,9,2340000
vollstrecktem,13,553000
herausbekommenden,17,2010
heraufkommende,14,1370000
undurchdringlicherem,20,1700
stotzigem,9,147
unbeweglichster,15,6230
fortgeschafftes,15,3220000
schluckten,10,46500
abrollten,9,6760
verbindungskabeln,17,1480000
gesandte,8,1350000
pinselstrich,12,417000
beachtlicher,12,1390000
raschelnde,10,84100
wichtigstes,11,1380000
mediterranes,12,1430000
speiseweg,9,3800
getrenntem,10,213000
novemberheft,12,58800
passivsten,10,2330
steuerliches,12,4020000
blutstillend,12,32700
triefte,7,68200
unverzeihlichem,15,110000
gefleckter,10,177000
grundverfassung,15,50100
richtender,10,455000
umrissenes,10,38100
gesittetem,10,9710
werbewirksamstem,16,294
folgsam,7,279000
handumdrehen,12,3880000
signalement,11,13200000
dreiecksverkehr,15,2940
theaterinstitut,15,25700
schieflachen,12,31500
versandende,11,18400
wegschnappender,15,425
getauft,7,2430000
auszuzahlen,11,457000
hoffnungsvollere,16,8530
unterordnet,11,517000
richtungsanzeigern,18,5750
heilungsprozess,15,563000
wagens,6,5860000
anzuflehen,10,62800
landraub,8,147000
sinnreiche,10,219000
schnallst,9,21200
geordnete,9,2340000
vollstrecktem,13,553000
herausbekommenden,17,2010
heraufkommende,14,1370000
undurchdringlicherem,20,1700
stotzigem,9,147
unbeweglichster,15,6220
fortgeschafftes,15,3220000
schluckten,10,46500
abrollten,9,6760
verbindungskabeln,17,1480000
gesandte,8,1350000
pinselstrich,12,417000
beachtlicher,12,1390000
raschelnde,10,84100
wichtigstes,11,1380000
mediterranes,12,1430000
speiseweg,9,3800
getrenntem,10,213000
novemberheft,12,58800
passivsten,10,2330
steuerliches,12,4020000
blutstillend,12,32700
triefte,7,68200
unverzeihlichem,15,112000
gefleckter,10,177000
grundverfassung,15,50100
richtender,10,455000
umrissenes,10,38100
gesittetem,10,9710
werbewirksamstem,16,294
folgsam,7,279000
handumdrehen,12,3880000
signalement,11,13200000
dreiecksverkehr,15,2940
theaterinstitut,15,25700
schieflachen,12,31500
versandende,11,18400
wegschnappender,15,425
getauft,7,2430000
auszuzahlen,11,457000
hoffnungsvollere,16,8530
unterordnet,11,517000
richtungsanzeigern,18,5750
heilungsprozess,15,563000
wagens,6,5860000
anzuflehen,10,62800
landraub,8,147000
sinnreiche,10,219000
schnallst,9,21200
geordnete,9,2340000
vollstrecktem,13,553000
herausbekommenden,17,2010
heraufkommende,14,1370000
undurchdringlicherem,20,1700
stotzigem,9,147
unbeweglichster,15,6240
fortgeschafftes,15,3220000
schluckten,10,46500
abrollten,9,6760
verbindungskabeln,17,1480000
gesandte,8,1350000
pinselstrich,12,417000
beachtlicher,12,1390000
raschelnde,10,84100
wichtigstes,11,1380000
mediterranes,12,1430000
speiseweg,9,3800
getrenntem,10,213000
novemberheft,12,58800
passivsten,10,2330
steuerliches,12,4020000
blutstillend,12,32700
triefte,7,68200
unverzeihlichem,15,110000
gefleckter,10,177000
grundverfassung,15,50500
richtender,10,455000
umrissenes,10,38100
gesittetem,10,9710
werbewirksamstem,16,294
folgsam,7,279000
handumdrehen,12,3880000
signalement,11,13200000
dreiecksverkehr,15,2940
theaterinstitut,15,25700
schieflachen,12,31500
versandende,11,18400
wegschnappender,15,425
getauft,7,2430000
auszuzahlen,11,457000
hoffnungsvollere,16,8530
unterordnet,11,517000
richtungsanzeigern,18,5750
heilungsprozess,15,563000
wagens,6,5860000
anzuflehen,10,62800
landraub,8,147000
sinnreiche,10,219000
schnallst,9,21200
geordnete,9,2340000
vollstrecktem,13,553000
herausbekommenden,17,2010
heraufkommende,14,1370000
undurchdringlicherem,20,1700
stotzigem,9,147
unbeweglichster,15,6230
fortgeschafftes,15,3220000
schluckten,10,46600
abrollten,9,6760
verbindungskabeln,17,1480000
gesandte,8,1350000
pinselstrich,12,417000
beachtlicher,12,1390000
raschelnde,10,84100
wichtigstes,11,1380000
mediterranes,12,1430000
speiseweg,9,3800
getrenntem,10,213000
novemberheft,12,58800
passivsten,10,2330
steuerliches,12,4020000
blutstillend,12,32700
triefte,7,68200
unverzeihlichem,15,110000
gefleckter,10,177000
grundverfassung,15,50100
richtender,10,455000
umrissenes,10,38100
gesittetem,10,9710
werbewirksamstem,16,294
folgsam,7,280000
handumdrehen,12,3880000
signalement,11,13200000
dreiecksverkehr,15,2940
theaterinstitut,15,25700
schieflachen,12,31500
versandende,11,18400
wegschnappender,15,425
getauft,7,2430000
auszuzahlen,11,457000
hoffnungsvollere,16,8530
unterordnet,11,517000
richtungsanzeigern,18,5750
heilungsprozess,15,563000
wagens,6,5860000
anzuflehen,10,62800
landraub,8,147000
sinnreiche,10,219000
schnallst,9,21200
geordnete,9,2340000
vollstrecktem,13,553000
herausbekommenden,17,2010
heraufkommende,14,1370000
undurchdringlicherem,20,1700
stotzigem,9,147
unbeweglichster,15,6230
fortgeschafftes,15,3220000
schluckten,10,46500
abrollten,9,6760
verbindungskabeln,17,1480000
gesandte,8,1350000
pinselstrich,12,417000
beachtlicher,12,1390000
raschelnde,10,84100
wichtigstes,11,1380000
mediterranes,12,1430000
speiseweg,9,3800
getrenntem,10,213000
novemberheft,12,58800
passivsten,10,2330
steuerliches,12,4020000
blutstillend,12,32700
triefte,7,68200
unverzeihlichem,15,110000
gefleckter,10,177000
grundverfassung,15,50100
richtender,10,455000
umrissenes,10,38100
gesittetem,10,9710
werbewirksamstem,16,294
folgsam,7,279000
handumdrehen,12,3880000
signalement,11,13200000
dreiecksverkehr,15,2940
theaterinstitut,15,25700
schieflachen,12,31500
versandende,11,18400
wegschnappender,15,425
getauft,7,2430000
auszuzahlen,11,457000
hoffnungsvollere,16,8530
unterordnet,11,517000
richtungsanzeigern,18,5750
heilungsprozess,15,563000
wagens,6,5860000
anzuflehen,10,62800
landraub,8,147000
sinnreiche,10,219000
schnallst,9,21200
geordnete,9,2340000
vollstrecktem,13,553000
herausbekommenden,17,2010
heraufkommende,14,1370000
undurchdringlicherem,20,1700
stotzigem,9,147
unbeweglichster,15,6240
fortgeschafftes,15,3220000
schluckten,10,46500
abrollten,9,6760
verbindungskabeln,17,1480000
gesandte,8,1350000
pinselstrich,12,417000
beachtlicher,12,1390000
raschelnde,10,84100
wichtigstes,11,1380000
mediterranes,12,1430000
speiseweg,9,3800
getrenntem,10,213000
novemberheft,12,58800
passivsten,10,2330
steuerliches,12,4020000
blutstillend,12,32700
triefte,7,68200
unverzeihlichem,15,110000
gefleckter,10,177000
grundverfassung,15,50100
richtender,10,455000
umrissenes,10,38100
gesittetem,10,9710
werbewirksamstem,16,294
folgsam,7,279000
handumdrehen,12,3880000
signalement,11,13200000
dreiecksverkehr,15,2940
theaterinstitut,15,25700
schieflachen,12,31500
versandende,11,18400
wegschnappender,15,425
getauft,7,2430000
auszuzahlen,11,457000
hoffnungsvollere,16,8530
unterordnet,11,517000
richtungsanzeigern,18,5750
heilungsprozess,15,563000
wagens,6,5860000
anzuflehen,10,62800
landraub,8,147000
sinnreiche,10,219000
schnallst,9,21200
geordnete,9,2340000
vollstrecktem,13,553000
herausbekommenden,17,2010
heraufkommende,14,1370000
undurchdringlicherem,20,1700
stotzigem,9,147
unbeweglichster,15,6230
fortgeschafftes,15,3220000
schluckten,10,46500
abrollten,9,6760
verbindungskabeln,17,1480000
gesandte,8,1350000
pinselstrich,12,417000
beachtlicher,12,1390000
raschelnde,10,84100
wichtigstes,11,1380000
mediterranes,12,1430000
speiseweg,9,3800
getrenntem,10,213000
novemberheft,12,58800
passivsten,10,2330
steuerliches,12,4020000
blutstillend,12,32700
triefte,7,68100
unverzeihlichem,15,110000
gefleckter,10,177000
grundverfassung,15,50100
richtender,10,455000
umrissenes,10,38100
gesittetem,10,9710
werbewirksamstem,16,294
folgsam,7,279000
handumdrehen,12,3880000
signalement,11,13200000
dreiecksverkehr,15,2940
theaterinstitut,15,25700
schieflachen,12,31500
versandende,11,18400
wegschnappender,15,425
getauft,7,2430000
auszuzahlen,11,457000
hoffnungsvollere,16,8530
unterordnet,11,515000
richtungsanzeigern,18,5750
heilungsprozess,15,563000
wagens,6,5860000
anzuflehen,10,62800
landraub,8,147000
sinnreiche,10,219000
schnallst,9,21200
geordnete,9,2340000
vollstrecktem,13,553000
herausbekommenden,17,2010
heraufkommende,14,1370000
undurchdringlicherem,20,1700
stotzigem,9,147
unbeweglichster,15,6220
fortgeschafftes,15,3220000
schluckten,10,46600
abrollten,9,6760
verbindungskabeln,17,1480000
gesandte,8,1350000
pinselstrich,12,417000
beachtlicher,12,1390000
raschelnde,10,84100
wichtigstes,11,1380000
mediterranes,12,1430000
speiseweg,9,3800
getrenntem,10,213000
novemberheft,12,58800
passivsten,10,2330
steuerliches,12,4020000
blutstillend,12,32700
triefte,7,68100
unverzeihlichem,15,110000
gefleckter,10,177000
grundverfassung,15,50100
richtender,10,455000
umrissenes,10,38100
gesittetem,10,9710
werbewirksamstem,16,294
folgsam,7,279000
handumdrehen,12,3880000
signalement,11,13200000
dreiecksverkehr,15,2940
theaterinstitut,15,25700
schieflachen,12,31500
versandende,11,18400
wegschnappender,15,425
getauft,7,2430000
auszuzahlen,11,457000
hoffnungsvollere,16,8530
unterordnet,11,515000
richtungsanzeigern,18,5750
heilungsprozess,15,563000
wagens,6,5860000
anzuflehen,10,62800
landraub,8,147000
sinnreiche,10,219000
schnallst,9,21200
geordnete,9,2340000
vollstrecktem,13,553000
herausbekommenden,17,2010
heraufkommende,14,1370000
undurchdringlicherem,20,1700
stotzigem,9,147
unbeweglichster,15,6230
fortgeschafftes,15,3220000
schluckten,10,46600
abrollten,9,6760
verbindungskabeln,17,1480000
gesandte,8,1350000
pinselstrich,12,417000
beachtlicher,12,1390000
raschelnde,10,84100
wichtigstes,11,1380000
mediterranes,12,1430000
speiseweg,9,3800
getrenntem,10,213000
novemberheft,12,58800
passivsten,10,2330
steuerliches,12,4020000
blutstillend,12,32700
triefte,7,68100
unverzeihlichem,15,110000
gefleckter,10,177000
grundverfassung,15,50100
richtender,10,58200
umrissenes,10,38100
gesittetem,10,9710
werbewirksamstem,16,294
folgsam,7,279000
handumdrehen,12,3880000
signalement,11,13200000
dreiecksverkehr,15,2940
theaterinstitut,15,25700
schieflachen,12,31500
versandende,11,18400
wegschnappender,15,425
getauft,7,2430000
auszuzahlen,11,457000
hoffnungsvollere,16,17400
unterordnet,11,515000
richtungsanzeigern,18,5750
heilungsprozess,15,563000
wagens,6,5860000
anzuflehen,10,62800
landraub,8,147000
sinnreiche,10,219000
schnallst,9,21200
geordnete,9,2340000
vollstrecktem,13,553000
herausbekommenden,17,2010
heraufkommende,14,1370000
undurchdringlicherem,20,1700
stotzigem,9,147
unbeweglichster,15,6230
fortgeschafftes,15,3220000
schluckten,10,46500
abrollten,9,6760
verbindungskabeln,17,1480000
gesandte,8,1350000
pinselstrich,12,417000
beachtlicher,12,1390000
raschelnde,10,108000
wichtigstes,11,1380000
mediterranes,12,1430000
speiseweg,9,3800
getrenntem,10,213000
novemberheft,12,58800
passivsten,10,2330
steuerliches,12,4020000
blutstillend,12,32700
triefte,7,68100
unverzeihlichem,15,110000
gefleckter,10,177000
grundverfassung,15,50100
richtender,10,58200
umrissenes,10,38100
gesittetem,10,9710
werbewirksamstem,16,294
folgsam,7,279000
handumdrehen,12,3880000
signalement,11,13200000
dreiecksverkehr,15,2940
theaterinstitut,15,25700
schieflachen,12,31500
versandende,11,18400
wegschnappender,15,425
getauft,7,2430000
auszuzahlen,11,457000
hoffnungsvollere,16,17400
unterordnet,11,515000
richtungsanzeigern,18,5750
heilungsprozess,15,563000
wagens,6,5860000
anzuflehen,10,62800
landraub,8,147000
sinnreiche,10,219000
schnallst,9,21200
geordnete,9,2340000
vollstrecktem,13,553000
herausbekommenden,17,2010
heraufkommende,14,1370000
undurchdringlicherem,20,1700
stotzigem,9,147
unbeweglichster,15,6230
fortgeschafftes,15,3220000
schluckten,10,46600
abrollten,9,6760
verbindungskabeln,17,1480000
gesandte,8,1350000
pinselstrich,12,417000
beachtlicher,12,1390000
raschelnde,10,84100
wichtigstes,11,1380000
mediterranes,12,1430000
speiseweg,9,3800
getrenntem,10,213000
novemberheft,12,58800
passivsten,10,2330
steuerliches,12,4020000
blutstillend,12,32700
triefte,7,68100
unverzeihlichem,15,110000
gefleckter,10,177000
grundverfassung,15,50100
richtender,10,58200
umrissenes,10,38100
gesittetem,10,9710
werbewirksamstem,16,294
folgsam,7,279000
handumdrehen,12,3880000
signalement,11,13200000
dreiecksverkehr,15,2940
theaterinstitut,15,25700
schieflachen,12,31500
versandende,11,18400
wegschnappender,15,425
getauft,7,2430000
auszuzahlen,11,457000
hoffnungsvollere,16,17400
unterordnet,11,515000
richtungsanzeigern,18,5750
heilungsprozess,15,563000
wagens,6,5860000
anzuflehen,10,62800
landraub,8,147000
sinnreiche,10,219000
schnallst,9,21200
geordnete,9,2340000
vollstrecktem,13,553000
herausbekommenden,17,2010
heraufkommende,14,1370000
undurchdringlicherem,20,1700
stotzigem,9,149
unbeweglichster,15,6240
fortgeschafftes,15,3220000
schluckten,10,46600
abrollten,9,6760
verbindungskabeln,17,1480000
gesandte,8,1350000
pinselstrich,12,417000
beachtlicher,12,1390000
raschelnde,10,84100
wichtigstes,11,1380000
mediterranes,12,1430000
speiseweg,9,3800
getrenntem,10,213000
novemberheft,12,58800
passivsten,10,2330
steuerliches,12,4020000
blutstillend,12,32700
triefte,7,68100
unverzeihlichem,15,110000
gefleckter,10,177000
grundverfassung,15,50100
richtender,10,58200
umrissenes,10,38100
gesittetem,10,9710
werbewirksamstem,16,294
folgsam,7,279000
handumdrehen,12,3880000
signalement,11,13200000
dreiecksverkehr,15,2940
theaterinstitut,15,25700
schieflachen,12,31500
versandende,11,18400
wegschnappender,15,425
getauft,7,2430000
auszuzahlen,11,457000
hoffnungsvollere,16,17400
unterordnet,11,515000
richtungsanzeigern,18,5750
heilungsprozess,15,563000
wagens,6,5860000
anzuflehen,10,62800
landraub,8,147000
sinnreiche,10,219000
schnallst,9,21200
geordnete,9,2340000
vollstrecktem,13,553000
herausbekommenden,17,2010
heraufkommende,14,1370000
undurchdringlicherem,20,1700
stotzigem,9,147
unbeweglichster,15,6240
fortgeschafftes,15,3220000
schluckten,10,46600
abrollten,9,6760
verbindungskabeln,17,1480000
gesandte,8,1350000
pinselstrich,12,417000
beachtlicher,12,1390000
raschelnde,10,84100
wichtigstes,11,1380000
mediterranes,12,1430000
speiseweg,9,3800
getrenntem,10,213000
novemberheft,12,58800
passivsten,10,2330
steuerliches,12,4020000
blutstillend,12,32700
triefte,7,68100
unverzeihlichem,15,110000
gefleckter,10,177000
grundverfassung,15,50100
richtender,10,58200
umrissenes,10,38100
gesittetem,10,9710
werbewirksamstem,16,294
folgsam,7,280000
handumdrehen,12,3880000
signalement,11,13200000
dreiecksverkehr,15,2940
theaterinstitut,15,25700
schieflachen,12,31500
versandende,11,18400
wegschnappender,15,425
getauft,7,2430000
auszuzahlen,11,457000
hoffnungsvollere,16,17400
unterordnet,11,515000
richtungsanzeigern,18,5750
heilungsprozess,15,563000
wagens,6,5860000
anzuflehen,10,62800
landraub,8,147000
sinnreiche,10,219000
schnallst,9,21200
geordnete,9,2340000
vollstrecktem,13,553000
herausbekommenden,17,2010
heraufkommende,14,1370000
undurchdringlicherem,20,1700
stotzigem,9,147
unbeweglichster,15,6220
fortgeschafftes,15,3220000
schluckten,10,46600
abrollten,9,6760
verbindungskabeln,17,1480000
gesandte,8,1350000
pinselstrich,12,417000
beachtlicher,12,1390000
raschelnde,10,84100
wichtigstes,11,1380000
mediterranes,12,1430000
speiseweg,9,3800
getrenntem,10,213000
novemberheft,12,58800
passivsten,10,2330
steuerliches,12,4020000
blutstillend,12,32700
triefte,7,68100
unverzeihlichem,15,111000
gefleckter,10,177000
grundverfassung,15,50100
richtender,10,58200
umrissenes,10,38100
gesittetem,10,9710
werbewirksamstem,16,294
folgsam,7,280000
handumdrehen,12,3880000
signalement,11,13200000
dreiecksverkehr,15,2940
theaterinstitut,15,25700
schieflachen,12,31500
versandende,11,18400
wegschnappender,15,425
getauft,7,2430000
auszuzahlen,11,457000
hoffnungsvollere,16,17400
unterordnet,11,515000
richtungsanzeigern,18,5750
heilungsprozess,15,563000
wagens,6,5860000
anzuflehen,10,62800
landraub,8,147000
sinnreiche,10,219000
schnallst,9,21200
geordnete,9,2340000
vollstrecktem,13,553000
herausbekommenden,17,2010
heraufkommende,14,1370000
undurchdringlicherem,20,1700
stotzigem,9,147
unbeweglichster,15,6240
fortgeschafftes,15,3220000
schluckten,10,46600
abrollten,9,6760
verbindungskabeln,17,1480000
gesandte,8,1350000
pinselstrich,12,417000
beachtlicher,12,1390000
raschelnde,10,84100
wichtigstes,11,1380000
mediterranes,12,1430000
speiseweg,9,3800
getrenntem,10,213000
novemberheft,12,58800
passivsten,10,2330
steuerliches,12,4020000
blutstillend,12,32700
triefte,7,68100
unverzeihlichem,15,111000
gefleckter,10,177000
grundverfassung,15,50100
richtender,10,58200
umrissenes,10,38100
gesittetem,10,9710
werbewirksamstem,16,294
folgsam,7,280000
handumdrehen,12,3880000
signalement,11,13200000
dreiecksverkehr,15,2940
theaterinstitut,15,25700
schieflachen,12,31500
versandende,11,18400
wegschnappender,15,425
getauft,7,2430000
auszuzahlen,11,457000
hoffnungsvollere,16,17400
unterordnet,11,515000
richtungsanzeigern,18,5750
heilungsprozess,15,563000
wagens,6,5860000
anzuflehen,10,62800
landraub,8,147000
sinnreiche,10,219000
schnallst,9,21200
geordnete,9,2340000
vollstrecktem,13,553000
herausbekommenden,17,2020
heraufkommende,14,1370000
undurchdringlicherem,20,1700
stotzigem,9,146
unbeweglichster,15,6240
fortgeschafftes,15,3220000
schluckten,10,46600
abrollten,9,6760
verbindungskabeln,17,1480000
gesandte,8,1350000
pinselstrich,12,417000
beachtlicher,12,1390000
raschelnde,10,84100
wichtigstes,11,1380000
mediterranes,12,1430000
speiseweg,9,3800
getrenntem,10,213000
novemberheft,12,58800
passivsten,10,2330
steuerliches,12,4020000
blutstillend,12,32700
triefte,7,68100
unverzeihlichem,15,111000
gefleckter,10,177000
grundverfassung,15,50100
richtender,10,58200
umrissenes,10,38100
gesittetem,10,9710
werbewirksamstem,16,294
folgsam,7,280000
handumdrehen,12,3880000
signalement,11,13200000
dreiecksverkehr,15,2940
theaterinstitut,15,25700
schieflachen,12,31500
versandende,11,18400
wegschnappender,15,425
getauft,7,2430000
auszuzahlen,11,457000
hoffnungsvollere,16,17400
unterordnet,11,515000
richtungsanzeigern,18,5750
heilungsprozess,15,563000
wagens,6,5860000
anzuflehen,10,62800
landraub,8,147000
sinnreiche,10,219000
schnallst,9,21200
geordnete,9,2340000
vollstrecktem,13,553000
herausbekommenden,17,2020
heraufkommende,14,1370000
undurchdringlicherem,20,1700
stotzigem,9,146
unbeweglichster,15,6230
fortgeschafftes,15,3220000
schluckten,10,46600
abrollten,9,6760
verbindungskabeln,17,1470000
gesandte,8,1350000
pinselstrich,12,417000
beachtlicher,12,1390000
raschelnde,10,84100
wichtigstes,11,1380000
mediterranes,12,1430000
speiseweg,9,3800
getrenntem,10,213000
novemberheft,12,58800
passivsten,10,2330
steuerliches,12,4020000
blutstillend,12,32700
triefte,7,68100
unverzeihlichem,15,111000
gefleckter,10,177000
grundverfassung,15,50100
richtender,10,58200
umrissenes,10,38100
gesittetem,10,9710
werbewirksamstem,16,294
folgsam,7,280000
handumdrehen,12,3880000
signalement,11,13200000
dreiecksverkehr,15,2940
theaterinstitut,15,25700
schieflachen,12,31500
versandende,11,18400
wegschnappender,15,425
getauft,7,2430000
auszuzahlen,11,457000
hoffnungsvollere,16,17400
unterordnet,11,515000
richtungsanzeigern,18,5750
heilungsprozess,15,563000
wagens,6,5860000
anzuflehen,10,62800
landraub,8,147000
sinnreiche,10,219000
schnallst,9,21200
geordnete,9,2340000
vollstrecktem,13,553000
herausbekommenden,17,2020
heraufkommende,14,1370000
undurchdringlicherem,20,1700
stotzigem,9,146
unbeweglichster,15,6230
fortgeschafftes,15,3220000
schluckten,10,46600
abrollten,9,6760
verbindungskabeln,17,1470000
gesandte,8,1350000
pinselstrich,12,417000
beachtlicher,12,1390000
raschelnde,10,84100
wichtigstes,11,1380000
mediterranes,12,1430000
speiseweg,9,3800
getrenntem,10,213000
novemberheft,12,58800
passivsten,10,2330
steuerliches,12,4020000
blutstillend,12,32700
triefte,7,68100
unverzeihlichem,15,111000
gefleckter,10,177000
grundverfassung,15,50100
richtender,10,58200
umrissenes,10,38100
gesittetem,10,9710
werbewirksamstem,16,294
folgsam,7,280000
handumdrehen,12,3880000
signalement,11,13200000
dreiecksverkehr,15,2940
theaterinstitut,15,25700
schieflachen,12,31500
versandende,11,18400
wegschnappender,15,426
getauft,7,2430000
auszuzahlen,11,457000
hoffnungsvollere,16,17400
unterordnet,11,515000
richtungsanzeigern,18,5750
heilungsprozess,15,563000
wagens,6,5860000
anzuflehen,10,62800
landraub,8,147000
sinnreiche,10,219000
schnallst,9,21200
geordnete,9,2340000
vollstrecktem,13,553000
herausbekommenden,17,2020
heraufkommende,14,1370000
undurchdringlicherem,20,1700
stotzigem,9,146
unbeweglichster,15,6240
fortgeschafftes,15,3220000
schluckten,10,46600
abrollten,9,6760
verbindungskabeln,17,1470000
gesandte,8,1350000
pinselstrich,12,417000
beachtlicher,12,1390000
raschelnde,10,84100
wichtigstes,11,1380000
mediterranes,12,1430000
speiseweg,9,3800
getrenntem,10,213000
novemberheft,12,58800
passivsten,10,2330
steuerliches,12,4020000
blutstillend,12,32700
triefte,7,68100
unverzeihlichem,15,111000
gefleckter,10,177000
grundverfassung,15,50100
richtender,10,58200
umrissenes,10,38100
gesittetem,10,9710
werbewirksamstem,16,294
folgsam,7,280000
handumdrehen,12,3880000
signalement,11,13200000
dreiecksverkehr,15,2940
theaterinstitut,15,25700
schieflachen,12,31500
versandende,11,18400
wegschnappender,15,426
getauft,7,2430000
auszuzahlen,11,457000
hoffnungsvollere,16,17400
unterordnet,11,515000
richtungsanzeigern,18,5750
heilungsprozess,15,563000
wagens,6,5860000
anzuflehen,10,62800
landraub,8,147000
sinnreiche,10,219000
schnallst,9,21200
geordnete,9,2340000
vollstrecktem,13,553000
herausbekommenden,17,2020
heraufkommende,14,1370000
undurchdringlicherem,20,1700
stotzigem,9,146
unbeweglichster,15,6220
fortgeschafftes,15,3220000
schluckten,10,46600
abrollten,9,6760
verbindungskabeln,17,1470000
gesandte,8,1350000
pinselstrich,12,417000
beachtlicher,12,1390000
raschelnde,10,84100
wichtigstes,11,1380000
mediterranes,12,1430000
speiseweg,9,3800
getrenntem,10,213000
novemberheft,12,58800
passivsten,10,2330
steuerliches,12,4020000
blutstillend,12,32700
triefte,7,68300
unverzeihlichem,15,111000
gefleckter,10,177000
grundverfassung,15,50100
richtender,10,58200
umrissenes,10,38100
gesittetem,10,9710
werbewirksamstem,16,294
folgsam,7,280000
handumdrehen,12,3880000
signalement,11,13200000
dreiecksverkehr,15,2940
theaterinstitut,15,25700
schieflachen,12,31500
versandende,11,18400
wegschnappender,15,426
getauft,7,2430000
auszuzahlen,11,457000
hoffnungsvollere,16,17400
unterordnet,11,515000
richtungsanzeigern,18,5750
heilungsprozess,15,563000
wagens,6,5860000
anzuflehen,10,62800
landraub,8,147000
sinnreiche,10,219000
schnallst,9,21200
geordnete,9,2340000
vollstrecktem,13,553000
herausbekommenden,17,2020
heraufkommende,14,1370000
undurchdringlicherem,20,1700
stotzigem,9,146
unbeweglichster,15,6220
fortgeschafftes,15,3220000
schluckten,10,46600
abrollten,9,6760
verbindungskabeln,17,1470000
gesandte,8,1350000
pinselstrich,12,417000
beachtlicher,12,1390000
