udrensning,10,480000
opfriskning,11,66700
forskes,7,148000
mht,3,14300000
partiaviser,11,1620
omfatter,8,9660000
ligning,7,665000
pladsbesparende,15,143000
harem,5,54900000
operativsystemets,17,33000
dublere,7,56900
rigets,6,149000
prisliste,9,1560000
blanco,6,642000000
testning,8,4870000
negativt,8,8730000
programmets,11,869000
programmeringsstil,18,2360
livskraft,9,424000
allersenest,11,8850
novelledefinition,17,326
eksponentiel,12,62900
sluttende,9,1720000
insisterer,10,485000
fragmentet,10,70800
lovligt,7,1170000
skue,4,666000
kavalerister,12,5930
hale,4,143000000
uskiftet,8,43000
blokstruktur,12,6620
tyven,5,615000
banelegeme,10,6100
bredde,6,18200000
puppestadie,11,7060
beregningstiden,15,3040
algoritmens,11,862000
grundlovsdagen,14,11300
grundreglerne,13,6910
dokumenter,10,13900000
kontrolpult,11,32100
grundlagets,11,2420000
skiftedes,9,36000
zoologi,7,1470000
luftvejene,10,112000
afviger,7,324000
midsommerfest,13,25100
sag,3,81100000
hyperbol,8,10100000
valgmulighed,12,131000
udrensning,10,480000
opfriskning,11,66700
forskes,7,148000
mht,3,14300000
partiaviser,11,1620
omfatter,8,9660000
ligning,7,665000
pladsbesparende,15,143000
harem,5,54900000
operativsystemets,17,33000
dublere,7,56900
rigets,6,149000
prisliste,9,1560000
blanco,6,642000000
testning,8,4870000
negativt,8,8730000
programmets,11,869000
programmeringsstil,18,2360
livskraft,9,424000
allersenest,11,8850
novelledefinition,17,326
eksponentiel,12,62900
sluttende,9,1720000
insisterer,10,485000
fragmentet,10,70800
lovligt,7,1170000
skue,4,666000
kavalerister,12,5930
hale,4,143000000
uskiftet,8,43000
blokstruktur,12,6620
tyven,5,615000
banelegeme,10,6100
bredde,6,18200000
puppestadie,11,7060
beregningstiden,15,3040
algoritmens,11,862000
grundlovsdagen,14,11300
grundreglerne,13,6910
dokumenter,10,13900000
kontrolpult,11,32100
grundlagets,11,2420000
skiftedes,9,36000
zoologi,7,1470000
luftvejene,10,112000
afviger,7,324000
midsommerfest,13,25100
sag,3,81100000
hyperbol,8,10100000
valgmulighed,12,131000
udrensning,10,480000
opfriskning,11,66700
forskes,7,148000
mht,3,14300000
partiaviser,11,1620
omfatter,8,9660000
ligning,7,665000
pladsbesparende,15,143000
harem,5,54900000
operativsystemets,17,33000
dublere,7,56900
rigets,6,149000
prisliste,9,1560000
blanco,6,642000000
testning,8,4870000
negativt,8,8730000
programmets,11,869000
programmeringsstil,18,2360
livskraft,9,424000
allersenest,11,8850
novelledefinition,17,326
eksponentiel,12,62900
sluttende,9,1720000
insisterer,10,485000
fragmentet,10,70800
lovligt,7,1170000
skue,4,666000
kavalerister,12,5930
hale,4,143000000
uskiftet,8,43000
blokstruktur,12,6620
tyven,5,615000
banelegeme,10,6100
bredde,6,18200000
puppestadie,11,7060
beregningstiden,15,3040
algoritmens,11,862000
grundlovsdagen,14,11300
grundreglerne,13,6910
dokumenter,10,13900000
kontrolpult,11,32100
grundlagets,11,2420000
skiftedes,9,36000
zoologi,7,1470000
luftvejene,10,112000
afviger,7,324000
midsommerfest,13,25100
sag,3,81100000
hyperbol,8,10100000
valgmulighed,12,131000
udrensning,10,480000
opfriskning,11,66700
forskes,7,148000
mht,3,14300000
partiaviser,11,1620
omfatter,8,9660000
ligning,7,665000
pladsbesparende,15,143000
harem,5,54900000
operativsystemets,17,33000
dublere,7,56900
rigets,6,149000
prisliste,9,1560000
blanco,6,642000000
testning,8,4870000
negativt,8,8730000
programmets,11,869000
programmeringsstil,18,2360
livskraft,9,424000
allersenest,11,8850
novelledefinition,17,326
eksponentiel,12,62900
sluttende,9,1720000
insisterer,10,485000
fragmentet,10,70800
lovligt,7,1170000
skue,4,666000
kavalerister,12,5930
hale,4,143000000
uskiftet,8,43000
blokstruktur,12,6620
tyven,5,615000
banelegeme,10,6100
bredde,6,18200000
puppestadie,11,7060
beregningstiden,15,3040
algoritmens,11,862000
grundlovsdagen,14,11300
grundreglerne,13,6910
dokumenter,10,13900000
kontrolpult,11,32100
grundlagets,11,2420000
skiftedes,9,36000
zoologi,7,1470000
luftvejene,10,112000
afviger,7,324000
midsommerfest,13,25100
sag,3,81100000
hyperbol,8,10100000
valgmulighed,12,131000
udrensning,10,480000
opfriskning,11,66700
forskes,7,148000
mht,3,14300000
partiaviser,11,1620
omfatter,8,9660000
ligning,7,665000
pladsbesparende,15,143000
harem,5,54900000
operativsystemets,17,33000
dublere,7,56900
rigets,6,149000
prisliste,9,1560000
blanco,6,642000000
testning,8,4870000
negativt,8,8730000
programmets,11,869000
programmeringsstil,18,2360
livskraft,9,424000
allersenest,11,8850
novelledefinition,17,326
eksponentiel,12,62900
sluttende,9,1720000
insisterer,10,485000
fragmentet,10,70800
lovligt,7,1170000
skue,4,666000
kavalerister,12,5930
hale,4,143000000
uskiftet,8,43000
blokstruktur,12,6610
tyven,5,615000
banelegeme,10,6100
bredde,6,18200000
puppestadie,11,7060
beregningstiden,15,3040
algoritmens,11,862000
grundlovsdagen,14,11300
grundreglerne,13,6910
dokumenter,10,13900000
kontrolpult,11,32100
grundlagets,11,2420000
skiftedes,9,36000
zoologi,7,1470000
luftvejene,10,112000
afviger,7,324000
midsommerfest,13,25100
sag,3,81100000
hyperbol,8,10100000
valgmulighed,12,131000
udrensning,10,480000
opfriskning,11,66600
forskes,7,148000
mht,3,14300000
partiaviser,11,1620
omfatter,8,9660000
ligning,7,665000
pladsbesparende,15,143000
harem,5,54900000
operativsystemets,17,33000
dublere,7,56900
rigets,6,149000
prisliste,9,1560000
blanco,6,642000000
testning,8,4870000
negativt,8,8730000
programmets,11,869000
programmeringsstil,18,2360
livskraft,9,424000
allersenest,11,8850
novelledefinition,17,326
eksponentiel,12,62900
sluttende,9,1720000
insisterer,10,485000
fragmentet,10,70800
lovligt,7,1170000
skue,4,666000
kavalerister,12,5930
hale,4,143000000
uskiftet,8,43000
blokstruktur,12,6610
tyven,5,615000
banelegeme,10,6100
bredde,6,18200000
puppestadie,11,7060
beregningstiden,15,3040
algoritmens,11,862000
grundlovsdagen,14,11300
grundreglerne,13,6910
dokumenter,10,13900000
kontrolpult,11,32100
grundlagets,11,2420000
skiftedes,9,36000
zoologi,7,1470000
luftvejene,10,112000
afviger,7,324000
midsommerfest,13,25100
sag,3,81100000
hyperbol,8,10100000
valgmulighed,12,131000
udrensning,10,480000
opfriskning,11,66700
forskes,7,148000
mht,3,14300000
partiaviser,11,1620
omfatter,8,9660000
ligning,7,665000
pladsbesparende,15,143000
harem,5,54900000
operativsystemets,17,33000
dublere,7,56900
rigets,6,149000
prisliste,9,1560000
blanco,6,642000000
testning,8,4870000
negativt,8,8730000
programmets,11,869000
programmeringsstil,18,2360
livskraft,9,424000
allersenest,11,8850
novelledefinition,17,326
eksponentiel,12,62900
sluttende,9,1720000
insisterer,10,485000
fragmentet,10,70800
lovligt,7,1170000
skue,4,666000
kavalerister,12,5930
hale,4,143000000
uskiftet,8,43000
blokstruktur,12,6610
tyven,5,615000
banelegeme,10,6100
bredde,6,18200000
puppestadie,11,7060
beregningstiden,15,3040
algoritmens,11,862000
grundlovsdagen,14,11300
grundreglerne,13,6910
dokumenter,10,13900000
kontrolpult,11,32100
grundlagets,11,2420000
skiftedes,9,36000
zoologi,7,1470000
luftvejene,10,112000
afviger,7,324000
midsommerfest,13,25100
sag,3,81100000
hyperbol,8,10100000
valgmulighed,12,131000
udrensning,10,480000
opfriskning,11,66700
forskes,7,148000
mht,3,14300000
partiaviser,11,1620
omfatter,8,9660000
ligning,7,665000
pladsbesparende,15,143000
harem,5,54900000
operativsystemets,17,33000
dublere,7,56900
rigets,6,149000
prisliste,9,1560000
blanco,6,642000000
testning,8,4870000
negativt,8,8730000
programmets,11,869000
programmeringsstil,18,2360
livskraft,9,424000
allersenest,11,8850
novelledefinition,17,326
eksponentiel,12,62900
sluttende,9,1720000
insisterer,10,485000
fragmentet,10,70800
lovligt,7,1170000
skue,4,666000
kavalerister,12,5940
hale,4,143000000
uskiftet,8,43000
blokstruktur,12,6610
tyven,5,615000
banelegeme,10,6100
bredde,6,18200000
puppestadie,11,7060
beregningstiden,15,3040
algoritmens,11,862000
grundlovsdagen,14,11300
grundreglerne,13,6910
dokumenter,10,13900000
kontrolpult,11,32100
grundlagets,11,2420000
skiftedes,9,36000
zoologi,7,1470000
luftvejene,10,112000
afviger,7,324000
midsommerfest,13,25100
sag,3,81100000
hyperbol,8,10100000
valgmulighed,12,131000
udrensning,10,480000
opfriskning,11,66700
forskes,7,148000
mht,3,14300000
partiaviser,11,1620
omfatter,8,9660000
ligning,7,665000
pladsbesparende,15,143000
harem,5,54900000
operativsystemets,17,33000
dublere,7,56900
rigets,6,149000
prisliste,9,1560000
blanco,6,642000000
testning,8,4870000
negativt,8,8730000
programmets,11,869000
programmeringsstil,18,2360
livskraft,9,424000
allersenest,11,8850
novelledefinition,17,326
eksponentiel,12,62900
sluttende,9,1720000
insisterer,10,485000
fragmentet,10,70800
lovligt,7,1170000
skue,4,666000
kavalerister,12,5940
hale,4,143000000
uskiftet,8,43000
blokstruktur,12,6610
tyven,5,615000
banelegeme,10,6100
bredde,6,18200000
puppestadie,11,7060
beregningstiden,15,3040
algoritmens,11,862000
grundlovsdagen,14,11300
grundreglerne,13,6910
dokumenter,10,13900000
kontrolpult,11,32100
grundlagets,11,2420000
skiftedes,9,36000
zoologi,7,1470000
luftvejene,10,112000
afviger,7,324000
midsommerfest,13,25100
sag,3,81100000
hyperbol,8,10100000
valgmulighed,12,131000
udrensning,10,480000
opfriskning,11,66700
forskes,7,148000
mht,3,14300000
partiaviser,11,1620
omfatter,8,9660000
ligning,7,665000
pladsbesparende,15,143000
harem,5,54900000
operativsystemets,17,33000
dublere,7,56900
rigets,6,149000
prisliste,9,1560000
blanco,6,642000000
testning,8,667000
negativt,8,8730000
programmets,11,869000
programmeringsstil,18,2360
livskraft,9,424000
allersenest,11,8850
novelledefinition,17,326
eksponentiel,12,62900
sluttende,9,1720000
insisterer,10,485000
fragmentet,10,70800
lovligt,7,1170000
skue,4,666000
kavalerister,12,5940
hale,4,143000000
uskiftet,8,43000
blokstruktur,12,6610
tyven,5,615000
banelegeme,10,6100
bredde,6,18200000
puppestadie,11,7060
beregningstiden,15,3040
algoritmens,11,862000
grundlovsdagen,14,11300
grundreglerne,13,6910
dokumenter,10,13900000
kontrolpult,11,32100
grundlagets,11,2420000
skiftedes,9,36000
zoologi,7,1470000
luftvejene,10,112000
afviger,7,324000
midsommerfest,13,25100
sag,3,81100000
hyperbol,8,10100000
valgmulighed,12,131000
udrensning,10,480000
opfriskning,11,66700
forskes,7,148000
mht,3,14300000
partiaviser,11,1620
omfatter,8,9660000
ligning,7,665000
pladsbesparende,15,143000
harem,5,54900000
operativsystemets,17,33000
dublere,7,56900
rigets,6,149000
prisliste,9,1560000
blanco,6,642000000
testning,8,667000
negativt,8,8730000
programmets,11,869000
programmeringsstil,18,2360
livskraft,9,424000
allersenest,11,8850
novelledefinition,17,326
eksponentiel,12,62900
sluttende,9,1720000
insisterer,10,485000
fragmentet,10,70800
lovligt,7,1170000
skue,4,666000
kavalerister,12,5940
hale,4,143000000
uskiftet,8,43000
blokstruktur,12,6610
tyven,5,615000
banelegeme,10,6100
bredde,6,18200000
puppestadie,11,7060
beregningstiden,15,3040
algoritmens,11,862000
grundlovsdagen,14,11300
grundreglerne,13,6910
dokumenter,10,13900000
kontrolpult,11,32100
grundlagets,11,2420000
skiftedes,9,36000
zoologi,7,1470000
luftvejene,10,112000
afviger,7,324000
midsommerfest,13,25100
sag,3,81100000
hyperbol,8,10100000
valgmulighed,12,131000
udrensning,10,480000
opfriskning,11,66700
forskes,7,148000
mht,3,14300000
partiaviser,11,1620
omfatter,8,9660000
ligning,7,665000
pladsbesparende,15,143000
harem,5,54900000
operativsystemets,17,33000
dublere,7,56900
rigets,6,149000
prisliste,9,1560000
blanco,6,642000000
testning,8,667000
negativt,8,8730000
programmets,11,869000
programmeringsstil,18,2360
livskraft,9,424000
allersenest,11,8850
novelledefinition,17,326
eksponentiel,12,62900
sluttende,9,1720000
insisterer,10,485000
fragmentet,10,70800
lovligt,7,1170000
skue,4,666000
kavalerister,12,5940
hale,4,143000000
uskiftet,8,43000
blokstruktur,12,6610
tyven,5,615000
banelegeme,10,6100
bredde,6,18200000
puppestadie,11,7060
beregningstiden,15,3040
algoritmens,11,862000
grundlovsdagen,14,11300
grundreglerne,13,6910
dokumenter,10,13900000
kontrolpult,11,32100
grundlagets,11,2420000
skiftedes,9,36000
zoologi,7,1470000
luftvejene,10,112000
afviger,7,324000
midsommerfest,13,25100
sag,3,81100000
hyperbol,8,10100000
valgmulighed,12,131000
udrensning,10,480000
opfriskning,11,66600
forskes,7,148000
mht,3,14300000
partiaviser,11,1620
omfatter,8,9660000
ligning,7,665000
pladsbesparende,15,143000
harem,5,54900000
operativsystemets,17,33000
dublere,7,56900
rigets,6,149000
prisliste,9,1560000
blanco,6,642000000
testning,8,667000
negativt,8,8730000
programmets,11,869000
programmeringsstil,18,2360
livskraft,9,424000
allersenest,11,8850
novelledefinition,17,326
eksponentiel,12,62900
sluttende,9,1720000
insisterer,10,485000
fragmentet,10,70800
lovligt,7,1170000
skue,4,666000
kavalerister,12,5940
hale,4,143000000
uskiftet,8,43000
blokstruktur,12,6620
tyven,5,615000
banelegeme,10,6100
bredde,6,18200000
puppestadie,11,7060
beregningstiden,15,3040
algoritmens,11,862000
grundlovsdagen,14,11300
grundreglerne,13,6910
dokumenter,10,13900000
kontrolpult,11,32100
grundlagets,11,2420000
skiftedes,9,36000
zoologi,7,1470000
luftvejene,10,112000
afviger,7,324000
midsommerfest,13,25100
sag,3,81100000
hyperbol,8,10100000
valgmulighed,12,131000
udrensning,10,480000
opfriskning,11,66700
forskes,7,148000
mht,3,14300000
partiaviser,11,1620
omfatter,8,9660000
ligning,7,665000
pladsbesparende,15,143000
harem,5,54900000
operativsystemets,17,33000
dublere,7,56900
rigets,6,149000
prisliste,9,1560000
blanco,6,642000000
testning,8,667000
negativt,8,8730000
programmets,11,869000
programmeringsstil,18,2360
livskraft,9,424000
allersenest,11,8850
novelledefinition,17,326
eksponentiel,12,62900
sluttende,9,1720000
insisterer,10,485000
fragmentet,10,70800
lovligt,7,1170000
skue,4,666000
kavalerister,12,5940
hale,4,143000000
uskiftet,8,43000
blokstruktur,12,6620
tyven,5,615000
banelegeme,10,6100
bredde,6,18200000
puppestadie,11,7060
beregningstiden,15,3040
algoritmens,11,862000
grundlovsdagen,14,11300
grundreglerne,13,6910
dokumenter,10,13900000
kontrolpult,11,32100
grundlagets,11,2420000
skiftedes,9,36000
zoologi,7,1470000
luftvejene,10,112000
afviger,7,324000
midsommerfest,13,25100
sag,3,81100000
hyperbol,8,10100000
valgmulighed,12,131000
udrensning,10,480000
opfriskning,11,66600
forskes,7,148000
mht,3,14300000
partiaviser,11,1620
omfatter,8,9660000
ligning,7,665000
pladsbesparende,15,143000
harem,5,54900000
operativsystemets,17,33000
dublere,7,56900
rigets,6,149000
prisliste,9,1560000
blanco,6,642000000
testning,8,667000
negativt,8,8730000
programmets,11,869000
programmeringsstil,18,2360
livskraft,9,424000
allersenest,11,8850
novelledefinition,17,326
eksponentiel,12,62900
sluttende,9,1720000
insisterer,10,485000
fragmentet,10,70800
lovligt,7,1170000
skue,4,666000
kavalerister,12,5940
hale,4,143000000
uskiftet,8,43000
blokstruktur,12,6620
tyven,5,615000
banelegeme,10,6100
bredde,6,18200000
puppestadie,11,7060
beregningstiden,15,3040
algoritmens,11,862000
grundlovsdagen,14,11300
grundreglerne,13,6910
dokumenter,10,13900000
kontrolpult,11,32100
grundlagets,11,2420000
skiftedes,9,36000
zoologi,7,1470000
luftvejene,10,112000
afviger,7,324000
midsommerfest,13,25100
sag,3,81100000
hyperbol,8,10100000
valgmulighed,12,131000
udrensning,10,480000
opfriskning,11,66600
forskes,7,148000
mht,3,14300000
partiaviser,11,1620
omfatter,8,9660000
ligning,7,665000
pladsbesparende,15,143000
harem,5,54900000
operativsystemets,17,33000
dublere,7,56900
rigets,6,149000
prisliste,9,1560000
blanco,6,642000000
testning,8,667000
negativt,8,8730000
programmets,11,869000
programmeringsstil,18,2360
livskraft,9,424000
allersenest,11,8850
novelledefinition,17,326
eksponentiel,12,62900
sluttende,9,1720000
insisterer,10,485000
fragmentet,10,70800
lovligt,7,1170000
skue,4,666000
kavalerister,12,5940
hale,4,143000000
uskiftet,8,43000
blokstruktur,12,6620
tyven,5,615000
banelegeme,10,6100
bredde,6,18200000
puppestadie,11,7060
beregningstiden,15,3040
algoritmens,11,862000
grundlovsdagen,14,11300
grundreglerne,13,6910
dokumenter,10,13900000
kontrolpult,11,32100
grundlagets,11,2420000
skiftedes,9,36000
zoologi,7,1470000
luftvejene,10,112000
afviger,7,324000
midsommerfest,13,25100
sag,3,81100000
hyperbol,8,10100000
valgmulighed,12,131000
udrensning,10,480000
opfriskning,11,66600
forskes,7,148000
mht,3,14300000
partiaviser,11,1620
omfatter,8,9660000
ligning,7,665000
pladsbesparende,15,143000
harem,5,54900000
operativsystemets,17,33000
dublere,7,56900
rigets,6,149000
prisliste,9,1560000
blanco,6,642000000
testning,8,667000
negativt,8,8730000
programmets,11,869000
programmeringsstil,18,2360
livskraft,9,424000
allersenest,11,8840
novelledefinition,17,326
eksponentiel,12,62900
sluttende,9,1720000
insisterer,10,485000
fragmentet,10,70800
lovligt,7,1170000
skue,4,666000
kavalerister,12,5940
hale,4,143000000
uskiftet,8,43000
blokstruktur,12,6620
tyven,5,615000
banelegeme,10,6100
bredde,6,18200000
puppestadie,11,7060
beregningstiden,15,3040
algoritmens,11,862000
grundlovsdagen,14,11300
grundreglerne,13,6910
dokumenter,10,13900000
kontrolpult,11,32100
grundlagets,11,2420000
skiftedes,9,36000
zoologi,7,1470000
luftvejene,10,112000
afviger,7,324000
midsommerfest,13,25100
sag,3,81100000
hyperbol,8,10100000
valgmulighed,12,131000
udrensning,10,480000
opfriskning,11,66600
forskes,7,148000
mht,3,14300000
partiaviser,11,1620
omfatter,8,9660000
ligning,7,665000
pladsbesparende,15,143000
harem,5,54900000
operativsystemets,17,33000
dublere,7,56900
rigets,6,149000
prisliste,9,1560000
blanco,6,642000000
testning,8,667000
negativt,8,8730000
programmets,11,869000
programmeringsstil,18,2360
livskraft,9,424000
allersenest,11,8840
novelledefinition,17,326
eksponentiel,12,62900
sluttende,9,1720000
insisterer,10,485000
fragmentet,10,70800
lovligt,7,1170000
skue,4,666000
kavalerister,12,5940
hale,4,143000000
uskiftet,8,43000
blokstruktur,12,6620
tyven,5,615000
banelegeme,10,6100
bredde,6,18200000
puppestadie,11,7060
beregningstiden,15,3040
algoritmens,11,862000
grundlovsdagen,14,11300
grundreglerne,13,6910
dokumenter,10,13900000
kontrolpult,11,32100
grundlagets,11,2420000
skiftedes,9,36000
zoologi,7,1470000
luftvejene,10,112000
afviger,7,324000
midsommerfest,13,25100
sag,3,81100000
hyperbol,8,10100000
valgmulighed,12,131000
udrensning,10,480000
opfriskning,11,66600
forskes,7,148000
mht,3,14300000
partiaviser,11,1620
omfatter,8,9660000
ligning,7,665000
pladsbesparende,15,143000
harem,5,54900000
operativsystemets,17,33000
dublere,7,56900
rigets,6,149000
prisliste,9,1560000
blanco,6,642000000
testning,8,667000
negativt,8,8730000
programmets,11,869000
programmeringsstil,18,2360
livskraft,9,424000
allersenest,11,8840
novelledefinition,17,326
eksponentiel,12,62900
sluttende,9,1720000
insisterer,10,485000
fragmentet,10,70800
lovligt,7,1170000
skue,4,666000
kavalerister,12,5940
hale,4,143000000
uskiftet,8,43000
blokstruktur,12,6620
tyven,5,615000
banelegeme,10,6100
bredde,6,18200000
puppestadie,11,7060
beregningstiden,15,3040
algoritmens,11,862000
grundlovsdagen,14,11300
grundreglerne,13,6910
dokumenter,10,13900000
kontrolpult,11,32100
grundlagets,11,2420000
skiftedes,9,36100
zoologi,7,1470000
luftvejene,10,112000
afviger,7,324000
midsommerfest,13,25100
sag,3,81100000
hyperbol,8,10100000
valgmulighed,12,131000
udrensning,10,480000
opfriskning,11,66600
forskes,7,148000
mht,3,14300000
partiaviser,11,1620
omfatter,8,9660000
ligning,7,665000
pladsbesparende,15,143000
harem,5,54900000
operativsystemets,17,33000
dublere,7,56900
rigets,6,149000
prisliste,9,1560000
blanco,6,642000000
testning,8,667000
negativt,8,8730000
programmets,11,869000
programmeringsstil,18,2360
livskraft,9,424000
allersenest,11,8840
novelledefinition,17,326
eksponentiel,12,62900
sluttende,9,1720000
insisterer,10,485000
fragmentet,10,70800
lovligt,7,1170000
skue,4,666000
kavalerister,12,5940
hale,4,143000000
uskiftet,8,43000
blokstruktur,12,6620
tyven,5,615000
banelegeme,10,6100
bredde,6,18200000
puppestadie,11,7060
beregningstiden,15,3040
algoritmens,11,862000
grundlovsdagen,14,11300
grundreglerne,13,6910
dokumenter,10,13900000
kontrolpult,11,32100
grundlagets,11,2420000
skiftedes,9,36100
zoologi,7,1470000
luftvejene,10,112000
afviger,7,324000
midsommerfest,13,25100
sag,3,81100000
hyperbol,8,10100000
valgmulighed,12,131000
udrensning,10,480000
opfriskning,11,66600
forskes,7,148000
mht,3,14300000
partiaviser,11,1620
omfatter,8,9660000
ligning,7,665000
pladsbesparende,15,143000
harem,5,54900000
operativsystemets,17,33000
dublere,7,56900
rigets,6,149000
prisliste,9,1560000
blanco,6,642000000
testning,8,667000
negativt,8,8730000
programmets,11,869000
programmeringsstil,18,2360
livskraft,9,424000
allersenest,11,8840
novelledefinition,17,326
eksponentiel,12,62900
sluttende,9,1720000
insisterer,10,485000
fragmentet,10,70800
lovligt,7,1170000
skue,4,666000
kavalerister,12,5940
hale,4,143000000
uskiftet,8,43000
blokstruktur,12,6620
tyven,5,615000
banelegeme,10,6100
bredde,6,18200000
puppestadie,11,7050
beregningstiden,15,3040
algoritmens,11,862000
grundlovsdagen,14,11300
grundreglerne,13,6910
dokumenter,10,13900000
kontrolpult,11,32100
grundlagets,11,2420000
skiftedes,9,36100
zoologi,7,1470000
luftvejene,10,112000
afviger,7,324000
midsommerfest,13,25100
sag,3,81100000
hyperbol,8,10100000
valgmulighed,12,131000
