nom,tailleMot,nbResults
stupefactive,12,16900
reservists,10,2510000
vells,5,1230000
lusitano,8,4610000
serological,11,4170000
slattery,8,5990000
woodchips,9,4440000
detractresses,13,3050
jenny,5,302000000
mesolite,8,145000
tabby,5,20200000
litterbug,9,355000
impoliteness,12,225000
miscreant,9,1340000
unsecular,9,32800
enhydrous,9,11100000
toity,5,612000
luke,4,304000000
clareting,9,2940
occulted,8,205000
tabulae,7,1650000
monophthongal,13,34500
blurb,5,13500000
pursier,7,14100
unsuited,8,1960000
triturations,12,73500
landslide,9,25100000
mucros,6,60900
mridangs,8,1500
yomping,7,30700
incomprehensibleness,20,8220000
trappists,9,119000
amaurosis,9,549000
leipoas,7,3280
somas,5,7720000
commandeered,12,1590000
perfectionistic,15,312000
frisure,7,709000
dinguses,8,43100
indumentum,10,276000
uncap,5,578000
unkinging,9,159000
sprints,7,34600000
pedicure,8,56400000
spoonbills,10,526000
gooey,5,19300000
emotionable,11,16300
rufflers,8,26500
bond,4,484000000
tapes,5,138000000
stupefactive,12,16800
reservists,10,2510000
vells,5,1230000
lusitano,8,4610000
serological,11,4170000
slattery,8,5990000
woodchips,9,4440000
detractresses,13,3050
jenny,5,302000000
mesolite,8,145000
tabby,5,20200000
litterbug,9,355000
impoliteness,12,225000
miscreant,9,1340000
unsecular,9,32800
enhydrous,9,11100000
toity,5,612000
luke,4,304000000
clareting,9,2930
occulted,8,205000
tabulae,7,1650000
monophthongal,13,34500
blurb,5,13500000
pursier,7,14100
unsuited,8,1960000
triturations,12,73500
landslide,9,25100000
mucros,6,60900
mridangs,8,1500
yomping,7,30700
incomprehensibleness,20,8220000
trappists,9,119000
amaurosis,9,549000
leipoas,7,3280
somas,5,7720000
commandeered,12,1590000
perfectionistic,15,312000
frisure,7,709000
dinguses,8,43100
indumentum,10,276000
uncap,5,578000
unkinging,9,159000
sprints,7,34600000
pedicure,8,56400000
spoonbills,10,526000
gooey,5,19300000
emotionable,11,16300
rufflers,8,26500
bond,4,484000000
tapes,5,138000000
stupefactive,12,16800
reservists,10,2510000
vells,5,1230000
lusitano,8,4610000
serological,11,4170000
slattery,8,5990000
woodchips,9,4440000
detractresses,13,3040
jenny,5,302000000
mesolite,8,146000
tabby,5,20200000
litterbug,9,355000
impoliteness,12,225000
miscreant,9,1340000
unsecular,9,32800
enhydrous,9,11100000
toity,5,612000
luke,4,304000000
clareting,9,2930
occulted,8,205000
tabulae,7,1650000
monophthongal,13,34500
blurb,5,13500000
pursier,7,14100
unsuited,8,1960000
triturations,12,73500
landslide,9,25100000
mucros,6,60900
mridangs,8,1500
yomping,7,30700
incomprehensibleness,20,8220000
trappists,9,119000
amaurosis,9,549000
leipoas,7,3280
somas,5,7720000
commandeered,12,1590000
perfectionistic,15,312000
frisure,7,709000
dinguses,8,43100
indumentum,10,276000
uncap,5,578000
unkinging,9,159000
sprints,7,34600000
pedicure,8,56400000
spoonbills,10,526000
gooey,5,19300000
emotionable,11,16300
rufflers,8,26500
bond,4,484000000
tapes,5,138000000
stupefactive,12,16800
reservists,10,2510000
vells,5,1230000
lusitano,8,4610000
serological,11,4170000
slattery,8,5990000
woodchips,9,4440000
detractresses,13,3050
jenny,5,302000000
mesolite,8,146000
tabby,5,20200000
litterbug,9,355000
impoliteness,12,225000
miscreant,9,1340000
unsecular,9,32800
enhydrous,9,11100000
toity,5,612000
luke,4,304000000
clareting,9,2930
occulted,8,205000
tabulae,7,1650000
monophthongal,13,34500
blurb,5,13500000
pursier,7,14100
unsuited,8,1960000
triturations,12,73500
landslide,9,25100000
mucros,6,60900
mridangs,8,1510
yomping,7,30700
incomprehensibleness,20,8220000
trappists,9,119000
amaurosis,9,549000
leipoas,7,3280
somas,5,7720000
commandeered,12,1590000
perfectionistic,15,312000
frisure,7,709000
dinguses,8,43100
indumentum,10,276000
uncap,5,578000
unkinging,9,159000
sprints,7,34600000
pedicure,8,56400000
spoonbills,10,526000
gooey,5,19300000
emotionable,11,16300
rufflers,8,26500
bond,4,484000000
tapes,5,138000000
stupefactive,12,16800
reservists,10,2510000
vells,5,1230000
lusitano,8,4620000
serological,11,4170000
slattery,8,5990000
woodchips,9,4440000
detractresses,13,3050
jenny,5,302000000
mesolite,8,146000
tabby,5,20200000
litterbug,9,355000
impoliteness,12,225000
miscreant,9,1340000
unsecular,9,32800
enhydrous,9,11100000
toity,5,612000
luke,4,304000000
clareting,9,2930
occulted,8,205000
tabulae,7,1650000
monophthongal,13,34500
blurb,5,13500000
pursier,7,14100
unsuited,8,1960000
triturations,12,73500
landslide,9,25100000
mucros,6,60900
mridangs,8,1510
yomping,7,30700
incomprehensibleness,20,8220000
trappists,9,119000
amaurosis,9,549000
leipoas,7,3280
somas,5,7720000
commandeered,12,1590000
perfectionistic,15,312000
frisure,7,709000
dinguses,8,43100
indumentum,10,276000
uncap,5,578000
unkinging,9,159000
sprints,7,34600000
pedicure,8,56400000
spoonbills,10,526000
gooey,5,19300000
emotionable,11,16300
rufflers,8,26500
bond,4,484000000
tapes,5,138000000
stupefactive,12,16800
reservists,10,2510000
vells,5,1230000
lusitano,8,4620000
serological,11,4170000
slattery,8,5990000
woodchips,9,4440000
detractresses,13,3050
jenny,5,302000000
mesolite,8,146000
tabby,5,20200000
litterbug,9,355000
impoliteness,12,225000
miscreant,9,1340000
unsecular,9,32800
enhydrous,9,11100000
toity,5,612000
luke,4,304000000
clareting,9,2930
occulted,8,205000
tabulae,7,1650000
monophthongal,13,34500
blurb,5,13500000
pursier,7,14100
unsuited,8,1960000
triturations,12,73500
landslide,9,25100000
mucros,6,60900
mridangs,8,1500
yomping,7,30700
incomprehensibleness,20,8220000
trappists,9,119000
amaurosis,9,549000
leipoas,7,3280
somas,5,7720000
commandeered,12,1590000
perfectionistic,15,312000
frisure,7,709000
dinguses,8,43100
indumentum,10,276000
uncap,5,578000
unkinging,9,159000
sprints,7,34600000
pedicure,8,56400000
spoonbills,10,526000
gooey,5,19300000
emotionable,11,16300
rufflers,8,26500
bond,4,484000000
tapes,5,138000000
stupefactive,12,16900
reservists,10,2510000
vells,5,1230000
lusitano,8,4620000
serological,11,4170000
slattery,8,5990000
woodchips,9,4440000
detractresses,13,3050
jenny,5,302000000
mesolite,8,146000
tabby,5,20200000
litterbug,9,355000
impoliteness,12,225000
miscreant,9,1340000
unsecular,9,32800
enhydrous,9,11100000
toity,5,612000
luke,4,304000000
clareting,9,2930
occulted,8,205000
tabulae,7,1650000
monophthongal,13,34500
blurb,5,13500000
pursier,7,14100
unsuited,8,1960000
triturations,12,73500
landslide,9,25100000
mucros,6,60900
mridangs,8,1500
yomping,7,30700
incomprehensibleness,20,8220000
trappists,9,119000
amaurosis,9,549000
leipoas,7,3280
somas,5,7720000
commandeered,12,1590000
perfectionistic,15,312000
frisure,7,709000
dinguses,8,43100
indumentum,10,276000
uncap,5,578000
unkinging,9,159000
sprints,7,34600000
pedicure,8,56400000
spoonbills,10,526000
gooey,5,19300000
emotionable,11,16300
rufflers,8,26500
bond,4,484000000
tapes,5,138000000
stupefactive,12,16900
reservists,10,2510000
vells,5,1230000
lusitano,8,4620000
serological,11,4170000
slattery,8,5990000
woodchips,9,4440000
detractresses,13,3050
jenny,5,302000000
mesolite,8,146000
tabby,5,20200000
litterbug,9,355000
impoliteness,12,225000
miscreant,9,1340000
unsecular,9,32800
enhydrous,9,11100000
toity,5,612000
luke,4,304000000
clareting,9,2940
occulted,8,205000
tabulae,7,1650000
monophthongal,13,34500
blurb,5,13500000
pursier,7,14100
unsuited,8,1960000
triturations,12,73500
landslide,9,25100000
mucros,6,60900
mridangs,8,1510
yomping,7,30700
incomprehensibleness,20,8220000
trappists,9,119000
amaurosis,9,549000
leipoas,7,3280
somas,5,7720000
commandeered,12,1590000
perfectionistic,15,312000
frisure,7,709000
dinguses,8,43100
indumentum,10,276000
uncap,5,578000
unkinging,9,159000
sprints,7,34600000
pedicure,8,56400000
spoonbills,10,526000
gooey,5,19300000
emotionable,11,16300
rufflers,8,26500
bond,4,484000000
tapes,5,138000000
stupefactive,12,16900
reservists,10,2510000
vells,5,1230000
lusitano,8,4620000
serological,11,4170000
slattery,8,5990000
woodchips,9,4440000
detractresses,13,3050
jenny,5,302000000
mesolite,8,147000
tabby,5,20200000
litterbug,9,355000
impoliteness,12,225000
miscreant,9,1340000
unsecular,9,32800
enhydrous,9,11100000
toity,5,612000
luke,4,304000000
clareting,9,2930
occulted,8,205000
tabulae,7,1650000
monophthongal,13,34500
blurb,5,13500000
pursier,7,14100
unsuited,8,1960000
triturations,12,73500
landslide,9,25100000
mucros,6,60900
mridangs,8,1500
yomping,7,30700
incomprehensibleness,20,8220000
trappists,9,119000
amaurosis,9,549000
leipoas,7,3280
somas,5,7720000
commandeered,12,1590000
perfectionistic,15,312000
frisure,7,709000
dinguses,8,43100
indumentum,10,276000
uncap,5,578000
unkinging,9,159000
sprints,7,34600000
pedicure,8,56400000
spoonbills,10,526000
gooey,5,19300000
emotionable,11,16300
rufflers,8,26500
bond,4,484000000
tapes,5,138000000
stupefactive,12,16900
reservists,10,2510000
vells,5,1230000
lusitano,8,4620000
serological,11,4170000
slattery,8,5990000
woodchips,9,4440000
detractresses,13,3050
jenny,5,302000000
mesolite,8,147000
tabby,5,20200000
litterbug,9,355000
impoliteness,12,225000
miscreant,9,1340000
unsecular,9,32800
enhydrous,9,11100000
toity,5,612000
luke,4,304000000
clareting,9,2940
occulted,8,205000
tabulae,7,1650000
monophthongal,13,34500
blurb,5,13500000
pursier,7,14100
unsuited,8,1960000
triturations,12,73500
landslide,9,25100000
mucros,6,60900
mridangs,8,1500
yomping,7,30700
incomprehensibleness,20,8220000
trappists,9,119000
amaurosis,9,549000
leipoas,7,3280
somas,5,7720000
commandeered,12,1590000
perfectionistic,15,312000
frisure,7,709000
dinguses,8,43100
indumentum,10,276000
uncap,5,578000
unkinging,9,159000
sprints,7,34600000
pedicure,8,56400000
spoonbills,10,526000
gooey,5,19300000
emotionable,11,16300
rufflers,8,26500
bond,4,484000000
tapes,5,138000000
stupefactive,12,16800
reservists,10,2510000
vells,5,1230000
lusitano,8,4620000
serological,11,4170000
slattery,8,5990000
woodchips,9,4440000
detractresses,13,3050
jenny,5,302000000
mesolite,8,147000
tabby,5,20200000
litterbug,9,355000
impoliteness,12,225000
miscreant,9,1340000
unsecular,9,32800
enhydrous,9,11100000
toity,5,612000
luke,4,304000000
clareting,9,2930
occulted,8,205000
tabulae,7,1650000
monophthongal,13,34500
blurb,5,13500000
pursier,7,14100
unsuited,8,1960000
triturations,12,73500
landslide,9,25100000
mucros,6,60900
mridangs,8,1500
yomping,7,30700
incomprehensibleness,20,8220000
trappists,9,119000
amaurosis,9,549000
leipoas,7,3280
somas,5,7720000
commandeered,12,1590000
perfectionistic,15,312000
frisure,7,709000
dinguses,8,43100
indumentum,10,276000
uncap,5,578000
unkinging,9,159000
sprints,7,34600000
pedicure,8,56400000
spoonbills,10,526000
gooey,5,19300000
emotionable,11,16300
rufflers,8,26500
bond,4,484000000
tapes,5,138000000
stupefactive,12,16800
reservists,10,2510000
vells,5,1230000
lusitano,8,4620000
serological,11,4170000
slattery,8,5990000
woodchips,9,4440000
detractresses,13,3050
jenny,5,302000000
mesolite,8,147000
tabby,5,20200000
litterbug,9,355000
impoliteness,12,225000
miscreant,9,1340000
unsecular,9,32800
enhydrous,9,11100000
toity,5,612000
luke,4,304000000
clareting,9,2930
occulted,8,205000
tabulae,7,1650000
monophthongal,13,34500
blurb,5,13500000
pursier,7,14100
unsuited,8,1960000
triturations,12,73500
landslide,9,25100000
mucros,6,60900
mridangs,8,1500
yomping,7,30700
incomprehensibleness,20,8220000
trappists,9,119000
amaurosis,9,549000
leipoas,7,3280
somas,5,7720000
commandeered,12,1590000
perfectionistic,15,312000
frisure,7,709000
dinguses,8,43100
indumentum,10,276000
uncap,5,578000
unkinging,9,159000
sprints,7,34600000
pedicure,8,56400000
spoonbills,10,526000
gooey,5,19300000
emotionable,11,16300
rufflers,8,26500
bond,4,484000000
tapes,5,211000000
stupefactive,12,16800
reservists,10,2510000
vells,5,1230000
lusitano,8,4620000
serological,11,4170000
slattery,8,5990000
woodchips,9,4440000
detractresses,13,3050
jenny,5,302000000
mesolite,8,147000
tabby,5,20200000
litterbug,9,355000
impoliteness,12,225000
miscreant,9,1340000
unsecular,9,32800
enhydrous,9,11100000
toity,5,612000
luke,4,304000000
clareting,9,2940
occulted,8,205000
tabulae,7,1650000
monophthongal,13,34500
blurb,5,13500000
pursier,7,14100
unsuited,8,1960000
triturations,12,73500
landslide,9,25100000
mucros,6,60900
mridangs,8,1500
yomping,7,30700
incomprehensibleness,20,8220000
trappists,9,119000
amaurosis,9,549000
leipoas,7,3280
somas,5,7720000
commandeered,12,1590000
perfectionistic,15,312000
frisure,7,709000
dinguses,8,43100
indumentum,10,276000
uncap,5,578000
unkinging,9,159000
sprints,7,34600000
pedicure,8,56400000
spoonbills,10,526000
gooey,5,19300000
emotionable,11,16300
rufflers,8,26500
bond,4,484000000
tapes,5,211000000
stupefactive,12,16800
reservists,10,2510000
vells,5,1230000
lusitano,8,4620000
serological,11,4170000
slattery,8,5990000
woodchips,9,4440000
detractresses,13,3050
jenny,5,302000000
mesolite,8,147000
tabby,5,20200000
litterbug,9,355000
impoliteness,12,225000
miscreant,9,1340000
unsecular,9,32800
enhydrous,9,11100000
toity,5,612000
luke,4,304000000
clareting,9,2940
occulted,8,205000
tabulae,7,1650000
monophthongal,13,34500
blurb,5,13500000
pursier,7,14100
unsuited,8,1960000
triturations,12,73500
landslide,9,25100000
mucros,6,60900
mridangs,8,1500
yomping,7,30700
incomprehensibleness,20,8220000
trappists,9,119000
amaurosis,9,549000
leipoas,7,3280
somas,5,7720000
commandeered,12,1590000
perfectionistic,15,312000
frisure,7,709000
dinguses,8,43100
indumentum,10,276000
uncap,5,578000
unkinging,9,159000
sprints,7,34600000
pedicure,8,56400000
spoonbills,10,526000
gooey,5,19300000
emotionable,11,16300
rufflers,8,26500
bond,4,484000000
tapes,5,211000000
stupefactive,12,16800
reservists,10,2510000
vells,5,1230000
lusitano,8,4620000
serological,11,4170000
slattery,8,5990000
woodchips,9,4440000
detractresses,13,3050
jenny,5,301000000
mesolite,8,147000
tabby,5,20200000
litterbug,9,355000
impoliteness,12,225000
miscreant,9,1340000
unsecular,9,32800
enhydrous,9,11100000
toity,5,612000
luke,4,304000000
clareting,9,2930
occulted,8,205000
tabulae,7,1650000
monophthongal,13,34500
blurb,5,13500000
pursier,7,14100
unsuited,8,1960000
triturations,12,73500
landslide,9,25100000
mucros,6,60900
mridangs,8,1500
yomping,7,30700
incomprehensibleness,20,8220000
trappists,9,119000
amaurosis,9,549000
leipoas,7,3280
somas,5,7720000
commandeered,12,1590000
perfectionistic,15,312000
frisure,7,709000
dinguses,8,43100
indumentum,10,276000
uncap,5,578000
unkinging,9,159000
sprints,7,34600000
pedicure,8,56400000
spoonbills,10,526000
gooey,5,19300000
emotionable,11,16300
rufflers,8,26500
bond,4,484000000
tapes,5,211000000
stupefactive,12,16800
reservists,10,2510000
vells,5,1230000
lusitano,8,4620000
serological,11,4170000
slattery,8,5990000
woodchips,9,4440000
detractresses,13,3060
jenny,5,301000000
mesolite,8,147000
tabby,5,20200000
litterbug,9,355000
impoliteness,12,225000
miscreant,9,1340000
unsecular,9,32800
enhydrous,9,11100000
toity,5,612000
luke,4,304000000
clareting,9,2940
occulted,8,205000
tabulae,7,1650000
monophthongal,13,34500
blurb,5,13500000
pursier,7,14100
unsuited,8,1960000
triturations,12,73500
landslide,9,25100000
mucros,6,60900
mridangs,8,1500
yomping,7,30700
incomprehensibleness,20,8220000
trappists,9,119000
amaurosis,9,549000
leipoas,7,3280
somas,5,7720000
commandeered,12,1590000
perfectionistic,15,312000
frisure,7,709000
dinguses,8,43100
indumentum,10,276000
uncap,5,578000
unkinging,9,159000
sprints,7,34500000
pedicure,8,56400000
spoonbills,10,526000
gooey,5,19300000
emotionable,11,16300
rufflers,8,26500
bond,4,484000000
tapes,5,211000000
stupefactive,12,16800
reservists,10,2510000
vells,5,1230000
lusitano,8,4610000
serological,11,4170000
slattery,8,5990000
woodchips,9,4440000
detractresses,13,3050
jenny,5,302000000
mesolite,8,147000
tabby,5,20200000
litterbug,9,355000
impoliteness,12,225000
miscreant,9,1340000
unsecular,9,32800
enhydrous,9,11100000
toity,5,612000
luke,4,304000000
clareting,9,2940
occulted,8,205000
tabulae,7,1650000
monophthongal,13,34500
blurb,5,13500000
pursier,7,14100
unsuited,8,1960000
triturations,12,73500
landslide,9,25100000
mucros,6,60900
mridangs,8,1500
yomping,7,30700
incomprehensibleness,20,8220000
trappists,9,119000
amaurosis,9,549000
leipoas,7,3280
somas,5,7720000
commandeered,12,1590000
perfectionistic,15,312000
frisure,7,709000
dinguses,8,43100
indumentum,10,276000
uncap,5,578000
unkinging,9,159000
sprints,7,34500000
pedicure,8,56400000
spoonbills,10,526000
gooey,5,19300000
emotionable,11,16300
rufflers,8,26500
bond,4,484000000
tapes,5,211000000
stupefactive,12,16800
reservists,10,2510000
vells,5,1230000
lusitano,8,4610000
serological,11,4170000
slattery,8,5990000
woodchips,9,4440000
detractresses,13,3050
jenny,5,302000000
mesolite,8,147000
tabby,5,20200000
litterbug,9,355000
impoliteness,12,224000
miscreant,9,1340000
unsecular,9,32800
enhydrous,9,11100000
toity,5,612000
luke,4,304000000
clareting,9,2940
occulted,8,205000
tabulae,7,1650000
monophthongal,13,34500
blurb,5,13500000
pursier,7,14100
unsuited,8,1960000
triturations,12,73500
landslide,9,25100000
mucros,6,60900
mridangs,8,1510
yomping,7,30700
incomprehensibleness,20,8210000
trappists,9,119000
amaurosis,9,549000
leipoas,7,3280
somas,5,7720000
commandeered,12,1590000
perfectionistic,15,312000
frisure,7,709000
dinguses,8,43100
indumentum,10,276000
uncap,5,578000
unkinging,9,159000
sprints,7,34500000
pedicure,8,56400000
spoonbills,10,526000
gooey,5,19300000
emotionable,11,16300
rufflers,8,26500
bond,4,484000000
tapes,5,211000000
stupefactive,12,16900
reservists,10,2510000
vells,5,1230000
lusitano,8,4610000
serological,11,4170000
slattery,8,5990000
woodchips,9,4440000
detractresses,13,3050
jenny,5,302000000
mesolite,8,147000
tabby,5,20200000
litterbug,9,355000
impoliteness,12,222000
miscreant,9,1340000
unsecular,9,32800
enhydrous,9,11100000
toity,5,612000
luke,4,304000000
clareting,9,2940
occulted,8,205000
tabulae,7,1650000
monophthongal,13,34500
blurb,5,13500000
pursier,7,14100
unsuited,8,1960000
triturations,12,73500
landslide,9,25100000
mucros,6,60900
mridangs,8,1500
yomping,7,30700
incomprehensibleness,20,8210000
trappists,9,119000
amaurosis,9,549000
leipoas,7,3280
somas,5,7720000
commandeered,12,1590000
perfectionistic,15,312000
frisure,7,709000
dinguses,8,43100
indumentum,10,276000
uncap,5,578000
unkinging,9,159000
sprints,7,34500000
pedicure,8,56400000
spoonbills,10,526000
gooey,5,19300000
emotionable,11,16300
rufflers,8,26500
bond,4,484000000
tapes,5,211000000
stupefactive,12,16900
reservists,10,2510000
vells,5,1230000
lusitano,8,4610000
serological,11,4170000
slattery,8,5990000
woodchips,9,4440000
detractresses,13,3050
jenny,5,302000000
mesolite,8,147000
tabby,5,20200000
litterbug,9,355000
impoliteness,12,222000
miscreant,9,1340000
unsecular,9,32800
enhydrous,9,11100000
toity,5,612000
luke,4,304000000
clareting,9,2940
occulted,8,205000
tabulae,7,1650000
monophthongal,13,34500
blurb,5,13500000
pursier,7,14100
unsuited,8,1960000
triturations,12,73500
landslide,9,25100000
mucros,6,60900
mridangs,8,1500
yomping,7,30700
incomprehensibleness,20,8210000
trappists,9,119000
amaurosis,9,549000
leipoas,7,3280
somas,5,7720000
commandeered,12,1590000
perfectionistic,15,312000
frisure,7,709000
dinguses,8,43100
indumentum,10,276000
uncap,5,578000
unkinging,9,159000
sprints,7,34500000
pedicure,8,56400000
spoonbills,10,526000
gooey,5,19300000
emotionable,11,16300
rufflers,8,26500
bond,4,484000000
tapes,5,211000000
stupefactive,12,16900
reservists,10,2510000
vells,5,1230000
lusitano,8,4610000
serological,11,4170000
slattery,8,5990000
woodchips,9,4440000
detractresses,13,3050
jenny,5,302000000
mesolite,8,147000
tabby,5,20200000
litterbug,9,355000
impoliteness,12,222000
miscreant,9,1340000
unsecular,9,32800
enhydrous,9,11100000
toity,5,612000
luke,4,304000000
clareting,9,2930
occulted,8,205000
tabulae,7,1650000
monophthongal,13,34500
blurb,5,13500000
pursier,7,14100
unsuited,8,1960000
triturations,12,73500
landslide,9,25100000
mucros,6,60900
mridangs,8,1500
yomping,7,30700
incomprehensibleness,20,8210000
trappists,9,119000
amaurosis,9,549000
leipoas,7,3280
somas,5,7720000
commandeered,12,1590000
perfectionistic,15,312000
frisure,7,709000
dinguses,8,43100
indumentum,10,276000
uncap,5,578000
unkinging,9,159000
sprints,7,34500000
pedicure,8,56400000
spoonbills,10,526000
gooey,5,19300000
emotionable,11,16300
rufflers,8,26500
bond,4,484000000
tapes,5,212000000
