planchen;8;53400;
malandantes;11;5980;
retirado;8;26900000;
equivalieras;12;21000;
numerases;9;2080;
oscilar;7;1680000;
sedimentan;10;551000;
colaboraciones;14;8750000;
terminales;10;22000000;
violen;6;113000000;
emulsionase;11;4050;
estival;7;11200000;
prestidigitador;15;224000;
transmisores;12;4360000;
entremezclase;13;1430;
divertimos;10;2070000;
excedes;7;117000;
repercutieron;13;132000;
corporativo;11;51000000;
superpuestas;12;1230000;
racionalidad;12;3710000;
epilogas;8;35900;
billarista;10;49000;
fumada;6;650000;
vestisteis;10;22600;
presumo;7;2250000;
exportadas;10;4290000;
anudados;8;255000;
irreflexivas;12;246000;
reprimisteis;12;1410;
rechoncha;9;1430000;
enjabonaban;11;6500;
facial;6;578000000;
fabril;6;3790000;
trunquemos;10;3880;
siete;5;172000000;
troceasteis;11;1020;
dominado;8;8590000;
rebasabais;10;1030;
acercaba;8;3430000;
yate;4;67000000;
enriquecida;11;4090000;
pasaderos;9;6750;
brillemos;9;36700;
impenitentes;12;100000;
desasiesen;10;2020;
comiesen;8;56700;
tremente;8;75300;
duques;6;2580000;
refinase;8;7500;
planchen;8;53400;
malandantes;11;5980;
retirado;8;26900000;
equivalieras;12;21000;
numerases;9;2080;
oscilar;7;1680000;
sedimentan;10;551000;
colaboraciones;14;8750000;
terminales;10;22000000;
violen;6;113000000;
emulsionase;11;4050;
estival;7;11200000;
prestidigitador;15;224000;
transmisores;12;4360000;
entremezclase;13;1430;
divertimos;10;2070000;
excedes;7;117000;
repercutieron;13;132000;
corporativo;11;51000000;
superpuestas;12;1230000;
racionalidad;12;3710000;
epilogas;8;35900;
billarista;10;49000;
fumada;6;650000;
vestisteis;10;22600;
presumo;7;2250000;
exportadas;10;4290000;
anudados;8;255000;
irreflexivas;12;246000;
reprimisteis;12;1410;
rechoncha;9;1430000;
enjabonaban;11;6510;
facial;6;578000000;
fabril;6;3790000;
trunquemos;10;3880;
siete;5;172000000;
troceasteis;11;1020;
dominado;8;8590000;
rebasabais;10;1030;
acercaba;8;3430000;
yate;4;67000000;
enriquecida;11;4090000;
pasaderos;9;6750;
brillemos;9;36700;
impenitentes;12;100000;
desasiesen;10;2020;
comiesen;8;56700;
tremente;8;75300;
duques;6;2580000;
refinase;8;7500;
planchen;8;53400;
malandantes;11;5980;
retirado;8;26900000;
equivalieras;12;21000;
numerases;9;2080;
oscilar;7;1680000;
sedimentan;10;551000;
colaboraciones;14;8750000;
terminales;10;22000000;
violen;6;113000000;
emulsionase;11;4050;
estival;7;11200000;
prestidigitador;15;224000;
transmisores;12;4360000;
entremezclase;13;1430;
divertimos;10;2070000;
excedes;7;117000;
repercutieron;13;132000;
corporativo;11;51000000;
superpuestas;12;1230000;
racionalidad;12;3710000;
epilogas;8;35900;
billarista;10;49000;
fumada;6;650000;
vestisteis;10;22600;
presumo;7;2250000;
exportadas;10;4290000;
anudados;8;255000;
irreflexivas;12;246000;
reprimisteis;12;1410;
rechoncha;9;1430000;
enjabonaban;11;6510;
facial;6;578000000;
fabril;6;3790000;
trunquemos;10;3880;
siete;5;172000000;
troceasteis;11;1020;
dominado;8;8590000;
rebasabais;10;1030;
acercaba;8;3430000;
yate;4;67000000;
enriquecida;11;4090000;
pasaderos;9;6760;
brillemos;9;36700;
impenitentes;12;100000;
desasiesen;10;2020;
comiesen;8;56700;
tremente;8;75300;
duques;6;2580000;
refinase;8;7500;
planchen;8;53400;
malandantes;11;5980;
retirado;8;26900000;
equivalieras;12;21000;
numerases;9;2080;
oscilar;7;1680000;
sedimentan;10;551000;
colaboraciones;14;8750000;
terminales;10;22000000;
violen;6;113000000;
emulsionase;11;4050;
estival;7;11200000;
prestidigitador;15;224000;
transmisores;12;4360000;
entremezclase;13;1430;
divertimos;10;2070000;
excedes;7;117000;
repercutieron;13;132000;
corporativo;11;51000000;
superpuestas;12;1230000;
racionalidad;12;3710000;
epilogas;8;35900;
billarista;10;49000;
fumada;6;651000;
vestisteis;10;22600;
presumo;7;2250000;
exportadas;10;4290000;
anudados;8;255000;
irreflexivas;12;246000;
reprimisteis;12;1410;
rechoncha;9;1430000;
enjabonaban;11;6510;
facial;6;578000000;
fabril;6;3790000;
trunquemos;10;3880;
siete;5;172000000;
troceasteis;11;1020;
dominado;8;8590000;
rebasabais;10;1030;
acercaba;8;3430000;
yate;4;67000000;
enriquecida;11;4090000;
pasaderos;9;6760;
brillemos;9;36700;
impenitentes;12;100000;
desasiesen;10;2020;
comiesen;8;56700;
tremente;8;75300;
duques;6;2580000;
refinase;8;7500;
planchen;8;53400;
malandantes;11;5980;
retirado;8;26900000;
equivalieras;12;21000;
numerases;9;2080;
oscilar;7;1680000;
sedimentan;10;551000;
colaboraciones;14;8750000;
terminales;10;22000000;
violen;6;113000000;
emulsionase;11;4050;
estival;7;11200000;
prestidigitador;15;224000;
transmisores;12;4360000;
entremezclase;13;1430;
divertimos;10;2070000;
excedes;7;117000;
repercutieron;13;132000;
corporativo;11;51000000;
superpuestas;12;1230000;
racionalidad;12;3710000;
epilogas;8;35900;
billarista;10;49000;
fumada;6;651000;
vestisteis;10;22600;
presumo;7;2250000;
exportadas;10;4290000;
anudados;8;255000;
irreflexivas;12;246000;
reprimisteis;12;1410;
rechoncha;9;1430000;
enjabonaban;11;6510;
facial;6;578000000;
fabril;6;3790000;
trunquemos;10;3880;
siete;5;172000000;
troceasteis;11;1020;
dominado;8;8590000;
rebasabais;10;1030;
acercaba;8;3430000;
yate;4;67000000;
enriquecida;11;4090000;
pasaderos;9;6760;
brillemos;9;36700;
impenitentes;12;100000;
desasiesen;10;2020;
comiesen;8;56700;
tremente;8;75300;
duques;6;2580000;
refinase;8;7500;
planchen;8;53400;
malandantes;11;5980;
retirado;8;26900000;
equivalieras;12;21000;
numerases;9;2080;
oscilar;7;1680000;
sedimentan;10;551000;
colaboraciones;14;8750000;
terminales;10;22000000;
violen;6;113000000;
emulsionase;11;4050;
estival;7;11200000;
prestidigitador;15;224000;
transmisores;12;4360000;
entremezclase;13;1430;
divertimos;10;2070000;
excedes;7;117000;
repercutieron;13;132000;
corporativo;11;51000000;
superpuestas;12;1230000;
racionalidad;12;3710000;
epilogas;8;35900;
billarista;10;49000;
fumada;6;651000;
vestisteis;10;22600;
presumo;7;2250000;
exportadas;10;4290000;
anudados;8;255000;
irreflexivas;12;246000;
reprimisteis;12;1410;
rechoncha;9;1430000;
enjabonaban;11;6510;
facial;6;578000000;
fabril;6;3790000;
trunquemos;10;3880;
siete;5;172000000;
troceasteis;11;1020;
dominado;8;8590000;
rebasabais;10;1030;
acercaba;8;3430000;
yate;4;67000000;
enriquecida;11;4090000;
pasaderos;9;6760;
brillemos;9;36700;
impenitentes;12;100000;
desasiesen;10;2020;
comiesen;8;56700;
tremente;8;75300;
duques;6;2580000;
refinase;8;7500;
planchen;8;53400;
malandantes;11;5980;
retirado;8;26900000;
equivalieras;12;21000;
numerases;9;2080;
oscilar;7;1680000;
sedimentan;10;551000;
colaboraciones;14;8750000;
terminales;10;22000000;
violen;6;113000000;
emulsionase;11;4050;
estival;7;11200000;
prestidigitador;15;224000;
transmisores;12;4360000;
entremezclase;13;1430;
divertimos;10;2070000;
excedes;7;117000;
repercutieron;13;132000;
corporativo;11;51000000;
superpuestas;12;1230000;
racionalidad;12;3710000;
epilogas;8;35900;
billarista;10;49000;
fumada;6;651000;
vestisteis;10;22600;
presumo;7;2250000;
exportadas;10;4290000;
anudados;8;255000;
irreflexivas;12;246000;
reprimisteis;12;1410;
rechoncha;9;1430000;
enjabonaban;11;6510;
facial;6;578000000;
fabril;6;3790000;
trunquemos;10;3880;
siete;5;172000000;
troceasteis;11;1020;
dominado;8;8590000;
rebasabais;10;1030;
acercaba;8;3430000;
yate;4;67000000;
enriquecida;11;4090000;
pasaderos;9;6760;
brillemos;9;36700;
impenitentes;12;100000;
desasiesen;10;2020;
comiesen;8;56700;
tremente;8;75300;
duques;6;2580000;
refinase;8;7500;
planchen;8;53400;
malandantes;11;5980;
retirado;8;26900000;
equivalieras;12;21000;
numerases;9;2080;
oscilar;7;1680000;
sedimentan;10;551000;
colaboraciones;14;8750000;
terminales;10;22000000;
violen;6;113000000;
emulsionase;11;4050;
estival;7;11200000;
prestidigitador;15;224000;
transmisores;12;4360000;
entremezclase;13;1430;
divertimos;10;2070000;
excedes;7;117000;
repercutieron;13;132000;
corporativo;11;51000000;
superpuestas;12;1230000;
racionalidad;12;3710000;
epilogas;8;35900;
billarista;10;49000;
fumada;6;651000;
vestisteis;10;22600;
presumo;7;2250000;
exportadas;10;4290000;
anudados;8;255000;
irreflexivas;12;246000;
reprimisteis;12;1410;
rechoncha;9;1430000;
enjabonaban;11;6510;
facial;6;578000000;
fabril;6;3790000;
trunquemos;10;3880;
siete;5;172000000;
troceasteis;11;1020;
dominado;8;8590000;
rebasabais;10;1030;
acercaba;8;3430000;
yate;4;67000000;
enriquecida;11;4090000;
pasaderos;9;6760;
brillemos;9;36700;
impenitentes;12;100000;
desasiesen;10;2020;
comiesen;8;56700;
tremente;8;75300;
duques;6;2580000;
refinase;8;7500;
planchen;8;53400;
malandantes;11;5980;
retirado;8;26900000;
equivalieras;12;21000;
numerases;9;2080;
oscilar;7;1680000;
sedimentan;10;551000;
colaboraciones;14;8750000;
terminales;10;22000000;
violen;6;113000000;
emulsionase;11;4050;
estival;7;11200000;
prestidigitador;15;224000;
transmisores;12;4360000;
entremezclase;13;1430;
divertimos;10;2070000;
excedes;7;117000;
repercutieron;13;132000;
corporativo;11;51000000;
superpuestas;12;1230000;
racionalidad;12;3710000;
epilogas;8;35900;
billarista;10;49000;
fumada;6;651000;
vestisteis;10;22600;
presumo;7;2250000;
exportadas;10;4290000;
anudados;8;255000;
irreflexivas;12;246000;
reprimisteis;12;1410;
rechoncha;9;1430000;
enjabonaban;11;6510;
facial;6;578000000;
fabril;6;3790000;
trunquemos;10;3880;
siete;5;172000000;
troceasteis;11;1020;
dominado;8;8590000;
rebasabais;10;1030;
acercaba;8;3430000;
yate;4;67000000;
enriquecida;11;4090000;
pasaderos;9;6760;
brillemos;9;36700;
impenitentes;12;100000;
desasiesen;10;2020;
comiesen;8;56700;
tremente;8;75300;
duques;6;2580000;
refinase;8;7500;
planchen;8;53400;
malandantes;11;5980;
retirado;8;26900000;
equivalieras;12;21000;
numerases;9;2080;
oscilar;7;1680000;
sedimentan;10;551000;
colaboraciones;14;8750000;
terminales;10;22000000;
violen;6;113000000;
emulsionase;11;4050;
estival;7;11200000;
prestidigitador;15;224000;
transmisores;12;4360000;
entremezclase;13;1430;
divertimos;10;2070000;
excedes;7;117000;
repercutieron;13;132000;
corporativo;11;51000000;
superpuestas;12;1230000;
racionalidad;12;3710000;
epilogas;8;35900;
billarista;10;49000;
fumada;6;651000;
vestisteis;10;22600;
presumo;7;2250000;
exportadas;10;4290000;
anudados;8;255000;
irreflexivas;12;246000;
reprimisteis;12;1410;
rechoncha;9;1430000;
enjabonaban;11;6510;
facial;6;578000000;
fabril;6;3790000;
trunquemos;10;3880;
siete;5;172000000;
troceasteis;11;1020;
dominado;8;8590000;
rebasabais;10;1030;
acercaba;8;3430000;
yate;4;67000000;
enriquecida;11;4090000;
pasaderos;9;6760;
brillemos;9;36700;
impenitentes;12;100000;
desasiesen;10;2020;
comiesen;8;56700;
tremente;8;75300;
duques;6;2580000;
refinase;8;7500;
planchen;8;53400;
malandantes;11;5980;
retirado;8;26900000;
equivalieras;12;21000;
numerases;9;2080;
oscilar;7;1680000;
sedimentan;10;551000;
colaboraciones;14;8750000;
terminales;10;22000000;
violen;6;113000000;
emulsionase;11;4050;
estival;7;11200000;
prestidigitador;15;224000;
transmisores;12;4360000;
entremezclase;13;1430;
divertimos;10;2070000;
excedes;7;117000;
repercutieron;13;132000;
corporativo;11;51000000;
superpuestas;12;1230000;
racionalidad;12;3710000;
epilogas;8;35900;
billarista;10;49000;
fumada;6;651000;
vestisteis;10;22600;
presumo;7;2250000;
exportadas;10;4290000;
anudados;8;255000;
irreflexivas;12;246000;
reprimisteis;12;1410;
rechoncha;9;1430000;
enjabonaban;11;6510;
facial;6;578000000;
fabril;6;3790000;
trunquemos;10;3880;
siete;5;172000000;
troceasteis;11;1020;
dominado;8;8590000;
rebasabais;10;1030;
acercaba;8;3430000;
yate;4;67000000;
enriquecida;11;4090000;
pasaderos;9;6760;
brillemos;9;36700;
impenitentes;12;100000;
desasiesen;10;2020;
comiesen;8;56700;
tremente;8;75300;
duques;6;2580000;
refinase;8;7500;
planchen;8;53400;
malandantes;11;5980;
retirado;8;26900000;
equivalieras;12;21000;
numerases;9;2080;
oscilar;7;1680000;
sedimentan;10;551000;
colaboraciones;14;8750000;
terminales;10;22000000;
violen;6;113000000;
emulsionase;11;4040;
estival;7;11200000;
prestidigitador;15;224000;
transmisores;12;4360000;
entremezclase;13;1430;
divertimos;10;2070000;
excedes;7;117000;
repercutieron;13;132000;
corporativo;11;51000000;
superpuestas;12;1230000;
racionalidad;12;3710000;
epilogas;8;35900;
billarista;10;49000;
fumada;6;651000;
vestisteis;10;22600;
presumo;7;2250000;
exportadas;10;4290000;
anudados;8;255000;
irreflexivas;12;246000;
reprimisteis;12;1410;
rechoncha;9;1430000;
enjabonaban;11;6510;
facial;6;578000000;
fabril;6;3790000;
trunquemos;10;3880;
siete;5;172000000;
troceasteis;11;1020;
dominado;8;8590000;
rebasabais;10;1030;
acercaba;8;3430000;
yate;4;67000000;
enriquecida;11;4090000;
pasaderos;9;6760;
brillemos;9;36700;
impenitentes;12;100000;
desasiesen;10;2020;
comiesen;8;56700;
tremente;8;75300;
duques;6;2580000;
refinase;8;7500;
planchen;8;53400;
malandantes;11;5980;
retirado;8;26900000;
equivalieras;12;21000;
numerases;9;2080;
oscilar;7;1680000;
sedimentan;10;551000;
colaboraciones;14;8750000;
terminales;10;22000000;
violen;6;113000000;
emulsionase;11;4040;
estival;7;11200000;
prestidigitador;15;224000;
transmisores;12;4360000;
entremezclase;13;1430;
divertimos;10;2070000;
excedes;7;117000;
repercutieron;13;132000;
corporativo;11;51000000;
superpuestas;12;1230000;
racionalidad;12;3710000;
epilogas;8;35900;
billarista;10;49000;
fumada;6;651000;
vestisteis;10;22600;
presumo;7;2250000;
exportadas;10;4290000;
anudados;8;255000;
irreflexivas;12;246000;
reprimisteis;12;1410;
rechoncha;9;1430000;
enjabonaban;11;6510;
facial;6;578000000;
fabril;6;3790000;
trunquemos;10;3880;
siete;5;172000000;
troceasteis;11;1020;
dominado;8;8590000;
rebasabais;10;1030;
acercaba;8;3430000;
yate;4;67000000;
enriquecida;11;4090000;
pasaderos;9;6760;
brillemos;9;36700;
impenitentes;12;100000;
desasiesen;10;2020;
comiesen;8;56700;
tremente;8;75300;
duques;6;2580000;
refinase;8;7500;
planchen;8;53400;
malandantes;11;5980;
retirado;8;26900000;
equivalieras;12;21000;
numerases;9;2080;
oscilar;7;1680000;
sedimentan;10;551000;
colaboraciones;14;8750000;
terminales;10;22000000;
violen;6;113000000;
emulsionase;11;4050;
estival;7;11200000;
prestidigitador;15;224000;
transmisores;12;4360000;
entremezclase;13;1430;
divertimos;10;2070000;
excedes;7;117000;
repercutieron;13;132000;
corporativo;11;51000000;
superpuestas;12;1230000;
racionalidad;12;3710000;
epilogas;8;35900;
billarista;10;49000;
fumada;6;651000;
vestisteis;10;22600;
presumo;7;2250000;
exportadas;10;4290000;
anudados;8;255000;
irreflexivas;12;246000;
reprimisteis;12;1410;
rechoncha;9;1430000;
enjabonaban;11;6510;
facial;6;578000000;
fabril;6;3790000;
trunquemos;10;3880;
siete;5;172000000;
troceasteis;11;1020;
dominado;8;8590000;
rebasabais;10;1030;
acercaba;8;3430000;
yate;4;67000000;
enriquecida;11;4090000;
pasaderos;9;6760;
brillemos;9;36700;
impenitentes;12;100000;
desasiesen;10;2020;
comiesen;8;56700;
tremente;8;75300;
duques;6;2580000;
refinase;8;7500;
planchen;8;53400;
malandantes;11;5980;
retirado;8;26900000;
equivalieras;12;21000;
numerases;9;2080;
oscilar;7;1680000;
sedimentan;10;551000;
colaboraciones;14;8750000;
terminales;10;22000000;
violen;6;113000000;
emulsionase;11;4050;
estival;7;11200000;
prestidigitador;15;224000;
transmisores;12;4360000;
entremezclase;13;1430;
divertimos;10;2070000;
excedes;7;117000;
repercutieron;13;132000;
corporativo;11;51000000;
superpuestas;12;1230000;
racionalidad;12;3710000;
epilogas;8;35900;
billarista;10;49000;
fumada;6;651000;
vestisteis;10;22600;
presumo;7;2250000;
exportadas;10;4290000;
anudados;8;255000;
irreflexivas;12;246000;
reprimisteis;12;1410;
rechoncha;9;1430000;
enjabonaban;11;6510;
facial;6;578000000;
fabril;6;3790000;
trunquemos;10;3880;
siete;5;172000000;
troceasteis;11;1020;
dominado;8;8590000;
rebasabais;10;1030;
acercaba;8;3430000;
yate;4;67000000;
enriquecida;11;4090000;
pasaderos;9;6760;
brillemos;9;36700;
impenitentes;12;100000;
desasiesen;10;2020;
comiesen;8;56700;
tremente;8;75300;
duques;6;2580000;
refinase;8;7500;
planchen;8;53400;
malandantes;11;5980;
retirado;8;26900000;
equivalieras;12;21000;
numerases;9;2080;
oscilar;7;1680000;
sedimentan;10;551000;
colaboraciones;14;8750000;
terminales;10;22000000;
violen;6;113000000;
emulsionase;11;4050;
estival;7;11200000;
prestidigitador;15;224000;
transmisores;12;4360000;
entremezclase;13;1430;
divertimos;10;2070000;
excedes;7;117000;
repercutieron;13;132000;
corporativo;11;51100000;
superpuestas;12;1230000;
racionalidad;12;3710000;
epilogas;8;35900;
billarista;10;49000;
fumada;6;651000;
vestisteis;10;22600;
presumo;7;2250000;
exportadas;10;4290000;
anudados;8;255000;
irreflexivas;12;246000;
reprimisteis;12;1410;
rechoncha;9;1430000;
enjabonaban;11;6510;
facial;6;578000000;
fabril;6;3790000;
trunquemos;10;3880;
siete;5;172000000;
troceasteis;11;1020;
dominado;8;8590000;
rebasabais;10;1030;
acercaba;8;3430000;
yate;4;67000000;
enriquecida;11;4090000;
pasaderos;9;6760;
brillemos;9;36700;
impenitentes;12;100000;
desasiesen;10;2020;
comiesen;8;56700;
tremente;8;75400;
duques;6;2580000;
refinase;8;7500;
planchen;8;53400;
malandantes;11;5980;
retirado;8;26900000;
equivalieras;12;21000;
numerases;9;2080;
oscilar;7;1680000;
sedimentan;10;551000;
colaboraciones;14;8750000;
terminales;10;22000000;
violen;6;113000000;
emulsionase;11;4050;
estival;7;11200000;
prestidigitador;15;224000;
transmisores;12;4360000;
entremezclase;13;1430;
divertimos;10;2070000;
excedes;7;117000;
repercutieron;13;132000;
corporativo;11;51100000;
superpuestas;12;1230000;
racionalidad;12;3710000;
epilogas;8;35900;
billarista;10;49000;
fumada;6;651000;
vestisteis;10;22600;
presumo;7;2250000;
exportadas;10;4290000;
anudados;8;255000;
irreflexivas;12;246000;
reprimisteis;12;1410;
rechoncha;9;1430000;
enjabonaban;11;6510;
facial;6;578000000;
fabril;6;3790000;
trunquemos;10;3880;
siete;5;172000000;
troceasteis;11;1020;
dominado;8;8590000;
rebasabais;10;1030;
acercaba;8;3430000;
yate;4;67000000;
enriquecida;11;4090000;
pasaderos;9;6760;
brillemos;9;36700;
impenitentes;12;100000;
desasiesen;10;2020;
comiesen;8;56700;
tremente;8;75400;
duques;6;2580000;
refinase;8;7500;
planchen;8;53400;
malandantes;11;5980;
retirado;8;26900000;
equivalieras;12;21000;
numerases;9;2080;
oscilar;7;1680000;
sedimentan;10;551000;
colaboraciones;14;8750000;
terminales;10;22000000;
violen;6;113000000;
emulsionase;11;4040;
estival;7;11200000;
prestidigitador;15;224000;
transmisores;12;4360000;
entremezclase;13;1430;
divertimos;10;2070000;
excedes;7;117000;
repercutieron;13;132000;
corporativo;11;51100000;
superpuestas;12;1230000;
racionalidad;12;3710000;
epilogas;8;35900;
billarista;10;49000;
fumada;6;651000;
vestisteis;10;22600;
presumo;7;2250000;
exportadas;10;4290000;
anudados;8;255000;
irreflexivas;12;246000;
reprimisteis;12;1410;
rechoncha;9;1430000;
enjabonaban;11;6510;
facial;6;578000000;
fabril;6;3790000;
trunquemos;10;3880;
siete;5;172000000;
troceasteis;11;1020;
dominado;8;8590000;
rebasabais;10;1030;
acercaba;8;3430000;
yate;4;67000000;
enriquecida;11;4090000;
pasaderos;9;6760;
brillemos;9;36700;
impenitentes;12;100000;
desasiesen;10;2020;
comiesen;8;56700;
tremente;8;75400;
duques;6;2580000;
refinase;8;7500;
planchen;8;53400;
malandantes;11;5980;
retirado;8;26900000;
equivalieras;12;21000;
numerases;9;2080;
oscilar;7;1680000;
sedimentan;10;551000;
colaboraciones;14;8750000;
terminales;10;22000000;
violen;6;113000000;
emulsionase;11;4050;
estival;7;11200000;
prestidigitador;15;224000;
transmisores;12;4360000;
entremezclase;13;1430;
divertimos;10;2070000;
excedes;7;117000;
repercutieron;13;132000;
corporativo;11;51100000;
superpuestas;12;1230000;
racionalidad;12;3710000;
epilogas;8;35900;
billarista;10;49000;
fumada;6;651000;
vestisteis;10;22600;
presumo;7;2250000;
exportadas;10;4290000;
anudados;8;255000;
irreflexivas;12;246000;
reprimisteis;12;1410;
rechoncha;9;1430000;
enjabonaban;11;6510;
facial;6;578000000;
fabril;6;3790000;
trunquemos;10;3880;
siete;5;172000000;
troceasteis;11;1020;
dominado;8;8590000;
rebasabais;10;1030;
acercaba;8;3430000;
yate;4;67000000;
enriquecida;11;4090000;
pasaderos;9;6760;
brillemos;9;36700;
impenitentes;12;100000;
desasiesen;10;2020;
comiesen;8;56700;
tremente;8;75400;
duques;6;2580000;
refinase;8;7490;
planchen;8;53400;
malandantes;11;5980;
retirado;8;26900000;
equivalieras;12;21000;
numerases;9;2080;
oscilar;7;1680000;
sedimentan;10;551000;
colaboraciones;14;8750000;
terminales;10;22000000;
violen;6;113000000;
emulsionase;11;4050;
estival;7;11200000;
prestidigitador;15;224000;
transmisores;12;4360000;
entremezclase;13;1430;
divertimos;10;2070000;
excedes;7;117000;
repercutieron;13;132000;
corporativo;11;51100000;
superpuestas;12;1230000;
racionalidad;12;3710000;
epilogas;8;35900;
billarista;10;49000;
fumada;6;651000;
vestisteis;10;22600;
presumo;7;2250000;
exportadas;10;4290000;
anudados;8;255000;
irreflexivas;12;246000;
reprimisteis;12;1410;
rechoncha;9;1430000;
enjabonaban;11;6500;
facial;6;578000000;
fabril;6;3790000;
trunquemos;10;3880;
siete;5;172000000;
troceasteis;11;1020;
dominado;8;8590000;
rebasabais;10;1030;
acercaba;8;3430000;
yate;4;67000000;
enriquecida;11;4090000;
pasaderos;9;6760;
brillemos;9;36700;
impenitentes;12;100000;
desasiesen;10;2020;
comiesen;8;56700;
tremente;8;75400;
duques;6;2580000;
refinase;8;7490;
planchen;8;53400;
malandantes;11;5980;
retirado;8;26900000;
equivalieras;12;21000;
numerases;9;2080;
oscilar;7;1680000;
sedimentan;10;551000;
colaboraciones;14;8750000;
terminales;10;22000000;
violen;6;113000000;
emulsionase;11;4050;
estival;7;11200000;
prestidigitador;15;224000;
transmisores;12;4360000;
entremezclase;13;1430;
divertimos;10;2070000;
excedes;7;117000;
repercutieron;13;132000;
corporativo;11;51100000;
superpuestas;12;1230000;
racionalidad;12;3710000;
epilogas;8;35900;
billarista;10;49000;
fumada;6;651000;
vestisteis;10;22600;
presumo;7;2250000;
exportadas;10;4290000;
anudados;8;255000;
irreflexivas;12;246000;
reprimisteis;12;1410;
rechoncha;9;1430000;
enjabonaban;11;6500;
facial;6;578000000;
fabril;6;3790000;
trunquemos;10;3880;
siete;5;172000000;
troceasteis;11;1020;
dominado;8;8590000;
rebasabais;10;1030;
acercaba;8;3430000;
yate;4;67000000;
enriquecida;11;4090000;
pasaderos;9;6760;
brillemos;9;36700;
impenitentes;12;100000;
desasiesen;10;2020;
comiesen;8;56700;
tremente;8;75400;
duques;6;2580000;
refinase;8;7490;
