ossifieras;10;1530;
valablement;11;1690000;
lignifiant;10;4680;
raclons;7;3990;
estropier;9;69800;
mobilisasse;11;1190;
musardais;9;1200;
rebroussez;10;24400;
cardeuse;8;372000;
retardateur;11;690000;
simplets;8;56700;
enfleras;8;2220;
fameuse;7;10900000;
parqueta;8;901000;
ronflasses;10;1080;
escrimeraient;13;1750;
urinant;7;137000;
embarquas;9;4080;
fessier;7;1800000;
protocoles;10;5100000;
coccinelles;11;1810000;
rengraisser;11;4060;
physiocrate;11;15000;
sursautes;9;6240;
triturant;9;66600;
estiverais;10;1390;
batifolerions;13;3340;
gaffassions;11;1180;
sertirais;9;1760;
parrainage;10;8660000;
flageolons;10;1390;
transcendasses;14;1160;
aquilin;7;476000;
introduisait;12;249000;
psychanalyses;13;51200;
plastronnent;12;9180;
entassais;9;4210;
toiseriez;9;3140;
foiriez;7;1250;
foirai;6;7280;
saisines;8;186000;
recoupais;9;1250;
sacralises;10;8030;
embouteillons;13;11600;
pivotasse;9;2600;
actionnaire;11;4340000;
sorcelleries;12;120000;
entreprise;10;380000000;
nichassent;10;1410;
bivalves;8;1940000;
ossifieras;10;1530;
valablement;11;1690000;
lignifiant;10;4680;
raclons;7;3990;
estropier;9;69800;
mobilisasse;11;1190;
musardais;9;1200;
rebroussez;10;24400;
cardeuse;8;372000;
retardateur;11;690000;
simplets;8;56700;
enfleras;8;2220;
fameuse;7;10900000;
parqueta;8;901000;
ronflasses;10;1080;
escrimeraient;13;1750;
urinant;7;137000;
embarquas;9;4080;
fessier;7;1800000;
protocoles;10;5100000;
coccinelles;11;1810000;
rengraisser;11;4060;
physiocrate;11;15000;
sursautes;9;6240;
triturant;9;66600;
estiverais;10;1390;
batifolerions;13;3340;
gaffassions;11;1180;
sertirais;9;1760;
parrainage;10;8660000;
flageolons;10;1380;
transcendasses;14;1160;
aquilin;7;476000;
introduisait;12;249000;
psychanalyses;13;51200;
plastronnent;12;9180;
entassais;9;4210;
toiseriez;9;3140;
foiriez;7;1250;
foirai;6;7280;
saisines;8;186000;
recoupais;9;1250;
sacralises;10;8010;
embouteillons;13;11600;
pivotasse;9;2600;
actionnaire;11;4340000;
sorcelleries;12;120000;
entreprise;10;380000000;
nichassent;10;1410;
bivalves;8;1940000;
ossifieras;10;1530;
valablement;11;1690000;
lignifiant;10;4680;
raclons;7;3990;
estropier;9;69800;
mobilisasse;11;1190;
musardais;9;1200;
rebroussez;10;24400;
cardeuse;8;372000;
retardateur;11;690000;
simplets;8;56700;
enfleras;8;2220;
fameuse;7;10900000;
parqueta;8;901000;
ronflasses;10;1080;
escrimeraient;13;1750;
urinant;7;137000;
embarquas;9;4080;
fessier;7;1800000;
protocoles;10;5100000;
coccinelles;11;1810000;
rengraisser;11;4060;
physiocrate;11;15000;
sursautes;9;6240;
triturant;9;66600;
estiverais;10;1390;
batifolerions;13;3340;
gaffassions;11;1180;
sertirais;9;1760;
parrainage;10;8660000;
flageolons;10;1380;
transcendasses;14;1160;
aquilin;7;475000;
introduisait;12;249000;
psychanalyses;13;51200;
plastronnent;12;9180;
entassais;9;4210;
toiseriez;9;3140;
foiriez;7;1250;
foirai;6;7280;
saisines;8;186000;
recoupais;9;1250;
sacralises;10;8020;
embouteillons;13;11600;
pivotasse;9;2600;
actionnaire;11;4340000;
sorcelleries;12;120000;
entreprise;10;380000000;
nichassent;10;1410;
bivalves;8;1940000;
ossifieras;10;1530;
valablement;11;1690000;
lignifiant;10;4680;
raclons;7;3990;
estropier;9;69800;
mobilisasse;11;1190;
musardais;9;1200;
rebroussez;10;24400;
cardeuse;8;372000;
retardateur;11;690000;
simplets;8;56700;
enfleras;8;2220;
fameuse;7;10900000;
parqueta;8;901000;
ronflasses;10;1080;
escrimeraient;13;1750;
urinant;7;137000;
embarquas;9;4080;
fessier;7;1800000;
protocoles;10;5100000;
coccinelles;11;1810000;
rengraisser;11;4060;
physiocrate;11;15000;
sursautes;9;6240;
triturant;9;66600;
estiverais;10;1390;
batifolerions;13;3340;
gaffassions;11;1180;
sertirais;9;1760;
parrainage;10;8660000;
flageolons;10;1380;
transcendasses;14;1160;
aquilin;7;475000;
introduisait;12;249000;
psychanalyses;13;51200;
plastronnent;12;9170;
entassais;9;4210;
toiseriez;9;3140;
foiriez;7;1250;
foirai;6;7280;
saisines;8;186000;
recoupais;9;1250;
sacralises;10;8030;
embouteillons;13;11600;
pivotasse;9;2600;
actionnaire;11;4340000;
sorcelleries;12;120000;
entreprise;10;380000000;
nichassent;10;1410;
bivalves;8;1940000;
ossifieras;10;1530;
valablement;11;1690000;
lignifiant;10;4680;
raclons;7;3990;
estropier;9;69800;
mobilisasse;11;1190;
musardais;9;1200;
rebroussez;10;24400;
cardeuse;8;372000;
retardateur;11;690000;
simplets;8;56700;
enfleras;8;2220;
fameuse;7;10900000;
parqueta;8;901000;
ronflasses;10;1080;
escrimeraient;13;1750;
urinant;7;137000;
embarquas;9;4080;
fessier;7;1800000;
protocoles;10;5100000;
coccinelles;11;1810000;
rengraisser;11;4060;
physiocrate;11;15000;
sursautes;9;6240;
triturant;9;66600;
estiverais;10;1390;
batifolerions;13;3340;
gaffassions;11;1180;
sertirais;9;1760;
parrainage;10;8660000;
flageolons;10;1390;
transcendasses;14;1160;
aquilin;7;475000;
introduisait;12;249000;
psychanalyses;13;51200;
plastronnent;12;9170;
entassais;9;4210;
toiseriez;9;3140;
foiriez;7;1250;
foirai;6;7280;
saisines;8;186000;
recoupais;9;1250;
sacralises;10;8030;
embouteillons;13;11600;
pivotasse;9;2600;
actionnaire;11;4340000;
sorcelleries;12;120000;
entreprise;10;380000000;
nichassent;10;1410;
bivalves;8;1940000;
ossifieras;10;1530;
valablement;11;1690000;
lignifiant;10;4680;
raclons;7;3990;
estropier;9;69800;
mobilisasse;11;1190;
musardais;9;1200;
rebroussez;10;24400;
cardeuse;8;372000;
retardateur;11;690000;
simplets;8;56700;
enfleras;8;2220;
fameuse;7;10900000;
parqueta;8;901000;
ronflasses;10;1080;
escrimeraient;13;1750;
urinant;7;137000;
embarquas;9;4080;
fessier;7;1800000;
protocoles;10;5100000;
coccinelles;11;1810000;
rengraisser;11;4060;
physiocrate;11;15000;
sursautes;9;6240;
triturant;9;66600;
estiverais;10;1390;
batifolerions;13;3340;
gaffassions;11;1180;
sertirais;9;1760;
parrainage;10;8660000;
flageolons;10;1380;
transcendasses;14;1160;
aquilin;7;475000;
introduisait;12;249000;
psychanalyses;13;51200;
plastronnent;12;9170;
entassais;9;4210;
toiseriez;9;3140;
foiriez;7;1250;
foirai;6;7280;
saisines;8;186000;
recoupais;9;1250;
sacralises;10;8030;
embouteillons;13;11600;
pivotasse;9;2600;
actionnaire;11;4340000;
sorcelleries;12;120000;
entreprise;10;380000000;
nichassent;10;1410;
bivalves;8;1940000;
ossifieras;10;1530;
valablement;11;1690000;
lignifiant;10;4680;
raclons;7;3990;
estropier;9;69800;
mobilisasse;11;1190;
musardais;9;1200;
rebroussez;10;24400;
cardeuse;8;372000;
retardateur;11;690000;
simplets;8;56700;
enfleras;8;2220;
fameuse;7;10900000;
parqueta;8;901000;
ronflasses;10;1080;
escrimeraient;13;1750;
urinant;7;137000;
embarquas;9;4080;
fessier;7;1800000;
protocoles;10;5100000;
coccinelles;11;1810000;
rengraisser;11;4060;
physiocrate;11;15000;
sursautes;9;6240;
triturant;9;66600;
estiverais;10;1390;
batifolerions;13;3340;
gaffassions;11;1180;
sertirais;9;1760;
parrainage;10;8660000;
flageolons;10;1390;
transcendasses;14;1160;
aquilin;7;475000;
introduisait;12;249000;
psychanalyses;13;51200;
plastronnent;12;9170;
entassais;9;4210;
toiseriez;9;3140;
foiriez;7;1250;
foirai;6;7280;
saisines;8;186000;
recoupais;9;1250;
sacralises;10;8020;
embouteillons;13;11600;
pivotasse;9;2600;
actionnaire;11;4340000;
sorcelleries;12;120000;
entreprise;10;380000000;
nichassent;10;1410;
bivalves;8;1940000;
ossifieras;10;1530;
valablement;11;1690000;
lignifiant;10;4680;
raclons;7;3990;
estropier;9;69800;
mobilisasse;11;1190;
musardais;9;1200;
rebroussez;10;24400;
cardeuse;8;372000;
retardateur;11;690000;
simplets;8;56700;
enfleras;8;2220;
fameuse;7;10900000;
parqueta;8;901000;
ronflasses;10;1080;
escrimeraient;13;1750;
urinant;7;137000;
embarquas;9;4080;
fessier;7;1800000;
protocoles;10;5100000;
coccinelles;11;1810000;
rengraisser;11;4060;
physiocrate;11;15000;
sursautes;9;6240;
triturant;9;66600;
estiverais;10;1390;
batifolerions;13;3340;
gaffassions;11;1180;
sertirais;9;1760;
parrainage;10;8660000;
flageolons;10;1380;
transcendasses;14;1160;
aquilin;7;475000;
introduisait;12;249000;
psychanalyses;13;51200;
plastronnent;12;9170;
entassais;9;4210;
toiseriez;9;3140;
foiriez;7;1250;
foirai;6;7280;
saisines;8;186000;
recoupais;9;1250;
sacralises;10;8020;
embouteillons;13;11600;
pivotasse;9;2600;
actionnaire;11;4340000;
sorcelleries;12;120000;
entreprise;10;380000000;
nichassent;10;1410;
bivalves;8;1940000;
ossifieras;10;1530;
valablement;11;1690000;
lignifiant;10;4680;
raclons;7;3990;
estropier;9;69800;
mobilisasse;11;1190;
musardais;9;1200;
rebroussez;10;24400;
cardeuse;8;372000;
retardateur;11;690000;
simplets;8;56700;
enfleras;8;2220;
fameuse;7;10900000;
parqueta;8;901000;
ronflasses;10;1080;
escrimeraient;13;1750;
urinant;7;137000;
embarquas;9;4080;
fessier;7;1800000;
protocoles;10;5100000;
coccinelles;11;1810000;
rengraisser;11;4060;
physiocrate;11;15000;
sursautes;9;6240;
triturant;9;66600;
estiverais;10;1390;
batifolerions;13;3340;
gaffassions;11;1180;
sertirais;9;1760;
parrainage;10;8660000;
flageolons;10;1390;
transcendasses;14;1160;
aquilin;7;475000;
introduisait;12;249000;
psychanalyses;13;51200;
plastronnent;12;9170;
entassais;9;4210;
toiseriez;9;3140;
foiriez;7;1250;
foirai;6;7280;
saisines;8;186000;
recoupais;9;1250;
sacralises;10;8030;
embouteillons;13;11600;
pivotasse;9;2600;
actionnaire;11;4340000;
sorcelleries;12;121000;
entreprise;10;380000000;
nichassent;10;1410;
bivalves;8;1940000;
ossifieras;10;1530;
valablement;11;1690000;
lignifiant;10;4680;
raclons;7;3990;
estropier;9;69800;
mobilisasse;11;1190;
musardais;9;1200;
rebroussez;10;24400;
cardeuse;8;372000;
retardateur;11;690000;
simplets;8;56700;
enfleras;8;2220;
fameuse;7;10900000;
parqueta;8;901000;
ronflasses;10;1080;
escrimeraient;13;1750;
urinant;7;137000;
embarquas;9;4080;
fessier;7;1800000;
protocoles;10;5100000;
coccinelles;11;1810000;
rengraisser;11;4060;
physiocrate;11;15000;
sursautes;9;6240;
triturant;9;66600;
estiverais;10;1390;
batifolerions;13;3340;
gaffassions;11;1180;
sertirais;9;1760;
parrainage;10;8660000;
flageolons;10;1390;
transcendasses;14;1160;
aquilin;7;475000;
introduisait;12;249000;
psychanalyses;13;51200;
plastronnent;12;9170;
entassais;9;4210;
toiseriez;9;3140;
foiriez;7;1250;
foirai;6;7280;
saisines;8;186000;
recoupais;9;1250;
sacralises;10;8020;
embouteillons;13;11600;
pivotasse;9;2600;
actionnaire;11;4340000;
sorcelleries;12;121000;
entreprise;10;380000000;
nichassent;10;1410;
bivalves;8;1940000;
ossifieras;10;1530;
valablement;11;1690000;
lignifiant;10;4680;
raclons;7;3990;
estropier;9;69800;
mobilisasse;11;1190;
musardais;9;1200;
rebroussez;10;24400;
cardeuse;8;372000;
retardateur;11;690000;
simplets;8;56700;
enfleras;8;2220;
fameuse;7;10900000;
parqueta;8;901000;
ronflasses;10;1080;
escrimeraient;13;1750;
urinant;7;137000;
embarquas;9;4080;
fessier;7;1800000;
protocoles;10;5100000;
coccinelles;11;1810000;
rengraisser;11;4060;
physiocrate;11;15000;
sursautes;9;6240;
triturant;9;66600;
estiverais;10;1390;
batifolerions;13;3340;
gaffassions;11;1180;
sertirais;9;1760;
parrainage;10;8660000;
flageolons;10;1390;
transcendasses;14;1160;
aquilin;7;475000;
introduisait;12;249000;
psychanalyses;13;51200;
plastronnent;12;9170;
entassais;9;4210;
toiseriez;9;3140;
foiriez;7;1250;
foirai;6;7280;
saisines;8;186000;
recoupais;9;1250;
sacralises;10;8030;
embouteillons;13;11600;
pivotasse;9;2600;
actionnaire;11;4340000;
sorcelleries;12;121000;
entreprise;10;380000000;
nichassent;10;1410;
bivalves;8;1940000;
ossifieras;10;1530;
valablement;11;1690000;
lignifiant;10;4680;
raclons;7;3990;
estropier;9;69800;
mobilisasse;11;1190;
musardais;9;1200;
rebroussez;10;24400;
cardeuse;8;372000;
retardateur;11;690000;
simplets;8;56700;
enfleras;8;2220;
fameuse;7;10900000;
parqueta;8;901000;
ronflasses;10;1080;
escrimeraient;13;1750;
urinant;7;137000;
embarquas;9;4080;
fessier;7;1800000;
protocoles;10;5100000;
coccinelles;11;1810000;
rengraisser;11;4060;
physiocrate;11;15000;
sursautes;9;6240;
triturant;9;66600;
estiverais;10;1390;
batifolerions;13;3340;
gaffassions;11;1180;
sertirais;9;1760;
parrainage;10;8660000;
flageolons;10;1390;
transcendasses;14;1160;
aquilin;7;475000;
introduisait;12;249000;
psychanalyses;13;51200;
plastronnent;12;9170;
entassais;9;4210;
toiseriez;9;3140;
foiriez;7;1250;
foirai;6;7280;
saisines;8;186000;
recoupais;9;1250;
sacralises;10;8020;
embouteillons;13;11600;
pivotasse;9;2600;
actionnaire;11;4340000;
sorcelleries;12;121000;
entreprise;10;380000000;
nichassent;10;1410;
bivalves;8;1940000;
ossifieras;10;1530;
valablement;11;1690000;
lignifiant;10;4680;
raclons;7;3990;
estropier;9;69800;
mobilisasse;11;1190;
musardais;9;1200;
rebroussez;10;24400;
cardeuse;8;372000;
retardateur;11;690000;
simplets;8;56700;
enfleras;8;2220;
fameuse;7;10900000;
parqueta;8;901000;
ronflasses;10;1080;
escrimeraient;13;1750;
urinant;7;137000;
embarquas;9;4080;
fessier;7;1800000;
protocoles;10;5100000;
coccinelles;11;1810000;
rengraisser;11;4060;
physiocrate;11;15000;
sursautes;9;6240;
triturant;9;66600;
estiverais;10;1390;
batifolerions;13;3340;
gaffassions;11;1180;
sertirais;9;1760;
parrainage;10;8660000;
flageolons;10;1390;
transcendasses;14;1160;
aquilin;7;475000;
introduisait;12;249000;
psychanalyses;13;51200;
plastronnent;12;9170;
entassais;9;4210;
toiseriez;9;3140;
foiriez;7;1250;
foirai;6;7280;
saisines;8;186000;
recoupais;9;1250;
sacralises;10;8020;
embouteillons;13;11600;
pivotasse;9;2600;
actionnaire;11;4340000;
sorcelleries;12;121000;
entreprise;10;380000000;
nichassent;10;1410;
bivalves;8;1940000;
ossifieras;10;1530;
valablement;11;1690000;
lignifiant;10;4680;
raclons;7;3990;
estropier;9;69800;
mobilisasse;11;1190;
musardais;9;1200;
rebroussez;10;24400;
cardeuse;8;372000;
retardateur;11;690000;
simplets;8;56700;
enfleras;8;2220;
fameuse;7;10900000;
parqueta;8;901000;
ronflasses;10;1080;
escrimeraient;13;1750;
urinant;7;137000;
embarquas;9;4080;
fessier;7;1800000;
protocoles;10;5100000;
coccinelles;11;1810000;
rengraisser;11;4060;
physiocrate;11;15000;
sursautes;9;6240;
triturant;9;66600;
estiverais;10;1390;
batifolerions;13;3340;
gaffassions;11;1180;
sertirais;9;1760;
parrainage;10;8660000;
flageolons;10;1380;
transcendasses;14;1160;
aquilin;7;475000;
introduisait;12;249000;
psychanalyses;13;51200;
plastronnent;12;9170;
entassais;9;4210;
toiseriez;9;3140;
foiriez;7;1250;
foirai;6;7280;
saisines;8;186000;
recoupais;9;1250;
sacralises;10;8020;
embouteillons;13;11600;
pivotasse;9;2600;
actionnaire;11;4340000;
sorcelleries;12;121000;
entreprise;10;380000000;
nichassent;10;1410;
bivalves;8;1940000;
ossifieras;10;1530;
valablement;11;1690000;
lignifiant;10;4680;
raclons;7;3990;
estropier;9;69800;
mobilisasse;11;1190;
musardais;9;1200;
rebroussez;10;24400;
cardeuse;8;372000;
retardateur;11;690000;
simplets;8;56700;
enfleras;8;2220;
fameuse;7;10900000;
parqueta;8;901000;
ronflasses;10;1080;
escrimeraient;13;1750;
urinant;7;137000;
embarquas;9;4080;
fessier;7;1800000;
protocoles;10;5100000;
coccinelles;11;1810000;
rengraisser;11;4060;
physiocrate;11;15000;
sursautes;9;6240;
triturant;9;66600;
estiverais;10;1390;
batifolerions;13;3340;
gaffassions;11;1180;
sertirais;9;1760;
parrainage;10;8660000;
flageolons;10;1390;
transcendasses;14;1160;
aquilin;7;475000;
introduisait;12;249000;
psychanalyses;13;51200;
plastronnent;12;9170;
entassais;9;4210;
toiseriez;9;3140;
foiriez;7;1250;
foirai;6;7280;
saisines;8;186000;
recoupais;9;1250;
sacralises;10;8030;
embouteillons;13;11600;
pivotasse;9;2600;
actionnaire;11;4340000;
sorcelleries;12;121000;
entreprise;10;380000000;
nichassent;10;1410;
bivalves;8;1940000;
ossifieras;10;1530;
valablement;11;1690000;
lignifiant;10;4680;
raclons;7;3990;
estropier;9;69800;
mobilisasse;11;1190;
musardais;9;1200;
rebroussez;10;24400;
cardeuse;8;372000;
retardateur;11;690000;
simplets;8;56700;
enfleras;8;2220;
fameuse;7;10900000;
parqueta;8;901000;
ronflasses;10;1080;
escrimeraient;13;1750;
urinant;7;137000;
embarquas;9;4080;
fessier;7;1800000;
protocoles;10;5100000;
coccinelles;11;1810000;
rengraisser;11;4060;
physiocrate;11;15000;
sursautes;9;6240;
triturant;9;66600;
estiverais;10;1390;
batifolerions;13;3340;
gaffassions;11;1180;
sertirais;9;1760;
parrainage;10;8660000;
flageolons;10;1390;
transcendasses;14;1160;
aquilin;7;475000;
introduisait;12;249000;
psychanalyses;13;51200;
plastronnent;12;9170;
entassais;9;4210;
toiseriez;9;3140;
foiriez;7;1250;
foirai;6;7280;
saisines;8;186000;
recoupais;9;1250;
sacralises;10;8020;
embouteillons;13;11600;
pivotasse;9;2600;
actionnaire;11;4340000;
sorcelleries;12;121000;
entreprise;10;380000000;
nichassent;10;1410;
bivalves;8;1940000;
ossifieras;10;1530;
valablement;11;1690000;
lignifiant;10;4680;
raclons;7;3990;
estropier;9;69800;
mobilisasse;11;1190;
musardais;9;1200;
rebroussez;10;24400;
cardeuse;8;372000;
retardateur;11;690000;
simplets;8;56700;
enfleras;8;2220;
fameuse;7;10900000;
parqueta;8;901000;
ronflasses;10;1080;
escrimeraient;13;1750;
urinant;7;137000;
embarquas;9;4080;
fessier;7;1800000;
protocoles;10;5100000;
coccinelles;11;1810000;
rengraisser;11;4060;
physiocrate;11;15000;
sursautes;9;6240;
triturant;9;66600;
estiverais;10;1390;
batifolerions;13;3340;
gaffassions;11;1180;
sertirais;9;1760;
parrainage;10;8660000;
flageolons;10;1390;
transcendasses;14;1160;
aquilin;7;475000;
introduisait;12;249000;
psychanalyses;13;51200;
plastronnent;12;9170;
entassais;9;4210;
toiseriez;9;3140;
foiriez;7;1250;
foirai;6;7280;
saisines;8;186000;
recoupais;9;1250;
sacralises;10;8030;
embouteillons;13;11600;
pivotasse;9;2600;
actionnaire;11;4340000;
sorcelleries;12;121000;
entreprise;10;380000000;
nichassent;10;1410;
bivalves;8;1940000;
ossifieras;10;1530;
valablement;11;1690000;
lignifiant;10;4680;
raclons;7;3990;
estropier;9;69800;
mobilisasse;11;1190;
musardais;9;1200;
rebroussez;10;24400;
cardeuse;8;372000;
retardateur;11;691000;
simplets;8;56700;
enfleras;8;2220;
fameuse;7;10900000;
parqueta;8;901000;
ronflasses;10;1080;
escrimeraient;13;1750;
urinant;7;137000;
embarquas;9;4080;
fessier;7;1800000;
protocoles;10;5100000;
coccinelles;11;1810000;
rengraisser;11;4060;
physiocrate;11;15000;
sursautes;9;6240;
triturant;9;66600;
estiverais;10;1390;
batifolerions;13;3340;
gaffassions;11;1180;
sertirais;9;1760;
parrainage;10;8660000;
flageolons;10;1390;
transcendasses;14;1160;
aquilin;7;475000;
introduisait;12;249000;
psychanalyses;13;51200;
plastronnent;12;9170;
entassais;9;4210;
toiseriez;9;3140;
foiriez;7;1250;
foirai;6;7280;
saisines;8;186000;
recoupais;9;1250;
sacralises;10;8020;
embouteillons;13;11600;
pivotasse;9;2600;
actionnaire;11;4340000;
sorcelleries;12;121000;
entreprise;10;380000000;
nichassent;10;1410;
bivalves;8;1940000;
ossifieras;10;1530;
valablement;11;1690000;
lignifiant;10;4680;
raclons;7;3990;
estropier;9;69800;
mobilisasse;11;1190;
musardais;9;1200;
rebroussez;10;24400;
cardeuse;8;372000;
retardateur;11;691000;
simplets;8;56700;
enfleras;8;2220;
fameuse;7;10900000;
parqueta;8;901000;
ronflasses;10;1080;
escrimeraient;13;1750;
urinant;7;137000;
embarquas;9;4080;
fessier;7;1800000;
protocoles;10;5100000;
coccinelles;11;1810000;
rengraisser;11;4060;
physiocrate;11;15000;
sursautes;9;6240;
triturant;9;66600;
estiverais;10;1390;
batifolerions;13;3340;
gaffassions;11;1180;
sertirais;9;1760;
parrainage;10;8660000;
flageolons;10;1380;
transcendasses;14;1160;
aquilin;7;475000;
introduisait;12;249000;
psychanalyses;13;51200;
plastronnent;12;9170;
entassais;9;4210;
toiseriez;9;3140;
foiriez;7;1250;
foirai;6;7280;
saisines;8;186000;
recoupais;9;1250;
sacralises;10;8020;
embouteillons;13;11600;
pivotasse;9;2600;
actionnaire;11;4340000;
sorcelleries;12;121000;
entreprise;10;380000000;
nichassent;10;1410;
bivalves;8;1940000;
ossifieras;10;1530;
valablement;11;1690000;
lignifiant;10;4680;
raclons;7;3990;
estropier;9;69800;
mobilisasse;11;1190;
musardais;9;1200;
rebroussez;10;24400;
cardeuse;8;372000;
retardateur;11;690000;
simplets;8;56700;
enfleras;8;2220;
fameuse;7;10900000;
parqueta;8;901000;
ronflasses;10;1080;
escrimeraient;13;1750;
urinant;7;137000;
embarquas;9;4080;
fessier;7;1800000;
protocoles;10;5100000;
coccinelles;11;1810000;
rengraisser;11;4060;
physiocrate;11;15000;
sursautes;9;6240;
triturant;9;66600;
estiverais;10;1390;
batifolerions;13;3340;
gaffassions;11;1180;
sertirais;9;1760;
parrainage;10;8660000;
flageolons;10;1390;
transcendasses;14;1160;
aquilin;7;475000;
introduisait;12;249000;
psychanalyses;13;51200;
plastronnent;12;9170;
entassais;9;4210;
toiseriez;9;3140;
foiriez;7;1250;
foirai;6;7280;
saisines;8;186000;
recoupais;9;1250;
sacralises;10;8030;
embouteillons;13;11600;
pivotasse;9;2600;
actionnaire;11;4340000;
sorcelleries;12;121000;
entreprise;10;380000000;
nichassent;10;1410;
bivalves;8;1940000;
ossifieras;10;1530;
valablement;11;1690000;
lignifiant;10;4680;
raclons;7;3990;
estropier;9;69800;
mobilisasse;11;1190;
musardais;9;1200;
rebroussez;10;24400;
cardeuse;8;372000;
retardateur;11;690000;
simplets;8;56700;
enfleras;8;2220;
fameuse;7;10900000;
parqueta;8;901000;
ronflasses;10;1080;
escrimeraient;13;1750;
urinant;7;137000;
embarquas;9;4080;
fessier;7;1800000;
protocoles;10;5100000;
coccinelles;11;1810000;
rengraisser;11;4060;
physiocrate;11;15000;
sursautes;9;6240;
triturant;9;66600;
estiverais;10;1390;
batifolerions;13;3340;
gaffassions;11;1180;
sertirais;9;1760;
parrainage;10;8660000;
flageolons;10;1390;
transcendasses;14;1160;
aquilin;7;475000;
introduisait;12;249000;
psychanalyses;13;51200;
plastronnent;12;9170;
entassais;9;4210;
toiseriez;9;3140;
foiriez;7;1250;
foirai;6;7280;
saisines;8;186000;
recoupais;9;1250;
sacralises;10;8030;
embouteillons;13;11600;
pivotasse;9;2600;
actionnaire;11;4340000;
sorcelleries;12;121000;
entreprise;10;380000000;
nichassent;10;1410;
bivalves;8;1940000;
