stuzzichi;9;40500;
preposti;8;2850000;
tripudiar;9;73200;
varicoso;8;69900;
digitarne;9;18900;
oscurate;8;167000;
radiassimo;10;2190;
potendoli;9;136000;
mitighiate;10;3090;
recederei;9;11400;
evaporavo;9;3020;
premuratevi;11;7850;
citasse;7;395000;
risotto;7;29600000;
restavo;7;95400;
atterrita;9;97300;
spartiremo;10;2590;
permessa;8;825000;
ricadevo;8;4160;
ribellano;9;255000;
moscone;7;1910000;
adonti;6;10900;
pilotaggio;10;710000;
vigilato;8;374000;
completi;8;18700000;
scottiate;9;4580;
imballai;8;2440;
dirigessimo;11;2320;
nano;4;309000000;
scomparve;9;518000;
ingommerei;10;2530;
esortando;9;116000;
tastiere;8;5080000;
attueresti;10;4270;
stizzito;8;136000;
ultimerai;9;3800;
appagato;8;298000;
avvicinarle;11;72800;
ricorso;7;14200000;
arredavi;8;2810;
adirava;7;8030;
erigo;5;347000;
erotico;7;24100000;
cessammo;8;6160;
leccavate;9;4960;
ereditavo;9;4740;
scenografia;11;3430000;
travisata;9;56200;
nasca;5;3730000;
accuditi;8;157000;
stuzzichi;9;40500;
preposti;8;2850000;
tripudiar;9;73200;
varicoso;8;69900;
digitarne;9;18900;
oscurate;8;167000;
radiassimo;10;2190;
potendoli;9;136000;
mitighiate;10;3090;
recederei;9;11400;
evaporavo;9;3020;
premuratevi;11;7860;
citasse;7;395000;
risotto;7;29600000;
restavo;7;95400;
atterrita;9;97300;
spartiremo;10;2590;
permessa;8;825000;
ricadevo;8;4160;
ribellano;9;255000;
moscone;7;1910000;
adonti;6;10900;
pilotaggio;10;710000;
vigilato;8;374000;
completi;8;18700000;
scottiate;9;4580;
imballai;8;2440;
dirigessimo;11;2320;
nano;4;309000000;
scomparve;9;518000;
ingommerei;10;2530;
esortando;9;116000;
tastiere;8;5080000;
attueresti;10;4270;
stizzito;8;136000;
ultimerai;9;3800;
appagato;8;298000;
avvicinarle;11;72800;
ricorso;7;14200000;
arredavi;8;2810;
adirava;7;8030;
erigo;5;347000;
erotico;7;24100000;
cessammo;8;6160;
leccavate;9;4960;
ereditavo;9;4740;
scenografia;11;3430000;
travisata;9;56200;
nasca;5;3730000;
accuditi;8;157000;
stuzzichi;9;40500;
preposti;8;2850000;
tripudiar;9;73200;
varicoso;8;69900;
digitarne;9;18900;
oscurate;8;167000;
radiassimo;10;2190;
potendoli;9;136000;
mitighiate;10;3090;
recederei;9;11400;
evaporavo;9;3020;
premuratevi;11;7860;
citasse;7;395000;
risotto;7;29600000;
restavo;7;95400;
atterrita;9;97300;
spartiremo;10;2590;
permessa;8;825000;
ricadevo;8;4160;
ribellano;9;255000;
moscone;7;1910000;
adonti;6;10900;
pilotaggio;10;710000;
vigilato;8;374000;
completi;8;18700000;
scottiate;9;4580;
imballai;8;2440;
dirigessimo;11;2320;
nano;4;309000000;
scomparve;9;518000;
ingommerei;10;2530;
esortando;9;116000;
tastiere;8;5080000;
attueresti;10;4270;
stizzito;8;136000;
ultimerai;9;3800;
appagato;8;298000;
avvicinarle;11;72800;
ricorso;7;14200000;
arredavi;8;2810;
adirava;7;8030;
erigo;5;347000;
erotico;7;24100000;
cessammo;8;6160;
leccavate;9;4960;
ereditavo;9;4740;
scenografia;11;3430000;
travisata;9;56200;
nasca;5;3730000;
accuditi;8;157000;
stuzzichi;9;40500;
preposti;8;2850000;
tripudiar;9;73200;
varicoso;8;69900;
digitarne;9;18900;
oscurate;8;167000;
radiassimo;10;2190;
potendoli;9;136000;
mitighiate;10;3090;
recederei;9;11400;
evaporavo;9;3020;
premuratevi;11;7860;
citasse;7;395000;
risotto;7;29600000;
restavo;7;95400;
atterrita;9;97300;
spartiremo;10;2590;
permessa;8;825000;
ricadevo;8;4160;
ribellano;9;255000;
moscone;7;1910000;
adonti;6;10900;
pilotaggio;10;710000;
vigilato;8;374000;
completi;8;18700000;
scottiate;9;4580;
imballai;8;2440;
dirigessimo;11;2320;
nano;4;309000000;
scomparve;9;518000;
ingommerei;10;2530;
esortando;9;116000;
tastiere;8;5080000;
attueresti;10;4270;
stizzito;8;136000;
ultimerai;9;3800;
appagato;8;298000;
avvicinarle;11;72800;
ricorso;7;14200000;
arredavi;8;2810;
adirava;7;8030;
erigo;5;347000;
erotico;7;24100000;
cessammo;8;6160;
leccavate;9;4960;
ereditavo;9;4740;
scenografia;11;3420000;
travisata;9;56200;
nasca;5;3730000;
accuditi;8;157000;
stuzzichi;9;40500;
preposti;8;2850000;
tripudiar;9;73200;
varicoso;8;69900;
digitarne;9;18900;
oscurate;8;167000;
radiassimo;10;2190;
potendoli;9;136000;
mitighiate;10;3090;
recederei;9;11400;
evaporavo;9;3020;
premuratevi;11;7860;
citasse;7;395000;
risotto;7;29600000;
restavo;7;95400;
atterrita;9;97300;
spartiremo;10;2590;
permessa;8;825000;
ricadevo;8;4160;
ribellano;9;255000;
moscone;7;1910000;
adonti;6;10900;
pilotaggio;10;710000;
vigilato;8;374000;
completi;8;18700000;
scottiate;9;4580;
imballai;8;2440;
dirigessimo;11;2320;
nano;4;309000000;
scomparve;9;518000;
ingommerei;10;2530;
esortando;9;116000;
tastiere;8;5080000;
attueresti;10;4270;
stizzito;8;136000;
ultimerai;9;3800;
appagato;8;298000;
avvicinarle;11;72800;
ricorso;7;14200000;
arredavi;8;2810;
adirava;7;8030;
erigo;5;347000;
erotico;7;24100000;
cessammo;8;6160;
leccavate;9;4960;
ereditavo;9;4740;
scenografia;11;3420000;
travisata;9;56200;
nasca;5;3730000;
accuditi;8;157000;
stuzzichi;9;40500;
preposti;8;2850000;
tripudiar;9;73200;
varicoso;8;69900;
digitarne;9;18900;
oscurate;8;167000;
radiassimo;10;2190;
potendoli;9;136000;
mitighiate;10;3090;
recederei;9;11400;
evaporavo;9;3020;
premuratevi;11;7860;
citasse;7;395000;
risotto;7;29600000;
restavo;7;95400;
atterrita;9;97300;
spartiremo;10;2590;
permessa;8;825000;
ricadevo;8;4160;
ribellano;9;255000;
moscone;7;1910000;
adonti;6;10900;
pilotaggio;10;710000;
vigilato;8;374000;
completi;8;18700000;
scottiate;9;4580;
imballai;8;2440;
dirigessimo;11;2320;
nano;4;309000000;
scomparve;9;518000;
ingommerei;10;2530;
esortando;9;116000;
tastiere;8;5080000;
attueresti;10;4270;
stizzito;8;136000;
ultimerai;9;3800;
appagato;8;298000;
avvicinarle;11;72800;
ricorso;7;14200000;
arredavi;8;2810;
adirava;7;8030;
erigo;5;347000;
erotico;7;24100000;
cessammo;8;6160;
leccavate;9;4960;
ereditavo;9;4740;
scenografia;11;3420000;
travisata;9;56200;
nasca;5;3730000;
accuditi;8;157000;
stuzzichi;9;40500;
preposti;8;2850000;
tripudiar;9;73200;
varicoso;8;69900;
digitarne;9;18900;
oscurate;8;167000;
radiassimo;10;2190;
potendoli;9;136000;
mitighiate;10;3090;
recederei;9;11400;
evaporavo;9;3020;
premuratevi;11;7860;
citasse;7;395000;
risotto;7;29600000;
restavo;7;95400;
atterrita;9;97300;
spartiremo;10;2590;
permessa;8;825000;
ricadevo;8;4160;
ribellano;9;255000;
moscone;7;1910000;
adonti;6;10900;
pilotaggio;10;710000;
vigilato;8;374000;
completi;8;18700000;
scottiate;9;4580;
imballai;8;2440;
dirigessimo;11;2320;
nano;4;309000000;
scomparve;9;518000;
ingommerei;10;2530;
esortando;9;116000;
tastiere;8;5080000;
attueresti;10;4270;
stizzito;8;136000;
ultimerai;9;3800;
appagato;8;298000;
avvicinarle;11;72800;
ricorso;7;14200000;
arredavi;8;2810;
adirava;7;8030;
erigo;5;347000;
erotico;7;24100000;
cessammo;8;6160;
leccavate;9;4710;
ereditavo;9;4740;
scenografia;11;3420000;
travisata;9;56200;
nasca;5;3730000;
accuditi;8;157000;
stuzzichi;9;40500;
preposti;8;2850000;
tripudiar;9;73200;
varicoso;8;69900;
digitarne;9;18900;
oscurate;8;167000;
radiassimo;10;2190;
potendoli;9;136000;
mitighiate;10;3090;
recederei;9;11400;
evaporavo;9;3020;
premuratevi;11;7860;
citasse;7;395000;
risotto;7;29600000;
restavo;7;95400;
atterrita;9;97300;
spartiremo;10;2590;
permessa;8;825000;
ricadevo;8;4160;
ribellano;9;255000;
moscone;7;1910000;
adonti;6;10900;
pilotaggio;10;710000;
vigilato;8;374000;
completi;8;18700000;
scottiate;9;4580;
imballai;8;2440;
dirigessimo;11;2320;
nano;4;309000000;
scomparve;9;518000;
ingommerei;10;2530;
esortando;9;116000;
tastiere;8;5080000;
attueresti;10;4270;
stizzito;8;136000;
ultimerai;9;3800;
appagato;8;298000;
avvicinarle;11;72800;
ricorso;7;14200000;
arredavi;8;2810;
adirava;7;8030;
erigo;5;347000;
erotico;7;24100000;
cessammo;8;6160;
leccavate;9;4710;
ereditavo;9;4740;
scenografia;11;3420000;
travisata;9;56200;
nasca;5;3730000;
accuditi;8;157000;
stuzzichi;9;40500;
preposti;8;2850000;
tripudiar;9;73200;
varicoso;8;69900;
digitarne;9;18900;
oscurate;8;167000;
radiassimo;10;2190;
potendoli;9;136000;
mitighiate;10;3090;
recederei;9;11400;
evaporavo;9;3020;
premuratevi;11;7860;
citasse;7;395000;
risotto;7;29600000;
restavo;7;95400;
atterrita;9;97300;
spartiremo;10;2590;
permessa;8;825000;
ricadevo;8;4160;
ribellano;9;255000;
moscone;7;1910000;
adonti;6;10900;
pilotaggio;10;710000;
vigilato;8;374000;
completi;8;18700000;
scottiate;9;4580;
imballai;8;2440;
dirigessimo;11;2320;
nano;4;309000000;
scomparve;9;518000;
ingommerei;10;2530;
esortando;9;116000;
tastiere;8;5080000;
attueresti;10;4270;
stizzito;8;136000;
ultimerai;9;3800;
appagato;8;298000;
avvicinarle;11;29200;
ricorso;7;14200000;
arredavi;8;2810;
adirava;7;8030;
erigo;5;347000;
erotico;7;24100000;
cessammo;8;6160;
leccavate;9;4710;
ereditavo;9;4740;
scenografia;11;3420000;
travisata;9;56200;
nasca;5;3730000;
accuditi;8;157000;
stuzzichi;9;40500;
preposti;8;2850000;
tripudiar;9;73200;
varicoso;8;69900;
digitarne;9;18900;
oscurate;8;167000;
radiassimo;10;2190;
potendoli;9;136000;
mitighiate;10;3090;
recederei;9;11400;
evaporavo;9;3020;
premuratevi;11;7860;
citasse;7;395000;
risotto;7;29600000;
restavo;7;95400;
atterrita;9;97300;
spartiremo;10;2590;
permessa;8;825000;
ricadevo;8;4150;
ribellano;9;255000;
moscone;7;1910000;
adonti;6;10900;
pilotaggio;10;710000;
vigilato;8;374000;
completi;8;18700000;
scottiate;9;4580;
imballai;8;2440;
dirigessimo;11;2320;
nano;4;309000000;
scomparve;9;518000;
ingommerei;10;2530;
esortando;9;116000;
tastiere;8;5080000;
attueresti;10;4270;
stizzito;8;136000;
ultimerai;9;3800;
appagato;8;298000;
avvicinarle;11;29200;
ricorso;7;14200000;
arredavi;8;2810;
adirava;7;8030;
erigo;5;347000;
erotico;7;24100000;
cessammo;8;6160;
leccavate;9;4710;
ereditavo;9;4740;
scenografia;11;3420000;
travisata;9;56200;
nasca;5;3730000;
accuditi;8;157000;
stuzzichi;9;40500;
preposti;8;2850000;
tripudiar;9;73200;
varicoso;8;69900;
digitarne;9;18900;
oscurate;8;167000;
radiassimo;10;2190;
potendoli;9;136000;
mitighiate;10;3090;
recederei;9;11400;
evaporavo;9;3020;
premuratevi;11;7860;
citasse;7;395000;
risotto;7;29600000;
restavo;7;95400;
atterrita;9;97300;
spartiremo;10;2590;
permessa;8;825000;
ricadevo;8;4150;
ribellano;9;255000;
moscone;7;1910000;
adonti;6;10900;
pilotaggio;10;710000;
vigilato;8;374000;
completi;8;18700000;
scottiate;9;4580;
imballai;8;2440;
dirigessimo;11;2320;
nano;4;309000000;
scomparve;9;518000;
ingommerei;10;2530;
esortando;9;116000;
tastiere;8;5080000;
attueresti;10;4270;
stizzito;8;136000;
ultimerai;9;3800;
appagato;8;298000;
avvicinarle;11;29200;
ricorso;7;14200000;
arredavi;8;2810;
adirava;7;8030;
erigo;5;347000;
erotico;7;24100000;
cessammo;8;6160;
leccavate;9;4710;
ereditavo;9;4740;
scenografia;11;3420000;
travisata;9;56200;
nasca;5;3730000;
accuditi;8;157000;
stuzzichi;9;40500;
preposti;8;2850000;
tripudiar;9;73200;
varicoso;8;69900;
digitarne;9;18900;
oscurate;8;167000;
radiassimo;10;2190;
potendoli;9;136000;
mitighiate;10;3090;
recederei;9;11400;
evaporavo;9;3020;
premuratevi;11;7860;
citasse;7;395000;
risotto;7;29600000;
restavo;7;95400;
atterrita;9;97300;
spartiremo;10;2590;
permessa;8;825000;
ricadevo;8;4150;
ribellano;9;255000;
moscone;7;1910000;
adonti;6;10900;
pilotaggio;10;710000;
vigilato;8;374000;
completi;8;18700000;
scottiate;9;4580;
imballai;8;2440;
dirigessimo;11;2320;
nano;4;309000000;
scomparve;9;518000;
ingommerei;10;2530;
esortando;9;116000;
tastiere;8;5080000;
attueresti;10;4270;
stizzito;8;136000;
ultimerai;9;3800;
appagato;8;298000;
avvicinarle;11;29200;
ricorso;7;14200000;
arredavi;8;2810;
adirava;7;8030;
erigo;5;347000;
erotico;7;24100000;
cessammo;8;6160;
leccavate;9;4710;
ereditavo;9;4740;
scenografia;11;3420000;
travisata;9;56200;
nasca;5;3730000;
accuditi;8;157000;
stuzzichi;9;40500;
preposti;8;2850000;
tripudiar;9;73200;
varicoso;8;69900;
digitarne;9;18900;
oscurate;8;167000;
radiassimo;10;2190;
potendoli;9;136000;
mitighiate;10;3090;
recederei;9;11400;
evaporavo;9;3020;
premuratevi;11;7850;
citasse;7;395000;
risotto;7;29600000;
restavo;7;95400;
atterrita;9;97300;
spartiremo;10;2590;
permessa;8;825000;
ricadevo;8;4150;
ribellano;9;255000;
moscone;7;1910000;
adonti;6;10900;
pilotaggio;10;710000;
vigilato;8;374000;
completi;8;18700000;
scottiate;9;4580;
imballai;8;2440;
dirigessimo;11;2320;
nano;4;309000000;
scomparve;9;518000;
ingommerei;10;2530;
esortando;9;116000;
tastiere;8;5080000;
attueresti;10;4270;
stizzito;8;136000;
ultimerai;9;3800;
appagato;8;298000;
avvicinarle;11;29200;
ricorso;7;14200000;
arredavi;8;2810;
adirava;7;8030;
erigo;5;347000;
erotico;7;24100000;
cessammo;8;6160;
leccavate;9;4710;
ereditavo;9;4740;
scenografia;11;3420000;
travisata;9;56200;
nasca;5;3730000;
accuditi;8;157000;
stuzzichi;9;40500;
preposti;8;2850000;
tripudiar;9;73200;
varicoso;8;69900;
digitarne;9;18900;
oscurate;8;167000;
radiassimo;10;2190;
potendoli;9;136000;
mitighiate;10;3090;
recederei;9;11400;
evaporavo;9;3020;
premuratevi;11;7850;
citasse;7;395000;
risotto;7;29600000;
restavo;7;95400;
atterrita;9;97300;
spartiremo;10;2590;
permessa;8;825000;
ricadevo;8;4150;
ribellano;9;255000;
moscone;7;1910000;
adonti;6;10900;
pilotaggio;10;710000;
vigilato;8;374000;
completi;8;18700000;
scottiate;9;4580;
imballai;8;2440;
dirigessimo;11;2320;
nano;4;309000000;
scomparve;9;518000;
ingommerei;10;2530;
esortando;9;116000;
tastiere;8;5080000;
attueresti;10;4270;
stizzito;8;136000;
ultimerai;9;3800;
appagato;8;298000;
avvicinarle;11;29200;
ricorso;7;14200000;
arredavi;8;2810;
adirava;7;8030;
erigo;5;347000;
erotico;7;24100000;
cessammo;8;6160;
leccavate;9;4710;
ereditavo;9;4740;
scenografia;11;3420000;
travisata;9;56200;
nasca;5;3730000;
accuditi;8;157000;
stuzzichi;9;40500;
preposti;8;2850000;
tripudiar;9;73200;
varicoso;8;69900;
digitarne;9;18900;
oscurate;8;167000;
radiassimo;10;2190;
potendoli;9;136000;
mitighiate;10;3090;
recederei;9;11400;
evaporavo;9;3020;
premuratevi;11;7850;
citasse;7;395000;
risotto;7;29600000;
restavo;7;95400;
atterrita;9;97300;
spartiremo;10;2590;
permessa;8;825000;
ricadevo;8;4150;
ribellano;9;255000;
moscone;7;1910000;
adonti;6;10900;
pilotaggio;10;710000;
vigilato;8;374000;
completi;8;18700000;
scottiate;9;4580;
imballai;8;2440;
dirigessimo;11;2320;
nano;4;309000000;
scomparve;9;518000;
ingommerei;10;2530;
esortando;9;116000;
tastiere;8;5080000;
attueresti;10;4270;
stizzito;8;136000;
ultimerai;9;3800;
appagato;8;298000;
avvicinarle;11;29200;
ricorso;7;14200000;
arredavi;8;2810;
adirava;7;8030;
erigo;5;347000;
erotico;7;24100000;
cessammo;8;6160;
leccavate;9;4710;
ereditavo;9;4740;
scenografia;11;3420000;
travisata;9;56200;
nasca;5;3730000;
accuditi;8;157000;
stuzzichi;9;40500;
preposti;8;2850000;
tripudiar;9;73200;
varicoso;8;69900;
digitarne;9;18900;
oscurate;8;167000;
radiassimo;10;2190;
potendoli;9;136000;
mitighiate;10;3090;
recederei;9;11400;
evaporavo;9;3020;
premuratevi;11;7850;
citasse;7;395000;
risotto;7;29600000;
restavo;7;95400;
atterrita;9;97300;
spartiremo;10;2590;
permessa;8;825000;
ricadevo;8;4150;
ribellano;9;255000;
moscone;7;1910000;
adonti;6;10900;
pilotaggio;10;710000;
vigilato;8;374000;
completi;8;18700000;
scottiate;9;4580;
imballai;8;2440;
dirigessimo;11;2320;
nano;4;309000000;
scomparve;9;518000;
ingommerei;10;2530;
esortando;9;116000;
tastiere;8;5080000;
attueresti;10;4270;
stizzito;8;136000;
ultimerai;9;3800;
appagato;8;298000;
avvicinarle;11;29200;
ricorso;7;14200000;
arredavi;8;2810;
adirava;7;8030;
erigo;5;347000;
erotico;7;24100000;
cessammo;8;6160;
leccavate;9;4710;
ereditavo;9;4740;
scenografia;11;3420000;
travisata;9;56200;
nasca;5;3730000;
accuditi;8;157000;
stuzzichi;9;40500;
preposti;8;2850000;
tripudiar;9;73200;
varicoso;8;69900;
digitarne;9;18900;
oscurate;8;167000;
radiassimo;10;2190;
potendoli;9;136000;
mitighiate;10;3090;
recederei;9;11400;
evaporavo;9;3020;
premuratevi;11;7850;
citasse;7;395000;
risotto;7;29600000;
restavo;7;95400;
atterrita;9;97300;
spartiremo;10;2590;
permessa;8;825000;
ricadevo;8;4150;
ribellano;9;255000;
moscone;7;1910000;
adonti;6;10900;
pilotaggio;10;710000;
vigilato;8;374000;
completi;8;18700000;
scottiate;9;4580;
imballai;8;2440;
dirigessimo;11;2320;
nano;4;309000000;
scomparve;9;518000;
ingommerei;10;2530;
esortando;9;116000;
tastiere;8;5080000;
attueresti;10;4270;
stizzito;8;136000;
ultimerai;9;3800;
appagato;8;298000;
avvicinarle;11;29200;
ricorso;7;14200000;
arredavi;8;2810;
adirava;7;8030;
erigo;5;347000;
erotico;7;24100000;
cessammo;8;6160;
leccavate;9;4710;
ereditavo;9;4740;
scenografia;11;3420000;
travisata;9;56200;
nasca;5;3730000;
accuditi;8;157000;
stuzzichi;9;40500;
preposti;8;2850000;
tripudiar;9;73200;
varicoso;8;69900;
digitarne;9;18900;
oscurate;8;167000;
radiassimo;10;2190;
potendoli;9;136000;
mitighiate;10;3090;
recederei;9;11400;
evaporavo;9;3020;
premuratevi;11;7850;
citasse;7;395000;
risotto;7;29600000;
restavo;7;95400;
atterrita;9;97300;
spartiremo;10;2590;
permessa;8;825000;
ricadevo;8;4150;
ribellano;9;255000;
moscone;7;1910000;
adonti;6;10900;
pilotaggio;10;710000;
vigilato;8;374000;
completi;8;18700000;
scottiate;9;4580;
imballai;8;2440;
dirigessimo;11;2320;
nano;4;309000000;
scomparve;9;518000;
ingommerei;10;2530;
esortando;9;116000;
tastiere;8;5080000;
attueresti;10;4270;
stizzito;8;136000;
ultimerai;9;3800;
appagato;8;298000;
avvicinarle;11;29200;
ricorso;7;14200000;
arredavi;8;2810;
adirava;7;8030;
erigo;5;347000;
erotico;7;24100000;
cessammo;8;6160;
leccavate;9;4710;
ereditavo;9;4740;
scenografia;11;3420000;
travisata;9;56200;
nasca;5;3730000;
accuditi;8;157000;
stuzzichi;9;40500;
preposti;8;2850000;
tripudiar;9;73200;
varicoso;8;69900;
digitarne;9;18900;
oscurate;8;167000;
radiassimo;10;2190;
potendoli;9;136000;
mitighiate;10;3090;
recederei;9;11400;
evaporavo;9;3020;
premuratevi;11;7850;
citasse;7;395000;
risotto;7;29600000;
restavo;7;95400;
atterrita;9;97300;
spartiremo;10;2590;
permessa;8;825000;
ricadevo;8;4150;
ribellano;9;255000;
moscone;7;1910000;
adonti;6;10900;
pilotaggio;10;710000;
vigilato;8;374000;
completi;8;18700000;
scottiate;9;4580;
imballai;8;2440;
dirigessimo;11;2320;
nano;4;309000000;
scomparve;9;518000;
ingommerei;10;2530;
esortando;9;116000;
tastiere;8;5080000;
attueresti;10;4270;
stizzito;8;136000;
ultimerai;9;3800;
appagato;8;298000;
avvicinarle;11;29200;
ricorso;7;14200000;
arredavi;8;2810;
adirava;7;8030;
erigo;5;347000;
erotico;7;24100000;
cessammo;8;6160;
leccavate;9;4710;
ereditavo;9;4740;
scenografia;11;3420000;
travisata;9;56200;
nasca;5;3730000;
accuditi;8;157000;
stuzzichi;9;40500;
preposti;8;2850000;
tripudiar;9;73200;
varicoso;8;69900;
digitarne;9;18900;
oscurate;8;167000;
radiassimo;10;2190;
potendoli;9;136000;
mitighiate;10;3090;
recederei;9;11400;
evaporavo;9;3020;
premuratevi;11;7850;
citasse;7;395000;
risotto;7;29600000;
restavo;7;95400;
atterrita;9;97300;
spartiremo;10;2590;
permessa;8;825000;
ricadevo;8;4150;
ribellano;9;255000;
moscone;7;1910000;
adonti;6;10900;
pilotaggio;10;710000;
vigilato;8;374000;
completi;8;18700000;
scottiate;9;4580;
imballai;8;2440;
dirigessimo;11;2320;
nano;4;309000000;
scomparve;9;518000;
ingommerei;10;2530;
esortando;9;116000;
tastiere;8;5080000;
attueresti;10;4270;
stizzito;8;136000;
ultimerai;9;3800;
appagato;8;298000;
avvicinarle;11;29200;
ricorso;7;14200000;
arredavi;8;2810;
adirava;7;8030;
erigo;5;347000;
erotico;7;24100000;
cessammo;8;6160;
leccavate;9;4710;
ereditavo;9;4740;
scenografia;11;3420000;
travisata;9;56200;
nasca;5;3730000;
accuditi;8;157000;
stuzzichi;9;40500;
preposti;8;2850000;
tripudiar;9;73200;
varicoso;8;69900;
digitarne;9;18900;
oscurate;8;167000;
radiassimo;10;2190;
potendoli;9;136000;
mitighiate;10;3090;
recederei;9;11400;
evaporavo;9;3020;
premuratevi;11;7850;
citasse;7;395000;
risotto;7;29600000;
restavo;7;95400;
atterrita;9;97300;
spartiremo;10;2590;
permessa;8;825000;
ricadevo;8;4150;
ribellano;9;255000;
moscone;7;1910000;
adonti;6;10900;
pilotaggio;10;710000;
vigilato;8;374000;
completi;8;18700000;
scottiate;9;4580;
imballai;8;2440;
dirigessimo;11;2320;
nano;4;309000000;
scomparve;9;518000;
ingommerei;10;2530;
esortando;9;116000;
tastiere;8;5080000;
attueresti;10;4270;
stizzito;8;136000;
ultimerai;9;3800;
appagato;8;298000;
avvicinarle;11;29200;
ricorso;7;14200000;
arredavi;8;2810;
adirava;7;8030;
erigo;5;347000;
erotico;7;24100000;
cessammo;8;6160;
leccavate;9;4960;
ereditavo;9;4740;
scenografia;11;3420000;
travisata;9;56200;
nasca;5;3730000;
accuditi;8;157000;
