zwijg;5;223000;
rouwsluier;10;3290;
henxel;6;107000;
plannen;7;24300000;
setting;7;1140000000;
rijstvelden;11;210000;
opgetrokken;11;2080000;
snakte;6;64700;
kie;3;20600000;
roomkazen;9;16400;
erbij;5;15400000;
tergend;7;174000;
spionage;8;2920000;
bratislava;10;79300000;
weerspanning;12;10500;
rading;6;1250000;
stamelt;7;27200;
stalagmiet;10;9780;
opschreven;10;14100;
afzetter;8;43200;
regenbogen;10;14400000;
fonkelend;9;304000;
verbiedt;8;945000;
maait;5;219000;
hogedrukgebiedje;16;876;
oratie;6;398000;
vazalstaat;10;142000;
mond;4;63300000;
katten;6;16100000;
brooddeeg;9;150000;
ziekbed;7;178000;
bescheid;8;14700000;
catsop;6;200000;
sterrenlicht;12;45000;
bijtel;6;56700;
afwachting;10;1480000;
kaften;6;226000;
kalender;8;203000000;
eerstgenoemde;13;394000;
omwentelingsas;14;2650;
kabinet;7;27200000;
uitwijst;8;65200;
organisatorische;16;5950000;
afgegeerd;9;1760;
platvoeten;10;47400;
toegeroepen;11;107000;
landgoed;8;15900000;
bestel;6;50000000;
opgeschorst;11;591000;
knulletjes;10;13100;
zwijg;5;223000;
rouwsluier;10;3290;
henxel;6;107000;
plannen;7;24300000;
setting;7;1140000000;
rijstvelden;11;210000;
opgetrokken;11;2080000;
snakte;6;64700;
kie;3;20600000;
roomkazen;9;16400;
erbij;5;15400000;
tergend;7;174000;
spionage;8;2920000;
bratislava;10;79300000;
weerspanning;12;10500;
rading;6;1250000;
stamelt;7;27200;
stalagmiet;10;9780;
opschreven;10;14100;
afzetter;8;43200;
regenbogen;10;14400000;
fonkelend;9;304000;
verbiedt;8;945000;
maait;5;219000;
hogedrukgebiedje;16;876;
oratie;6;398000;
vazalstaat;10;142000;
mond;4;63300000;
katten;6;16100000;
brooddeeg;9;150000;
ziekbed;7;178000;
bescheid;8;14700000;
catsop;6;200000;
sterrenlicht;12;45000;
bijtel;6;56700;
afwachting;10;1480000;
kaften;6;226000;
kalender;8;203000000;
eerstgenoemde;13;394000;
omwentelingsas;14;2650;
kabinet;7;27200000;
uitwijst;8;65200;
organisatorische;16;5950000;
afgegeerd;9;1760;
platvoeten;10;47400;
toegeroepen;11;107000;
landgoed;8;15900000;
bestel;6;50000000;
opgeschorst;11;591000;
knulletjes;10;13100;
zwijg;5;223000;
rouwsluier;10;3290;
henxel;6;107000;
plannen;7;24300000;
setting;7;1140000000;
rijstvelden;11;210000;
opgetrokken;11;2080000;
snakte;6;64700;
kie;3;20600000;
roomkazen;9;16400;
erbij;5;15400000;
tergend;7;174000;
spionage;8;2920000;
bratislava;10;79300000;
weerspanning;12;10500;
rading;6;1250000;
stamelt;7;27200;
stalagmiet;10;9780;
opschreven;10;14100;
afzetter;8;43200;
regenbogen;10;14400000;
fonkelend;9;304000;
verbiedt;8;945000;
maait;5;219000;
hogedrukgebiedje;16;876;
oratie;6;398000;
vazalstaat;10;142000;
mond;4;63300000;
katten;6;16100000;
brooddeeg;9;150000;
ziekbed;7;178000;
bescheid;8;14700000;
catsop;6;200000;
sterrenlicht;12;45000;
bijtel;6;56700;
afwachting;10;1480000;
kaften;6;226000;
kalender;8;203000000;
eerstgenoemde;13;394000;
omwentelingsas;14;2650;
kabinet;7;27200000;
uitwijst;8;65200;
organisatorische;16;5950000;
afgegeerd;9;1760;
platvoeten;10;47400;
toegeroepen;11;107000;
landgoed;8;15900000;
bestel;6;50000000;
opgeschorst;11;591000;
knulletjes;10;13100;
zwijg;5;223000;
rouwsluier;10;3290;
henxel;6;107000;
plannen;7;24300000;
setting;7;1140000000;
rijstvelden;11;210000;
opgetrokken;11;2080000;
snakte;6;64700;
kie;3;20600000;
roomkazen;9;16400;
erbij;5;15400000;
tergend;7;174000;
spionage;8;2920000;
bratislava;10;79300000;
weerspanning;12;10500;
rading;6;1250000;
stamelt;7;27200;
stalagmiet;10;9780;
opschreven;10;14100;
afzetter;8;43200;
regenbogen;10;14400000;
fonkelend;9;304000;
verbiedt;8;945000;
maait;5;219000;
hogedrukgebiedje;16;876;
oratie;6;398000;
vazalstaat;10;142000;
mond;4;63300000;
katten;6;16100000;
brooddeeg;9;150000;
ziekbed;7;178000;
bescheid;8;14700000;
catsop;6;200000;
sterrenlicht;12;45000;
bijtel;6;56700;
afwachting;10;1480000;
kaften;6;226000;
kalender;8;203000000;
eerstgenoemde;13;394000;
omwentelingsas;14;2650;
kabinet;7;27200000;
uitwijst;8;65200;
organisatorische;16;5950000;
afgegeerd;9;1760;
platvoeten;10;47400;
toegeroepen;11;107000;
landgoed;8;15900000;
bestel;6;50000000;
opgeschorst;11;591000;
knulletjes;10;13100;
zwijg;5;223000;
rouwsluier;10;3290;
henxel;6;107000;
plannen;7;24300000;
setting;7;1140000000;
rijstvelden;11;210000;
opgetrokken;11;2080000;
snakte;6;64700;
kie;3;20600000;
roomkazen;9;16400;
erbij;5;15400000;
tergend;7;174000;
spionage;8;2920000;
bratislava;10;79300000;
weerspanning;12;10500;
rading;6;1250000;
stamelt;7;27200;
stalagmiet;10;9780;
opschreven;10;14100;
afzetter;8;43200;
regenbogen;10;14400000;
fonkelend;9;304000;
verbiedt;8;945000;
maait;5;219000;
hogedrukgebiedje;16;876;
oratie;6;398000;
vazalstaat;10;142000;
mond;4;63300000;
katten;6;16100000;
brooddeeg;9;150000;
ziekbed;7;178000;
bescheid;8;14700000;
catsop;6;200000;
sterrenlicht;12;45000;
bijtel;6;56700;
afwachting;10;1480000;
kaften;6;226000;
kalender;8;203000000;
eerstgenoemde;13;394000;
omwentelingsas;14;2650;
kabinet;7;27200000;
uitwijst;8;65200;
organisatorische;16;5950000;
afgegeerd;9;1760;
platvoeten;10;47400;
toegeroepen;11;107000;
landgoed;8;15900000;
bestel;6;50000000;
opgeschorst;11;591000;
knulletjes;10;13100;
zwijg;5;223000;
rouwsluier;10;3290;
henxel;6;107000;
plannen;7;24300000;
setting;7;1140000000;
rijstvelden;11;210000;
opgetrokken;11;2080000;
snakte;6;64700;
kie;3;20600000;
roomkazen;9;16400;
erbij;5;15400000;
tergend;7;174000;
spionage;8;2920000;
bratislava;10;79300000;
weerspanning;12;10500;
rading;6;1250000;
stamelt;7;27200;
stalagmiet;10;9780;
opschreven;10;14100;
afzetter;8;43200;
regenbogen;10;14400000;
fonkelend;9;304000;
verbiedt;8;945000;
maait;5;219000;
hogedrukgebiedje;16;876;
oratie;6;398000;
vazalstaat;10;142000;
mond;4;63300000;
katten;6;16100000;
brooddeeg;9;150000;
ziekbed;7;178000;
bescheid;8;14700000;
catsop;6;200000;
sterrenlicht;12;45000;
bijtel;6;56700;
afwachting;10;1480000;
kaften;6;226000;
kalender;8;203000000;
eerstgenoemde;13;394000;
omwentelingsas;14;2650;
kabinet;7;27200000;
uitwijst;8;65200;
organisatorische;16;5950000;
afgegeerd;9;1760;
platvoeten;10;47400;
toegeroepen;11;107000;
landgoed;8;15900000;
bestel;6;50000000;
opgeschorst;11;591000;
knulletjes;10;13100;
zwijg;5;223000;
rouwsluier;10;3290;
henxel;6;107000;
plannen;7;24300000;
setting;7;1140000000;
rijstvelden;11;210000;
opgetrokken;11;2080000;
snakte;6;64700;
kie;3;20600000;
roomkazen;9;16400;
erbij;5;15400000;
tergend;7;174000;
spionage;8;2920000;
bratislava;10;79300000;
weerspanning;12;10500;
rading;6;1250000;
stamelt;7;27200;
stalagmiet;10;9780;
opschreven;10;14100;
afzetter;8;43200;
regenbogen;10;14400000;
fonkelend;9;304000;
verbiedt;8;945000;
maait;5;219000;
hogedrukgebiedje;16;876;
oratie;6;398000;
vazalstaat;10;142000;
mond;4;63300000;
katten;6;16100000;
brooddeeg;9;150000;
ziekbed;7;178000;
bescheid;8;14700000;
catsop;6;200000;
sterrenlicht;12;45000;
bijtel;6;56700;
afwachting;10;1480000;
kaften;6;226000;
kalender;8;203000000;
eerstgenoemde;13;394000;
omwentelingsas;14;2650;
kabinet;7;27200000;
uitwijst;8;65200;
organisatorische;16;5950000;
afgegeerd;9;1760;
platvoeten;10;47400;
toegeroepen;11;107000;
landgoed;8;15900000;
bestel;6;50000000;
opgeschorst;11;590000;
knulletjes;10;13100;
zwijg;5;223000;
rouwsluier;10;3290;
henxel;6;107000;
plannen;7;24300000;
setting;7;1140000000;
rijstvelden;11;210000;
opgetrokken;11;2080000;
snakte;6;64700;
kie;3;20600000;
roomkazen;9;16400;
erbij;5;15400000;
tergend;7;174000;
spionage;8;2920000;
bratislava;10;79300000;
weerspanning;12;10500;
rading;6;1250000;
stamelt;7;27200;
stalagmiet;10;9780;
opschreven;10;14100;
afzetter;8;43200;
regenbogen;10;14400000;
fonkelend;9;304000;
verbiedt;8;945000;
maait;5;219000;
hogedrukgebiedje;16;876;
oratie;6;398000;
vazalstaat;10;142000;
mond;4;63300000;
katten;6;16100000;
brooddeeg;9;150000;
ziekbed;7;178000;
bescheid;8;14700000;
catsop;6;200000;
sterrenlicht;12;45000;
bijtel;6;56700;
afwachting;10;1480000;
kaften;6;226000;
kalender;8;203000000;
eerstgenoemde;13;394000;
omwentelingsas;14;2650;
kabinet;7;27200000;
uitwijst;8;65200;
organisatorische;16;5950000;
afgegeerd;9;1760;
platvoeten;10;47400;
toegeroepen;11;107000;
landgoed;8;15900000;
bestel;6;50000000;
opgeschorst;11;590000;
knulletjes;10;13100;
zwijg;5;223000;
rouwsluier;10;3290;
henxel;6;107000;
plannen;7;24300000;
setting;7;1140000000;
rijstvelden;11;210000;
opgetrokken;11;2080000;
snakte;6;64700;
kie;3;20600000;
roomkazen;9;16400;
erbij;5;15400000;
tergend;7;174000;
spionage;8;2920000;
bratislava;10;79300000;
weerspanning;12;10500;
rading;6;1250000;
stamelt;7;27200;
stalagmiet;10;9780;
opschreven;10;14100;
afzetter;8;43200;
regenbogen;10;14400000;
fonkelend;9;304000;
verbiedt;8;945000;
maait;5;219000;
hogedrukgebiedje;16;876;
oratie;6;398000;
vazalstaat;10;142000;
mond;4;63300000;
katten;6;16100000;
brooddeeg;9;150000;
ziekbed;7;178000;
bescheid;8;14700000;
catsop;6;200000;
sterrenlicht;12;45000;
bijtel;6;56700;
afwachting;10;1480000;
kaften;6;226000;
kalender;8;203000000;
eerstgenoemde;13;394000;
omwentelingsas;14;2650;
kabinet;7;27200000;
uitwijst;8;65200;
organisatorische;16;5950000;
afgegeerd;9;1760;
platvoeten;10;47400;
toegeroepen;11;107000;
landgoed;8;15900000;
bestel;6;50000000;
opgeschorst;11;590000;
knulletjes;10;13100;
zwijg;5;223000;
rouwsluier;10;3290;
henxel;6;107000;
plannen;7;24300000;
setting;7;1140000000;
rijstvelden;11;210000;
opgetrokken;11;2080000;
snakte;6;64700;
kie;3;20600000;
roomkazen;9;16400;
erbij;5;15400000;
tergend;7;174000;
spionage;8;2920000;
bratislava;10;79300000;
weerspanning;12;10500;
rading;6;1250000;
stamelt;7;27200;
stalagmiet;10;9780;
opschreven;10;14100;
afzetter;8;43200;
regenbogen;10;14400000;
fonkelend;9;304000;
verbiedt;8;945000;
maait;5;219000;
hogedrukgebiedje;16;876;
oratie;6;398000;
vazalstaat;10;142000;
mond;4;63300000;
katten;6;16100000;
brooddeeg;9;150000;
ziekbed;7;178000;
bescheid;8;14700000;
catsop;6;200000;
sterrenlicht;12;45000;
bijtel;6;56700;
afwachting;10;1480000;
kaften;6;226000;
kalender;8;203000000;
eerstgenoemde;13;394000;
omwentelingsas;14;2650;
kabinet;7;27200000;
uitwijst;8;65200;
organisatorische;16;5950000;
afgegeerd;9;1760;
platvoeten;10;47400;
toegeroepen;11;107000;
landgoed;8;15900000;
bestel;6;50000000;
opgeschorst;11;590000;
knulletjes;10;13100;
zwijg;5;223000;
rouwsluier;10;3290;
henxel;6;107000;
plannen;7;24300000;
setting;7;1140000000;
rijstvelden;11;210000;
opgetrokken;11;2080000;
snakte;6;64700;
kie;3;20600000;
roomkazen;9;16400;
erbij;5;15400000;
tergend;7;174000;
spionage;8;2920000;
bratislava;10;79300000;
weerspanning;12;10500;
rading;6;1250000;
stamelt;7;27200;
stalagmiet;10;9780;
opschreven;10;14100;
afzetter;8;43200;
regenbogen;10;14400000;
fonkelend;9;304000;
verbiedt;8;945000;
maait;5;219000;
hogedrukgebiedje;16;876;
oratie;6;398000;
vazalstaat;10;142000;
mond;4;63300000;
katten;6;16100000;
brooddeeg;9;150000;
ziekbed;7;178000;
bescheid;8;14700000;
catsop;6;200000;
sterrenlicht;12;45000;
bijtel;6;56700;
afwachting;10;1480000;
kaften;6;226000;
kalender;8;203000000;
eerstgenoemde;13;394000;
omwentelingsas;14;2650;
kabinet;7;27200000;
uitwijst;8;65200;
organisatorische;16;5950000;
afgegeerd;9;1760;
platvoeten;10;47400;
toegeroepen;11;107000;
landgoed;8;15900000;
bestel;6;50000000;
opgeschorst;11;590000;
knulletjes;10;13100;
zwijg;5;223000;
rouwsluier;10;3290;
henxel;6;107000;
plannen;7;24300000;
setting;7;1140000000;
rijstvelden;11;210000;
opgetrokken;11;2080000;
snakte;6;64700;
kie;3;20600000;
roomkazen;9;16400;
erbij;5;15400000;
tergend;7;174000;
spionage;8;2920000;
bratislava;10;79300000;
weerspanning;12;10500;
rading;6;1250000;
stamelt;7;27200;
stalagmiet;10;9780;
opschreven;10;14100;
afzetter;8;43200;
regenbogen;10;14400000;
fonkelend;9;304000;
verbiedt;8;945000;
maait;5;219000;
hogedrukgebiedje;16;876;
oratie;6;398000;
vazalstaat;10;142000;
mond;4;63300000;
katten;6;16100000;
brooddeeg;9;150000;
ziekbed;7;178000;
bescheid;8;14700000;
catsop;6;200000;
sterrenlicht;12;45000;
bijtel;6;56700;
afwachting;10;1480000;
kaften;6;226000;
kalender;8;203000000;
eerstgenoemde;13;394000;
omwentelingsas;14;2650;
kabinet;7;27200000;
uitwijst;8;65200;
organisatorische;16;5950000;
afgegeerd;9;1760;
platvoeten;10;47400;
toegeroepen;11;107000;
landgoed;8;15900000;
bestel;6;50000000;
opgeschorst;11;590000;
knulletjes;10;13100;
zwijg;5;223000;
rouwsluier;10;3290;
henxel;6;107000;
plannen;7;24300000;
setting;7;1140000000;
rijstvelden;11;210000;
opgetrokken;11;2080000;
snakte;6;64700;
kie;3;20600000;
roomkazen;9;16400;
erbij;5;15400000;
tergend;7;174000;
spionage;8;2920000;
bratislava;10;79300000;
weerspanning;12;10500;
rading;6;1250000;
stamelt;7;27200;
stalagmiet;10;9780;
opschreven;10;14100;
afzetter;8;43200;
regenbogen;10;14400000;
fonkelend;9;304000;
verbiedt;8;945000;
maait;5;219000;
hogedrukgebiedje;16;876;
oratie;6;398000;
vazalstaat;10;142000;
mond;4;63300000;
katten;6;16100000;
brooddeeg;9;150000;
ziekbed;7;178000;
bescheid;8;14700000;
catsop;6;200000;
sterrenlicht;12;45000;
bijtel;6;56700;
afwachting;10;1480000;
kaften;6;226000;
kalender;8;203000000;
eerstgenoemde;13;394000;
omwentelingsas;14;2650;
kabinet;7;27200000;
uitwijst;8;65200;
organisatorische;16;5950000;
afgegeerd;9;1760;
platvoeten;10;47400;
toegeroepen;11;107000;
landgoed;8;15900000;
bestel;6;50000000;
opgeschorst;11;590000;
knulletjes;10;13100;
zwijg;5;223000;
rouwsluier;10;3290;
henxel;6;107000;
plannen;7;24300000;
setting;7;1140000000;
rijstvelden;11;210000;
opgetrokken;11;2080000;
snakte;6;64700;
kie;3;20600000;
roomkazen;9;16400;
erbij;5;15400000;
tergend;7;174000;
spionage;8;2920000;
bratislava;10;79300000;
weerspanning;12;10500;
rading;6;1250000;
stamelt;7;27200;
stalagmiet;10;9780;
opschreven;10;14100;
afzetter;8;43200;
regenbogen;10;14400000;
fonkelend;9;304000;
verbiedt;8;945000;
maait;5;219000;
hogedrukgebiedje;16;876;
oratie;6;398000;
vazalstaat;10;142000;
mond;4;63300000;
katten;6;16100000;
brooddeeg;9;150000;
ziekbed;7;178000;
bescheid;8;14700000;
catsop;6;200000;
sterrenlicht;12;45000;
bijtel;6;56700;
afwachting;10;1480000;
kaften;6;226000;
kalender;8;203000000;
eerstgenoemde;13;394000;
omwentelingsas;14;2650;
kabinet;7;27200000;
uitwijst;8;65200;
organisatorische;16;5950000;
afgegeerd;9;1760;
platvoeten;10;47400;
toegeroepen;11;107000;
landgoed;8;15900000;
bestel;6;50000000;
opgeschorst;11;590000;
knulletjes;10;13100;
zwijg;5;223000;
rouwsluier;10;3290;
henxel;6;107000;
plannen;7;24300000;
setting;7;1140000000;
rijstvelden;11;210000;
opgetrokken;11;2080000;
snakte;6;64700;
kie;3;20600000;
roomkazen;9;16400;
erbij;5;15400000;
tergend;7;174000;
spionage;8;2920000;
bratislava;10;79300000;
weerspanning;12;10500;
rading;6;1250000;
stamelt;7;27200;
stalagmiet;10;9780;
opschreven;10;14100;
afzetter;8;43200;
regenbogen;10;14400000;
fonkelend;9;304000;
verbiedt;8;945000;
maait;5;219000;
hogedrukgebiedje;16;876;
oratie;6;398000;
vazalstaat;10;142000;
mond;4;63300000;
katten;6;16100000;
brooddeeg;9;150000;
ziekbed;7;178000;
bescheid;8;14700000;
catsop;6;200000;
sterrenlicht;12;45000;
bijtel;6;56700;
afwachting;10;1480000;
kaften;6;226000;
kalender;8;203000000;
eerstgenoemde;13;394000;
omwentelingsas;14;2650;
kabinet;7;27200000;
uitwijst;8;65200;
organisatorische;16;5950000;
afgegeerd;9;1760;
platvoeten;10;47400;
toegeroepen;11;107000;
landgoed;8;15900000;
bestel;6;50000000;
opgeschorst;11;590000;
knulletjes;10;13100;
zwijg;5;223000;
rouwsluier;10;3290;
henxel;6;107000;
plannen;7;24300000;
setting;7;1140000000;
rijstvelden;11;210000;
opgetrokken;11;2080000;
snakte;6;64700;
kie;3;20600000;
roomkazen;9;16400;
erbij;5;15400000;
tergend;7;174000;
spionage;8;2920000;
bratislava;10;79300000;
weerspanning;12;10500;
rading;6;1250000;
stamelt;7;27200;
stalagmiet;10;9780;
opschreven;10;14100;
afzetter;8;43200;
regenbogen;10;14400000;
fonkelend;9;304000;
verbiedt;8;945000;
maait;5;219000;
hogedrukgebiedje;16;876;
oratie;6;398000;
vazalstaat;10;142000;
mond;4;63300000;
katten;6;16100000;
brooddeeg;9;150000;
ziekbed;7;178000;
bescheid;8;14700000;
catsop;6;200000;
sterrenlicht;12;45000;
bijtel;6;56700;
afwachting;10;1480000;
kaften;6;226000;
kalender;8;203000000;
eerstgenoemde;13;394000;
omwentelingsas;14;2650;
kabinet;7;27200000;
uitwijst;8;65200;
organisatorische;16;5950000;
afgegeerd;9;1760;
platvoeten;10;47400;
toegeroepen;11;107000;
landgoed;8;15900000;
bestel;6;50000000;
opgeschorst;11;590000;
knulletjes;10;13100;
zwijg;5;223000;
rouwsluier;10;3290;
henxel;6;107000;
plannen;7;24300000;
setting;7;1140000000;
rijstvelden;11;210000;
opgetrokken;11;2080000;
snakte;6;64700;
kie;3;20600000;
roomkazen;9;16400;
erbij;5;15400000;
tergend;7;174000;
spionage;8;2920000;
bratislava;10;79300000;
weerspanning;12;10500;
rading;6;1250000;
stamelt;7;27200;
stalagmiet;10;9780;
opschreven;10;14100;
afzetter;8;43200;
regenbogen;10;14400000;
fonkelend;9;304000;
verbiedt;8;945000;
maait;5;219000;
hogedrukgebiedje;16;876;
oratie;6;398000;
vazalstaat;10;142000;
mond;4;63300000;
katten;6;16100000;
brooddeeg;9;150000;
ziekbed;7;178000;
bescheid;8;14700000;
catsop;6;200000;
sterrenlicht;12;45000;
bijtel;6;56700;
afwachting;10;1480000;
kaften;6;226000;
kalender;8;203000000;
eerstgenoemde;13;394000;
omwentelingsas;14;2650;
kabinet;7;27200000;
uitwijst;8;65200;
organisatorische;16;5950000;
afgegeerd;9;1760;
platvoeten;10;47400;
toegeroepen;11;107000;
landgoed;8;15900000;
bestel;6;50000000;
opgeschorst;11;590000;
knulletjes;10;13100;
zwijg;5;223000;
rouwsluier;10;3290;
henxel;6;107000;
plannen;7;24300000;
setting;7;1140000000;
rijstvelden;11;210000;
opgetrokken;11;2080000;
snakte;6;64700;
kie;3;20600000;
roomkazen;9;16400;
erbij;5;15400000;
tergend;7;174000;
spionage;8;2920000;
bratislava;10;79300000;
weerspanning;12;10500;
rading;6;1250000;
stamelt;7;27200;
stalagmiet;10;9780;
opschreven;10;14100;
afzetter;8;43200;
regenbogen;10;14400000;
fonkelend;9;304000;
verbiedt;8;945000;
maait;5;219000;
hogedrukgebiedje;16;876;
oratie;6;398000;
vazalstaat;10;142000;
mond;4;63300000;
katten;6;16100000;
brooddeeg;9;150000;
ziekbed;7;178000;
bescheid;8;14700000;
catsop;6;200000;
sterrenlicht;12;45000;
bijtel;6;56700;
afwachting;10;1480000;
kaften;6;226000;
kalender;8;203000000;
eerstgenoemde;13;394000;
omwentelingsas;14;2650;
kabinet;7;27200000;
uitwijst;8;65200;
organisatorische;16;5950000;
afgegeerd;9;1760;
platvoeten;10;47400;
toegeroepen;11;107000;
landgoed;8;15900000;
bestel;6;50000000;
opgeschorst;11;590000;
knulletjes;10;13100;
zwijg;5;223000;
rouwsluier;10;3290;
henxel;6;107000;
plannen;7;24300000;
setting;7;1140000000;
rijstvelden;11;210000;
opgetrokken;11;2080000;
snakte;6;64700;
kie;3;20600000;
roomkazen;9;16400;
erbij;5;15400000;
tergend;7;174000;
spionage;8;2920000;
bratislava;10;79300000;
weerspanning;12;10500;
rading;6;1250000;
stamelt;7;27200;
stalagmiet;10;9780;
opschreven;10;14100;
afzetter;8;43200;
regenbogen;10;14400000;
fonkelend;9;304000;
verbiedt;8;945000;
maait;5;219000;
hogedrukgebiedje;16;876;
oratie;6;398000;
vazalstaat;10;142000;
mond;4;63300000;
katten;6;16100000;
brooddeeg;9;150000;
ziekbed;7;178000;
bescheid;8;14700000;
catsop;6;200000;
sterrenlicht;12;45000;
bijtel;6;56700;
afwachting;10;1480000;
kaften;6;226000;
kalender;8;203000000;
eerstgenoemde;13;394000;
omwentelingsas;14;2650;
kabinet;7;27200000;
uitwijst;8;65200;
organisatorische;16;5950000;
afgegeerd;9;1760;
platvoeten;10;47400;
toegeroepen;11;107000;
landgoed;8;15900000;
bestel;6;50000000;
opgeschorst;11;590000;
knulletjes;10;13100;
zwijg;5;223000;
rouwsluier;10;3290;
henxel;6;107000;
plannen;7;24300000;
setting;7;1140000000;
rijstvelden;11;210000;
opgetrokken;11;2080000;
snakte;6;64700;
kie;3;20600000;
roomkazen;9;16400;
erbij;5;15400000;
tergend;7;174000;
spionage;8;2920000;
bratislava;10;79300000;
weerspanning;12;10500;
rading;6;1250000;
stamelt;7;27200;
stalagmiet;10;9780;
opschreven;10;14100;
afzetter;8;43200;
regenbogen;10;14400000;
fonkelend;9;304000;
verbiedt;8;945000;
maait;5;219000;
hogedrukgebiedje;16;876;
oratie;6;398000;
vazalstaat;10;142000;
mond;4;63300000;
katten;6;16100000;
brooddeeg;9;150000;
ziekbed;7;178000;
bescheid;8;14700000;
catsop;6;200000;
sterrenlicht;12;45000;
bijtel;6;56700;
afwachting;10;1480000;
kaften;6;226000;
kalender;8;203000000;
eerstgenoemde;13;394000;
omwentelingsas;14;2650;
kabinet;7;27200000;
uitwijst;8;65200;
organisatorische;16;5950000;
afgegeerd;9;1760;
platvoeten;10;47400;
toegeroepen;11;107000;
landgoed;8;15900000;
bestel;6;50000000;
opgeschorst;11;590000;
knulletjes;10;13100;
zwijg;5;223000;
rouwsluier;10;3290;
henxel;6;107000;
plannen;7;24300000;
setting;7;1140000000;
rijstvelden;11;210000;
opgetrokken;11;2080000;
snakte;6;64700;
kie;3;20600000;
roomkazen;9;16400;
erbij;5;15400000;
tergend;7;174000;
spionage;8;2930000;
bratislava;10;79300000;
weerspanning;12;10500;
rading;6;1250000;
stamelt;7;27200;
stalagmiet;10;9780;
opschreven;10;14100;
afzetter;8;43200;
regenbogen;10;14400000;
fonkelend;9;304000;
verbiedt;8;945000;
maait;5;219000;
hogedrukgebiedje;16;876;
oratie;6;398000;
vazalstaat;10;142000;
mond;4;63300000;
katten;6;16100000;
brooddeeg;9;150000;
ziekbed;7;178000;
bescheid;8;14700000;
catsop;6;200000;
sterrenlicht;12;45000;
bijtel;6;56700;
afwachting;10;1480000;
kaften;6;226000;
kalender;8;203000000;
eerstgenoemde;13;394000;
omwentelingsas;14;2650;
kabinet;7;27200000;
uitwijst;8;65200;
organisatorische;16;5950000;
afgegeerd;9;1760;
platvoeten;10;47400;
toegeroepen;11;107000;
landgoed;8;15900000;
bestel;6;50000000;
opgeschorst;11;590000;
knulletjes;10;13100;
