slendrian,9,27700
pulsvotten,10,326
totalomsettingen,16,34
konstante,9,6340000
saldoen,7,2140000
serenade,8,25200000
ufeilbar,8,6220
eksisterer,10,4170000
veien,5,12700000
kaldlige,8,3310
kvakksalver,11,26900
sperre,6,5640000
virkemiddel,11,547000
kommandere,10,47100
illustrasjons,13,2240000
landevinninger,14,4170
tilleggsjorden,14,265
fleng,5,222000
uttynningen,11,635000
strakt,6,289000
konsentrere,11,671000
bosetting,9,311000
material,8,2900000000
spesialiteten,13,50600
leksa,5,693000
balkongen,9,2040000
pense,5,140000000
tilskudd,8,1980000
svakheten,9,75600
klapre,6,13900
like,4,10480000000
ligne,5,618000000
umerkelig,9,48400
zimbabwe,8,407000000
infinitiver,11,8250
substitutten,12,2760
ampre,5,188000
klyver,6,162000
sjarmere,8,80900
bukta,5,1480000
nett,4,72200000
galopp,6,6650000
emballere,9,147000
vriompeenes,11,0
innehadde,9,40400
talentet,8,2530000
test,4,2630000000
skjemt,6,90300
nedbrutt,8,61900
skitrekket,10,28800
slendrian,9,27700
pulsvotten,10,326
totalomsettingen,16,34
konstante,9,6340000
saldoen,7,2140000
serenade,8,25200000
ufeilbar,8,6220
eksisterer,10,4170000
veien,5,12700000
kaldlige,8,3310
kvakksalver,11,26900
sperre,6,5640000
virkemiddel,11,547000
kommandere,10,47100
illustrasjons,13,2240000
landevinninger,14,4170
tilleggsjorden,14,265
fleng,5,222000
uttynningen,11,635000
strakt,6,289000
konsentrere,11,671000
bosetting,9,311000
material,8,2900000000
spesialiteten,13,50600
leksa,5,693000
balkongen,9,2040000
pense,5,140000000
tilskudd,8,1980000
svakheten,9,75600
klapre,6,13800
like,4,10480000000
ligne,5,618000000
umerkelig,9,48400
zimbabwe,8,407000000
infinitiver,11,8250
substitutten,12,2760
ampre,5,188000
klyver,6,162000
sjarmere,8,80900
bukta,5,1480000
nett,4,72200000
galopp,6,6650000
emballere,9,147000
vriompeenes,11,0
innehadde,9,40400
talentet,8,2530000
test,4,2640000000
skjemt,6,90300
nedbrutt,8,61900
skitrekket,10,28800
slendrian,9,27700
pulsvotten,10,325
totalomsettingen,16,34
konstante,9,6340000
saldoen,7,2140000
serenade,8,25200000
ufeilbar,8,6220
eksisterer,10,4170000
veien,5,12700000
kaldlige,8,3310
kvakksalver,11,26900
sperre,6,5640000
virkemiddel,11,547000
kommandere,10,47100
illustrasjons,13,2240000
landevinninger,14,4170
tilleggsjorden,14,265
fleng,5,222000
uttynningen,11,635000
strakt,6,289000
konsentrere,11,671000
bosetting,9,311000
material,8,2890000000
spesialiteten,13,50600
leksa,5,693000
balkongen,9,2040000
pense,5,140000000
tilskudd,8,1980000
svakheten,9,75600
klapre,6,13900
like,4,10480000000
ligne,5,618000000
umerkelig,9,48400
zimbabwe,8,407000000
infinitiver,11,8250
substitutten,12,2760
ampre,5,188000
klyver,6,162000
sjarmere,8,80900
bukta,5,1480000
nett,4,72200000
galopp,6,6650000
emballere,9,147000
vriompeenes,11,0
innehadde,9,40400
talentet,8,2530000
test,4,2640000000
skjemt,6,90300
nedbrutt,8,61900
skitrekket,10,28800
slendrian,9,27700
pulsvotten,10,325
totalomsettingen,16,34
konstante,9,6340000
saldoen,7,2140000
serenade,8,25200000
ufeilbar,8,6220
eksisterer,10,4170000
veien,5,12700000
kaldlige,8,3310
kvakksalver,11,26900
sperre,6,5640000
virkemiddel,11,547000
kommandere,10,47100
illustrasjons,13,2240000
landevinninger,14,4170
tilleggsjorden,14,265
fleng,5,222000
uttynningen,11,635000
strakt,6,289000
konsentrere,11,671000
bosetting,9,311000
material,8,2890000000
spesialiteten,13,50600
leksa,5,693000
balkongen,9,2040000
pense,5,140000000
tilskudd,8,1980000
svakheten,9,75600
klapre,6,13900
like,4,10480000000
ligne,5,618000000
umerkelig,9,48400
zimbabwe,8,407000000
infinitiver,11,8270
substitutten,12,2760
ampre,5,188000
klyver,6,162000
sjarmere,8,80900
bukta,5,1480000
nett,4,72200000
galopp,6,6650000
emballere,9,147000
vriompeenes,11,0
innehadde,9,40400
talentet,8,2530000
test,4,2640000000
skjemt,6,90300
nedbrutt,8,61900
skitrekket,10,28800
slendrian,9,27700
pulsvotten,10,325
totalomsettingen,16,34
konstante,9,6340000
saldoen,7,2140000
serenade,8,25200000
ufeilbar,8,6220
eksisterer,10,4170000
veien,5,12700000
kaldlige,8,3310
kvakksalver,11,26900
sperre,6,5640000
virkemiddel,11,547000
kommandere,10,47100
illustrasjons,13,2240000
landevinninger,14,4170
tilleggsjorden,14,265
fleng,5,222000
uttynningen,11,635000
strakt,6,289000
konsentrere,11,671000
bosetting,9,311000
material,8,2890000000
spesialiteten,13,50600
leksa,5,693000
balkongen,9,2040000
pense,5,140000000
tilskudd,8,1980000
svakheten,9,75600
klapre,6,13900
like,4,10480000000
ligne,5,618000000
umerkelig,9,48400
zimbabwe,8,407000000
infinitiver,11,8270
substitutten,12,2760
ampre,5,188000
klyver,6,162000
sjarmere,8,80900
bukta,5,1480000
nett,4,72200000
galopp,6,6650000
emballere,9,147000
vriompeenes,11,0
innehadde,9,40400
talentet,8,2530000
test,4,2650000000
skjemt,6,90300
nedbrutt,8,61900
skitrekket,10,28800
slendrian,9,27700
pulsvotten,10,325
totalomsettingen,16,34
konstante,9,6340000
saldoen,7,2140000
serenade,8,25200000
ufeilbar,8,6220
eksisterer,10,4170000
veien,5,12700000
kaldlige,8,3310
kvakksalver,11,26900
sperre,6,5640000
virkemiddel,11,547000
kommandere,10,47100
illustrasjons,13,2240000
landevinninger,14,4170
tilleggsjorden,14,265
fleng,5,222000
uttynningen,11,635000
strakt,6,289000
konsentrere,11,671000
bosetting,9,311000
material,8,2890000000
spesialiteten,13,50600
leksa,5,693000
balkongen,9,2040000
pense,5,140000000
tilskudd,8,1980000
svakheten,9,75600
klapre,6,13900
like,4,10480000000
ligne,5,618000000
umerkelig,9,48400
zimbabwe,8,407000000
infinitiver,11,8260
substitutten,12,2760
ampre,5,188000
klyver,6,162000
sjarmere,8,80900
bukta,5,1480000
nett,4,72200000
galopp,6,6650000
emballere,9,147000
vriompeenes,11,0
innehadde,9,40400
talentet,8,2530000
test,4,2650000000
skjemt,6,90300
nedbrutt,8,61900
skitrekket,10,28800
slendrian,9,27700
pulsvotten,10,325
totalomsettingen,16,34
konstante,9,6340000
saldoen,7,2140000
serenade,8,25200000
ufeilbar,8,6220
eksisterer,10,4170000
veien,5,12700000
kaldlige,8,3310
kvakksalver,11,26900
sperre,6,5640000
virkemiddel,11,547000
kommandere,10,47100
illustrasjons,13,2240000
landevinninger,14,4170
tilleggsjorden,14,265
fleng,5,222000
uttynningen,11,635000
strakt,6,289000
konsentrere,11,671000
bosetting,9,311000
material,8,2890000000
spesialiteten,13,50600
leksa,5,693000
balkongen,9,2040000
pense,5,140000000
tilskudd,8,1980000
svakheten,9,75600
klapre,6,13800
like,4,10480000000
ligne,5,618000000
umerkelig,9,48400
zimbabwe,8,407000000
infinitiver,11,8260
substitutten,12,2760
ampre,5,188000
klyver,6,162000
sjarmere,8,80900
bukta,5,1480000
nett,4,72200000
galopp,6,6650000
emballere,9,147000
vriompeenes,11,0
innehadde,9,40400
talentet,8,2530000
test,4,2650000000
skjemt,6,90300
nedbrutt,8,61900
skitrekket,10,28800
slendrian,9,27700
pulsvotten,10,325
totalomsettingen,16,34
konstante,9,6340000
saldoen,7,2140000
serenade,8,25200000
ufeilbar,8,6220
eksisterer,10,4170000
veien,5,12700000
kaldlige,8,3310
kvakksalver,11,26900
sperre,6,5640000
virkemiddel,11,547000
kommandere,10,47100
illustrasjons,13,2240000
landevinninger,14,4170
tilleggsjorden,14,265
fleng,5,222000
uttynningen,11,635000
strakt,6,289000
konsentrere,11,671000
bosetting,9,311000
material,8,2890000000
spesialiteten,13,50600
leksa,5,693000
balkongen,9,2040000
pense,5,140000000
tilskudd,8,1980000
svakheten,9,75600
klapre,6,13800
like,4,10480000000
ligne,5,618000000
umerkelig,9,48400
zimbabwe,8,407000000
infinitiver,11,8260
substitutten,12,2760
ampre,5,188000
klyver,6,162000
sjarmere,8,80900
bukta,5,1480000
nett,4,72200000
galopp,6,6650000
emballere,9,147000
vriompeenes,11,0
innehadde,9,40400
talentet,8,2530000
test,4,2650000000
skjemt,6,90300
nedbrutt,8,61900
skitrekket,10,28800
slendrian,9,27700
pulsvotten,10,325
totalomsettingen,16,34
konstante,9,6340000
saldoen,7,2140000
serenade,8,25200000
ufeilbar,8,6220
eksisterer,10,4170000
veien,5,12700000
kaldlige,8,3310
kvakksalver,11,26900
sperre,6,5640000
virkemiddel,11,547000
kommandere,10,47100
illustrasjons,13,2240000
landevinninger,14,4170
tilleggsjorden,14,265
fleng,5,222000
uttynningen,11,635000
strakt,6,289000
konsentrere,11,671000
bosetting,9,311000
material,8,2890000000
spesialiteten,13,50600
leksa,5,693000
balkongen,9,2040000
pense,5,140000000
tilskudd,8,1980000
svakheten,9,75600
klapre,6,13800
like,4,10480000000
ligne,5,618000000
umerkelig,9,48400
zimbabwe,8,407000000
infinitiver,11,8260
substitutten,12,2760
ampre,5,188000
klyver,6,162000
sjarmere,8,80900
bukta,5,1480000
nett,4,284000000
galopp,6,6650000
emballere,9,147000
vriompeenes,11,0
innehadde,9,40400
talentet,8,2530000
test,4,2650000000
skjemt,6,90300
nedbrutt,8,61900
skitrekket,10,28800
slendrian,9,27700
pulsvotten,10,325
totalomsettingen,16,34
konstante,9,6340000
saldoen,7,2140000
serenade,8,25200000
ufeilbar,8,6220
eksisterer,10,4170000
veien,5,12700000
kaldlige,8,3310
kvakksalver,11,26900
sperre,6,5640000
virkemiddel,11,547000
kommandere,10,47100
illustrasjons,13,2240000
landevinninger,14,4170
tilleggsjorden,14,265
fleng,5,222000
uttynningen,11,635000
strakt,6,289000
konsentrere,11,671000
bosetting,9,311000
material,8,2890000000
spesialiteten,13,50600
leksa,5,693000
balkongen,9,2040000
pense,5,140000000
tilskudd,8,1980000
svakheten,9,75600
klapre,6,13800
like,4,10480000000
ligne,5,618000000
umerkelig,9,48400
zimbabwe,8,407000000
infinitiver,11,8260
substitutten,12,2760
ampre,5,188000
klyver,6,162000
sjarmere,8,80900
bukta,5,1480000
nett,4,284000000
galopp,6,6650000
emballere,9,147000
vriompeenes,11,0
innehadde,9,40400
talentet,8,2530000
test,4,2650000000
skjemt,6,90300
nedbrutt,8,61900
skitrekket,10,28800
slendrian,9,27700
pulsvotten,10,325
totalomsettingen,16,34
konstante,9,6340000
saldoen,7,2140000
serenade,8,25200000
ufeilbar,8,6220
eksisterer,10,4170000
veien,5,12700000
kaldlige,8,3310
kvakksalver,11,26900
sperre,6,5640000
virkemiddel,11,547000
kommandere,10,47100
illustrasjons,13,2240000
landevinninger,14,4170
tilleggsjorden,14,265
fleng,5,222000
uttynningen,11,635000
strakt,6,289000
konsentrere,11,671000
bosetting,9,311000
material,8,2890000000
spesialiteten,13,50600
leksa,5,693000
balkongen,9,2040000
pense,5,140000000
tilskudd,8,1980000
svakheten,9,75600
klapre,6,13800
like,4,10480000000
ligne,5,618000000
umerkelig,9,48400
zimbabwe,8,407000000
infinitiver,11,8250
substitutten,12,2760
ampre,5,188000
klyver,6,162000
sjarmere,8,80900
bukta,5,1480000
nett,4,284000000
galopp,6,6650000
emballere,9,147000
vriompeenes,11,0
innehadde,9,40400
talentet,8,2530000
test,4,2650000000
skjemt,6,90300
nedbrutt,8,61900
skitrekket,10,28800
slendrian,9,27700
pulsvotten,10,325
totalomsettingen,16,34
konstante,9,6340000
saldoen,7,2140000
serenade,8,25200000
ufeilbar,8,6220
eksisterer,10,4170000
veien,5,12700000
kaldlige,8,3310
kvakksalver,11,26900
sperre,6,5640000
virkemiddel,11,547000
kommandere,10,47100
illustrasjons,13,2240000
landevinninger,14,4170
tilleggsjorden,14,265
fleng,5,222000
uttynningen,11,635000
strakt,6,289000
konsentrere,11,671000
bosetting,9,311000
material,8,2890000000
spesialiteten,13,50600
leksa,5,693000
balkongen,9,2040000
pense,5,140000000
tilskudd,8,1980000
svakheten,9,75600
klapre,6,13900
like,4,10480000000
ligne,5,618000000
umerkelig,9,48400
zimbabwe,8,407000000
infinitiver,11,8250
substitutten,12,2760
ampre,5,188000
klyver,6,162000
sjarmere,8,80900
bukta,5,1480000
nett,4,284000000
galopp,6,6650000
emballere,9,147000
vriompeenes,11,0
innehadde,9,40400
talentet,8,2530000
test,4,2650000000
skjemt,6,90300
nedbrutt,8,61800
skitrekket,10,28800
slendrian,9,27700
pulsvotten,10,325
totalomsettingen,16,34
konstante,9,6340000
saldoen,7,2140000
serenade,8,25200000
ufeilbar,8,6220
eksisterer,10,4170000
veien,5,12700000
kaldlige,8,3310
kvakksalver,11,26900
sperre,6,5640000
virkemiddel,11,547000
kommandere,10,47100
illustrasjons,13,2240000
landevinninger,14,4170
tilleggsjorden,14,265
fleng,5,222000
uttynningen,11,635000
strakt,6,289000
konsentrere,11,671000
bosetting,9,311000
material,8,2890000000
spesialiteten,13,50600
leksa,5,693000
balkongen,9,2040000
pense,5,140000000
tilskudd,8,1980000
svakheten,9,75600
klapre,6,13900
like,4,10480000000
ligne,5,618000000
umerkelig,9,48400
zimbabwe,8,407000000
infinitiver,11,8250
substitutten,12,2760
ampre,5,188000
klyver,6,162000
sjarmere,8,80900
bukta,5,1480000
nett,4,284000000
galopp,6,6650000
emballere,9,147000
vriompeenes,11,0
innehadde,9,40400
talentet,8,2530000
test,4,2650000000
skjemt,6,90300
nedbrutt,8,61800
skitrekket,10,28800
slendrian,9,27700
pulsvotten,10,325
totalomsettingen,16,34
konstante,9,6340000
saldoen,7,2140000
serenade,8,25200000
ufeilbar,8,6220
eksisterer,10,4170000
veien,5,12700000
kaldlige,8,3310
kvakksalver,11,26900
sperre,6,5640000
virkemiddel,11,547000
kommandere,10,47100
illustrasjons,13,2240000
landevinninger,14,4170
tilleggsjorden,14,265
fleng,5,222000
uttynningen,11,635000
strakt,6,289000
konsentrere,11,671000
bosetting,9,311000
material,8,2890000000
spesialiteten,13,50600
leksa,5,693000
balkongen,9,2040000
pense,5,140000000
tilskudd,8,1980000
svakheten,9,75600
klapre,6,13900
like,4,10480000000
ligne,5,618000000
umerkelig,9,48400
zimbabwe,8,407000000
infinitiver,11,8250
substitutten,12,2760
ampre,5,188000
klyver,6,162000
sjarmere,8,80900
bukta,5,1480000
nett,4,284000000
galopp,6,6650000
emballere,9,147000
vriompeenes,11,0
innehadde,9,40400
talentet,8,2530000
test,4,2650000000
skjemt,6,90300
nedbrutt,8,61800
skitrekket,10,28800
slendrian,9,27700
pulsvotten,10,325
totalomsettingen,16,34
konstante,9,6340000
saldoen,7,2140000
serenade,8,25200000
ufeilbar,8,6220
eksisterer,10,4170000
veien,5,12700000
kaldlige,8,3310
kvakksalver,11,26900
sperre,6,5640000
virkemiddel,11,547000
kommandere,10,47100
illustrasjons,13,2240000
landevinninger,14,4170
tilleggsjorden,14,265
fleng,5,222000
uttynningen,11,635000
strakt,6,289000
konsentrere,11,671000
bosetting,9,311000
material,8,2890000000
spesialiteten,13,50600
leksa,5,693000
balkongen,9,2040000
pense,5,140000000
tilskudd,8,1980000
svakheten,9,75600
klapre,6,13900
like,4,10480000000
ligne,5,618000000
umerkelig,9,48400
zimbabwe,8,407000000
infinitiver,11,8250
substitutten,12,2760
ampre,5,188000
klyver,6,162000
sjarmere,8,80900
bukta,5,1480000
nett,4,284000000
galopp,6,6650000
emballere,9,147000
vriompeenes,11,0
innehadde,9,40400
talentet,8,2530000
test,4,2650000000
skjemt,6,90300
nedbrutt,8,61800
skitrekket,10,28800
slendrian,9,27700
pulsvotten,10,325
totalomsettingen,16,34
konstante,9,6340000
saldoen,7,2140000
serenade,8,25200000
ufeilbar,8,6220
eksisterer,10,4170000
veien,5,12700000
kaldlige,8,3310
kvakksalver,11,26900
sperre,6,5640000
virkemiddel,11,547000
kommandere,10,47100
illustrasjons,13,2240000
landevinninger,14,4170
tilleggsjorden,14,265
fleng,5,222000
uttynningen,11,635000
strakt,6,289000
konsentrere,11,671000
bosetting,9,311000
material,8,2890000000
spesialiteten,13,50600
leksa,5,693000
balkongen,9,2040000
pense,5,140000000
tilskudd,8,1980000
svakheten,9,75600
klapre,6,13900
like,4,10480000000
ligne,5,618000000
umerkelig,9,48400
zimbabwe,8,407000000
infinitiver,11,8250
substitutten,12,2760
ampre,5,188000
klyver,6,162000
sjarmere,8,80900
bukta,5,1480000
nett,4,284000000
galopp,6,6650000
emballere,9,147000
vriompeenes,11,0
innehadde,9,40400
talentet,8,2530000
test,4,2650000000
skjemt,6,90300
nedbrutt,8,61800
skitrekket,10,28800
slendrian,9,27700
pulsvotten,10,325
totalomsettingen,16,34
konstante,9,6340000
saldoen,7,2140000
serenade,8,25200000
ufeilbar,8,6220
eksisterer,10,4170000
veien,5,12700000
kaldlige,8,3310
kvakksalver,11,26900
sperre,6,5640000
virkemiddel,11,547000
kommandere,10,47100
illustrasjons,13,2240000
landevinninger,14,4170
tilleggsjorden,14,265
fleng,5,222000
uttynningen,11,635000
strakt,6,289000
konsentrere,11,671000
bosetting,9,311000
material,8,2890000000
spesialiteten,13,50600
leksa,5,693000
balkongen,9,2040000
pense,5,140000000
tilskudd,8,1980000
svakheten,9,75600
klapre,6,13900
like,4,10480000000
ligne,5,618000000
umerkelig,9,48300
zimbabwe,8,407000000
infinitiver,11,8260
substitutten,12,2760
ampre,5,188000
klyver,6,162000
sjarmere,8,80900
bukta,5,1480000
nett,4,284000000
galopp,6,6650000
emballere,9,147000
vriompeenes,11,0
innehadde,9,40400
talentet,8,2530000
test,4,2650000000
skjemt,6,90300
nedbrutt,8,61800
skitrekket,10,28800
slendrian,9,27700
pulsvotten,10,325
totalomsettingen,16,34
konstante,9,6340000
saldoen,7,2140000
serenade,8,25200000
ufeilbar,8,6220
eksisterer,10,4170000
veien,5,12700000
kaldlige,8,3310
kvakksalver,11,26900
sperre,6,5640000
virkemiddel,11,547000
kommandere,10,47100
illustrasjons,13,2240000
landevinninger,14,4170
tilleggsjorden,14,265
fleng,5,222000
uttynningen,11,635000
strakt,6,289000
konsentrere,11,671000
bosetting,9,311000
material,8,2890000000
spesialiteten,13,50600
leksa,5,693000
balkongen,9,2040000
pense,5,140000000
tilskudd,8,1980000
svakheten,9,75600
klapre,6,13900
like,4,10480000000
ligne,5,618000000
umerkelig,9,48300
zimbabwe,8,407000000
infinitiver,11,8260
substitutten,12,2760
ampre,5,188000
klyver,6,162000
sjarmere,8,80900
bukta,5,1480000
nett,4,284000000
galopp,6,6650000
emballere,9,147000
vriompeenes,11,0
innehadde,9,40400
talentet,8,2530000
test,4,2650000000
skjemt,6,90300
nedbrutt,8,61800
skitrekket,10,28800
slendrian,9,27700
pulsvotten,10,325
totalomsettingen,16,34
konstante,9,6340000
saldoen,7,2140000
serenade,8,25200000
ufeilbar,8,6220
eksisterer,10,4170000
veien,5,12700000
kaldlige,8,3310
kvakksalver,11,26900
sperre,6,5640000
virkemiddel,11,547000
kommandere,10,47100
illustrasjons,13,2240000
landevinninger,14,4170
tilleggsjorden,14,265
fleng,5,222000
uttynningen,11,635000
strakt,6,289000
konsentrere,11,671000
bosetting,9,311000
material,8,2890000000
spesialiteten,13,50600
leksa,5,693000
balkongen,9,2040000
pense,5,140000000
tilskudd,8,1980000
svakheten,9,75600
klapre,6,13900
like,4,10480000000
ligne,5,618000000
umerkelig,9,48300
zimbabwe,8,407000000
infinitiver,11,8260
substitutten,12,2760
ampre,5,188000
klyver,6,162000
sjarmere,8,80900
bukta,5,1480000
nett,4,284000000
galopp,6,6650000
emballere,9,147000
vriompeenes,11,0
innehadde,9,40400
talentet,8,2530000
test,4,2650000000
skjemt,6,90300
nedbrutt,8,61800
skitrekket,10,28800
slendrian,9,27700
pulsvotten,10,325
totalomsettingen,16,34
konstante,9,6340000
saldoen,7,2140000
serenade,8,25200000
ufeilbar,8,6220
eksisterer,10,4170000
veien,5,12700000
kaldlige,8,3310
kvakksalver,11,26900
sperre,6,5640000
virkemiddel,11,547000
kommandere,10,47100
illustrasjons,13,2240000
landevinninger,14,4170
tilleggsjorden,14,265
fleng,5,222000
uttynningen,11,635000
strakt,6,289000
konsentrere,11,671000
bosetting,9,311000
material,8,2890000000
spesialiteten,13,50600
leksa,5,693000
balkongen,9,2040000
pense,5,140000000
tilskudd,8,1980000
svakheten,9,75600
klapre,6,13900
like,4,10480000000
ligne,5,618000000
umerkelig,9,48300
zimbabwe,8,407000000
infinitiver,11,8250
substitutten,12,2760
ampre,5,188000
klyver,6,162000
sjarmere,8,80900
bukta,5,1480000
nett,4,284000000
galopp,6,6650000
emballere,9,147000
vriompeenes,11,0
innehadde,9,40400
talentet,8,2530000
test,4,2650000000
skjemt,6,90300
nedbrutt,8,61800
skitrekket,10,28800
slendrian,9,27700
pulsvotten,10,325
totalomsettingen,16,34
konstante,9,6340000
saldoen,7,2140000
serenade,8,25200000
ufeilbar,8,6220
eksisterer,10,4170000
veien,5,12700000
kaldlige,8,3310
kvakksalver,11,26900
sperre,6,5640000
virkemiddel,11,547000
kommandere,10,47100
illustrasjons,13,2240000
landevinninger,14,4170
tilleggsjorden,14,265
fleng,5,222000
uttynningen,11,635000
strakt,6,289000
konsentrere,11,671000
bosetting,9,311000
material,8,2890000000
spesialiteten,13,50600
leksa,5,693000
balkongen,9,2040000
pense,5,140000000
tilskudd,8,1980000
svakheten,9,75600
klapre,6,13800
like,4,10480000000
ligne,5,618000000
umerkelig,9,48300
zimbabwe,8,407000000
infinitiver,11,8250
substitutten,12,2760
ampre,5,188000
klyver,6,162000
sjarmere,8,80900
bukta,5,1480000
nett,4,284000000
galopp,6,6650000
emballere,9,147000
vriompeenes,11,0
innehadde,9,40400
talentet,8,2530000
test,4,2640000000
skjemt,6,90300
nedbrutt,8,61800
skitrekket,10,28800
