windsurfs,9,111000
strung,6,26700000
nervier,7,82400
tribunes,8,5240000
unexcited,9,292000
docent,6,17800000
manse,5,6190000
outriders,9,481000
mums,4,125000000
knight,6,384000000
palpating,9,479000
faroes,6,6530000
needles,7,95500000
concerns,8,479000000
pressmen,8,512000
peck,4,43000000
breadline,9,488000
skidoo,6,14400000
mired,5,5380000
peroxides,9,2900000
permissive,10,7520000
landscaped,10,39000000
amersham,8,8790000
molly,5,187000000
untrue,6,13500000
coop,4,133000000
reparability,12,197000
guatemala,9,631000000
drier,5,19100000
leafage,7,481000
violoncello,11,6580000
reinterpretation,16,3920000
victoria,8,1090000000
hornbeams,9,153000
extortion,9,11700000
talent,6,613000000
bristle,7,12700000
standardizes,12,780000
wit,3,353000000
typesetters,11,416000
basingstoke,11,15900000
burmese,7,60800000
photofloods,11,22700
wont,4,405000000
biotechnology,13,90100000
ambassadorships,15,190000
excursion,9,74600000
execrations,11,146000
combined,8,727000000
infusible,9,420000
windsurfs,9,111000
strung,6,26700000
nervier,7,82400
tribunes,8,5240000
unexcited,9,292000
docent,6,17800000
manse,5,6190000
outriders,9,481000
mums,4,125000000
knight,6,384000000
palpating,9,479000
faroes,6,6530000
needles,7,95500000
concerns,8,479000000
pressmen,8,512000
peck,4,43000000
breadline,9,488000
skidoo,6,14400000
mired,5,5380000
peroxides,9,2900000
permissive,10,7520000
landscaped,10,39000000
amersham,8,8790000
molly,5,187000000
untrue,6,13500000
coop,4,133000000
reparability,12,197000
guatemala,9,631000000
drier,5,19100000
leafage,7,481000
violoncello,11,6580000
reinterpretation,16,3920000
victoria,8,1090000000
hornbeams,9,153000
extortion,9,11700000
talent,6,613000000
bristle,7,12700000
standardizes,12,780000
wit,3,353000000
typesetters,11,416000
basingstoke,11,15900000
burmese,7,60800000
photofloods,11,22700
wont,4,405000000
biotechnology,13,90100000
ambassadorships,15,190000
excursion,9,74600000
execrations,11,146000
combined,8,727000000
infusible,9,420000
windsurfs,9,111000
strung,6,26700000
nervier,7,82400
tribunes,8,5240000
unexcited,9,292000
docent,6,17800000
manse,5,6190000
outriders,9,481000
mums,4,125000000
knight,6,384000000
palpating,9,479000
faroes,6,6530000
needles,7,95500000
concerns,8,479000000
pressmen,8,512000
peck,4,43000000
breadline,9,488000
skidoo,6,14400000
mired,5,5380000
peroxides,9,2900000
permissive,10,7520000
landscaped,10,39000000
amersham,8,8790000
molly,5,187000000
untrue,6,13500000
coop,4,133000000
reparability,12,197000
guatemala,9,631000000
drier,5,19100000
leafage,7,481000
violoncello,11,6580000
reinterpretation,16,3920000
victoria,8,1090000000
hornbeams,9,153000
extortion,9,11700000
talent,6,613000000
bristle,7,12700000
standardizes,12,780000
wit,3,353000000
typesetters,11,416000
basingstoke,11,15900000
burmese,7,60800000
photofloods,11,22700
wont,4,405000000
biotechnology,13,90100000
ambassadorships,15,190000
excursion,9,74600000
execrations,11,146000
combined,8,727000000
infusible,9,420000
windsurfs,9,111000
strung,6,26700000
nervier,7,82400
tribunes,8,5240000
unexcited,9,292000
docent,6,17800000
manse,5,6190000
outriders,9,481000
mums,4,125000000
knight,6,384000000
palpating,9,479000
faroes,6,6530000
needles,7,95500000
concerns,8,479000000
pressmen,8,512000
peck,4,43000000
breadline,9,488000
skidoo,6,14400000
mired,5,5380000
peroxides,9,2900000
permissive,10,7520000
landscaped,10,39000000
amersham,8,8790000
molly,5,187000000
untrue,6,13500000
coop,4,133000000
reparability,12,197000
guatemala,9,631000000
drier,5,19100000
leafage,7,481000
violoncello,11,6580000
reinterpretation,16,3920000
victoria,8,1090000000
hornbeams,9,153000
extortion,9,11700000
talent,6,613000000
bristle,7,12700000
standardizes,12,780000
wit,3,353000000
typesetters,11,416000
basingstoke,11,15900000
burmese,7,60800000
photofloods,11,22700
wont,4,405000000
biotechnology,13,90100000
ambassadorships,15,190000
excursion,9,74600000
execrations,11,146000
combined,8,727000000
infusible,9,420000
windsurfs,9,111000
strung,6,26700000
nervier,7,82400
tribunes,8,5240000
unexcited,9,292000
docent,6,17800000
manse,5,6190000
outriders,9,481000
mums,4,125000000
knight,6,384000000
palpating,9,479000
faroes,6,6530000
needles,7,95500000
concerns,8,479000000
pressmen,8,512000
peck,4,43000000
breadline,9,488000
skidoo,6,14400000
mired,5,5380000
peroxides,9,2900000
permissive,10,7520000
landscaped,10,39000000
amersham,8,8790000
molly,5,187000000
untrue,6,13500000
coop,4,133000000
reparability,12,197000
guatemala,9,631000000
drier,5,19100000
leafage,7,481000
violoncello,11,6580000
reinterpretation,16,3920000
victoria,8,1090000000
hornbeams,9,153000
extortion,9,11700000
talent,6,613000000
bristle,7,12700000
standardizes,12,780000
wit,3,353000000
typesetters,11,416000
basingstoke,11,15900000
burmese,7,60800000
photofloods,11,22700
wont,4,405000000
biotechnology,13,90100000
ambassadorships,15,190000
excursion,9,74600000
execrations,11,146000
combined,8,727000000
infusible,9,420000
windsurfs,9,111000
strung,6,26700000
nervier,7,82400
tribunes,8,5240000
unexcited,9,292000
docent,6,17800000
manse,5,6190000
outriders,9,481000
mums,4,125000000
knight,6,384000000
palpating,9,479000
faroes,6,6530000
needles,7,95500000
concerns,8,479000000
pressmen,8,512000
peck,4,43000000
breadline,9,488000
skidoo,6,14400000
mired,5,5380000
peroxides,9,2900000
permissive,10,7520000
landscaped,10,39000000
amersham,8,8790000
molly,5,187000000
untrue,6,13500000
coop,4,133000000
reparability,12,197000
guatemala,9,631000000
drier,5,19100000
leafage,7,481000
violoncello,11,6580000
reinterpretation,16,3920000
victoria,8,1090000000
hornbeams,9,153000
extortion,9,11700000
talent,6,614000000
bristle,7,12700000
standardizes,12,780000
wit,3,353000000
typesetters,11,416000
basingstoke,11,15900000
burmese,7,60800000
photofloods,11,22700
wont,4,405000000
biotechnology,13,90100000
ambassadorships,15,190000
excursion,9,74600000
execrations,11,146000
combined,8,727000000
infusible,9,420000
windsurfs,9,111000
strung,6,26700000
nervier,7,82400
tribunes,8,5240000
unexcited,9,292000
docent,6,17800000
manse,5,6190000
outriders,9,481000
mums,4,125000000
knight,6,384000000
palpating,9,479000
faroes,6,6530000
needles,7,95500000
concerns,8,479000000
pressmen,8,512000
peck,4,43000000
breadline,9,488000
skidoo,6,14400000
mired,5,5380000
peroxides,9,2900000
permissive,10,7520000
landscaped,10,39000000
amersham,8,8790000
molly,5,187000000
untrue,6,13500000
coop,4,133000000
reparability,12,197000
guatemala,9,631000000
drier,5,19100000
leafage,7,481000
violoncello,11,6580000
reinterpretation,16,3920000
victoria,8,1090000000
hornbeams,9,153000
extortion,9,11700000
talent,6,614000000
bristle,7,12700000
standardizes,12,780000
wit,3,353000000
typesetters,11,416000
basingstoke,11,15900000
burmese,7,60800000
photofloods,11,22700
wont,4,405000000
biotechnology,13,90100000
ambassadorships,15,190000
excursion,9,74600000
execrations,11,146000
combined,8,727000000
infusible,9,420000
windsurfs,9,111000
strung,6,26700000
nervier,7,82400
tribunes,8,5240000
unexcited,9,292000
docent,6,17800000
manse,5,6190000
outriders,9,481000
mums,4,125000000
knight,6,384000000
palpating,9,479000
faroes,6,6530000
needles,7,95500000
concerns,8,478000000
pressmen,8,512000
peck,4,43000000
breadline,9,488000
skidoo,6,14400000
mired,5,5380000
peroxides,9,2900000
permissive,10,7520000
landscaped,10,39000000
amersham,8,8790000
molly,5,187000000
untrue,6,13500000
coop,4,133000000
reparability,12,197000
guatemala,9,631000000
drier,5,19100000
leafage,7,481000
violoncello,11,6580000
reinterpretation,16,3920000
victoria,8,1090000000
hornbeams,9,153000
extortion,9,11700000
talent,6,614000000
bristle,7,12700000
standardizes,12,780000
wit,3,353000000
typesetters,11,416000
basingstoke,11,15900000
burmese,7,60800000
photofloods,11,22700
wont,4,405000000
biotechnology,13,90100000
ambassadorships,15,190000
excursion,9,74600000
execrations,11,146000
combined,8,727000000
infusible,9,420000
windsurfs,9,111000
strung,6,26700000
nervier,7,82400
tribunes,8,5240000
unexcited,9,292000
docent,6,17800000
manse,5,6190000
outriders,9,481000
mums,4,125000000
knight,6,384000000
palpating,9,479000
faroes,6,1220000
needles,7,95500000
concerns,8,478000000
pressmen,8,513000
peck,4,43000000
breadline,9,488000
skidoo,6,14400000
mired,5,5380000
peroxides,9,2900000
permissive,10,7520000
landscaped,10,39000000
amersham,8,8790000
molly,5,187000000
untrue,6,13500000
coop,4,133000000
reparability,12,197000
guatemala,9,2520000000
drier,5,19100000
leafage,7,481000
violoncello,11,6580000
reinterpretation,16,3920000
victoria,8,1090000000
hornbeams,9,153000
extortion,9,11700000
talent,6,614000000
bristle,7,13600000
standardizes,12,2690000
wit,3,353000000
typesetters,11,416000
basingstoke,11,15900000
burmese,7,60800000
photofloods,11,22700
wont,4,405000000
biotechnology,13,90100000
ambassadorships,15,190000
excursion,9,74600000
execrations,11,146000
combined,8,727000000
infusible,9,420000
windsurfs,9,111000
strung,6,26700000
nervier,7,82400
tribunes,8,5240000
unexcited,9,292000
docent,6,17800000
manse,5,6190000
outriders,9,481000
mums,4,125000000
knight,6,384000000
palpating,9,479000
faroes,6,1220000
needles,7,95500000
concerns,8,478000000
pressmen,8,513000
peck,4,43000000
breadline,9,488000
skidoo,6,14400000
mired,5,5380000
peroxides,9,2900000
permissive,10,7520000
landscaped,10,39000000
amersham,8,8790000
molly,5,187000000
untrue,6,13500000
coop,4,133000000
reparability,12,197000
guatemala,9,2520000000
drier,5,19100000
leafage,7,481000
violoncello,11,6580000
reinterpretation,16,3920000
victoria,8,1090000000
hornbeams,9,153000
extortion,9,11700000
talent,6,614000000
bristle,7,13600000
standardizes,12,2690000
wit,3,353000000
typesetters,11,416000
basingstoke,11,15900000
burmese,7,60800000
photofloods,11,22700
wont,4,405000000
biotechnology,13,90100000
ambassadorships,15,190000
excursion,9,74600000
execrations,11,146000
combined,8,727000000
infusible,9,420000
windsurfs,9,111000
strung,6,26700000
nervier,7,82400
tribunes,8,5240000
unexcited,9,292000
docent,6,17800000
manse,5,6190000
outriders,9,481000
mums,4,125000000
knight,6,384000000
palpating,9,479000
faroes,6,1220000
needles,7,95500000
concerns,8,478000000
pressmen,8,513000
peck,4,43000000
breadline,9,488000
skidoo,6,14400000
mired,5,5380000
peroxides,9,2900000
permissive,10,7520000
landscaped,10,39000000
amersham,8,8790000
molly,5,187000000
untrue,6,13500000
coop,4,133000000
reparability,12,197000
guatemala,9,2520000000
drier,5,19100000
leafage,7,481000
violoncello,11,6580000
reinterpretation,16,3920000
victoria,8,1090000000
hornbeams,9,153000
extortion,9,11700000
talent,6,614000000
bristle,7,13600000
standardizes,12,2690000
wit,3,353000000
typesetters,11,416000
basingstoke,11,15900000
burmese,7,60800000
photofloods,11,22700
wont,4,405000000
biotechnology,13,90100000
ambassadorships,15,190000
excursion,9,74600000
execrations,11,146000
combined,8,727000000
infusible,9,420000
windsurfs,9,111000
strung,6,26700000
nervier,7,5260
tribunes,8,5240000
unexcited,9,292000
docent,6,17800000
manse,5,6190000
outriders,9,481000
mums,4,125000000
knight,6,384000000
palpating,9,479000
faroes,6,1220000
needles,7,95500000
concerns,8,478000000
pressmen,8,513000
peck,4,43000000
breadline,9,488000
skidoo,6,14400000
mired,5,5380000
peroxides,9,2900000
permissive,10,7520000
landscaped,10,39000000
amersham,8,8790000
molly,5,187000000
untrue,6,13500000
coop,4,133000000
reparability,12,197000
guatemala,9,2520000000
drier,5,19100000
leafage,7,481000
violoncello,11,6580000
reinterpretation,16,3920000
victoria,8,1090000000
hornbeams,9,153000
extortion,9,11700000
talent,6,614000000
bristle,7,13600000
standardizes,12,2690000
wit,3,353000000
typesetters,11,416000
basingstoke,11,15900000
burmese,7,60800000
photofloods,11,22700
wont,4,405000000
biotechnology,13,90100000
ambassadorships,15,190000
excursion,9,74600000
execrations,11,146000
combined,8,727000000
infusible,9,420000
windsurfs,9,111000
strung,6,26700000
nervier,7,5270
tribunes,8,5240000
unexcited,9,292000
docent,6,17800000
manse,5,6190000
outriders,9,481000
mums,4,125000000
knight,6,384000000
palpating,9,479000
faroes,6,1220000
needles,7,95500000
concerns,8,478000000
pressmen,8,513000
peck,4,43000000
breadline,9,488000
skidoo,6,14400000
mired,5,5380000
peroxides,9,2900000
permissive,10,7520000
landscaped,10,39000000
amersham,8,8790000
molly,5,187000000
untrue,6,13500000
coop,4,133000000
reparability,12,197000
guatemala,9,2520000000
drier,5,19100000
leafage,7,481000
violoncello,11,6580000
reinterpretation,16,3920000
victoria,8,1090000000
hornbeams,9,153000
extortion,9,11700000
talent,6,614000000
bristle,7,13600000
standardizes,12,2690000
wit,3,353000000
typesetters,11,416000
basingstoke,11,15900000
burmese,7,60800000
photofloods,11,22700
wont,4,405000000
biotechnology,13,90100000
ambassadorships,15,190000
excursion,9,74600000
execrations,11,146000
combined,8,727000000
infusible,9,420000
windsurfs,9,111000
strung,6,26700000
nervier,7,5260
tribunes,8,5240000
unexcited,9,292000
docent,6,17800000
manse,5,6190000
outriders,9,481000
mums,4,125000000
knight,6,384000000
palpating,9,479000
faroes,6,1220000
needles,7,95500000
concerns,8,478000000
pressmen,8,513000
peck,4,43000000
breadline,9,488000
skidoo,6,14400000
mired,5,5380000
peroxides,9,2900000
permissive,10,7520000
landscaped,10,39000000
amersham,8,8790000
molly,5,187000000
untrue,6,13500000
coop,4,132000000
reparability,12,197000
guatemala,9,2520000000
drier,5,18500000
leafage,7,481000
violoncello,11,6580000
reinterpretation,16,3920000
victoria,8,1090000000
hornbeams,9,153000
extortion,9,11700000
talent,6,613000000
bristle,7,13600000
standardizes,12,2690000
wit,3,353000000
typesetters,11,416000
basingstoke,11,15900000
burmese,7,60700000
photofloods,11,22700
wont,4,405000000
biotechnology,13,90100000
ambassadorships,15,190000
excursion,9,74600000
execrations,11,146000
combined,8,727000000
infusible,9,420000
windsurfs,9,111000
strung,6,26700000
nervier,7,5270
tribunes,8,5240000
unexcited,9,292000
docent,6,17800000
manse,5,6190000
outriders,9,481000
mums,4,125000000
knight,6,384000000
palpating,9,479000
faroes,6,1220000
needles,7,95500000
concerns,8,478000000
pressmen,8,513000
peck,4,43000000
breadline,9,488000
skidoo,6,14400000
mired,5,5380000
peroxides,9,2900000
permissive,10,7520000
landscaped,10,39000000
amersham,8,8790000
molly,5,187000000
untrue,6,13500000
coop,4,132000000
reparability,12,197000
guatemala,9,2520000000
drier,5,18500000
leafage,7,481000
violoncello,11,6580000
reinterpretation,16,3920000
victoria,8,1090000000
hornbeams,9,153000
extortion,9,11700000
talent,6,613000000
bristle,7,13600000
standardizes,12,2690000
wit,3,353000000
typesetters,11,416000
basingstoke,11,15900000
burmese,7,60700000
photofloods,11,22700
wont,4,405000000
biotechnology,13,90100000
ambassadorships,15,190000
excursion,9,74600000
execrations,11,146000
combined,8,727000000
infusible,9,420000
windsurfs,9,111000
strung,6,26700000
nervier,7,5270
tribunes,8,5240000
unexcited,9,292000
docent,6,17800000
manse,5,6190000
outriders,9,481000
mums,4,125000000
knight,6,384000000
palpating,9,479000
faroes,6,1220000
needles,7,95500000
concerns,8,478000000
pressmen,8,512000
peck,4,43000000
breadline,9,487000
skidoo,6,14400000
mired,5,5380000
peroxides,9,2900000
permissive,10,7520000
landscaped,10,39000000
amersham,8,8790000
molly,5,187000000
untrue,6,13500000
coop,4,132000000
reparability,12,197000
guatemala,9,2520000000
drier,5,18500000
leafage,7,481000
violoncello,11,6520000
reinterpretation,16,3920000
victoria,8,1090000000
hornbeams,9,153000
extortion,9,11700000
talent,6,613000000
bristle,7,13600000
standardizes,12,2690000
wit,3,353000000
typesetters,11,416000
basingstoke,11,15900000
burmese,7,60800000
photofloods,11,22700
wont,4,405000000
biotechnology,13,90100000
ambassadorships,15,190000
excursion,9,74600000
execrations,11,146000
combined,8,727000000
infusible,9,420000
windsurfs,9,111000
strung,6,26700000
nervier,7,5260
tribunes,8,5240000
unexcited,9,292000
docent,6,17800000
manse,5,6190000
outriders,9,481000
mums,4,125000000
knight,6,384000000
palpating,9,479000
faroes,6,1220000
needles,7,95500000
concerns,8,477000000
pressmen,8,512000
peck,4,43000000
breadline,9,487000
skidoo,6,14400000
mired,5,5380000
peroxides,9,2900000
permissive,10,7520000
landscaped,10,39000000
amersham,8,8790000
molly,5,187000000
untrue,6,13500000
coop,4,132000000
reparability,12,197000
guatemala,9,2520000000
drier,5,18500000
leafage,7,481000
violoncello,11,6520000
reinterpretation,16,3920000
victoria,8,1090000000
hornbeams,9,153000
extortion,9,11700000
talent,6,613000000
bristle,7,13600000
standardizes,12,2690000
wit,3,353000000
typesetters,11,416000
basingstoke,11,15900000
burmese,7,60800000
photofloods,11,22700
wont,4,405000000
biotechnology,13,90100000
ambassadorships,15,190000
excursion,9,74600000
execrations,11,146000
combined,8,727000000
infusible,9,420000
windsurfs,9,111000
strung,6,26700000
nervier,7,5270
tribunes,8,5240000
unexcited,9,292000
docent,6,17800000
manse,5,6190000
outriders,9,481000
mums,4,125000000
knight,6,384000000
palpating,9,479000
faroes,6,1220000
needles,7,95500000
concerns,8,477000000
pressmen,8,512000
peck,4,43000000
breadline,9,487000
skidoo,6,14400000
mired,5,5380000
peroxides,9,2900000
permissive,10,7520000
landscaped,10,39000000
amersham,8,8790000
molly,5,187000000
untrue,6,13500000
coop,4,132000000
reparability,12,197000
guatemala,9,2520000000
drier,5,18500000
leafage,7,480000
violoncello,11,6520000
reinterpretation,16,3920000
victoria,8,1090000000
hornbeams,9,153000
extortion,9,11700000
talent,6,613000000
bristle,7,13600000
standardizes,12,2690000
wit,3,353000000
typesetters,11,416000
basingstoke,11,15900000
burmese,7,60800000
photofloods,11,22700
wont,4,405000000
biotechnology,13,90100000
ambassadorships,15,190000
excursion,9,74600000
execrations,11,146000
combined,8,727000000
infusible,9,420000
windsurfs,9,111000
strung,6,26700000
nervier,7,5260
tribunes,8,5240000
unexcited,9,292000
docent,6,17800000
manse,5,6190000
outriders,9,481000
mums,4,125000000
knight,6,384000000
palpating,9,479000
faroes,6,1220000
needles,7,95500000
concerns,8,477000000
pressmen,8,511000
peck,4,43000000
breadline,9,487000
skidoo,6,14400000
mired,5,5380000
peroxides,9,2900000
permissive,10,7520000
landscaped,10,39000000
amersham,8,8790000
molly,5,187000000
untrue,6,13500000
coop,4,132000000
reparability,12,197000
guatemala,9,2520000000
drier,5,18500000
leafage,7,481000
violoncello,11,6520000
reinterpretation,16,3920000
victoria,8,1090000000
hornbeams,9,153000
extortion,9,11700000
talent,6,613000000
bristle,7,13600000
standardizes,12,2690000
wit,3,353000000
typesetters,11,416000
basingstoke,11,15900000
burmese,7,60700000
photofloods,11,22700
wont,4,405000000
biotechnology,13,90100000
ambassadorships,15,190000
excursion,9,74600000
execrations,11,146000
combined,8,727000000
infusible,9,420000
windsurfs,9,111000
strung,6,26700000
nervier,7,5260
tribunes,8,5240000
unexcited,9,292000
docent,6,17800000
manse,5,6190000
outriders,9,481000
mums,4,125000000
knight,6,384000000
palpating,9,479000
faroes,6,1220000
needles,7,95500000
concerns,8,477000000
pressmen,8,511000
peck,4,43000000
breadline,9,487000
skidoo,6,14400000
mired,5,5380000
peroxides,9,2900000
permissive,10,7520000
landscaped,10,39000000
amersham,8,8790000
molly,5,187000000
untrue,6,13500000
coop,4,132000000
reparability,12,197000
guatemala,9,2520000000
drier,5,18500000
leafage,7,480000
violoncello,11,6520000
reinterpretation,16,3920000
victoria,8,1090000000
hornbeams,9,153000
extortion,9,11700000
talent,6,613000000
bristle,7,13600000
standardizes,12,2690000
wit,3,353000000
typesetters,11,416000
basingstoke,11,15900000
burmese,7,60700000
photofloods,11,22700
wont,4,405000000
biotechnology,13,90100000
ambassadorships,15,190000
excursion,9,74600000
execrations,11,146000
combined,8,727000000
infusible,9,420000
windsurfs,9,111000
strung,6,26700000
nervier,7,5270
tribunes,8,5240000
unexcited,9,292000
docent,6,17800000
manse,5,6190000
outriders,9,481000
mums,4,125000000
knight,6,384000000
palpating,9,479000
faroes,6,1220000
needles,7,95500000
concerns,8,477000000
pressmen,8,511000
peck,4,43000000
breadline,9,487000
skidoo,6,14400000
mired,5,5380000
peroxides,9,2900000
permissive,10,7520000
landscaped,10,39000000
amersham,8,8800000
molly,5,187000000
untrue,6,13500000
coop,4,132000000
reparability,12,197000
guatemala,9,2520000000
drier,5,18500000
leafage,7,481000
violoncello,11,6520000
reinterpretation,16,3920000
victoria,8,1090000000
hornbeams,9,153000
extortion,9,11700000
talent,6,613000000
bristle,7,13600000
standardizes,12,2690000
wit,3,353000000
typesetters,11,416000
basingstoke,11,15900000
burmese,7,60800000
photofloods,11,22700
wont,4,405000000
biotechnology,13,90100000
ambassadorships,15,190000
excursion,9,74600000
execrations,11,146000
combined,8,727000000
infusible,9,420000
