tissue;6;278000000;
overlooks;9;21200000;
versifies;9;34500;
wisconsin;9;328000000;
dunk;4;86900000;
mix;3;1660000000;
pete;4;210000000;
organizationally;16;1220000;
loosely;7;37200000;
playoff;7;79100000;
flesh;5;151000000;
overemotional;13;451000;
constuprating;13;3220;
reburies;8;455000;
poundage;8;1030000;
browbeaten;10;351000;
strewing;8;360000;
nigrum;6;4520000;
pretia;6;968000;
preteens;8;943000;
mace;4;31700000;
amortization;12;35400000;
obituaries;10;142000000;
cowherds;8;239000;
schoolgirl;10;163000000;
hess;4;47600000;
electrify;9;4400000;
malian;6;3800000;
sappier;7;86000;
incident;8;251000000;
filofax;7;9390000;
twitch;6;116000000;
bullshit;8;58600000;
tenantship;10;5050;
walleyed;8;238000;
bean;4;291000000;
calloused;9;1300000;
prolapsed;9;21700000;
bleachers;9;8210000;
amerces;7;32700;
fearless;8;55800000;
feathery;8;29100000;
condemned;9;48900000;
jerkins;7;999000;
favorably;9;14600000;
rue;3;533000000;
vary;4;514000000;
mammography;11;9830000;
airmen;6;8900000;
modifiers;9;41200000;
tissue;6;278000000;
overlooks;9;21200000;
versifies;9;34500;
wisconsin;9;328000000;
dunk;4;86900000;
mix;3;1660000000;
pete;4;210000000;
organizationally;16;1220000;
loosely;7;37200000;
playoff;7;79100000;
flesh;5;151000000;
overemotional;13;451000;
constuprating;13;3220;
reburies;8;455000;
poundage;8;1030000;
browbeaten;10;351000;
strewing;8;360000;
nigrum;6;4520000;
pretia;6;968000;
preteens;8;943000;
mace;4;31700000;
amortization;12;35400000;
obituaries;10;142000000;
cowherds;8;239000;
schoolgirl;10;163000000;
hess;4;47600000;
electrify;9;4400000;
malian;6;3800000;
sappier;7;86000;
incident;8;251000000;
filofax;7;9390000;
twitch;6;116000000;
bullshit;8;58600000;
tenantship;10;5050;
walleyed;8;238000;
bean;4;291000000;
calloused;9;1300000;
prolapsed;9;21700000;
bleachers;9;8210000;
amerces;7;32700;
fearless;8;55800000;
feathery;8;29100000;
condemned;9;48900000;
jerkins;7;999000;
favorably;9;14600000;
rue;3;533000000;
vary;4;514000000;
mammography;11;9830000;
airmen;6;8900000;
modifiers;9;41200000;
tissue;6;278000000;
overlooks;9;21200000;
versifies;9;34500;
wisconsin;9;328000000;
dunk;4;86900000;
mix;3;1660000000;
pete;4;210000000;
organizationally;16;1220000;
loosely;7;37200000;
playoff;7;79100000;
flesh;5;151000000;
overemotional;13;451000;
constuprating;13;3210;
reburies;8;455000;
poundage;8;1030000;
browbeaten;10;351000;
strewing;8;360000;
nigrum;6;4520000;
pretia;6;968000;
preteens;8;943000;
mace;4;31700000;
amortization;12;35400000;
obituaries;10;142000000;
cowherds;8;239000;
schoolgirl;10;163000000;
hess;4;47600000;
electrify;9;4400000;
malian;6;3800000;
sappier;7;85900;
incident;8;251000000;
filofax;7;9390000;
twitch;6;116000000;
bullshit;8;58600000;
tenantship;10;5050;
walleyed;8;238000;
bean;4;291000000;
calloused;9;1300000;
prolapsed;9;21700000;
bleachers;9;8210000;
amerces;7;32700;
fearless;8;55800000;
feathery;8;29100000;
condemned;9;48900000;
jerkins;7;999000;
favorably;9;14600000;
rue;3;533000000;
vary;4;514000000;
mammography;11;9830000;
airmen;6;8900000;
modifiers;9;41100000;
tissue;6;278000000;
overlooks;9;21200000;
versifies;9;34500;
wisconsin;9;328000000;
dunk;4;86900000;
mix;3;1660000000;
pete;4;210000000;
organizationally;16;1220000;
loosely;7;37200000;
playoff;7;79100000;
flesh;5;151000000;
overemotional;13;451000;
constuprating;13;3220;
reburies;8;455000;
poundage;8;1030000;
browbeaten;10;351000;
strewing;8;360000;
nigrum;6;4520000;
pretia;6;968000;
preteens;8;943000;
mace;4;31700000;
amortization;12;35400000;
obituaries;10;142000000;
cowherds;8;239000;
schoolgirl;10;163000000;
hess;4;47600000;
electrify;9;4400000;
malian;6;3800000;
sappier;7;85900;
incident;8;251000000;
filofax;7;9390000;
twitch;6;116000000;
bullshit;8;58600000;
tenantship;10;5040;
walleyed;8;238000;
bean;4;291000000;
calloused;9;1300000;
prolapsed;9;21700000;
bleachers;9;8210000;
amerces;7;32700;
fearless;8;55800000;
feathery;8;29100000;
condemned;9;48900000;
jerkins;7;999000;
favorably;9;14600000;
rue;3;533000000;
vary;4;514000000;
mammography;11;9830000;
airmen;6;8900000;
modifiers;9;41100000;
tissue;6;278000000;
overlooks;9;21200000;
versifies;9;34500;
wisconsin;9;328000000;
dunk;4;86900000;
mix;3;1660000000;
pete;4;210000000;
organizationally;16;1220000;
loosely;7;37200000;
playoff;7;79100000;
flesh;5;151000000;
overemotional;13;451000;
constuprating;13;3220;
reburies;8;455000;
poundage;8;1030000;
browbeaten;10;351000;
strewing;8;360000;
nigrum;6;4520000;
pretia;6;968000;
preteens;8;943000;
mace;4;31700000;
amortization;12;35400000;
obituaries;10;142000000;
cowherds;8;239000;
schoolgirl;10;163000000;
hess;4;47600000;
electrify;9;4400000;
malian;6;3800000;
sappier;7;85900;
incident;8;251000000;
filofax;7;9390000;
twitch;6;116000000;
bullshit;8;58600000;
tenantship;10;5040;
walleyed;8;238000;
bean;4;291000000;
calloused;9;1300000;
prolapsed;9;21700000;
bleachers;9;8200000;
amerces;7;32700;
fearless;8;55800000;
feathery;8;29100000;
condemned;9;48900000;
jerkins;7;999000;
favorably;9;14600000;
rue;3;533000000;
vary;4;514000000;
mammography;11;9830000;
airmen;6;8900000;
modifiers;9;41100000;
tissue;6;278000000;
overlooks;9;21200000;
versifies;9;34500;
wisconsin;9;328000000;
dunk;4;86900000;
mix;3;1660000000;
pete;4;210000000;
organizationally;16;1220000;
loosely;7;37200000;
playoff;7;79100000;
flesh;5;151000000;
overemotional;13;451000;
constuprating;13;3220;
reburies;8;455000;
poundage;8;1030000;
browbeaten;10;351000;
strewing;8;360000;
nigrum;6;4520000;
pretia;6;968000;
preteens;8;943000;
mace;4;31700000;
amortization;12;35400000;
obituaries;10;142000000;
cowherds;8;239000;
schoolgirl;10;163000000;
hess;4;47600000;
electrify;9;4400000;
malian;6;3800000;
sappier;7;85900;
incident;8;251000000;
filofax;7;9390000;
twitch;6;116000000;
bullshit;8;58600000;
tenantship;10;5040;
walleyed;8;238000;
bean;4;291000000;
calloused;9;1300000;
prolapsed;9;21700000;
bleachers;9;8200000;
amerces;7;32700;
fearless;8;55800000;
feathery;8;29100000;
condemned;9;48900000;
jerkins;7;999000;
favorably;9;14600000;
rue;3;533000000;
vary;4;514000000;
mammography;11;9830000;
airmen;6;8900000;
modifiers;9;41100000;
tissue;6;278000000;
overlooks;9;21200000;
versifies;9;34500;
wisconsin;9;328000000;
dunk;4;86900000;
mix;3;1660000000;
pete;4;210000000;
organizationally;16;1220000;
loosely;7;37200000;
playoff;7;79100000;
flesh;5;151000000;
overemotional;13;451000;
constuprating;13;3220;
reburies;8;455000;
poundage;8;1030000;
browbeaten;10;351000;
strewing;8;360000;
nigrum;6;4520000;
pretia;6;968000;
preteens;8;943000;
mace;4;31700000;
amortization;12;35400000;
obituaries;10;142000000;
cowherds;8;239000;
schoolgirl;10;163000000;
hess;4;47600000;
electrify;9;4400000;
malian;6;3800000;
sappier;7;85900;
incident;8;251000000;
filofax;7;9390000;
twitch;6;116000000;
bullshit;8;58600000;
tenantship;10;5040;
walleyed;8;238000;
bean;4;291000000;
calloused;9;1300000;
prolapsed;9;21700000;
bleachers;9;8200000;
amerces;7;32700;
fearless;8;55800000;
feathery;8;29100000;
condemned;9;48900000;
jerkins;7;999000;
favorably;9;14600000;
rue;3;533000000;
vary;4;514000000;
mammography;11;9830000;
airmen;6;8900000;
modifiers;9;41100000;
tissue;6;278000000;
overlooks;9;21200000;
versifies;9;34500;
wisconsin;9;328000000;
dunk;4;86900000;
mix;3;1660000000;
pete;4;210000000;
organizationally;16;1220000;
loosely;7;37200000;
playoff;7;79100000;
flesh;5;151000000;
overemotional;13;451000;
constuprating;13;3220;
reburies;8;455000;
poundage;8;1030000;
browbeaten;10;351000;
strewing;8;360000;
nigrum;6;4520000;
pretia;6;968000;
preteens;8;943000;
mace;4;31700000;
amortization;12;35400000;
obituaries;10;142000000;
cowherds;8;239000;
schoolgirl;10;163000000;
hess;4;47600000;
electrify;9;4400000;
malian;6;3800000;
sappier;7;85900;
incident;8;251000000;
filofax;7;9390000;
twitch;6;116000000;
bullshit;8;58600000;
tenantship;10;5040;
walleyed;8;238000;
bean;4;291000000;
calloused;9;1300000;
prolapsed;9;21700000;
bleachers;9;8200000;
amerces;7;32700;
fearless;8;55800000;
feathery;8;29100000;
condemned;9;48900000;
jerkins;7;999000;
favorably;9;14600000;
rue;3;533000000;
vary;4;514000000;
mammography;11;9830000;
airmen;6;8900000;
modifiers;9;41100000;
tissue;6;278000000;
overlooks;9;21200000;
versifies;9;34500;
wisconsin;9;328000000;
dunk;4;86900000;
mix;3;1660000000;
pete;4;210000000;
organizationally;16;1220000;
loosely;7;37200000;
playoff;7;79100000;
flesh;5;151000000;
overemotional;13;451000;
constuprating;13;3220;
reburies;8;455000;
poundage;8;1030000;
browbeaten;10;351000;
strewing;8;360000;
nigrum;6;4520000;
pretia;6;968000;
preteens;8;943000;
mace;4;31700000;
amortization;12;35400000;
obituaries;10;142000000;
cowherds;8;239000;
schoolgirl;10;163000000;
hess;4;47600000;
electrify;9;4400000;
malian;6;3800000;
sappier;7;85900;
incident;8;251000000;
filofax;7;9390000;
twitch;6;116000000;
bullshit;8;58600000;
tenantship;10;5040;
walleyed;8;238000;
bean;4;291000000;
calloused;9;1300000;
prolapsed;9;21700000;
bleachers;9;8200000;
amerces;7;32800;
fearless;8;55800000;
feathery;8;5570000;
condemned;9;48900000;
jerkins;7;999000;
favorably;9;14600000;
rue;3;533000000;
vary;4;514000000;
mammography;11;9830000;
airmen;6;8900000;
modifiers;9;41100000;
tissue;6;278000000;
overlooks;9;21200000;
versifies;9;34500;
wisconsin;9;328000000;
dunk;4;86900000;
mix;3;1660000000;
pete;4;210000000;
organizationally;16;1220000;
loosely;7;37200000;
playoff;7;79000000;
flesh;5;151000000;
overemotional;13;451000;
constuprating;13;3220;
reburies;8;455000;
poundage;8;1030000;
browbeaten;10;351000;
strewing;8;360000;
nigrum;6;4520000;
pretia;6;968000;
preteens;8;943000;
mace;4;31700000;
amortization;12;35400000;
obituaries;10;142000000;
cowherds;8;239000;
schoolgirl;10;163000000;
hess;4;47600000;
electrify;9;4400000;
malian;6;3800000;
sappier;7;85900;
incident;8;251000000;
filofax;7;9390000;
twitch;6;116000000;
bullshit;8;58600000;
tenantship;10;5040;
walleyed;8;238000;
bean;4;291000000;
calloused;9;1300000;
prolapsed;9;21700000;
bleachers;9;8200000;
amerces;7;32800;
fearless;8;55800000;
feathery;8;5570000;
condemned;9;48900000;
jerkins;7;999000;
favorably;9;14600000;
rue;3;533000000;
vary;4;514000000;
mammography;11;9830000;
airmen;6;8900000;
modifiers;9;41100000;
tissue;6;278000000;
overlooks;9;21200000;
versifies;9;34500;
wisconsin;9;328000000;
dunk;4;86900000;
mix;3;1660000000;
pete;4;210000000;
organizationally;16;1220000;
loosely;7;37200000;
playoff;7;79000000;
flesh;5;151000000;
overemotional;13;451000;
constuprating;13;3220;
reburies;8;455000;
poundage;8;1030000;
browbeaten;10;351000;
strewing;8;360000;
nigrum;6;4520000;
pretia;6;968000;
preteens;8;943000;
mace;4;31700000;
amortization;12;35400000;
obituaries;10;142000000;
cowherds;8;239000;
schoolgirl;10;163000000;
hess;4;47600000;
electrify;9;4400000;
malian;6;3800000;
sappier;7;85900;
incident;8;251000000;
filofax;7;9390000;
twitch;6;116000000;
bullshit;8;58600000;
tenantship;10;5050;
walleyed;8;238000;
bean;4;291000000;
calloused;9;1300000;
prolapsed;9;21700000;
bleachers;9;8200000;
amerces;7;32800;
fearless;8;55800000;
feathery;8;5570000;
condemned;9;48900000;
jerkins;7;999000;
favorably;9;14600000;
rue;3;533000000;
vary;4;514000000;
mammography;11;9830000;
airmen;6;8900000;
modifiers;9;41100000;
tissue;6;278000000;
overlooks;9;21200000;
versifies;9;34500;
wisconsin;9;328000000;
dunk;4;86900000;
mix;3;1660000000;
pete;4;210000000;
organizationally;16;1220000;
loosely;7;37200000;
playoff;7;79000000;
flesh;5;151000000;
overemotional;13;451000;
constuprating;13;3220;
reburies;8;455000;
poundage;8;1030000;
browbeaten;10;351000;
strewing;8;360000;
nigrum;6;4520000;
pretia;6;968000;
preteens;8;943000;
mace;4;31700000;
amortization;12;35400000;
obituaries;10;142000000;
cowherds;8;239000;
schoolgirl;10;163000000;
hess;4;47600000;
electrify;9;4400000;
malian;6;3800000;
sappier;7;85900;
incident;8;251000000;
filofax;7;9390000;
twitch;6;116000000;
bullshit;8;58600000;
tenantship;10;5040;
walleyed;8;238000;
bean;4;291000000;
calloused;9;1300000;
prolapsed;9;21700000;
bleachers;9;8200000;
amerces;7;32800;
fearless;8;55800000;
feathery;8;5570000;
condemned;9;48900000;
jerkins;7;999000;
favorably;9;14600000;
rue;3;533000000;
vary;4;514000000;
mammography;11;9830000;
airmen;6;8900000;
modifiers;9;41100000;
tissue;6;278000000;
overlooks;9;21200000;
versifies;9;34500;
wisconsin;9;328000000;
dunk;4;86900000;
mix;3;1660000000;
pete;4;210000000;
organizationally;16;1220000;
loosely;7;37200000;
playoff;7;79000000;
flesh;5;151000000;
overemotional;13;451000;
constuprating;13;3230;
reburies;8;455000;
poundage;8;1030000;
browbeaten;10;351000;
strewing;8;360000;
nigrum;6;4520000;
pretia;6;968000;
preteens;8;943000;
mace;4;31700000;
amortization;12;35400000;
obituaries;10;142000000;
cowherds;8;239000;
schoolgirl;10;163000000;
hess;4;47600000;
electrify;9;4400000;
malian;6;3800000;
sappier;7;85900;
incident;8;251000000;
filofax;7;9390000;
twitch;6;116000000;
bullshit;8;58600000;
tenantship;10;5040;
walleyed;8;238000;
bean;4;291000000;
calloused;9;1300000;
prolapsed;9;21700000;
bleachers;9;8200000;
amerces;7;32800;
fearless;8;55800000;
feathery;8;5570000;
condemned;9;48900000;
jerkins;7;999000;
favorably;9;14600000;
rue;3;533000000;
vary;4;514000000;
mammography;11;9830000;
airmen;6;8900000;
modifiers;9;41100000;
tissue;6;278000000;
overlooks;9;21200000;
versifies;9;34500;
wisconsin;9;328000000;
dunk;4;86900000;
mix;3;1660000000;
pete;4;210000000;
organizationally;16;1220000;
loosely;7;37200000;
playoff;7;79000000;
flesh;5;151000000;
overemotional;13;451000;
constuprating;13;3230;
reburies;8;455000;
poundage;8;1030000;
browbeaten;10;351000;
strewing;8;360000;
nigrum;6;4520000;
pretia;6;968000;
preteens;8;943000;
mace;4;31700000;
amortization;12;35400000;
obituaries;10;142000000;
cowherds;8;239000;
schoolgirl;10;163000000;
hess;4;47600000;
electrify;9;4400000;
malian;6;3800000;
sappier;7;85900;
incident;8;251000000;
filofax;7;9390000;
twitch;6;116000000;
bullshit;8;58600000;
tenantship;10;5040;
walleyed;8;238000;
bean;4;291000000;
calloused;9;1300000;
prolapsed;9;21700000;
bleachers;9;8200000;
amerces;7;32800;
fearless;8;55800000;
feathery;8;5570000;
condemned;9;48900000;
jerkins;7;999000;
favorably;9;14600000;
rue;3;533000000;
vary;4;514000000;
mammography;11;9830000;
airmen;6;8900000;
modifiers;9;41100000;
tissue;6;278000000;
overlooks;9;21200000;
versifies;9;34500;
wisconsin;9;328000000;
dunk;4;86900000;
mix;3;1660000000;
pete;4;210000000;
organizationally;16;1220000;
loosely;7;37200000;
playoff;7;79000000;
flesh;5;151000000;
overemotional;13;451000;
constuprating;13;3220;
reburies;8;455000;
poundage;8;1030000;
browbeaten;10;351000;
strewing;8;360000;
nigrum;6;4520000;
pretia;6;968000;
preteens;8;943000;
mace;4;31700000;
amortization;12;35400000;
obituaries;10;142000000;
cowherds;8;239000;
schoolgirl;10;163000000;
hess;4;47600000;
electrify;9;4400000;
malian;6;3800000;
sappier;7;85900;
incident;8;251000000;
filofax;7;9370000;
twitch;6;116000000;
bullshit;8;58600000;
tenantship;10;5040;
walleyed;8;238000;
bean;4;291000000;
calloused;9;1300000;
prolapsed;9;21700000;
bleachers;9;8200000;
amerces;7;32800;
fearless;8;55800000;
feathery;8;5570000;
condemned;9;48900000;
jerkins;7;999000;
favorably;9;14600000;
rue;3;533000000;
vary;4;514000000;
mammography;11;9840000;
airmen;6;8900000;
modifiers;9;41100000;
tissue;6;278000000;
overlooks;9;21200000;
versifies;9;34500;
wisconsin;9;328000000;
dunk;4;86900000;
mix;3;1660000000;
pete;4;210000000;
organizationally;16;1220000;
loosely;7;37200000;
playoff;7;79000000;
flesh;5;151000000;
overemotional;13;451000;
constuprating;13;3220;
reburies;8;455000;
poundage;8;1030000;
browbeaten;10;351000;
strewing;8;360000;
nigrum;6;4520000;
pretia;6;968000;
preteens;8;943000;
mace;4;31700000;
amortization;12;35400000;
obituaries;10;142000000;
cowherds;8;239000;
schoolgirl;10;163000000;
hess;4;47600000;
electrify;9;4400000;
malian;6;3800000;
sappier;7;85900;
incident;8;251000000;
filofax;7;9380000;
twitch;6;116000000;
bullshit;8;58600000;
tenantship;10;5040;
walleyed;8;238000;
bean;4;291000000;
calloused;9;1300000;
prolapsed;9;21700000;
bleachers;9;8200000;
amerces;7;32800;
fearless;8;55800000;
feathery;8;5570000;
condemned;9;48900000;
jerkins;7;999000;
favorably;9;14600000;
rue;3;533000000;
vary;4;514000000;
mammography;11;9820000;
airmen;6;8900000;
modifiers;9;41100000;
tissue;6;278000000;
overlooks;9;21200000;
versifies;9;34500;
wisconsin;9;328000000;
dunk;4;86900000;
mix;3;1660000000;
pete;4;210000000;
organizationally;16;1220000;
loosely;7;37200000;
playoff;7;79000000;
flesh;5;151000000;
overemotional;13;451000;
constuprating;13;3220;
reburies;8;455000;
poundage;8;1030000;
browbeaten;10;351000;
strewing;8;360000;
nigrum;6;4520000;
pretia;6;968000;
preteens;8;943000;
mace;4;31700000;
amortization;12;35400000;
obituaries;10;142000000;
cowherds;8;239000;
schoolgirl;10;163000000;
hess;4;47600000;
electrify;9;4400000;
malian;6;3800000;
sappier;7;85900;
incident;8;251000000;
filofax;7;9380000;
twitch;6;116000000;
bullshit;8;58600000;
tenantship;10;5040;
walleyed;8;238000;
bean;4;291000000;
calloused;9;1300000;
prolapsed;9;2570000;
bleachers;9;8200000;
amerces;7;32800;
fearless;8;55800000;
feathery;8;5570000;
condemned;9;48900000;
jerkins;7;999000;
favorably;9;14600000;
rue;3;533000000;
vary;4;514000000;
mammography;11;9840000;
airmen;6;8900000;
modifiers;9;41100000;
tissue;6;278000000;
overlooks;9;21200000;
versifies;9;34500;
wisconsin;9;328000000;
dunk;4;86900000;
mix;3;1660000000;
pete;4;210000000;
organizationally;16;1220000;
loosely;7;37200000;
playoff;7;79000000;
flesh;5;151000000;
overemotional;13;451000;
constuprating;13;3220;
reburies;8;455000;
poundage;8;1030000;
browbeaten;10;351000;
strewing;8;360000;
nigrum;6;4520000;
pretia;6;968000;
preteens;8;943000;
mace;4;31700000;
amortization;12;35400000;
obituaries;10;142000000;
cowherds;8;239000;
schoolgirl;10;163000000;
hess;4;47600000;
electrify;9;4400000;
malian;6;3800000;
sappier;7;85900;
incident;8;251000000;
filofax;7;9380000;
twitch;6;116000000;
bullshit;8;58600000;
tenantship;10;5040;
walleyed;8;238000;
bean;4;291000000;
calloused;9;1300000;
prolapsed;9;2570000;
bleachers;9;8200000;
amerces;7;32800;
fearless;8;55800000;
feathery;8;5570000;
condemned;9;48900000;
jerkins;7;999000;
favorably;9;14600000;
rue;3;533000000;
vary;4;514000000;
mammography;11;9840000;
airmen;6;8900000;
modifiers;9;41100000;
tissue;6;278000000;
overlooks;9;21200000;
versifies;9;34500;
wisconsin;9;328000000;
dunk;4;86900000;
mix;3;1660000000;
pete;4;210000000;
organizationally;16;1220000;
loosely;7;37200000;
playoff;7;79000000;
flesh;5;151000000;
overemotional;13;451000;
constuprating;13;3220;
reburies;8;455000;
poundage;8;1030000;
browbeaten;10;351000;
strewing;8;360000;
nigrum;6;4520000;
pretia;6;968000;
preteens;8;943000;
mace;4;31700000;
amortization;12;35400000;
obituaries;10;142000000;
cowherds;8;239000;
schoolgirl;10;163000000;
hess;4;47600000;
electrify;9;4400000;
malian;6;3800000;
sappier;7;85900;
incident;8;251000000;
filofax;7;9360000;
twitch;6;116000000;
bullshit;8;58600000;
tenantship;10;5040;
walleyed;8;238000;
bean;4;291000000;
calloused;9;1300000;
prolapsed;9;2570000;
bleachers;9;8200000;
amerces;7;32800;
fearless;8;55800000;
feathery;8;5570000;
condemned;9;48900000;
jerkins;7;999000;
favorably;9;14600000;
rue;3;533000000;
vary;4;514000000;
mammography;11;9840000;
airmen;6;8900000;
modifiers;9;41100000;
tissue;6;278000000;
overlooks;9;21200000;
versifies;9;34500;
wisconsin;9;328000000;
dunk;4;86900000;
mix;3;1660000000;
pete;4;210000000;
organizationally;16;1220000;
loosely;7;37200000;
playoff;7;79000000;
flesh;5;151000000;
overemotional;13;451000;
constuprating;13;3220;
reburies;8;455000;
poundage;8;1030000;
browbeaten;10;351000;
strewing;8;360000;
nigrum;6;4520000;
pretia;6;968000;
preteens;8;943000;
mace;4;31700000;
amortization;12;35400000;
obituaries;10;142000000;
cowherds;8;239000;
schoolgirl;10;163000000;
hess;4;47600000;
electrify;9;4400000;
malian;6;3800000;
sappier;7;85900;
incident;8;251000000;
filofax;7;9370000;
twitch;6;116000000;
bullshit;8;58600000;
tenantship;10;5040;
walleyed;8;238000;
bean;4;291000000;
calloused;9;1300000;
prolapsed;9;2570000;
bleachers;9;8200000;
amerces;7;32800;
fearless;8;55800000;
feathery;8;5570000;
condemned;9;48900000;
jerkins;7;999000;
favorably;9;14600000;
rue;3;533000000;
vary;4;514000000;
mammography;11;9840000;
airmen;6;8900000;
modifiers;9;41100000;
tissue;6;278000000;
overlooks;9;21200000;
versifies;9;34500;
wisconsin;9;328000000;
dunk;4;86900000;
mix;3;1660000000;
pete;4;210000000;
organizationally;16;1220000;
loosely;7;37200000;
playoff;7;79000000;
flesh;5;151000000;
overemotional;13;451000;
constuprating;13;3220;
reburies;8;455000;
poundage;8;1030000;
browbeaten;10;351000;
strewing;8;360000;
nigrum;6;4520000;
pretia;6;968000;
preteens;8;948000;
mace;4;31700000;
amortization;12;35400000;
obituaries;10;142000000;
cowherds;8;239000;
schoolgirl;10;163000000;
hess;4;47600000;
electrify;9;4400000;
malian;6;3800000;
sappier;7;85900;
incident;8;251000000;
filofax;7;9380000;
twitch;6;116000000;
bullshit;8;58600000;
tenantship;10;5040;
walleyed;8;238000;
bean;4;291000000;
calloused;9;1300000;
prolapsed;9;2570000;
bleachers;9;8200000;
amerces;7;32800;
fearless;8;55800000;
feathery;8;5570000;
condemned;9;48900000;
jerkins;7;999000;
favorably;9;14600000;
rue;3;533000000;
vary;4;514000000;
mammography;11;9840000;
airmen;6;8900000;
modifiers;9;41100000;
