nom,tailleMot,nbResults
ersichtlichster,15,2030
herunterkommen,14,158000
kohlenstoffs,12,195000
erbberechtigtes,15,4300
aufgeworfen,11,936000
findlingen,10,115000
gegenforderung,14,601000
absonderlicher,14,81400
asiatisch,9,13400000
knabberte,9,130000
abgestrahlte,12,158000
ballspiele,10,562000
faderen,7,875000
unbekehrbar,11,6850
bastelei,8,2140000
wundervollem,12,173000
folgeerscheinungen,18,296000
vergasenden,11,3900
stilart,7,386000
sachsenkrieg,12,12700
alleiniger,10,1920000
vollgepfropft,13,27800
randzonen,9,336000
anzuwenden,10,8760000
belastetest,11,2030
ersetzbar,9,386000
umgehalsten,11,733
viervierteltakt,15,30700
steigenden,10,5910000
betreffenden,12,14800000
duldsame,8,13900
zustimmte,9,168000
verdonnertem,12,2190
tagfaltern,10,22700
sparkapitalbildung,18,4220
hinzukommend,12,43800
aufblickten,11,10200
probiert,8,11500000
hellster,8,482000
berichtige,10,56300
senate,6,256000000
anomal,6,816000
weggewendetes,13,1980
akademischerer,14,2610000
bratpfannen,11,443000
freudloseste,12,2640
entledigtes,11,4610
geruhsamkeit,12,11400
tischzeit,9,40000
sprachlabore,12,123000
