erwidernder;11;14000;
hineinging;10;58800;
konsistent;10;968000;
erfolgreicheren;15;92700;
aufheulend;10;11400;
fleischfarbenen;15;23400;
geistreichste;13;68500;
absorbierung;12;43700;
athen;5;167000000;
kompanien;9;245000;
abgestrittenes;14;1130;
bargeldmenge;12;13800;
farbenperspektive;17;8500;
ungenannten;11;444000;
bausperren;10;4760;
zersprengten;12;21000;
fortkommen;10;533000;
verleumdetem;12;302000;
stufenplan;10;313000;
schaltungen;11;3330000;
allermeist;10;142000;
wackelkontakte;14;425000;
regeneriertes;13;36600;
appetitliches;13;43900;
belohnende;10;34100;
erweiterungen;13;6070000;
unausrottbares;14;31000;
vorsichtigsten;14;20800;
stolzierenden;13;12800;
beugung;7;659000;
durchgesiebte;13;17600;
verheddertes;12;1910;
teure;5;9830000;
springseil;10;396000;
humanisten;10;528000;
auffangender;12;1010;
qualifiziere;12;36100;
hergenommenes;13;4150;
beschaffene;11;5510000;
sizilianers;11;16300;
anprallenden;12;6960;
wertpapier;10;1960000;
akkreditiertet;14;137000;
briefeinwurf;12;76300;
funkelnder;10;428000;
entwarft;8;5160;
geschmissene;12;10100;
triebwerke;10;1540000;
statisch;8;4260000;
zollplombe;10;4330;
