knuser;6;578000;
reklamens;9;4030000;
supertanker;11;792000;
juli;4;509000000;
charlottenlund;14;3310000;
legionerne;10;1690;
modtagere;9;632000;
andreas;7;403000000;
brede;5;25500000;
studieformen;12;14400;
afsvaling;9;2690;
egner;5;3860000;
kontoen;7;4310000;
eksperiment;11;3490000;
livvagt;7;33000;
atomist;7;206000;
blodspor;8;120000;
familiegruppe;13;123000;
knubs;5;86600;
forbud;6;3960000;
henledes;8;69600;
romantisme;10;7680000;
brugervejledninger;18;110000;
races;5;307000000;
figurtype;9;4320;
besvares;8;983000;
arkivfilm;9;111000;
frederik;8;28800000;
marcos;6;396000000;
ismejeriet;10;47900;
observationsevne;16;4060;
manipulation;12;125000000;
delepunktet;11;8290;
realiserede;11;526000;
datamatsyn;10;557;
andengradsligninger;19;8520;
mellemuddannelsen;17;4310;
mads;4;31600000;
periferis;9;19900000;
udgangene;9;21200;
udvalg;6;17300000;
jensens;7;3100000;
bevilligede;11;19700;
synkroniseringen;16;52600;
ordsprog;8;438000;
heltedigt;9;10900;
nonsens;7;2550000;
foreligger;10;3200000;
algebraisk;10;65900;
interviewer;11;21300000;
