deshumanizadas;14;168000;
formativas;10;6200000;
inquietante;11;7130000;
descoronazados;14;0;
asaseis;7;2470;
disipaban;9;26400;
enclave;7;42300000;
acoplabais;10;1810;
aprehendieron;13;858000;
injuriaba;9;22400;
absortaste;10;800;
bombease;8;2790;
desplegasen;11;8540;
urdidas;7;59500;
braveaba;8;2210;
domines;7;382000;
sobreviviremos;14;81800;
pugnacidad;10;24000;
afirmada;8;682000;
postulantes;11;7680000;
aparcaremos;11;15900;
captaba;7;406000;
deshonradoras;13;857;
tratas;6;2750000;
seudos;6;136000;
chispeaste;10;1360;
crepitaban;10;14600;
suntuoso;8;971000;
rijosas;7;6980;
galos;5;47700000;
apuntes;7;18900000;
pian;4;38900000;
favorecierais;13;1870;
cauterizarais;13;574;
repugnes;8;9450;
americanas;10;57700000;
adquisidoras;12;2800;
comparecieseis;14;1270;
embalasteis;11;1300;
descamisado;11;239000;
enterneciesen;13;1500;
termal;6;25700000;
salazones;9;480000;
emancipamos;11;6500;
autorizados;11;25700000;
figuraron;9;400000;
atrajeses;9;1010;
aconsejarais;12;72600;
sospechas;9;5880000;
empanados;9;728000;
