intermedie;10;1260000;
ringraziare;11;5720000;
smarrivamo;10;4940;
inclusioni;10;387000;
biblioteca;10;262000000;
messasi;7;31200;
pantofole;9;5040000;
affiatiamo;10;4280;
avvicinavi;10;8940;
sindacare;9;161000;
accomodavo;10;8260;
combatteva;10;299000;
lavabo;6;44500000;
competitivi;11;3480000;
mostraste;9;403000;
amministrare;12;1270000;
attraverso;10;101000000;
convincerci;11;178000;
interessamento;14;1310000;
degnata;7;144000;
fetida;6;377000;
ritorno;7;47600000;
badile;6;522000;
rideremo;8;44500;
creperebbe;10;8940;
asciutto;8;5480000;
altalena;8;2330000;
disarmata;9;571000;
numerico;8;15100000;
implicati;9;1370000;
pompare;7;1490000;
novara;6;38200000;
camminassi;10;16500;
riformerai;10;2220;
cachi;5;4860000;
affettava;9;23400;
opineremmo;10;3130;
nelle;5;227000000;
rammendati;10;6970;
strisciate;10;436000;
suppliamo;9;2330;
inamidare;9;28500;
viaggiata;9;1460000;
assenteista;11;486000;
sofisticatori;13;3280;
propagaste;10;2680;
fedelmente;10;1710000;
piantavate;10;916;
dementi;7;1610000;
adiacenti;9;2260000;
