natuurgenezer;13;19300;
sydney;6;475000000;
volhardde;9;32000;
meteorologen;12;1170000;
dakriet;7;26100;
ooijen;6;789000;
potentieert;11;11600000;
anderhalf;9;2990000;
ce;2;2810000000;
vlaktemaat;10;10100;
advertentiebord;15;658000;
februari;8;210000000;
omnibus;7;83700000;
flikkering;10;72800;
opslagkast;10;499000;
begunstigers;12;137000;
broeders;8;2520000;
generatoren;11;3700000;
natgemaakt;10;68600;
grint;5;5390000;
kloostereind;12;36300;
theatrale;9;1270000;
colbert;7;50400000;
stiens;6;1690000;
getroffen;9;31300000;
blindemannetjes;15;44600;
beantwoorde;11;202000;
hondsberg;9;52000;
overwicht;9;317000;
mazelen;7;203000;
republikeinse;13;496000;
overtrek;8;850000;
doodtij;7;17500;
stortregen;10;29300;
dinsdagmorgen;13;272000;
amsterdammers;13;720000;
perser;6;2710000;
overgebleven;12;1550000;
slager;6;4290000;
zuinigheid;10;958000;
meespeel;8;50700;
boerderijwerk;13;5510;
voortgang;9;2830000;
scheld;6;528000;
kleurlingen;11;49300;
rechtvaardigd;13;16000;
grot;4;5840000;
afvijlen;8;15000;
maraboe;7;84700;
wagenwijd;9;167000;
