identical;9;186000000;
pomeranians;11;2780000;
scriptoria;10;208000;
helsinki;8;120000000;
cartography;11;15100000;
juror;5;6210000;
meat;4;406000000;
annotation;10;58400000;
burnoose;8;64000;
scantily;8;3790000;
against;7;1970000000;
constructors;12;10300000;
infestation;11;20000000;
convert;7;413000000;
languorous;10;497000;
autobahn;8;32300000;
zeffirelli;10;1400000;
bridgnorth;10;2730000;
damped;6;5130000;
icosahedron;11;1030000;
dieppe;6;12800000;
finances;8;1320000000;
procrastinates;14;284000;
caftans;7;2240000;
welder;6;63800000;
physiognomies;13;126000;
dehisce;7;161000;
bloc;4;135000000;
assuage;7;2560000;
drumbeat;8;1660000;
lispers;7;34400;
happening;9;439000000;
mortgages;9;151000000;
link;4;5410000000;
chromatography;14;36500000;
pitmen;6;264000;
chauffeurs;10;12700000;
ankle;5;263000000;
mademoiselle;12;40800000;
leveraged;9;13300000;
overmanning;11;215000;
stormiest;9;204000;
suburbanised;12;23800;
worldlier;9;54400;
having;6;2190000000;
unsold;6;10100000;
boisterously;12;353000;
senator;7;159000000;
obligation;10;175000000;
fieldman;8;416000;
