initio;6;17900000;
quiescence;10;1560000;
softwood;8;5370000;
ichthyologists;14;151000;
centralizes;11;749000;
limber;6;6210000;
moused;6;466000;
antacids;8;3250000;
calmed;6;9280000;
smatters;8;81300;
aggravation;11;9550000;
corrected;9;102000000;
jammed;6;19000000;
course;6;2040000000;
machinery;9;352000000;
avowing;7;269000;
bugbear;7;1230000;
definitively;12;10200000;
inhumanly;9;546000;
dispatched;10;99500000;
form;4;11080000000;
rectifiers;10;8920000;
capfuls;7;172000;
pronghorn;9;8510000;
desperadoes;11;675000;
bogy;4;1540000;
athenaeums;10;33900;
elisors;7;7230;
measly;6;3410000;
horowitz;8;16900000;
oiler;5;12200000;
maya;4;393000000;
clocking;8;6620000;
psyches;7;1050000;
cinching;8;1410000;
annuls;6;626000;
mingled;7;8280000;
marketers;9;37700000;
piccalilli;10;381000;
throw;5;452000000;
tourneys;8;1830000;
humidify;8;501000;
bossed;6;1570000;
spectating;10;1080000;
parodying;9;921000;
forefather;10;1340000;
nubs;4;2870000;
dissuaded;9;1620000;
ambush;6;28100000;
homage;6;47800000;
