nom,tailleMot,nbResults
repressivster,13,944
autobiographie,14,5150000
abvermietend,12,18
steuerruder,11,154000
erweichtet,10,1310
empfundener,11,121000
einberufende,12,9050
beobachtungen,13,8870000
steckt,6,23200000
auskochende,11,1200
schnappschusses,15,5510000
stetigeres,10,3460
verwundetest,12,1570
michaels,8,2240000000
aufschreckte,12,25900
parapsychologie,15,839000
himmlischsten,13,4620
ahnfrau,7,72300
adressat,8,845000
auseinanderliegen,17,301000
egels,5,550000
einmischten,11,26100
kriminelles,11,322000
pingeligkeit,12,12500
abwirtschaften,14,7250
nachbaute,9,11700
dienstbereit,12,120000
sozialrecht,11,2590000
sagten,6,6030000
sensation,9,763000000
metermassen,11,17000
herzogin,8,2470000
ehrgeizigerem,13,744
interventionspflicht,20,3630
papierfabrik,12,949000
euren,5,22300000
unbesorgtes,11,6710
vermittelnder,13,427000
abgeholter,10,40800
syrier,6,270000
unbeachtetstes,14,7
bezeichnendem,13,25800
sekretion,9,653000
hinausbeugen,12,4140
gehaltsvorstellung,18,999000
etikett,7,28800000
betroffenstes,13,2000
durchschlagpapier,17,26400
wurmmittel,10,63000
tarifen,7,1690000
altschnee,9,33500
falschspieler,13,75000
sehenden,8,1220000
tantiemen,9,269000
berufsverkehrs,14,582000
zangen,6,4330000
kantische,9,179000
getaumelten,11,1350
schlosserwerkstatt,18,19500
sekundierte,11,63700
umbuchender,11,3990
ausgeflogene,12,274000
jahreswettbewerb,16,9260
pfirsich,8,6330000
kooperativer,12,479000
praktizierst,12,91500
abschiedsempfang,16,9030
lateinisches,12,636000
hofhaus,7,164000
nonkonformismus,15,36900
gewandtesten,12,15500
rallye,6,36600000
verfahrenen,11,84900
wirren,6,1170000
millionenheer,13,17200
vertrauensselige,16,6070
subjektive,10,7200000
wohlgemerkter,13,1260000
horchender,10,6480
halbem,6,922000
bruchstrich,11,49600
anpeilte,8,14300
vereinnahmter,13,13200
aussehendes,11,572000
ungiftiges,10,53000
befasst,7,7580000
gewollte,8,839000
betondamm,9,5160
ausgeburt,9,192000
bezwingen,9,1310000
landstation,11,405000
unverletzlich,13,319000
kontaktarm,10,31900
behagend,8,2340
thermen,7,3690000
grimmigerer,11,2010
personalien,11,2130000
zugebilligter,13,3370
kult,4,32400000
ersinnt,7,55800
henkeln,7,456000
leider,6,224000000
meinetwegen,11,1350000
sentimentales,13,3330000
verkehrsschilder,16,464000
bares,5,111000000
brustumfang,11,2160000
gleichbeginnend,15,1810
eingabekanal,12,4590
fauleren,8,5150
adelige,7,752000
einfettet,9,6940
barer,5,51800000
nautischen,10,838000
abgeschabtes,12,11700
ausgestreute,12,46800
beurteiltem,11,14100000
tippeln,7,33300
lastenden,9,153000
schwatzende,11,23100
zusammenprallend,16,3000
findelkindes,12,18300
schwurgerichten,15,15500
reguliert,9,3190000
glasdeckel,10,732000
parkte,6,593000
heilsten,8,3630
taxierende,10,2380
schwerpunkte,12,21800000
schlemmtet,10,2150
fussbremse,10,49800
geschaffene,11,1600000
atombindungen,13,13800
gegengewichten,14,42500
verarztendes,12,393
fachberater,11,2100000
protokollarisches,17,2860
bewohnt,7,2700000
automobilklubs,14,13900
lahmen,6,462000
argen,5,6020000
panamaische,11,250000
ausfransender,13,20100
ersatzanspruches,16,69500
zahlungsmittel,14,26100000
fortsetzen,10,9140000
aussetzendem,12,6510
wiegenkinds,11,1330
ras,3,193000000
unkundiger,10,30500
ersichtlichster,15,2030
herunterkommen,14,158000
kohlenstoffs,12,195000
erbberechtigtes,15,4300
aufgeworfen,11,936000
findlingen,10,115000
gegenforderung,14,601000
absonderlicher,14,81400
asiatisch,9,13400000
knabberte,9,130000
abgestrahlte,12,158000
ballspiele,10,562000
faderen,7,875000
unbekehrbar,11,6850
bastelei,8,2140000
wundervollem,12,173000
folgeerscheinungen,18,296000
vergasenden,11,3900
stilart,7,386000
sachsenkrieg,12,12700
alleiniger,10,1920000
vollgepfropft,13,27800
randzonen,9,336000
anzuwenden,10,8760000
belastetest,11,2030
ersetzbar,9,386000
umgehalsten,11,733
viervierteltakt,15,30700
steigenden,10,5910000
betreffenden,12,14800000
duldsame,8,13900
zustimmte,9,168000
verdonnertem,12,2190
tagfaltern,10,22700
sparkapitalbildung,18,4220
hinzukommend,12,43800
aufblickten,11,10200
probiert,8,11500000
hellster,8,482000
berichtige,10,56300
senate,6,256000000
anomal,6,816000
weggewendetes,13,1980
akademischerer,14,2610000
bratpfannen,11,443000
freudloseste,12,2640
entledigtes,11,4610
geruhsamkeit,12,11400
tischzeit,9,40000
sprachlabore,12,123000
vervielfachte,13,43700
auffressendes,13,1690
hauptakteur,11,127000
amtsbezeichnung,15,236000
panamaische,11,251000
ostermontag,11,1520000
verherrlichten,14,74200
verunglimpften,14,18000
eingesperrtes,13,24900
reichhaltige,12,2280000
lebendigstes,12,3510
bestrahlendem,13,1710
opportunismus,13,220000
massenflugblatt,15,2010
wirrste,7,420000
umstrittenen,12,2360000
akademisches,12,1060000
affektiertes,12,9910
arbeitsintensive,16,415000
treckender,10,2110
fremdfinanzierungen,19,19100
reformer,8,16900000
unsaubersten,12,4500
ankreidenden,12,2480
verbindungsrohre,16,1330000
agentenstories,14,16900
belegender,10,152000
mischtext,9,3750
watsche,7,46400
fernsehhonorare,15,3270
lohndiktat,10,4800
gastbuch,8,97200
zerschrammte,12,4760
sonnenbad,9,1160000
wertbesetzung,13,2620
tankwarten,10,3550
ausbruchsversuch,16,46900
handwerkern,11,1360000
zivilisation,12,3000000
siedepunkten,12,25700
klanglose,9,7870
geschleppten,12,35100
betupft,7,51700
kehrender,9,14600
kartentasche,12,320000
unternahm,9,1680000
audienz,7,904000
kaltverformungen,16,3910
strassburg,10,7570000
sehnige,7,39200
genickbruch,11,194000
ansteht,7,1720000
hochgehen,9,422000
mittelwestens,13,66200
januarzahlen,12,7610
nerven,6,14400000
geistvollstem,13,1970
erbarmungslosem,15,22300
landstellen,11,34600
griffbereit,11,2060000
haarscharf,10,632000
proklamierte,12,264000
anatomie,8,23700000
umgehe,6,324000
hervorschoss,12,8270
schattierter,12,15200
abstreichender,14,1860
wurmten,7,6600
ausklopfte,10,2490
abbestelltem,12,19300000
erhofftet,9,1970
wiedersehend,12,8600000
zerknitternd,12,1620
ultraschalls,12,99400
kleinbanken,11,52600
sporadischen,12,230000
milieu,6,143000000
abgeschleppter,14,3900
wartezimmers,12,13700
unfrei,6,2370000
vollbrachten,12,200000
fortstossendes,14,101
nationalarmee,13,32800
hinunterschluckende,19,48700
einheftend,10,1030
einweihung,10,4330000
lichtende,9,442000
lasttier,8,156000
geschenkte,10,497000
indossierst,11,1880
wurzelworts,11,1260
elegantes,9,52800000
aktieninhaberinnen,18,1650
nachahmender,12,41500
gewiderten,10,349
spanische,9,14600000
schwachstrom,12,328000
geplagter,9,50300
phonetisches,12,28700
geholfen,8,15500000
