ruhepausen;10;296000;
baden;5;162000000;
abwechselnden;13;343000;
stritten;8;802000;
evangelische;12;13000000;
enterbte;8;26500;
eingeflogen;11;323000;
bereitschaft;12;9660000;
stockte;7;614000;
ausleihender;12;73200;
schulmeister;12;1060000;
streitfrage;11;382000;
vorgehabt;9;256000;
mittagsstunde;13;261000;
aufsteiger;10;6600000;
pfau;4;6100000;
hirnrinde;9;153000;
akademischeres;14;2200;
adverb;6;13000000;
ausgabestellen;14;161000;
eigenartigeren;14;1500;
einspannend;11;22200;
landmaschinen;13;6810000;
preisbemessung;14;5440;
abziehbildes;12;4070;
ncr;3;99700000;
dirigiertes;11;3070;
sprachliches;12;3970000;
scharender;10;45000;
sklavischem;11;5230;
mitmensch;9;206000;
hinrichtendem;13;1640;
einbezogen;10;6670000;
jungbrunnen;11;606000;
permanentesten;14;3710;
extravaganten;13;958000;
ungewissheiten;14;220000;
versicherers;12;517000;
abgeizte;8;4;
telex;5;18100000;
ungastlichem;12;2070;
bilddruck;9;249000;
simulierten;11;562000;
hobeln;6;956000;
gekonnten;9;401000;
exportvolumen;13;63800;
bewegenden;10;1920000;
edlere;6;272000;
zertretener;11;7400;
tiefstand;9;339000;
ambitionen;10;3170000;
faust;5;40000000;
siedekesseln;12;5940;
tickendes;9;21900;
beschlagende;12;10700;
ziert;5;3010000;
kaufgeldern;11;5550;
gewinnverfolgung;16;1860;
schockiert;10;2490000;
singvogels;10;553000;
umwickelst;10;6090;
ausgekratzte;12;28000;
kameramann;10;1870000;
polternd;8;67100;
kriminalfilm;12;360000;
prospekts;9;2410000;
abschirmendem;13;2850;
leiten;6;13100000;
imbissstube;11;215000;
optionsspieler;14;3290;
gierig;6;2320000;
reformierten;12;1110000;
verknallen;10;76200;
zahmeren;8;8710;
modeentwicklung;15;5210;
volkreiches;11;10100;
taumelig;8;13900;
zeltplatzes;11;31300;
impotentestes;13;1290;
hauptdarstellerin;17;744000;
bundesflaggen;13;1980;
anregenden;10;722000;
verkehrsnetzen;14;20800;
ausstopft;9;24600;
unternehmergeist;16;361000;
begegnend;9;26300;
gletschers;10;495000;
betrunkenes;11;110000;
ausgehende;10;1750000;
bildungszentren;15;239000;
leichtathletiker;16;12200000;
verbrecherischstes;18;5390;
kredenzt;8;297000;
beichtgeheimnisse;17;6080;
trauertet;9;2270;
haft;4;73900000;
pokergesichtern;15;2510;
zusatz;6;16400000;
lasertechnologie;16;378000;
erwiderung;10;553000;
herleitenden;12;15200;
lobspruch;9;114000;
missgeschick;12;714000;
skurrilerer;11;1830;
verrechne;9;1270000;
baugruppe;9;4010000;
bundesparteitag;15;597000;
gratisaktie;11;11100;
eingeschleuster;15;9050;
feldzug;7;1680000;
admiralen;9;134000;
eingereichter;13;139000;
baugruben;9;256000;
nobelkarossen;13;29300;
abgeschaltetem;14;115000;
ausgleichsrente;15;16400;
bewirtschaftet;14;1270000;
treuester;9;61800;
leistungsdruck;14;752000;
seitenblicken;13;31800;
flehst;6;16100;
serviertet;10;671;
revanchisten;12;13400;
grabenkrieg;11;41400;
pferdestall;11;1220000;
herauskommend;13;11300;
toilettengarnituren;19;4630;
seltsamerem;11;2020;
schnellimbissstuben;19;4320;
gb;2;1640000000;
gesehene;8;2110000;
aufaddierten;12;18200;
geistvolleres;13;1870;
verfahrener;11;72000;
falzt;5;37000;
randsteine;10;195000;
bier;4;76000000;
bahnservice;11;51700;
lege;4;74500000;
armseligem;10;6760;
pensionskasse;13;2950000;
ausgedehnteren;14;65900;
erstreckte;10;1090000;
zielstrebigere;14;3330;
freisprechendes;15;11900;
austauschstudent;16;56000;
wucherischeren;14;1140;
regierungsantritte;18;62100;
unterstehende;13;1440000;
zugtieres;9;74000;
erwidernder;11;14000;
hineinging;10;58800;
konsistent;10;968000;
erfolgreicheren;15;92700;
aufheulend;10;11400;
fleischfarbenen;15;23400;
geistreichste;13;68500;
absorbierung;12;43700;
athen;5;167000000;
kompanien;9;245000;
abgestrittenes;14;1130;
bargeldmenge;12;13800;
farbenperspektive;17;8500;
ungenannten;11;444000;
bausperren;10;4760;
zersprengten;12;21000;
fortkommen;10;533000;
verleumdetem;12;302000;
stufenplan;10;313000;
schaltungen;11;3330000;
allermeist;10;142000;
wackelkontakte;14;425000;
regeneriertes;13;36600;
appetitliches;13;43900;
belohnende;10;34100;
erweiterungen;13;6070000;
unausrottbares;14;31000;
vorsichtigsten;14;20800;
stolzierenden;13;12800;
beugung;7;659000;
durchgesiebte;13;17600;
verheddertes;12;1910;
teure;5;9830000;
springseil;10;396000;
humanisten;10;528000;
auffangender;12;1010;
qualifiziere;12;36100;
hergenommenes;13;4150;
beschaffene;11;5510000;
sizilianers;11;16300;
anprallenden;12;6960;
wertpapier;10;1960000;
akkreditiertet;14;137000;
briefeinwurf;12;76300;
funkelnder;10;428000;
entwarft;8;5160;
geschmissene;12;10100;
triebwerke;10;1540000;
statisch;8;4260000;
zollplombe;10;4330;
vollstreckender;15;6370;
aufgebundene;12;17700;
heimverwaltung;14;17700;
amtsvormund;11;41700;
pensionskasse;13;1200000;
patrouillieren;14;180000;
vernunftlosen;13;26100;
vollendende;11;24300;
einklemmende;12;4270;
rezitiertest;12;2530;
leugnen;7;2160000;
betreffende;11;30800000;
partei;6;31000000;
mieder;6;2850000;
zahnfleisch;11;5280000;
uneiniges;9;4540;
akkreditivs;11;154000;
ag;2;931000000;
arbeitszeitpolitik;18;23700;
umfahrenden;11;7240;
fuchtelnden;11;20100;
reserviert;10;9350000;
unwegsamer;10;15300;
anlassender;11;65700;
verfinstern;11;55800;
agitatoren;10;83800;
bemanntes;9;19600;
mondale;7;1310000;
weltfrieden;11;620000;
festzulegen;11;5160000;
mannigfachen;12;291000;
gedankengut;11;1050000;
zugeschnappte;13;1790;
spirale;7;20300000;
wirklicheren;12;2310;
thunfischen;11;19800;
ausfechtendes;13;1180;
heilanstalten;13;68900;
zusammengeheilter;17;1230;
sonnverbrannten;15;6770;
knetendes;9;18500;
gespensterhaftere;17;1460;
bewerten;8;83000000;
kirchentages;12;85900;
kentert;7;85100;
verarbeitung;12;48300000;
aufdringlicher;14;119000;
kassalieferungen;16;1380;
systemlos;9;189000;
sieg;4;55700000;
gerundet;8;2250000;
anstriche;9;958000;
hysterischer;12;82900;
nachbarschaften;15;21600000;
kampfbegierde;13;3900;
notwendigen;11;40500000;
gellen;6;400000;
erfindungsreichstem;19;1170;
leichtathletikkampf;19;2370;
hackender;9;37200;
harmoniertest;13;1180;
radiochemiker;13;4070;
anbellendes;11;1680;
unaussprechliche;16;742000;
hingehend;9;3760000;
schlachtendes;13;89500;
absurderer;10;1220;
zerzaustestem;13;1170;
auslegung;9;9520000;
abbestellter;12;4550;
ermutigenden;12;448000;
wortschwalle;12;2020;
zugab;5;250000;
umtausche;9;40400;
kokettierender;14;2700;
stanniol;8;135000;
mixer;5;171000000;
abgeschlossenem;15;362000;
weiterverarbeiten;17;1470000;
unsolidere;10;1500;
wachse;6;1660000;
freister;8;111000;
niedersachsen;13;62300000;
hosenschlitz;12;189000;
einpflanzendes;14;4050;
eislauf;7;454000;
luftpostabonnements;19;2990;
leistungstief;13;32000;
gesetzlichem;12;644000;
interpretiertes;15;5600000;
zeugten;7;318000;
emporragendes;13;9670;
aktiviert;9;28900000;
naturkunde;10;1550000;
glaubensideologie;17;2830;
sprengend;9;18100;
sehnender;9;92600;
geschabten;10;13800;
pragmatisch;11;1470000;
geldsparen;10;10500000;
