nom,tailleMot,nbResults
dyr,3,36400000
anser,5,21700000
kommandere,10,47100
informerer,10,1170000
huggende,8,7130
fejlhyppigheden,15,556
diskuterer,10,1520000
ungarn,6,57200000
dan,3,3250000000
respektiv,9,378000
ark,3,179000000
arbejdsgiverens,15,72600
delepunkter,11,2970
holdbar,7,2070000
illustrerede,12,178000
testet,6,17600000
antyde,6,225000
vinduerne,9,488000
guinea,6,455000000
undslippe,9,187000
religionen,10,8090000
hormoner,8,1510000
skabelonerne,12,25100
komponent,9,13000000
afhang,6,154000
forklaringer,12,1320000
resultatkrav,12,66600
montere,7,5800000
kompleksitet,12,603000
forefindes,10,439000
hinde,5,27100000
missiler,8,327000
diskret,7,14000000
deformerede,11,7290
overtaget,9,853000
derover,7,1840000
olympiske,9,1250000
myrra,5,572000
kategorien,10,273000000
bandager,8,417000
slidske,7,11400
udtages,7,127000
enheders,8,5900000
overraskende,12,4520000
byrdefordeling,14,13700
varierer,8,4960000
kundekontakt,12,477000
omslutte,8,39500
godkendt,8,7140000
bomber,6,167000000
avistype,8,6810
kopieringen,11,2570000
filmselskabernes,16,1430
smyk,4,7630000
opslag,6,23200000
derefter,8,9350000
skinner,7,41600000
tankeproces,11,46700
aluminium,9,372000000
tisse,5,8850000
sagn,4,784000
orddeling,9,54500
urtepotte,9,196000
samlede,7,7860000
polen,5,118000000
fristen,7,10600000
betegne,7,325000
driftsikkerhed,14,51700
engelsk,7,50600000
overbevise,10,921000
forbinder,9,1760000
dengang,7,3750000
forlod,6,1220000
tilstand,8,8400000
tabulatorstop,13,7200
esse,4,456000000
perioder,8,7170000
tidsangivelser,14,646000
knustes,7,19100
gammelkommunister,17,3490
overgangen,10,2080000
binomial,8,9870000
befriede,8,200000
bibringe,8,86400
gennembrydende,14,2820
bidrage,7,3010000
forskning,9,26700000
kvalitetsstyring,16,140000
kommandoens,11,1400000
bundafstand,11,630
tryllelampe,11,131
distinkte,9,246000
biblioteksforening,18,115000
delopgaver,10,42700
skuffen,7,652000
mestre,6,78800000
menuernes,9,2690
udelader,8,106000
scepter,7,11700000
forsvars,8,246000
radioaktivt,11,1020000
trit,4,5750000
underdanig,10,1160000
eksempel,8,24400000
frodig,6,910000
overskygger,11,102000
huseret,7,130000
krise,5,19400000
arbejdsbeskrivelse,18,64700
hungrig,7,5950000
eksempel,8,24400000
zoologi,7,1470000
afsides,7,133000
diks,4,1640000
forestille,10,2010000
tinge,5,9500000
legeringer,10,119000
overraskelsens,14,2200
prompte,7,4240000
mediekommissionens,18,798
okse,4,1090000
brise,5,31200000
modtagerne,10,118000
konsulenten,11,309000
forholdsvis,11,3100000
edda,4,14300000
tillades,8,233000
borde,5,81200000
deltagelse,10,4070000
klemme,6,9190000
lykkeligt,9,354000
drikke,6,20900000
kristendom,10,1700000
astrologer,10,16800000
nakken,6,2290000
pejs,4,1420000
denne,5,232000000
stavekontrollen,15,19300
station,7,1460000000
givent,6,378000
geografisk,10,4030000
europa,6,955000000
just,4,6530000000
integrerede,11,783000
begik,5,388000
bandager,8,417000
san,3,3740000000
autoriserede,12,684000
memoer,6,250000
opsigelsen,10,89000
knuser,6,578000
reklamens,9,4030000
supertanker,11,792000
juli,4,509000000
charlottenlund,14,3310000
legionerne,10,1690
modtagere,9,632000
andreas,7,403000000
brede,5,25500000
studieformen,12,14400
afsvaling,9,2690
egner,5,3860000
kontoen,7,4310000
eksperiment,11,3490000
livvagt,7,33000
atomist,7,206000
blodspor,8,120000
familiegruppe,13,123000
knubs,5,86600
forbud,6,3960000
henledes,8,69600
romantisme,10,7680000
brugervejledninger,18,110000
races,5,307000000
figurtype,9,4320
besvares,8,983000
arkivfilm,9,111000
frederik,8,28800000
marcos,6,396000000
ismejeriet,10,47900
observationsevne,16,4060
manipulation,12,125000000
delepunktet,11,8290
realiserede,11,526000
datamatsyn,10,557
andengradsligninger,19,8520
mellemuddannelsen,17,4310
mads,4,31600000
periferis,9,19900000
udgangene,9,21200
udvalg,6,17300000
jensens,7,3100000
bevilligede,11,19700
synkroniseringen,16,52600
ordsprog,8,438000
heltedigt,9,10900
nonsens,7,2550000
foreligger,10,3200000
algebraisk,10,65900
interviewer,11,21300000
budskab,7,1190000
procedurer,10,1170000
bagfra,6,2220000
hyldest,7,878000
tolkes,6,869000
foran,5,1070000000
udviklingsfase,14,28300
arkivfilm,9,111000
arbejdspladsens,15,78100
boldgade,8,46100
manipulations,13,20600000
besejre,7,179000
arbejdstiden,12,410000
familietraditioner,18,8380
uvirkeligt,10,65300
kusse,5,2160000
udbyttet,8,277000
mennesket,9,2610000
dejlige,7,5420000
prinsgemal,10,10700
sti,3,157000000
omgiver,7,255000
forene,6,542000
splintret,9,23700
somalia,7,326000000
bruddet,7,521000
slikket,7,397000
undgik,6,180000
dubletterne,11,113000
salaten,7,1560000
hverv,5,255000
mission,7,914000000
tids,4,521000000
servante,8,3700000
kommanderede,12,22900
forbindelsen,12,1490000
drejede,7,526000
nydannede,9,36300
boliger,7,13000000
minimale,8,45800000
slutdato,8,414000
ps,2,1390000000
gemalinder,10,1140
partiet,7,5490000
ledende,7,5910000
obsidian,8,43700000
handicap,8,108000000
egner,5,3860000
intellektuelt,13,154000
lufthavns,9,162000
nordside,8,151000
billede,7,64900000
rundt,5,52100000
vedtaget,8,1770000
skjoldet,8,148000
musik,5,606000000
julefrokost,11,1440000
tilstand,8,8410000
peppet,6,287000
plantet,7,699000000
bagvendte,9,13800
relatere,8,292000
anmelder,8,3380000
diskuterede,11,214000
abortere,8,36900
kastes,6,4200000
storbyen,8,614000
upersonlige,11,52200
afskrivning,11,237000
lyndon,6,22800000
ydes,4,1160000
rolf,4,96300000
ibs,3,46400000
indgang,7,2150000
tusindfryd,10,203000
tips,4,1990000000
ombringe,8,5560
seminar,7,216000000
indstilling,11,2380000
arve,4,8450000
vincent,7,645000000
organisationsteorien,20,41300
nuancere,8,57800
mulatter,8,32400
version,7,3330000000
grunde,6,25800000
indikativ,9,1380000
asynkron,8,87000
enklere,7,7640000
mig,3,287000000
detekteres,10,8530
opbevare,8,626000
parterne,8,716000
tilbageholdende,15,197000
uigennemskuelige,16,38300
jacobsen,8,45300000
designede,9,2910000
hvilken,7,22500000
min,3,2580000000
hoftroldmanden,14,81
