nom,tailleMot,nbResults
patentassions,13,1030
bedonnassent,12,1420
affairerions,12,2510
redescendront,13,15200
desserrera,10,6260
conviasse,9,2140
concordez,9,49300000
bredouilla,10,75700
reconstitue,11,2440000
bambocherons,12,2920
ponceau,7,1270000
recuisis,8,750
tortu,5,5760000
magots,6,615000
attriste,8,418000
nasaliserai,11,991
fruitier,8,1840000
agglutinez,10,5370
affreux,7,4630000
aviations,9,2450000
comportements,13,11700000
consisterait,12,853000
introduirons,12,47700
obligerions,11,5290
affermera,9,6580
meilleures,10,119000000
clameront,9,39800000
rajouta,7,118000
perfectionnerions,17,4990
punirait,8,40600
magistrats,10,8240000
frisaient,9,20700
compterions,11,7700
graviteraient,13,7110
nandous,7,24200
diagnostiquais,14,7340
sautas,6,33000
syphilitiques,13,228000
absoudras,9,3500
rencongnes,10,3
sapent,6,169000
caneton,7,692000
provinciaux,11,2560000
fulgurasse,10,5350
enlevais,8,121000
deviseront,10,1940
calmassent,10,3210
communiassiez,13,2410
rentoilais,10,1430
engouerais,10,1220
alanguirai,10,1920
dispensas,9,908000
prosternassions,15,1810
renouvelaient,13,60700
broderont,9,7130
honorent,8,885000
exclusives,10,1250000000
pochassent,10,1450
provoquasses,12,1860
rouilleriez,11,1560
bacheliers,10,2500000
grisassent,10,1720
noterons,8,165000
insulteriez,11,4040
olfactive,9,1690000
additionnassent,15,3250
jasassent,9,1680
gaulliste,9,424000
montrerai,9,744000
exhortent,9,378000
palissadent,11,1820
suer,4,4740000
vouvoierait,11,2350
maladif,7,370000
tisonneraient,13,1110
remmenaient,11,1900
zozotasse,9,1080
geintes,7,2410
fige,4,2370000
cesse,5,30400000
aplanis,7,53300
subventionneras,15,3440
barricadas,10,1690000
serrent,7,643000
bombardez,9,35100
exploitas,9,556000
cajolons,8,2300
ayez,4,17000000
canonneriez,11,1140
jais,4,9800000
soufflettes,11,102000
installasse,11,27000
boufferez,9,2850
ressortiriez,12,3320
fauchassent,11,1530
noisettes,9,5590000
invectivent,11,33100
demain,6,87700000
monochrome,10,6740000000
charbonne,9,132000
fossiliseriez,13,1460
jurisprudence,13,23300000
lustra,6,10900000
purgatif,8,284000
surnageais,10,1910
biologique,10,19500000
chagrinez,9,12000
extorsion,9,1350000
conduisent,10,4930000
distancions,11,3620
affolasse,9,1680
conditionnai,12,3200
biologies,9,432000
minuter,7,25700000
accident,8,437000000
balafons,8,118000
calvaires,9,293000
resurgirent,11,7010
jargon,6,19500000
procurassent,12,11000
dus,3,197000000
pronominalement,15,5220
parlerions,10,49700
extasiassent,12,1660
nationale,9,238000000
fondait,7,1270000
repliassiez,11,1360
progressa,9,303000
ploiement,9,76900
enclose,7,23800000
escaladerions,13,3590
asphyxiais,10,21600
enjambas,8,7310
sprintons,9,4080
discernent,10,6880000
oscilleront,11,47100
cancanaient,11,5570
bercez,6,33400
isolationniste,14,109000
arraisonnerait,14,2070
nacrassiez,10,1030
avoir,5,515000000
damerais,8,1190
emmurasses,10,971
basaient,8,46500
vocaliserais,12,1280
palperont,9,3690
sexuellement,12,5060000
distendissent,13,1440
ahurirais,9,2700
daurade,7,1190000
frettera,8,1530
infirmerions,12,1990
cramponneront,13,4060
atolls,6,1670000
dynamitassiez,13,2200
enivres,7,642000
adolescent,10,109000000
artificier,10,483000
indignes,8,1930000
accordasses,11,2490
biffer,6,413000
discourriez,11,2120
satinerai,9,2860
bisquassiez,11,1310
emboutissent,12,3840
supervisions,12,655000
redoutions,10,40700
percutions,10,109000
aigris,6,455000
tranchassent,12,1800
palme,5,24700000
arches,6,86000000
bouturassiez,12,1970
datons,6,3740000
rubescents,10,4220
tousasse,8,857
reconvertira,12,38000
calculerai,10,16400
coloriste,9,1110000
subjuguiez,10,1790
rengageait,10,3270
rallumasse,10,1300
gangrenais,10,1280
assaisonnerez,13,13700
optes,5,283000
fortifierait,12,16800
brisas,6,26600000
puisage,7,205000
aphasique,9,59300
usurpiez,8,3000
agiotaient,10,1310
causerait,9,347000
empotait,8,916
coudions,8,1340
envole,6,4100000
retarda,7,2040000
ratiocinerai,12,1070
empoisonneras,13,3590
avides,6,1960000
toiser,6,136000
assigner,8,2620000
flan,4,23100000
alignasses,10,1930
nacrassiez,10,1030
musiez,6,2270
surexcitiez,11,1420
titubassiez,11,3580
confuses,8,7640000
paroissiens,11,938000
jobards,7,22500
cafarde,7,1260000
muassent,8,1200
longeas,7,12100
vouvoyant,9,8340
salasses,8,80100
agiotait,8,1230
affrontassions,14,3060
aromatisassions,15,1880
ridasse,7,4000
empoisonneuse,13,139000
paressent,9,22100
singeasse,9,1190
annula,6,293000
statuerait,10,15300
africains,9,26400000
boxerai,7,7590
manchote,8,18800
typhons,7,184000
domicilieras,12,1660
larder,6,5160000
endoloris,9,421000
raffolerais,11,10700
vertueuse,9,1270000
renouerez,9,3370
aventureras,11,424000
fixassions,10,2380
queutions,9,3370
incessantes,11,1200000
espacerions,11,1960
calorifugeons,13,4450
immergerais,11,2140
hydrodynamiques,15,176000
sommeilles,10,435000
assaillant,10,752000
hallucinassent,14,2320
rejoindraient,13,44900
prostituasse,12,1780
macule,6,9680000
outillas,8,1300
entrecroiseront,15,14700
apposai,7,4500
gargouillerons,14,3020
marcherons,10,134000
grivoises,9,427000
mixeurs,7,1380000
enrichis,8,1500000
cramoisie,9,130000
jalonna,7,12200
fatigue,7,121000000
feuilletterons,14,4290
originairement,14,857000
allaiteraient,13,3720
rubiconde,9,82900
frictionnassions,16,2090
pigions,7,39100000
aduler,6,78300
bambocherait,12,2470
abasourdirent,13,1650
croustillions,13,1300
vivotera,8,5360
rougeoiements,13,38900
incorruptibles,14,767000
rassortirai,11,931
majorassiez,11,1320
acclamant,9,66800
tueras,6,1270000
secoueraient,12,6030
tralalas,8,55500
emmurions,9,1420
minaudiers,10,3000000
galvanisions,12,1970
conjure,7,14900000
contenez,8,72600
laiderons,9,17700
jargonnons,10,1670
esclaffes,9,4140
gondoleront,11,2220
contreforts,11,1020000
agora,5,490000000
maussadement,12,8190
expatriant,10,16200
ralentissons,12,14200
printaniers,11,2080000
entretailler,12,7830
numismates,10,176000
enorgueillit,12,253000
martyriseraient,15,5390
monnayerons,11,2030
renifla,7,89600
