nom,tailleMot,nbResults
cogliete,8,99900
aggiungete,10,2700000
investirli,10,63700
igneo,5,589000
frugaste,8,673
coste,5,52700000
celebrai,8,567000
tapino,6,351000
brontolo,8,262000
verificatore,12,156000
riprodotta,10,495000
allunga,7,2590000
allegati,8,17500000
camminamento,12,221000
forniremo,9,771000
girabile,8,13600
spartir,7,59100
zip,3,1440000000
agonizzati,10,6730
tradiamo,8,17800
esclamiamo,10,8990
tamburino,9,525000
ripagherei,10,11500
fragoroso,9,430000
scapitavi,9,2500
venirci,7,551000
israeliani,10,791000
accademismo,11,49300
descritti,9,5060000
ripulimmo,9,13500
parlerete,9,53700
isolate,7,102000000
delirino,8,1920
florida,7,1030000000
pagabile,8,271000
cedono,6,789000
calzeranno,10,4470
purifico,8,124000
capitati,8,577000
posizione,9,97500000
pelassero,9,4280
ingiustificati,14,328000
apatia,6,2370000
scordarne,9,6170
suoniamo,8,292000
confidarsi,10,168000
pulseranno,10,4220
basterai,8,3690
terminammo,10,6710
lungolago,9,1170000
andai,5,12300000
legna,5,12100000
crocicchio,10,121000
scriviamo,9,999000
processasse,11,36800
capello,7,13600000
scherzose,9,82600
volerli,7,185000
sorprendendo,12,154000
aduleremmo,10,6040
sporcasse,9,10400
rosolar,7,16200
udrai,5,61400
proibirai,9,2590
tartufi,7,14000000
rubavate,8,1680
regalerei,9,52200
dispensava,10,227000
asola,5,2630000
ciclo,5,143000000
confessino,10,16300
protesto,8,31400000
defluiti,8,4570
cantasti,8,12000
desteranno,10,9300
spioventi,9,111000
sopisti,7,1530
consegna,8,91300000
rammentate,10,65900
vittoria,8,65100000
spazzini,8,203000
interni,7,54800000
turbino,7,250000
divoraste,9,13600
provvedervi,11,140000
astrologar,10,16800000
appunterei,10,5340
uragani,7,769000
assistite,9,568000
droghe,6,2890000
associarvi,10,29000
digitazione,11,669000
mammiferi,9,1670000
inviate,7,7260000
bandivano,9,6190
stempiato,9,52700
cenano,6,3980000
vaneggiava,10,8310
assimili,8,32800
campanili,9,812000
ridite,6,21500
stan,4,350000000
svincolata,10,296000
comparano,9,30900
disponga,8,8450000
purgai,6,33400
fughiamo,8,4920
liquidare,9,1540000
allargando,10,842000
fucinatura,10,84400
comparando,10,12800000
travisati,9,46900
accendisigaro,13,1160000
catalisi,8,102000
denominarono,12,34400
spolvero,8,415000
mescolando,10,1480000
pulsaste,8,6780
verremo,7,453000
ricercava,9,321000000
oltraggiati,11,32700
portentosa,10,793000
azzarda,7,206000
papato,6,700000
lasciavamo,10,45400
derisa,6,23300000
collaborare,11,7330000
spiccammo,9,4250
avemmo,6,350000
vendicativa,11,143000
camuffate,9,58500
intaglia,8,204000
nave,4,85100000
cigolavamo,10,3000
liquidazioni,12,634000
ammaliata,9,57000
penda,5,10100000
ragguardevoli,13,385000
cantavi,7,52800
sfornito,8,82500
sfociando,9,603000
eguale,6,1720000
ecciteremo,10,4200
consolatoria,12,152000
inconsapevolmente,17,639000
imitai,6,102000
appuriate,9,3820
aosta,5,39600000
sacrilegamente,14,27900
amuleti,7,1220000
intermedie,10,1260000
ringraziare,11,5720000
smarrivamo,10,4940
inclusioni,10,387000
biblioteca,10,262000000
messasi,7,31200
pantofole,9,5040000
affiatiamo,10,4280
avvicinavi,10,8940
sindacare,9,161000
accomodavo,10,8260
combatteva,10,299000
lavabo,6,44500000
competitivi,11,3480000
mostraste,9,403000
amministrare,12,1270000
attraverso,10,101000000
convincerci,11,178000
interessamento,14,1310000
degnata,7,144000
fetida,6,377000
ritorno,7,47600000
badile,6,522000
rideremo,8,44500
creperebbe,10,8940
asciutto,8,5480000
altalena,8,2330000
disarmata,9,571000
numerico,8,15100000
implicati,9,1370000
pompare,7,1490000
novara,6,38200000
camminassi,10,16500
riformerai,10,2220
cachi,5,4860000
affettava,9,23400
opineremmo,10,3130
nelle,5,227000000
rammendati,10,6970
strisciate,10,436000
suppliamo,9,2330
inamidare,9,28500
viaggiata,9,1460000
assenteista,11,486000
sofisticatori,13,3280
propagaste,10,2680
fedelmente,10,1710000
piantavate,10,916
dementi,7,1610000
adiacenti,9,2260000
balzavo,7,6330
reverendo,9,11900000
annaffiatoio,12,173000
vendicativa,11,143000
veementemente,13,664000
gelsi,5,1220000
spremerete,10,4140
decorativi,10,10700000
valorosa,8,613000
suscito,7,1620000
altalene,8,758000
allentasti,10,5040
autori,6,51500000
novene,6,301000
arricchite,10,709000
allevate,8,359000
convochiamo,11,14700
tediate,7,4230
malediremo,10,16400
strale,6,446000
ordinarono,10,180000
calzone,7,7500000
respingente,11,304000
sgeli,5,6480
poverine,8,59200
demoliamo,9,21600
seppellisci,11,13200
secondo,7,188000000
bacchino,8,74400
scordi,6,242000
tagliassi,9,12300
citavano,8,43900
rossore,7,1350000
furia,5,26800000
pagamenti,9,75200000
spazzatura,10,3210000
sbavavamo,9,5040
invettiva,9,217000
defluiamo,9,3710
chiudemmo,9,20100
villaggi,8,6850000
placcate,8,149000
autorizzarci,12,24500
ovatta,6,520000
scostami,8,1380
ricollocando,12,38600
dominerei,9,1730
radicalmente,12,9590000
memorizziamo,12,80700
pompava,7,52800
picchiavi,9,3940
assorbito,9,1340000
riversate,9,139000
testamenti,10,5900000
schiarita,9,159000
trionfi,7,1070000
pedinano,8,26200
incitiamo,9,18100
spiragli,8,318000
ramificano,10,75500
recitasti,9,4540
annodassi,9,3170
rintraccia,10,495000
affrontava,10,172000
celavate,8,1330
abbassare,9,4890000
ingaggiare,10,316000
sguaiata,8,149000
tarperemo,9,3640
accentrato,10,112000
navigate,8,216000000
trattative,10,4440000
ritirai,7,45300
getterebbe,10,22700
grandioso,9,12000000
stesure,7,4630000
spopoliate,10,3170
possederlo,10,97800
sballar,7,1140
guglia,6,465000
alzeremmo,9,152000
tracciato,9,4690000
propinato,9,137000
pinoli,6,1750000
zafferai,8,1100
passo,5,200000000
tormentavi,10,3380
turbine,7,80100000
equilibrerai,12,7210
grave,5,375000000
ammassati,9,428000
confluenti,10,84500
ossigeni,8,5020000
carenare,8,20600
predisposi,10,186000
uniate,6,142000
radesse,7,15800
spendi,6,2720000
svelata,7,1140000
imprecate,9,106000
