etui;4;48000000;
arrangeur;9;1830000;
nez;3;55900000;
lucifers;8;1680000;
kruispunten;11;310000;
geschrokt;9;3560;
dwarsgracht;11;78600;
devaluatie;10;92900;
tegelbakkerij;13;9060;
bastions;8;3240000;
balkonvloer;11;12800;
doodssymboliek;14;1040;
kosmische;9;1700000;
leesbaarder;11;31000;
weerschijn;10;37800;
attelaken;9;24900;
kantelig;8;595;
tafeltennist;12;2520000;
krantenjongen;13;84300;
uitlegkunde;11;20100;
noordsleen;10;181000;
aardglobe;9;16500;
handkussen;10;45600;
tegenstanders;13;2200000;
premier;7;1110000000;
noordelijke;11;7260000;
grootbeersel;12;7500;
kolf;4;1080000;
polyester;9;513000000;
dwaalspoor;10;97900;
donau;5;32000000;
schrijfwerk;11;119000;
dorpsgenoten;12;178000;
rijkere;7;250000;
promotor;8;38800000;
molenwieken;11;31100;
beroerlingen;12;1260;
venkelzaad;10;251000;
gebowld;7;14400;
schop;5;2970000;
controversen;12;105000;
onheuglijk;10;3530;
roeier;6;112000;
jaargelden;10;114000;
bundeling;9;605000;
bestekken;9;404000;
lakken;6;2490000;
onderstreept;12;904000;
crediteuren;11;477000;
leesstof;8;103000;
belastingadviseur;17;502000;
onbelaste;9;121000;
gevlekt;7;643000;
verderop;8;2690000;
sandebuur;9;29300;
doorwerth;9;866000;
universele;10;10200000;
waakhond;8;267000;
alg;3;44500000;
wilbertoord;11;221000;
toegewijd;9;2640000;
scharnier;9;4720000;
toetsing;8;1970000;
soeplepel;9;197000;
huinen;6;75900;
bloei;5;3480000;
elsendorp;9;313000;
geboomte;8;103000;
schildklier;11;436000;
grieken;7;1930000;
doorspeelden;12;6290;
harddrug;8;391000;
wiegelde;8;23800;
vrijkomen;9;707000;
gehandicapten;13;3470000;
slaghout;8;19900;
wegrenden;9;8020;
natuurliefhebber;16;198000;
incompatibel;12;39100000;
scholden;8;73300;
bouwval;7;135000;
bevloeren;9;10600;
boodschappers;13;160000;
innen;5;126000000;
boomstronken;12;88200;
her;3;4740000000;
onthand;7;65200;
nierstukken;11;2800;
condenseert;11;51700;
zeeschepen;10;217000;
echtelijk;9;30900;
bonsden;7;12400;
doorberekent;12;319000;
veefokkerij;11;23300;
pint;4;63900000;
piept;5;4660000;
zonnecollector;14;350000;
travesteren;11;1100;
herkenbosch;11;611000;
gedijen;7;301000;
stijven;7;95900;
zachte;6;25400000;
financier;9;53200000;
huisregels;10;2920000;
schreeuwerige;13;176000;
kwakel;6;780000;
onderuit;8;2200000;
bahru;5;26200000;
kurk;4;6320000;
financieel;10;15400000;
achterliet;10;275000;
druif;5;2410000;
gyroscoop;9;144000;
wijsje;6;61200;
oogleden;8;368000;
schoorsteenvegers;17;112000;
stedeschoon;11;2990;
pauwin;6;90800;
richtinggevend;14;247000;
chocoladekleurig;16;6440;
potkluit;8;18100;
omgedraaid;10;634000;
handelend;9;375000;
everdingen;10;634000;
westenholte;11;117000;
buskaartje;10;68100;
doorgepraat;11;23400;
nachtwandeling;14;33300;
oudewater;9;1800000;
emissiebank;11;2710;
ondervoede;10;50000;
begeleiding;11;13200000;
protestantse;12;1460000;
skai;4;6490000;
doorsteek;9;168000;
vervuilde;9;553000;
vertraging;10;3480000;
invoerrecht;11;449000;
integreer;9;396000;
gekermd;7;2040;
miauwen;7;71400;
magistraat;10;371000;
bevoorrechtte;13;2380;
beroerling;10;1350;
tornde;6;463000;
bekommerde;10;535000;
personeelsbestand;17;403000;
samenvalt;9;200000;
vermicelli;10;5710000;
uurtarieven;11;95000;
natuurgenezer;13;19300;
sydney;6;475000000;
volhardde;9;32000;
meteorologen;12;1170000;
dakriet;7;26100;
ooijen;6;789000;
potentieert;11;11600000;
anderhalf;9;2990000;
ce;2;2810000000;
vlaktemaat;10;10100;
advertentiebord;15;658000;
februari;8;210000000;
omnibus;7;83700000;
flikkering;10;72800;
opslagkast;10;499000;
begunstigers;12;137000;
broeders;8;2520000;
generatoren;11;3700000;
natgemaakt;10;68600;
grint;5;5390000;
kloostereind;12;36300;
theatrale;9;1270000;
colbert;7;50400000;
stiens;6;1690000;
getroffen;9;31300000;
blindemannetjes;15;44600;
beantwoorde;11;202000;
hondsberg;9;52000;
overwicht;9;317000;
mazelen;7;203000;
republikeinse;13;496000;
overtrek;8;850000;
doodtij;7;17500;
stortregen;10;29300;
dinsdagmorgen;13;272000;
amsterdammers;13;720000;
perser;6;2710000;
overgebleven;12;1550000;
slager;6;4290000;
zuinigheid;10;958000;
meespeel;8;50700;
boerderijwerk;13;5510;
voortgang;9;2830000;
scheld;6;528000;
kleurlingen;11;49300;
rechtvaardigd;13;16000;
grot;4;5840000;
afvijlen;8;15000;
maraboe;7;84700;
wagenwijd;9;167000;
compromitteren;14;21300;
sporeplant;10;10800;
beluister;9;799000;
landbouwbronnen;15;924;
wipte;5;97100000;
gradatie;8;384000;
beantwoordend;13;25600;
banenmarkt;10;108000;
buitenlander;12;291000;
overtuigde;10;219000;
billijke;8;322000;
barbecue;8;140000000;
genormeerde;11;105000;
ontbroken;9;107000;
zoektalen;9;699;
peuters;7;3820000;
dongenschevaart;15;15200;
spiegels;8;13500000;
verwoording;11;105000;
ringvinger;10;151000;
grutter;7;490000;
vermeldde;9;215000;
vergeeflijk;11;10400;
cl;2;1290000000;
venters;7;911000;
eremetaal;9;96700;
toelachte;9;21500;
kwijten;7;688000;
polygoon;8;238000;
weglopen;8;522000;
tweedracht;10;92800;
nice;4;2370000000;
grensvestingen;14;3880;
elco;4;15600000;
rekent;6;2230000;
buitenranden;12;29000;
poederkwasten;13;16700;
verbaliseer;11;3010;
stekels;7;258000;
ingeboekt;9;70100;
shampoos;8;27300000;
onverzettelijk;14;51100;
reserveer;9;5050000;
kersen;6;2710000;
federalisme;11;514000;
maharadja;9;324000;
oregano;7;22400000;
brakkenstraat;13;12500;
omrastering;11;12300;
fietspaden;10;3420000;
rector;6;45900000;
bosgod;6;10900;
tijdschema;10;560000;
uurwerk;7;1540000;
prognose;8;14900000;
mestten;7;5430;
wiegelen;8;11800;
slachtbanken;12;140000;
snijden;7;6300000;
benedeneind;11;66400;
taalboek;8;32300;
arabisch;8;20500000;
dwarsdijk;9;51600;
aanbracht;9;78900;
moersleutel;11;316000;
viersprong;10;168000;
achterstelling;14;74500;
oudoom;6;69600;
terzijdelatingen;16;5;
lapte;5;17500000;
liedjes;7;4970000;
zelfbedrog;10;43600;
wijzigingen;11;22100000;
rijksbegroting;14;152000;
tuigt;5;37200;
lomm;4;1080000;
bedotter;8;6850;
schenker;8;12800000;
regeringskringen;16;19300;
princiep;8;15000;
kaarsen;7;5270000;
ligtenberg;10;480000;
beginselvast;12;5250;
geconserveerde;14;76400;
pleidooien;10;108000;
draken;6;3600000;
rolluik;7;564000;
service;7;8380000000;
welriekend;10;29000;
meebetaalt;10;29200;
douchecellen;12;8000;
laagnieuwkoop;13;28800;
ploos;5;226000;
kortwoude;9;117000;
verminkte;9;128000;
erover;6;5000000;
suikerpinda;11;3710;
regelingen;10;7750000;
onbeschaamdheden;16;2500;
lijkenhuizen;12;4300;
