nom,tailleMot,nbResults
controller,10,445000000
applications,12,1380000000
insurmountable,14,6340000
helplessness,12,22700000
geodes,6,9840000
denude,6,510000
comported,9,241000
tubule,6,2540000
chillier,8,1040000
yellowness,10,609000
rarefying,9,49400
astronautics,12,4240000
ask,3,2120000000
clobber,7,1910000
gaggles,7,151000
grilling,8,35700000
stretching,10,153000000
arcane,6,19300000
unremarkably,12,289000
festering,9,2520000
trustfully,10,266000
radiographer,12,6100000
garnet,6,65500000
rocks,5,706000000
writings,8,76300000
interstices,11,2800000
addressable,11,5600000
dominoes,8,30500000
ratite,6,278000
multiplying,11,23000000
interrelationships,18,4220000
dissembling,11,639000
frivolities,11,683000
moors,5,23700000
completes,9,75600000
clementine,10,23700000
pepped,6,353000
cognizance,10,3280000
optometrist,11,17600000
nativity,8,30900000
incarcerations,14,317000
bawls,5,744000
scandinavia,11,50700000
toshiba,7,356000000
cultists,8,2410000
pelage,6,3900000
casuals,7,15400000
unconvinced,11,2740000
kristen,7,200000000
outdating,9,579000
balaclavas,10,2570000
joggle,6,355000
dethrones,9,556000
scratchiness,12,172000
palefaces,9,288000
coemption,9,24800
runway,6,144000000
stagnantly,10,221000
ancestors,9,72000000
sur,3,3440000000
regressions,11,12900000
wagers,6,4020000
paralyzing,10,2670000
tutorials,9,400000000
rejoins,7,9040000
poison,6,133000000
encumbered,10,3100000
bombardments,12,944000
connecticut,11,227000000
cues,4,48200000
pathos,6,13800000
dislocation,11,13300000
cockeyed,8,709000
dossier,7,175000000
superbasic,10,538000
spraining,9,381000
dander,6,3220000
pickers,7,12800000
stuffier,8,56100
injects,7,5690000
volatilizes,11,172000
equivalencies,13,733000
paymaster,9,2000000
bridegrooms,11,496000
bestridden,10,992000
waterline,9,7450000
bracing,7,14800000
exasperates,11,617000
brahman,7,7280000
dunnage,7,1750000
larks,5,3090000
intel,5,526000000
carnivores,10,7630000
tasseled,8,3940000
compulsorily,12,1470000
wildebeest,10,3750000
boyfriends,10,60600000
closings,8,17400000
sardinian,9,35600000
misogamy,8,70300
properly,8,524000000
taipei,6,110000000
tribadism,9,2410000
count,5,1240000000
endorsee,8,263000
pentagonal,10,2350000
gingkoes,8,14400
keelsons,8,222000
artiste,7,104000000
gigabit,7,51000000
counsels,8,6870000
varyingly,9,412000
adversaries,11,8540000
commercialism,13,1920000
distribution,12,907000000
supplying,9,78400000
likelihood,10,70800000
pegging,7,21200000
yonder,6,10800000
prissier,8,33300
microscope,10,88500000
operatives,10,17100000
cancers,7,648000000
moussorgsky,11,2050000
ita,3,357000000
dollar,6,635000000
conversely,10,39100000
suitable,8,585000000
buzzed,6,6920000
wrangling,9,4580000
clucking,8,963000
infinitum,9,6450000
manned,6,16100000
conscientiousness,17,4260000
keith,5,265000000
autopsying,10,16900
nays,4,4270000
photographer,12,713000000
cockle,6,2720000
silencer,8,22000000
sicilians,9,771000
expose,6,142000000
exhibits,8,94800000
daylights,9,3190000
idioms,6,26800000
hinterland,10,13800000
betrayers,9,1260000
bawling,7,2870000
rencountering,13,3480
badger,6,46100000
initio,6,17900000
quiescence,10,1560000
softwood,8,5370000
ichthyologists,14,151000
centralizes,11,749000
limber,6,6210000
moused,6,466000
antacids,8,3250000
calmed,6,9280000
smatters,8,81300
aggravation,11,9550000
corrected,9,102000000
jammed,6,19000000
course,6,2040000000
machinery,9,352000000
avowing,7,269000
bugbear,7,1230000
definitively,12,10200000
inhumanly,9,546000
dispatched,10,99500000
form,4,11080000000
rectifiers,10,8920000
capfuls,7,172000
pronghorn,9,8510000
desperadoes,11,675000
bogy,4,1540000
athenaeums,10,33900
elisors,7,7230
measly,6,3410000
horowitz,8,16900000
oiler,5,12200000
maya,4,393000000
clocking,8,6620000
psyches,7,1050000
cinching,8,1410000
annuls,6,626000
mingled,7,8280000
marketers,9,37700000
piccalilli,10,381000
throw,5,452000000
tourneys,8,1830000
humidify,8,501000
bossed,6,1570000
spectating,10,1080000
parodying,9,921000
forefather,10,1340000
nubs,4,2870000
dissuaded,9,1620000
ambush,6,28100000
homage,6,47800000
cardiologist,12,18700000
preceding,9,86200000
bangs,5,202000000
wrangling,9,4580000
wonderfulness,13,1140000
goner,5,2650000
swallowing,10,101000000
disembowel,10,324000
whops,5,198000
tragedian,9,515000
athenians,9,1980000
assaying,8,2630000
burrow,6,15600000
mayflower,9,15300000
blink,5,116000000
assignor,8,37400000
deforested,10,713000
ukase,5,447000
landmarks,9,125000000
thalidomide,11,6780000
misappropriate,14,693000
clerks,6,45500000
postnatal,9,13700000
sinuosity,9,270000
ornery,6,1500000
distemper,9,3390000
shadings,8,1280000
sed,3,237000000
canoodling,10,493000
scants,6,61600
trucked,7,1630000
consultants,11,259000000
regulations,11,395000000
glimmered,9,509000
mooted,6,2620000
students,8,1500000000
reunifies,9,37300
insurrections,13,1150000
disjointedly,12,106000
congratulations,15,218000000
occasionally,12,184000000
bursts,6,27100000
monomaniacal,12,151000
scheme,6,405000000
proctologist,12,1020000
estimate,8,650000000
petrels,7,836000
liberalized,11,1630000
oilskin,7,3320000
flakiness,9,618000
numbingly,9,790000
breakable,9,5260000
reedited,8,1820000
underpinnings,13,5870000
ruts,4,4530000
vermont,7,160000000
narrow,6,395000000
ibex,4,16600000
supercargo,10,392000
physiology,10,97500000
plodded,7,634000
barehanded,10,739000
quoins,6,2050000
aphasiac,8,23400
comply,6,157000000
abducts,7,1640000
inactivate,10,3330000
slavonic,8,3590000
turpitude,9,1330000
adzes,5,439000
mans,4,5010000000
validates,9,10200000
reconversion,12,4790000
graininess,10,554000
halberd,7,1540000
teamed,6,78100000
suppressive,11,21100000
oral,4,713000000
resumed,7,30800000
hays,4,307000000
attractants,11,2070000
unreasonableness,16,520000
partiality,10,3000000
obligatory,10,76900000
mutt,4,18800000
uninflected,11,185000
voile,5,73300000
fatalistic,10,1210000
handbooks,9,20300000
aver,4,137000000
curbside,8,6050000
moistens,8,631000
collects,8,52000000
outranks,8,430000
warplane,8,2440000
pesticide,9,27100000
sublime,7,94700000
transporting,12,71500000
hottest,7,346000000
coinage,7,7440000
