vollstreckender;15;6370;
aufgebundene;12;17700;
heimverwaltung;14;17700;
amtsvormund;11;41700;
pensionskasse;13;1200000;
patrouillieren;14;180000;
vernunftlosen;13;26100;
vollendende;11;24300;
einklemmende;12;4270;
rezitiertest;12;2530;
leugnen;7;2160000;
betreffende;11;30800000;
partei;6;31000000;
mieder;6;2850000;
zahnfleisch;11;5280000;
uneiniges;9;4540;
akkreditivs;11;154000;
ag;2;931000000;
arbeitszeitpolitik;18;23700;
umfahrenden;11;7240;
fuchtelnden;11;20100;
reserviert;10;9350000;
unwegsamer;10;15300;
anlassender;11;65700;
verfinstern;11;55800;
agitatoren;10;83800;
bemanntes;9;19600;
mondale;7;1310000;
weltfrieden;11;620000;
festzulegen;11;5160000;
mannigfachen;12;291000;
gedankengut;11;1050000;
zugeschnappte;13;1790;
spirale;7;20300000;
wirklicheren;12;2310;
thunfischen;11;19800;
ausfechtendes;13;1180;
heilanstalten;13;68900;
zusammengeheilter;17;1230;
sonnverbrannten;15;6770;
knetendes;9;18500;
gespensterhaftere;17;1460;
bewerten;8;83000000;
kirchentages;12;85900;
kentert;7;85100;
verarbeitung;12;48300000;
aufdringlicher;14;119000;
kassalieferungen;16;1380;
systemlos;9;189000;
sieg;4;55700000;
