ardiesen;8;7460;
expusieron;10;3090000;
agracies;8;2800;
pago;4;488000000;
ovacionaron;11;133000;
definitivos;11;5970000;
presos;6;45000000;
lanosas;7;20500;
charlando;9;2190000;
orientaba;9;227000;
mansiones;9;8250000;
tumbo;5;4590000;
adquisitiva;11;835000;
adoctrinaban;12;9150;
apisonabas;10;764;
torturadores;12;828000;
emancipaseis;12;527;
preponderabas;13;787;
viro;4;21800000;
altruismo;9;2150000;
adopten;7;3140000;
capturasen;10;495000;
meridianas;10;278000;
diecinueve;10;5050000;
locales;7;281000000;
emparentados;12;398000;
revenden;8;662000;
suponen;7;7880000;
austeras;8;432000;
explicita;9;3520000;
resoplasteis;12;855;
infestado;9;746000;
entresacaba;11;6650;
ciframos;8;25100;
incontrovertible;16;1930000;
impulso;7;42600000;
vomitivos;9;268000;
aprovisionado;13;48500;
imbuyendo;9;8690;
sonreiste;9;213000;
repatriaseis;12;454;
meditaba;8;278000;
plegando;8;156000;
binarias;8;2520000;
gime;4;6070000;
decoran;7;1960000;
encarrilabas;12;24900;
isabel;6;302000000;
hedid;5;501000;
tintaremos;10;1790;
