balzavo;7;6330;
reverendo;9;11900000;
annaffiatoio;12;173000;
vendicativa;11;143000;
veementemente;13;664000;
gelsi;5;1220000;
spremerete;10;4140;
decorativi;10;10700000;
valorosa;8;613000;
suscito;7;1620000;
altalene;8;758000;
allentasti;10;5040;
autori;6;51500000;
novene;6;301000;
arricchite;10;709000;
allevate;8;359000;
convochiamo;11;14700;
tediate;7;4230;
malediremo;10;16400;
strale;6;446000;
ordinarono;10;180000;
calzone;7;7500000;
respingente;11;304000;
sgeli;5;6480;
poverine;8;59200;
demoliamo;9;21600;
seppellisci;11;13200;
secondo;7;188000000;
bacchino;8;74400;
scordi;6;242000;
tagliassi;9;12300;
citavano;8;43900;
rossore;7;1350000;
furia;5;26800000;
pagamenti;9;75200000;
spazzatura;10;3210000;
sbavavamo;9;5040;
invettiva;9;217000;
defluiamo;9;3710;
chiudemmo;9;20100;
villaggi;8;6850000;
placcate;8;149000;
autorizzarci;12;24500;
ovatta;6;520000;
scostami;8;1380;
ricollocando;12;38600;
dominerei;9;1730;
radicalmente;12;9590000;
memorizziamo;12;80700;
pompava;7;52800;
