compromitteren;14;21300;
sporeplant;10;10800;
beluister;9;799000;
landbouwbronnen;15;924;
wipte;5;97100000;
gradatie;8;384000;
beantwoordend;13;25600;
banenmarkt;10;108000;
buitenlander;12;291000;
overtuigde;10;219000;
billijke;8;322000;
barbecue;8;140000000;
genormeerde;11;105000;
ontbroken;9;107000;
zoektalen;9;699;
peuters;7;3820000;
dongenschevaart;15;15200;
spiegels;8;13500000;
verwoording;11;105000;
ringvinger;10;151000;
grutter;7;490000;
vermeldde;9;215000;
vergeeflijk;11;10400;
cl;2;1290000000;
venters;7;911000;
eremetaal;9;96700;
toelachte;9;21500;
kwijten;7;688000;
polygoon;8;238000;
weglopen;8;522000;
tweedracht;10;92800;
nice;4;2370000000;
grensvestingen;14;3880;
elco;4;15600000;
rekent;6;2230000;
buitenranden;12;29000;
poederkwasten;13;16700;
verbaliseer;11;3010;
stekels;7;258000;
ingeboekt;9;70100;
shampoos;8;27300000;
onverzettelijk;14;51100;
reserveer;9;5050000;
kersen;6;2710000;
federalisme;11;514000;
maharadja;9;324000;
oregano;7;22400000;
brakkenstraat;13;12500;
omrastering;11;12300;
fietspaden;10;3420000;
