befatter;8;510000;
lengter;7;411000;
artianer;8;1580;
sidespor;8;210000;
sete;4;103000000;
forulykka;9;5800;
spenningene;11;44100;
polarkoordinater;16;4820;
dragning;8;672000;
sengeleiet;10;1090;
rakkeren;8;38300;
ara;3;375000000;
apokalyptisk;12;99800;
bardunere;9;1480;
vestindieren;12;111;
integriteten;12;447000;
spanderer;9;294000;
avlire;6;91900;
apotekets;9;281000;
deltakende;10;197000;
rekognoseringa;14;48200;
homoseksualiteten;17;4820;
programutkast;13;6990;
jubilere;8;76200000;
trasserte;9;336;
utviklingsarbeid;16;427000;
betids;6;18000;
leilighet;9;5470000;
tjuvjo;6;1760;
oppdager;8;1130000;
kommisjoner;11;458000;
duble;5;8220000;
odysse;6;2770000;
normalspenningen;16;6060;
bebrillet;9;4040;
nei;3;372000000;
utbygging;9;1440000;
tilkobles;9;789000;
refuge;6;67600000;
slitesterk;10;839000;
bossekop;8;280000;
messe;5;84200000;
forsvareren;11;1630000;
kapellet;8;710000;
permisjon;9;932000;
mopeder;7;2760000;
velvalgt;8;53400;
tretne;6;6580;
halvdelen;9;2770000;
dreiningen;10;23200;
