calvinism;9;1930000;
penalisation;12;228000;
balderdash;10;910000;
unity;5;202000000;
ungenerous;10;565000;
fuzziness;9;1620000;
sons;4;1030000000;
deviates;8;6020000;
underreport;11;507000;
suitably;8;35300000;
assuages;8;153000;
ascetically;11;171000;
brush;5;339000000;
linlithgow;10;2510000;
bissau;6;320000000;
aspartame;9;4770000;
danelagh;8;17100;
tangos;6;148000000;
irises;6;6770000;
stephanotis;11;1120000;
mailers;7;8990000;
chokedamp;9;30000;
pawnees;7;154000;
sacristy;8;938000;
muscularity;11;909000;
diploid;7;3600000;
riddling;8;542000;
restraining;11;16100000;
cabooses;8;565000;
remorselessly;13;385000;
switched;8;141000000;
wolf;4;556000000;
concerto;8;90800000;
protocols;9;141000000;
fruitlessness;13;102000;
matinees;8;2320000;
slacking;8;6890000;
rampancy;8;108000;
impatience;10;20100000;
diaphanously;12;48800;
comp;4;336000000;
unveiling;9;23000000;
monroe;6;313000000;
brusquest;9;6010;
wandered;8;18600000;
massacres;9;9390000;
rental;6;762000000;
pharisee;8;1690000;
emptying;8;14400000;
outsiders;9;39400000;
