repressivster;13;944;
autobiographie;14;5150000;
abvermietend;12;18;
steuerruder;11;154000;
erweichtet;10;1310;
empfundener;11;121000;
einberufende;12;9050;
beobachtungen;13;8870000;
steckt;6;23200000;
auskochende;11;1200;
schnappschusses;15;5510000;
stetigeres;10;3460;
verwundetest;12;1570;
michaels;8;2240000000;
aufschreckte;12;25900;
parapsychologie;15;839000;
himmlischsten;13;4620;
ahnfrau;7;72300;
adressat;8;845000;
auseinanderliegen;17;301000;
egels;5;550000;
einmischten;11;26100;
kriminelles;11;322000;
pingeligkeit;12;12500;
abwirtschaften;14;7250;
nachbaute;9;11700;
dienstbereit;12;120000;
sozialrecht;11;2590000;
sagten;6;6030000;
sensation;9;763000000;
metermassen;11;17000;
herzogin;8;2470000;
ehrgeizigerem;13;744;
interventionspflicht;20;3630;
papierfabrik;12;949000;
euren;5;22300000;
unbesorgtes;11;6710;
vermittelnder;13;427000;
abgeholter;10;40800;
syrier;6;270000;
unbeachtetstes;14;7;
bezeichnendem;13;25800;
sekretion;9;653000;
hinausbeugen;12;4140;
gehaltsvorstellung;18;999000;
etikett;7;28800000;
betroffenstes;13;2000;
durchschlagpapier;17;26400;
wurmmittel;10;63000;
tarifen;7;1690000;
