ruhepausen;10;296000;
baden;5;162000000;
abwechselnden;13;343000;
stritten;8;802000;
evangelische;12;13000000;
enterbte;8;26500;
eingeflogen;11;323000;
bereitschaft;12;9660000;
stockte;7;614000;
ausleihender;12;73200;
schulmeister;12;1060000;
streitfrage;11;382000;
vorgehabt;9;256000;
mittagsstunde;13;261000;
aufsteiger;10;6600000;
pfau;4;6100000;
hirnrinde;9;153000;
akademischeres;14;2200;
adverb;6;13000000;
ausgabestellen;14;161000;
eigenartigeren;14;1500;
einspannend;11;22200;
landmaschinen;13;6810000;
preisbemessung;14;5440;
abziehbildes;12;4070;
ncr;3;99700000;
dirigiertes;11;3070;
sprachliches;12;3970000;
scharender;10;45000;
sklavischem;11;5230;
mitmensch;9;206000;
hinrichtendem;13;1640;
einbezogen;10;6670000;
jungbrunnen;11;606000;
permanentesten;14;3710;
extravaganten;13;958000;
ungewissheiten;14;220000;
versicherers;12;517000;
abgeizte;8;4;
telex;5;18100000;
ungastlichem;12;2070;
bilddruck;9;249000;
simulierten;11;562000;
hobeln;6;956000;
gekonnten;9;401000;
exportvolumen;13;63800;
bewegenden;10;1920000;
edlere;6;272000;
zertretener;11;7400;
tiefstand;9;339000;
