tasered;7;1010000;
clippie;7;403000;
anthropopathic;14;17500;
habitus;7;7200000;
frederic;8;59000000;
facere;6;14800000;
crescograph;11;15200;
yeastiness;10;58700;
chiral;6;8340000;
unadored;8;12100;
zooperal;8;1440;
rosetted;8;222000;
caponieres;10;5560;
sneezers;8;57700;
nullifiers;10;114000;
arew;4;421000;
apterium;8;29000;
cavicorns;9;82700;
exhaustion;10;25100000;
finny;5;2430000;
purs;4;5830000;
spiritualises;13;8400;
antoninianus;12;3540000;
scone;5;11300000;
elucubration;12;15000;
vitaliser;9;306000;
thickened;9;13800000;
unvocal;7;300000;
rootlets;8;381000;
nordic;6;162000000;
exploded;8;52400000;
papua;5;394000000;
smokings;8;1230000;
hansardise;10;2370;
adderstone;10;66500;
demutualise;11;14300;
unsoftening;11;46900;
nurslings;9;63100;
khats;5;174000;
handsomely;10;6960000;
defensor;8;40000000;
eurypterid;10;87800;
jurally;7;36500;
chinese;7;1610000000;
catholicize;11;29000;
medinas;7;790000;
chagrining;10;19600;
lisses;6;7860000;
kooking;7;217000;
sporters;8;2360000;
