nom,tailleMot,nbResults
procreaseis,11,809
blandeados,10,1640
acuclillasen,12,1670
sobradas,8,320000
deslizarais,11,1290
desaprovechamos,15,56800
deben,5,177000000
casas,5,2310000000
servisteis,10,30800
bastidores,10,32000000
redujeran,9,322000
sintonizasen,12,1970
membrana,8,23500000
atacaran,8,421000
palpitasen,10,1810
fregamiento,11,3170
adosaremos,10,3000
admirases,9,4860
autorizaba,10,510000
cultivando,10,3230000
demarcamos,10,17500
irreductibles,13,405000
penetras,8,825000
adecuada,8,55600000
muestres,8,682000
contratabais,12,1700
rezaba,6,1130000
pulga,5,12000000
requiebre,9,5140
mejoraseis,10,4130
fotografiabais,14,1440
curativo,8,4890000
hollan,6,2390000
paletillas,10,466000
desmoralizasen,14,1060
vacaron,7,13200
abonamos,8,129000
sufran,6,2950000
undulatoria,11,1650
citasteis,9,1530
reporteros,10,8130000
friccionaba,11,6010
encrespaseis,12,506
desmontaremos,13,23900
cicatriza,9,589000
cuajase,7,9790
surgiremos,10,4780
encarrila,9,116000
bastardeando,12,7940
ausentaremos,12,3950
