patentassions;13;1030;
bedonnassent;12;1420;
affairerions;12;2510;
redescendront;13;15200;
desserrera;10;6260;
conviasse;9;2140;
concordez;9;49300000;
bredouilla;10;75700;
reconstitue;11;2440000;
bambocherons;12;2920;
ponceau;7;1270000;
recuisis;8;750;
tortu;5;5760000;
magots;6;615000;
attriste;8;418000;
nasaliserai;11;991;
fruitier;8;1840000;
agglutinez;10;5370;
affreux;7;4630000;
aviations;9;2450000;
comportements;13;11700000;
consisterait;12;853000;
introduirons;12;47700;
obligerions;11;5290;
affermera;9;6580;
meilleures;10;119000000;
clameront;9;39800000;
rajouta;7;118000;
perfectionnerions;17;4990;
punirait;8;40600;
magistrats;10;8240000;
frisaient;9;20700;
compterions;11;7700;
graviteraient;13;7110;
nandous;7;24200;
diagnostiquais;14;7340;
sautas;6;33000;
syphilitiques;13;228000;
absoudras;9;3500;
rencongnes;10;3;
sapent;6;169000;
caneton;7;692000;
provinciaux;11;2560000;
fulgurasse;10;5350;
enlevais;8;121000;
deviseront;10;1940;
calmassent;10;3210;
communiassiez;13;2410;
rentoilais;10;1430;
engouerais;10;1220;
