cogliete;8;99900;
aggiungete;10;2700000;
investirli;10;63700;
igneo;5;589000;
frugaste;8;673;
coste;5;52700000;
celebrai;8;567000;
tapino;6;351000;
brontolo;8;262000;
verificatore;12;156000;
riprodotta;10;495000;
allunga;7;2590000;
allegati;8;17500000;
camminamento;12;221000;
forniremo;9;771000;
girabile;8;13600;
spartir;7;59100;
zip;3;1440000000;
agonizzati;10;6730;
tradiamo;8;17800;
esclamiamo;10;8990;
tamburino;9;525000;
ripagherei;10;11500;
fragoroso;9;430000;
scapitavi;9;2500;
venirci;7;551000;
israeliani;10;791000;
accademismo;11;49300;
descritti;9;5060000;
ripulimmo;9;13500;
parlerete;9;53700;
isolate;7;102000000;
delirino;8;1920;
florida;7;1030000000;
pagabile;8;271000;
cedono;6;789000;
calzeranno;10;4470;
purifico;8;124000;
capitati;8;577000;
posizione;9;97500000;
pelassero;9;4280;
ingiustificati;14;328000;
apatia;6;2370000;
scordarne;9;6170;
suoniamo;8;292000;
confidarsi;10;168000;
pulseranno;10;4220;
basterai;8;3690;
terminammo;10;6710;
lungolago;9;1170000;
