etui;4;48000000;
arrangeur;9;1830000;
nez;3;55900000;
lucifers;8;1680000;
kruispunten;11;310000;
geschrokt;9;3560;
dwarsgracht;11;78600;
devaluatie;10;92900;
tegelbakkerij;13;9060;
bastions;8;3240000;
balkonvloer;11;12800;
doodssymboliek;14;1040;
kosmische;9;1700000;
leesbaarder;11;31000;
weerschijn;10;37800;
attelaken;9;24900;
kantelig;8;595;
tafeltennist;12;2520000;
krantenjongen;13;84300;
uitlegkunde;11;20100;
noordsleen;10;181000;
aardglobe;9;16500;
handkussen;10;45600;
tegenstanders;13;2200000;
premier;7;1110000000;
noordelijke;11;7260000;
grootbeersel;12;7500;
kolf;4;1080000;
polyester;9;513000000;
dwaalspoor;10;97900;
donau;5;32000000;
schrijfwerk;11;119000;
dorpsgenoten;12;178000;
rijkere;7;250000;
promotor;8;38800000;
molenwieken;11;31100;
beroerlingen;12;1260;
venkelzaad;10;251000;
gebowld;7;14400;
schop;5;2970000;
controversen;12;105000;
onheuglijk;10;3530;
roeier;6;112000;
jaargelden;10;114000;
bundeling;9;605000;
bestekken;9;404000;
lakken;6;2490000;
onderstreept;12;904000;
crediteuren;11;477000;
leesstof;8;103000;
