confirmed;9;765000000;
apothems;8;10700;
impassible;10;1580000;
groggiest;9;14900;
franc;5;156000000;
deco;4;313000000;
coition;7;1470000;
symphonic;9;25400000;
cessors;7;516000;
unpardoned;10;41500;
prawns;6;17500000;
assiduously;11;1860000;
articles;8;2750000000;
chromate;8;3260000;
fooleries;9;81100;
geed;4;3770000;
skews;5;1850000;
vernally;8;43800;
approximates;12;6960000;
tintypes;8;493000;
expedites;9;1030000;
syllable;8;13800000;
portuguese;10;530000000;
foretell;8;2060000;
recapitulations;15;91600;
unlimbering;11;122000;
inaugurates;11;10300000;
adaptors;8;19800000;
disengaging;11;3280000;
preclude;8;24000000;
melodic;7;27000000;
inadmissible;12;5820000;
diminutive;10;11900000;
flintiest;9;14200;
maths;5;175000000;
coheres;7;325000;
chlorpromazine;14;2180000;
orbits;6;24400000;
clapped;7;5010000;
mulched;7;990000;
mho;3;5490000;
vietnam;7;766000000;
hoovers;7;83000000;
bartered;8;1420000;
remodelling;11;7780000;
substantiate;12;11600000;
coyness;7;1500000;
opals;5;130000000;
caper;5;14000000;
teleconferencing;16;2050000;
