henkeln;7;456000;
leider;6;224000000;
meinetwegen;11;1350000;
sentimentales;13;3330000;
verkehrsschilder;16;464000;
bares;5;111000000;
brustumfang;11;2160000;
gleichbeginnend;15;1810;
eingabekanal;12;4590;
fauleren;8;5150;
adelige;7;752000;
einfettet;9;6940;
barer;5;51800000;
nautischen;10;838000;
abgeschabtes;12;11700;
ausgestreute;12;46800;
beurteiltem;11;14100000;
tippeln;7;33300;
lastenden;9;153000;
schwatzende;11;23100;
zusammenprallend;16;3000;
findelkindes;12;18300;
schwurgerichten;15;15500;
reguliert;9;3190000;
glasdeckel;10;732000;
parkte;6;593000;
heilsten;8;3630;
taxierende;10;2380;
schwerpunkte;12;21800000;
schlemmtet;10;2150;
fussbremse;10;49800;
geschaffene;11;1600000;
atombindungen;13;13800;
gegengewichten;14;42500;
verarztendes;12;393;
fachberater;11;2100000;
protokollarisches;17;2860;
bewohnt;7;2700000;
automobilklubs;14;13900;
lahmen;6;462000;
argen;5;6020000;
panamaische;11;250000;
ausfransender;13;20100;
ersatzanspruches;16;69500;
zahlungsmittel;14;26100000;
fortsetzen;10;9140000;
aussetzendem;12;6510;
wiegenkinds;11;1330;
ras;3;193000000;
unkundiger;10;30500;
