herleitenden;12;15200;
lobspruch;9;114000;
missgeschick;12;714000;
skurrilerer;11;1830;
verrechne;9;1270000;
baugruppe;9;4010000;
bundesparteitag;15;597000;
gratisaktie;11;11100;
eingeschleuster;15;9050;
feldzug;7;1680000;
admiralen;9;134000;
eingereichter;13;139000;
baugruben;9;256000;
nobelkarossen;13;29300;
abgeschaltetem;14;115000;
ausgleichsrente;15;16400;
bewirtschaftet;14;1270000;
treuester;9;61800;
leistungsdruck;14;752000;
seitenblicken;13;31800;
flehst;6;16100;
serviertet;10;671;
revanchisten;12;13400;
grabenkrieg;11;41400;
pferdestall;11;1220000;
herauskommend;13;11300;
toilettengarnituren;19;4630;
seltsamerem;11;2020;
schnellimbissstuben;19;4320;
gb;2;1640000000;
gesehene;8;2110000;
aufaddierten;12;18200;
geistvolleres;13;1870;
verfahrener;11;72000;
falzt;5;37000;
randsteine;10;195000;
bier;4;76000000;
bahnservice;11;51700;
lege;4;74500000;
armseligem;10;6760;
pensionskasse;13;2950000;
ausgedehnteren;14;65900;
erstreckte;10;1090000;
zielstrebigere;14;3330;
freisprechendes;15;11900;
austauschstudent;16;56000;
wucherischeren;14;1140;
regierungsantritte;18;62100;
unterstehende;13;1440000;
zugtieres;9;74000;
