mytiloid;8;3500;
reclining;9;25900000;
ripplingly;10;4520;
unwealthy;9;28500;
collembolans;12;36800;
disintegrator;13;612000;
media;5;7630000000;
fanfarades;10;925;
hiss;4;20100000;
appose;6;70400000;
falls;5;973000000;
collembolan;11;68500;
send;4;3160000000;
advisership;11;32200;
chef;4;675000000;
degustate;9;136000;
rakshasas;9;158000;
unhorned;8;11100;
idiotcy;7;27000;
unperfumed;10;110000;
synovia;7;571000;
mayor;5;919000000;
snivelling;10;255000;
multivalences;13;180000;
unlopped;8;272000;
trundlers;9;61700;
invincibleness;14;10300;
lion;4;478000000;
bridler;7;46700;
keds;4;35400000;
heckelphones;12;63000;
stubbier;8;75700;
demodulates;11;796000;
clot;4;23500000;
quiz;4;304000000;
boutades;8;176000;
smatched;8;107000;
cenesthesia;11;7230;
grindery;8;225000;
inflatables;11;44000000;
circumstantiation;17;22600;
sup;3;209000000;
histologic;10;7640000;
ashiver;7;1840000;
krumhorns;9;46200;
miaow;5;1240000;
cerebrovascular;15;9380000;
plicae;6;175000;
plautus;7;2450000;
duodenal;8;4960000;
