federaba;8;1960;
lentitud;8;4060000;
materializada;13;854000;
resaca;6;5750000;
boticarias;10;43300;
computan;8;662000;
esquivadas;10;24600;
decidas;7;4070000;
desvalorizamos;14;55900;
adjudicadora;12;748000;
decapitasen;11;4480;
boticaria;9;251000;
normalicemos;12;9820;
abreviaste;10;2930;
barretear;9;8820;
cimbreante;10;25800;
teniente;8;15000000;
lacrimatorio;12;7340;
relajes;7;409000;
disimularon;11;39500;
removiese;9;6460;
preservemos;11;94100;
espolvorear;11;1570000;
pantomimos;10;63800;
falleciera;10;523000;
taja;4;11400000;
rememorasteis;13;570;
recobres;8;795000;
embrutecidas;12;73500;
entrases;8;17000;
aprisionaremos;14;1510;
encogida;8;635000;
despidos;8;6590000;
plagar;6;142000;
circunscrito;12;840000;
blanqueo;8;4730000;
juramentaste;12;1720;
aplazamos;9;50400;
pago;4;487000000;
avarientas;10;21100;
desgraciasteis;14;842;
editen;6;500000;
bezudas;7;2220;
practicada;10;3000000;
viciemos;8;2700;
desvanecer;10;792000;
afilasteis;10;1590;
enfermen;8;244000;
estremecieron;13;301000;
avisadores;10;463000;
