stijven;7;95900;
zachte;6;25400000;
financier;9;53200000;
huisregels;10;2920000;
schreeuwerige;13;176000;
kwakel;6;780000;
onderuit;8;2200000;
bahru;5;26200000;
kurk;4;6320000;
financieel;10;15400000;
achterliet;10;275000;
druif;5;2410000;
gyroscoop;9;144000;
wijsje;6;61200;
oogleden;8;368000;
schoorsteenvegers;17;112000;
stedeschoon;11;2990;
pauwin;6;90800;
richtinggevend;14;247000;
chocoladekleurig;16;6440;
potkluit;8;18100;
omgedraaid;10;634000;
handelend;9;375000;
everdingen;10;634000;
westenholte;11;117000;
buskaartje;10;68100;
doorgepraat;11;23400;
nachtwandeling;14;33300;
oudewater;9;1800000;
emissiebank;11;2710;
ondervoede;10;50000;
begeleiding;11;13200000;
protestantse;12;1460000;
skai;4;6490000;
doorsteek;9;168000;
vervuilde;9;553000;
vertraging;10;3480000;
invoerrecht;11;449000;
integreer;9;396000;
gekermd;7;2040;
miauwen;7;71400;
magistraat;10;371000;
bevoorrechtte;13;2380;
beroerling;10;1350;
tornde;6;463000;
bekommerde;10;535000;
personeelsbestand;17;403000;
samenvalt;9;200000;
vermicelli;10;5710000;
uurtarieven;11;95000;
