pickets;7;4160000;
spiking;7;4960000;
surrogates;10;8330000;
contrarily;10;1800000;
ecocide;7;472000;
optionees;9;39800;
friendships;11;41600000;
intend;6;97600000;
arraign;7;1110000;
frescos;7;144000000;
contrariety;11;1320000;
transmutably;12;109000;
adumbrates;10;273000;
coagulated;10;1620000;
disables;8;8440000;
sodding;7;1720000;
junta;5;126000000;
ooze;4;11100000;
unprinted;9;53800000;
pessimists;10;1370000;
lugubrious;10;642000;
moving;6;987000000;
butts;5;156000000;
mechanic;8;171000000;
ineducable;10;47700;
wimpish;7;79200;
discreteness;12;469000;
congener;8;775000;
snaffled;8;145000;
bugger;6;7740000;
unity;5;202000000;
cider;5;56700000;
hymns;5;28500000;
legislation;11;200000000;
complexions;11;36300000;
zinging;7;258000;
intensive;9;178000000;
augments;8;4520000;
microprocessor;14;21900000;
overexposes;11;2480000;
citizens;8;341000000;
rumpled;7;1900000;
rubberising;11;133000;
equidistantly;13;910000;
entreating;10;568000;
crusted;7;11700000;
hercules;8;87400000;
gutted;6;12100000;
belying;7;485000;
barter;6;27900000;
