properly;8;524000000;
taipei;6;110000000;
tribadism;9;2410000;
count;5;1240000000;
endorsee;8;263000;
pentagonal;10;2350000;
gingkoes;8;14400;
keelsons;8;222000;
artiste;7;104000000;
gigabit;7;51000000;
counsels;8;6870000;
varyingly;9;412000;
adversaries;11;8540000;
commercialism;13;1920000;
distribution;12;907000000;
supplying;9;78400000;
likelihood;10;70800000;
pegging;7;21200000;
yonder;6;10800000;
prissier;8;33300;
microscope;10;88500000;
operatives;10;17100000;
cancers;7;648000000;
moussorgsky;11;2050000;
ita;3;357000000;
dollar;6;635000000;
conversely;10;39100000;
suitable;8;585000000;
buzzed;6;6920000;
wrangling;9;4580000;
clucking;8;963000;
infinitum;9;6450000;
manned;6;16100000;
conscientiousness;17;4260000;
keith;5;265000000;
autopsying;10;16900;
nays;4;4270000;
photographer;12;713000000;
cockle;6;2720000;
silencer;8;22000000;
sicilians;9;771000;
expose;6;142000000;
exhibits;8;94800000;
daylights;9;3190000;
idioms;6;26800000;
hinterland;10;13800000;
betrayers;9;1260000;
bawling;7;2870000;
rencountering;13;3480;
badger;6;46100000;
